[1449516341745] > Initializing FireProcess
[1449516341745] Getting Fire first element
[1449516341745] Initialize clock.



Vision Sight: 5
Vision Extinguish: 1
[1449516342089] Eliminating (7, 9) from (6, 9)
[1449516342089] NearObjects size: 9
[1449516342089] NearObjectsToExtinguish: 1
[1449516342089] Current position: (7, 9)
[1449516342089] Desired Position: (null)
[1449516342089] Direction: (1, 0)
______________
[1449516342189] Eliminating (7, 8) from (7, 9)
[1449516342189] NearObjects size: 8
[1449516342189] NearObjectsToExtinguish: 1
[1449516342189] Current position: (7, 8)
[1449516342189] Desired Position: (null)
[1449516342189] Direction: (0, -1)
______________
[1449516342291] Eliminating (7, 7) from (7, 8)
[1449516342291] NearObjects size: 11
[1449516342291] NearObjectsToExtinguish: 2
[1449516342291] Current position: (7, 7)
[1449516342291] Desired Position: (null)
[1449516342291] Direction: (0, -1)
______________
[1449516342391] Eliminating (6, 7) from (7, 7)
[1449516342391] NearObjects size: 14
[1449516342391] NearObjectsToExtinguish: 2
[1449516342391] Current position: (6, 7)
[1449516342391] Desired Position: (null)
[1449516342391] Direction: (-1, 0)
______________
[1449516342491] Eliminating (6, 6) from (6, 7)
[1449516342491] NearObjects size: 14
[1449516342491] NearObjectsToExtinguish: 3
[1449516342491] Current position: (6, 6)
[1449516342491] Desired Position: (null)
[1449516342491] Direction: (0, -1)
______________
[1449516342592] Eliminating (6, 5) from (6, 6)
[1449516342592] NearObjects size: 14
[1449516342592] NearObjectsToExtinguish: 2
[1449516342592] Current position: (6, 5)
[1449516342592] Desired Position: (null)
[1449516342592] Direction: (0, -1)
______________
[1449516342692] Eliminating (7, 5) from (6, 5)
[1449516342692] NearObjects size: 14
[1449516342692] NearObjectsToExtinguish: 3
[1449516342692] Current position: (7, 5)
[1449516342692] Desired Position: (null)
[1449516342692] Direction: (1, 0)
______________
[1449516342792] Eliminating (7, 4) from (7, 5)
[1449516342792] NearObjects size: 14
[1449516342792] NearObjectsToExtinguish: 2
[1449516342792] Current position: (7, 4)
[1449516342792] Desired Position: (null)
[1449516342792] Direction: (0, -1)
______________
[1449516342893] Eliminating (7, 3) from (7, 4)
[1449516342893] NearObjects size: 13
[1449516342893] NearObjectsToExtinguish: 2
[1449516342893] Current position: (7, 3)
[1449516342893] Desired Position: (null)
[1449516342893] Direction: (0, -1)
______________
[1449516342993] Eliminating (7, 2) from (7, 3)
[1449516342993] NearObjects size: 12
[1449516342993] NearObjectsToExtinguish: 1
[1449516342993] Current position: (7, 2)
[1449516342993] Desired Position: (null)
[1449516342993] Direction: (0, -1)
______________
[1449516343093] Eliminating (7, 6) from (7, 2)
[1449516343093] NearObjects size: 11
[1449516343093] NearObjectsToExtinguish: 0
[1449516343093] Current position: (7, 3)
[1449516343093] Desired Position: (null)
[1449516343093] Direction: (0, 1)
______________
[1449516343193] NearObjects size: 10
[1449516343193] NearObjectsToExtinguish: 0
[1449516343193] Current position: (7, 4)
[1449516343193] Desired Position: (null)
[1449516343193] Direction: (0, 1)
______________
[1449516343294] NearObjects size: 9
[1449516343294] NearObjectsToExtinguish: 0
[1449516343294] Current position: (7, 5)
[1449516343294] Desired Position: (null)
[1449516343294] Direction: (0, 1)
______________
[1449516343394] NearObjects size: 8
[1449516343394] NearObjectsToExtinguish: 0
[1449516343394] Current position: (6, 6)
[1449516343394] Desired Position: (null)
[1449516343394] Direction: (-1, 1)
______________
[1449516343494] NearObjects size: 7
[1449516343494] NearObjectsToExtinguish: 0
[1449516343494] Current position: (7, 6)
[1449516343494] Desired Position: (null)
[1449516343494] Direction: (1, 0)
______________
[1449516343594] NearObjects size: 6
[1449516343594] NearObjectsToExtinguish: 0
[1449516343594] Current position: (7, 7)
[1449516343594] Desired Position: (null)
[1449516343594] Direction: (0, 1)
______________
[1449516343694] NearObjects size: 5
[1449516343694] NearObjectsToExtinguish: 0
[1449516343694] Current position: (7, 6)
[1449516343694] Desired Position: (null)
[1449516343694] Direction: (0, -1)
______________
[1449516343795] NearObjects size: 4
[1449516343795] NearObjectsToExtinguish: 0
[1449516343795] Current position: (6, 6)
[1449516343795] Desired Position: (null)
[1449516343795] Direction: (-1, 0)
______________
[1449516343895] NearObjects size: 3
[1449516343895] NearObjectsToExtinguish: 0
[1449516343895] Current position: (6, 5)
[1449516343895] Desired Position: (null)
[1449516343895] Direction: (0, -1)
______________
[1449516343996] NearObjects size: 2
[1449516343996] NearObjectsToExtinguish: 0
[1449516343996] Current position: (7, 5)
[1449516343996] Desired Position: (null)
[1449516343996] Direction: (1, 0)
______________
[1449516344096] NearObjects size: 1
[1449516344096] NearObjectsToExtinguish: 0
[1449516344096] Current position: (7, 4)
[1449516344096] Desired Position: (null)
[1449516344096] Direction: (0, -1)
______________
[1449516344196] NearObjects size: 0
[1449516344196] NearObjectsToExtinguish: 0
[1449516344196] Current position: (7, 3)
[1449516344196] Desired Position: (null)
[1449516344196] Direction: (0, -1)
______________
[1449516344296] NearObjects size: 0
[1449516344296] NearObjectsToExtinguish: 0
[1449516344296] Current position: (7, 3)
[1449516344296] Desired Position: (null)
[1449516344296] Direction: (0, 0)
______________
[1449516344396] NearObjects size: 0
[1449516344396] NearObjectsToExtinguish: 0
[1449516344396] Current position: (7, 3)
[1449516344396] Desired Position: (null)
[1449516344396] Direction: (0, 0)
______________
[1449516344496] NearObjects size: 0
[1449516344496] NearObjectsToExtinguish: 0
[1449516344496] Current position: (7, 3)
[1449516344496] Desired Position: (null)
[1449516344496] Direction: (0, 0)
______________
[1449516344596] NearObjects size: 0
[1449516344596] NearObjectsToExtinguish: 0
[1449516344596] Current position: (7, 3)
[1449516344596] Desired Position: (null)
[1449516344596] Direction: (0, 0)
______________
[1449516344696] NearObjects size: 0
[1449516344696] NearObjectsToExtinguish: 0
[1449516344696] Current position: (7, 3)
[1449516344696] Desired Position: (null)
[1449516344696] Direction: (0, 0)
______________
[1449516344796] NearObjects size: 0
[1449516344796] NearObjectsToExtinguish: 0
[1449516344796] Current position: (7, 3)
[1449516344796] Desired Position: (null)
[1449516344796] Direction: (0, 0)
______________
[1449516344896] NearObjects size: 0
[1449516344896] NearObjectsToExtinguish: 0
[1449516344896] Current position: (7, 3)
[1449516344896] Desired Position: (null)
[1449516344896] Direction: (0, 0)
______________
[1449516344997] NearObjects size: 0
[1449516344997] NearObjectsToExtinguish: 0
[1449516344997] Current position: (7, 3)
[1449516344997] Desired Position: (null)
[1449516344997] Direction: (0, 0)
______________
[1449516345097] NearObjects size: 0
[1449516345097] NearObjectsToExtinguish: 0
[1449516345097] Current position: (7, 3)
[1449516345097] Desired Position: (null)
[1449516345097] Direction: (0, 0)
______________
[1449516345197] NearObjects size: 0
[1449516345197] NearObjectsToExtinguish: 0
[1449516345197] Current position: (7, 3)
[1449516345197] Desired Position: (null)
[1449516345197] Direction: (0, 0)
______________
[1449516345297] NearObjects size: 0
[1449516345297] NearObjectsToExtinguish: 0
[1449516345297] Current position: (7, 3)
[1449516345297] Desired Position: (null)
[1449516345297] Direction: (0, 0)
______________
[1449516345397] NearObjects size: 0
[1449516345397] NearObjectsToExtinguish: 0
[1449516345397] Current position: (7, 3)
[1449516345397] Desired Position: (null)
[1449516345397] Direction: (0, 0)
______________
[1449516345497] NearObjects size: 0
[1449516345497] NearObjectsToExtinguish: 0
[1449516345497] Current position: (7, 3)
[1449516345497] Desired Position: (null)
[1449516345497] Direction: (0, 0)
______________
[1449516345597] NearObjects size: 0
[1449516345597] NearObjectsToExtinguish: 0
[1449516345597] Current position: (7, 3)
[1449516345597] Desired Position: (null)
[1449516345597] Direction: (0, 0)
______________
Debug file: logs/07_25_2015_19_25_48.log
