[1449516380235] > Initializing FireProcess
[1449516380235] Getting Fire first element
[1449516380235] Initialize clock.



Vision Sight: 5
Vision Extinguish: 1
[1449516380239] NearObjects size: 1
[1449516380239] NearObjectsToExtinguish: 1
[1449516380239] Current position: (5, 2)
[1449516380239] Desired Position: (null)
[1449516380239] Direction: (-1, 0)
______________
[1449516380343] Eliminating (4, 2) from (5, 2)
[1449516380343] NearObjects size: 1
[1449516380343] NearObjectsToExtinguish: 0
[1449516380343] Current position: (4, 2)
[1449516380343] Desired Position: (null)
[1449516380343] Direction: (-1, 0)
______________
[1449516380443] NearObjects size: 0
[1449516380443] NearObjectsToExtinguish: 0
[1449516380443] Current position: (4, 2)
[1449516380443] Desired Position: (null)
[1449516380443] Direction: (0, 0)
______________
[1449516380544] NearObjects size: 0
[1449516380544] NearObjectsToExtinguish: 0
[1449516380544] Current position: (4, 2)
[1449516380544] Desired Position: (null)
[1449516380544] Direction: (0, 0)
______________
[1449516380645] NearObjects size: 0
[1449516380645] NearObjectsToExtinguish: 0
[1449516380645] Current position: (4, 2)
[1449516380645] Desired Position: (null)
[1449516380645] Direction: (0, 0)
______________
[1449516380745] NearObjects size: 0
[1449516380745] NearObjectsToExtinguish: 0
[1449516380745] Current position: (4, 2)
[1449516380745] Desired Position: (null)
[1449516380745] Direction: (0, 0)
______________
[1449516380845] NearObjects size: 0
[1449516380845] NearObjectsToExtinguish: 0
[1449516380845] Current position: (4, 2)
[1449516380845] Desired Position: (null)
[1449516380845] Direction: (0, 0)
______________
[1449516380946] NearObjects size: 0
[1449516380946] NearObjectsToExtinguish: 0
[1449516380946] Current position: (4, 2)
[1449516380946] Desired Position: (null)
[1449516380946] Direction: (0, 0)
______________
[1449516381046] NearObjects size: 0
[1449516381046] NearObjectsToExtinguish: 0
[1449516381046] Current position: (4, 2)
[1449516381046] Desired Position: (null)
[1449516381046] Direction: (0, 0)
______________
[1449516381146] NearObjects size: 0
[1449516381146] NearObjectsToExtinguish: 0
[1449516381146] Current position: (4, 2)
[1449516381146] Desired Position: (null)
[1449516381146] Direction: (0, 0)
______________
[1449516381246] NearObjects size: 0
[1449516381246] NearObjectsToExtinguish: 0
[1449516381246] Current position: (4, 2)
[1449516381246] Desired Position: (null)
[1449516381246] Direction: (0, 0)
______________
[1449516381346] NearObjects size: 0
[1449516381346] NearObjectsToExtinguish: 0
[1449516381346] Current position: (4, 2)
[1449516381346] Desired Position: (null)
[1449516381346] Direction: (0, 0)
______________
[1449516381447] NearObjects size: 0
[1449516381447] NearObjectsToExtinguish: 0
[1449516381447] Current position: (4, 2)
[1449516381447] Desired Position: (null)
[1449516381447] Direction: (0, 0)
______________
[1449516381547] NearObjects size: 0
[1449516381547] NearObjectsToExtinguish: 0
[1449516381547] Current position: (4, 2)
[1449516381547] Desired Position: (null)
[1449516381547] Direction: (0, 0)
______________
[1449516381648] NearObjects size: 0
[1449516381648] NearObjectsToExtinguish: 0
[1449516381648] Current position: (4, 2)
[1449516381648] Desired Position: (null)
[1449516381648] Direction: (0, 0)
______________
[1449516381748] NearObjects size: 0
[1449516381748] NearObjectsToExtinguish: 0
[1449516381748] Current position: (4, 2)
[1449516381748] Desired Position: (null)
[1449516381748] Direction: (0, 0)
______________
