[1449516434695] > Initializing FireProcess
[1449516434695] Getting Fire first element
[1449516434695] Initialize clock.



Vision Sight: 5
Vision Extinguish: 1
[1449516434885] NearObjects size: 3
[1449516434885] NearObjectsToExtinguish: 0
[1449516434885] Current position: (3, 8)
[1449516434885] Desired Position: (null)
[1449516434885] Direction: (1, -1)
______________
[1449516435894] NearObjects size: 11
[1449516435894] NearObjectsToExtinguish: 0
[1449516435894] Current position: (3, 7)
[1449516435894] Desired Position: (null)
[1449516435894] Direction: (0, -1)
______________
[1449516436894] NearObjects size: 55
[1449516436894] NearObjectsToExtinguish: 5
[1449516436894] Current position: (2, 6)
[1449516436894] Desired Position: (null)
[1449516436894] Direction: (-1, -1)
______________
[1449516437895] Eliminating (2, 7) from (2, 6)
[1449516437895] NearObjects size: 99
[1449516437895] NearObjectsToExtinguish: 8
[1449516437895] Current position: (2, 7)
[1449516437895] Desired Position: (null)
[1449516437895] Direction: (0, 1)
______________
[1449516438895] Eliminating (1, 7) from (2, 7)
[1449516438895] NearObjects size: 106
[1449516438895] NearObjectsToExtinguish: 9
[1449516438895] Current position: (1, 7)
[1449516438895] Desired Position: (null)
[1449516438895] Direction: (-1, 0)
______________
