[1449527239874] > Initializing FireProcess
[1449527239874] Getting Fire first element
[1449527239874] Initialize clock.



Vision Sight: 5
Vision Extinguish: 1
[1449527240111] NearObjects size: 0
[1449527240111] NearObjectsToExtinguish: 0
[1449527240111] Current position: (8, 2)
[1449527240111] Desired Position: (6, 8)
[1449527240111] Direction: (-1, 1)
______________
[1449527240620] NearObjects size: 0
[1449527240620] NearObjectsToExtinguish: 0
[1449527240620] Current position: (7, 3)
[1449527240620] Desired Position: (6, 8)
[1449527240620] Direction: (-1, 1)
______________
[1449527241120] NearObjects size: 4
[1449527241120] NearObjectsToExtinguish: 0
[1449527241120] Current position: (6, 4)
[1449527241120] Desired Position: (6, 8)
[1449527241120] Direction: (-1, 1)
______________
[1449527254045] NearObjects size: 34
[1449527254045] NearObjectsToExtinguish: 2
[1449527254045] Current position: (6, 5)
[1449527254045] Desired Position: (6, 8)
[1449527254045] Direction: (0, 1)
______________
[1449527262033] Eliminating (6, 6) from (6, 5)
[1449527262033] NearObjects size: 58
[1449527262033] NearObjectsToExtinguish: 5
[1449527262033] Current position: (6, 6)
[1449527262033] Desired Position: (6, 8)
[1449527262033] Direction: (0, 1)
______________
[1449527345219] Eliminating (5, 6) from (6, 6)
[1449527345219] NearObjects size: 57
[1449527345219] NearObjectsToExtinguish: 7
[1449527345219] Current position: (5, 6)
[1449527345219] Desired Position: (6, 8)
[1449527345219] Direction: (-1, 0)
______________
[1449527352774] Eliminating (5, 7) from (5, 6)
[1449527352774] NearObjects size: 56
[1449527352774] NearObjectsToExtinguish: 8
[1449527352774] Current position: (5, 7)
[1449527352774] Desired Position: (6, 8)
[1449527352774] Direction: (0, 1)
______________
[1449527353275] Eliminating (6, 7) from (5, 7)
[1449527353275] NearObjects size: 55
[1449527353275] NearObjectsToExtinguish: 8
[1449527353275] Current position: (6, 7)
[1449527353275] Desired Position: (6, 8)
[1449527353275] Direction: (1, 0)
______________
[1449527353776] Eliminating (6, 8) from (6, 7)
[1449527353776] NearObjects size: 54
[1449527353776] NearObjectsToExtinguish: 10
[1449527353776] Current position: (6, 8)
[1449527353776] Desired Position: (6, 8)
[1449527353776] Direction: (0, 1)
______________
[1449527354276] NearObjects size: 54
[1449527354276] NearObjectsToExtinguish: 11
[1449527354276] Current position: (6, 8)
[1449527354276] Desired Position: (null)
[1449527354276] Direction: (0, 0)
______________
[1449527354777] Eliminating (7, 8) from (6, 8)
[1449527354777] NearObjects size: 53
[1449527354777] NearObjectsToExtinguish: 10
[1449527354777] Current position: (7, 8)
[1449527354777] Desired Position: (null)
[1449527354777] Direction: (1, 0)
______________
[1449527355277] Eliminating (7, 9) from (7, 8)
[1449527355277] NearObjects size: 52
[1449527355277] NearObjectsToExtinguish: 10
[1449527355277] Current position: (7, 9)
[1449527355277] Desired Position: (null)
[1449527355277] Direction: (0, 1)
______________
[1449527355777] Eliminating (8, 9) from (7, 9)
[1449527355777] NearObjects size: 52
[1449527355777] NearObjectsToExtinguish: 9
[1449527355777] Current position: (8, 9)
[1449527355777] Desired Position: (null)
[1449527355777] Direction: (1, 0)
______________
[1449527356277] Eliminating (8, 8) from (8, 9)
[1449527356277] NearObjects size: 50
[1449527356277] NearObjectsToExtinguish: 7
[1449527356277] Current position: (8, 8)
[1449527356277] Desired Position: (null)
[1449527356277] Direction: (0, -1)
______________
[1449527356778] Eliminating (8, 7) from (8, 8)
[1449527356778] NearObjects size: 49
[1449527356778] NearObjectsToExtinguish: 9
[1449527356778] Current position: (8, 7)
[1449527356778] Desired Position: (null)
[1449527356778] Direction: (0, -1)
______________
[1449527357278] Eliminating (7, 7) from (8, 7)
[1449527357278] NearObjects size: 48
[1449527357278] NearObjectsToExtinguish: 7
[1449527357278] Current position: (7, 7)
[1449527357278] Desired Position: (null)
[1449527357278] Direction: (-1, 0)
______________
[1449527357778] Eliminating (7, 6) from (7, 7)
[1449527357778] NearObjects size: 47
[1449527357778] NearObjectsToExtinguish: 6
[1449527357778] Current position: (7, 6)
[1449527357778] Desired Position: (null)
[1449527357778] Direction: (0, -1)
______________
[1449527358279] Eliminating (8, 6) from (7, 6)
[1449527358279] NearObjects size: 46
[1449527358279] NearObjectsToExtinguish: 4
[1449527358279] Current position: (8, 6)
[1449527358279] Desired Position: (null)
[1449527358279] Direction: (1, 0)
______________
[1449527358780] Eliminating (8, 5) from (8, 6)
[1449527358780] NearObjects size: 45
[1449527358780] NearObjectsToExtinguish: 6
[1449527358780] Current position: (8, 5)
[1449527358780] Desired Position: (null)
[1449527358780] Direction: (0, -1)
______________
[1449527359280] Eliminating (9, 5) from (8, 5)
[1449527359280] NearObjects size: 47
[1449527359280] NearObjectsToExtinguish: 7
[1449527359280] Current position: (9, 5)
[1449527359280] Desired Position: (null)
[1449527359280] Direction: (1, 0)
______________
[1449527359780] Eliminating (9, 4) from (9, 5)
[1449527359780] NearObjects size: 50
[1449527359780] NearObjectsToExtinguish: 7
[1449527359780] Current position: (9, 4)
[1449527359780] Desired Position: (null)
[1449527359780] Direction: (0, -1)
______________
[1449527360280] Eliminating (8, 4) from (9, 4)
[1449527360280] NearObjects size: 45
[1449527360280] NearObjectsToExtinguish: 6
[1449527360280] Current position: (8, 4)
[1449527360280] Desired Position: (null)
[1449527360280] Direction: (-1, 0)
______________
[1449527360780] Eliminating (7, 4) from (8, 4)
[1449527360780] NearObjects size: 42
[1449527360780] NearObjectsToExtinguish: 8
[1449527360780] Current position: (7, 4)
[1449527360780] Desired Position: (null)
[1449527360780] Direction: (-1, 0)
______________
[1449527361280] Eliminating (6, 4) from (7, 4)
[1449527361280] NearObjects size: 43
[1449527361280] NearObjectsToExtinguish: 7
[1449527361280] Current position: (6, 4)
[1449527361280] Desired Position: (null)
[1449527361280] Direction: (-1, 0)
______________
[1449527361781] Eliminating (5, 4) from (6, 4)
[1449527361781] NearObjects size: 44
[1449527361781] NearObjectsToExtinguish: 9
[1449527361781] Current position: (5, 4)
[1449527361781] Desired Position: (null)
[1449527361781] Direction: (-1, 0)
______________
[1449527362282] Eliminating (5, 3) from (5, 4)
[1449527362282] NearObjects size: 47
[1449527362282] NearObjectsToExtinguish: 11
[1449527362282] Current position: (5, 3)
[1449527362282] Desired Position: (null)
[1449527362282] Direction: (0, -1)
______________
[1449527362782] Eliminating (4, 3) from (5, 3)
[1449527362782] NearObjects size: 50
[1449527362782] NearObjectsToExtinguish: 11
[1449527362782] Current position: (4, 3)
[1449527362782] Desired Position: (null)
[1449527362782] Direction: (-1, 0)
______________
[1449527363282] Eliminating (4, 2) from (4, 3)
[1449527363282] NearObjects size: 52
[1449527363282] NearObjectsToExtinguish: 11
[1449527363282] Current position: (4, 2)
[1449527363282] Desired Position: (null)
[1449527363282] Direction: (0, -1)
______________
[1449527363783] Eliminating (4, 1) from (4, 2)
[1449527363783] NearObjects size: 50
[1449527363783] NearObjectsToExtinguish: 12
[1449527363783] Current position: (4, 1)
[1449527363783] Desired Position: (null)
[1449527363783] Direction: (0, -1)
______________
[1449527364283] Eliminating (3, 1) from (4, 1)
[1449527364283] NearObjects size: 53
[1449527364283] NearObjectsToExtinguish: 10
[1449527364283] Current position: (3, 1)
[1449527364283] Desired Position: (null)
[1449527364283] Direction: (-1, 0)
______________
[1449527364783] Eliminating (2, 1) from (3, 1)
[1449527364783] NearObjects size: 53
[1449527364783] NearObjectsToExtinguish: 10
[1449527364783] Current position: (2, 1)
[1449527364783] Desired Position: (null)
[1449527364783] Direction: (-1, 0)
______________
[1449527365283] Eliminating (1, 1) from (2, 1)
[1449527365283] NearObjects size: 51
[1449527365283] NearObjectsToExtinguish: 11
[1449527365283] Current position: (1, 1)
[1449527365283] Desired Position: (null)
[1449527365283] Direction: (-1, 0)
______________
[1449527365784] Eliminating (1, 2) from (1, 1)
[1449527365784] NearObjects size: 48
[1449527365784] NearObjectsToExtinguish: 12
[1449527365784] Current position: (1, 2)
[1449527365784] Desired Position: (null)
[1449527365784] Direction: (0, 1)
______________
[1449527366284] Eliminating (1, 3) from (1, 2)
[1449527366284] NearObjects size: 44
[1449527366284] NearObjectsToExtinguish: 11
[1449527366284] Current position: (1, 3)
[1449527366284] Desired Position: (null)
[1449527366284] Direction: (0, 1)
______________
[1449527366784] Eliminating (0, 3) from (1, 3)
[1449527366784] NearObjects size: 43
[1449527366784] NearObjectsToExtinguish: 12
[1449527366784] Current position: (0, 3)
[1449527366784] Desired Position: (null)
[1449527366784] Direction: (-1, 0)
______________
[1449527367284] Eliminating (0, 4) from (0, 3)
[1449527367284] NearObjects size: 42
[1449527367284] NearObjectsToExtinguish: 10
[1449527367284] Current position: (0, 4)
[1449527367284] Desired Position: (null)
[1449527367284] Direction: (0, 1)
______________
[1449527367785] Eliminating (0, 5) from (0, 4)
[1449527367785] NearObjects size: 41
[1449527367785] NearObjectsToExtinguish: 7
[1449527367785] Current position: (0, 5)
[1449527367785] Desired Position: (null)
[1449527367785] Direction: (0, 1)
______________
[1449527368285] Eliminating (0, 6) from (0, 5)
[1449527368285] NearObjects size: 38
[1449527368285] NearObjectsToExtinguish: 8
[1449527368285] Current position: (0, 6)
[1449527368285] Desired Position: (null)
[1449527368285] Direction: (0, 1)
______________
[1449527368786] Eliminating (1, 6) from (0, 6)
[1449527368786] NearObjects size: 39
[1449527368786] NearObjectsToExtinguish: 9
[1449527368786] Current position: (1, 6)
[1449527368786] Desired Position: (null)
[1449527368786] Direction: (1, 0)
______________
[1449527369286] Eliminating (1, 7) from (1, 6)
[1449527369286] NearObjects size: 36
[1449527369286] NearObjectsToExtinguish: 10
[1449527369286] Current position: (1, 7)
[1449527369286] Desired Position: (null)
[1449527369286] Direction: (0, 1)
______________
[1449527369787] Eliminating (1, 8) from (1, 7)
[1449527369787] NearObjects size: 38
[1449527369787] NearObjectsToExtinguish: 11
[1449527369787] Current position: (1, 8)
[1449527369787] Desired Position: (null)
[1449527369787] Direction: (0, 1)
______________
[1449527370287] Eliminating (2, 8) from (1, 8)
[1449527370287] NearObjects size: 40
[1449527370287] NearObjectsToExtinguish: 13
[1449527370287] Current position: (2, 8)
[1449527370287] Desired Position: (null)
[1449527370287] Direction: (1, 0)
______________
[1449527370787] Eliminating (3, 8) from (2, 8)
[1449527370787] NearObjects size: 39
[1449527370787] NearObjectsToExtinguish: 12
[1449527370787] Current position: (3, 8)
[1449527370787] Desired Position: (null)
[1449527370787] Direction: (1, 0)
______________
[1449527371287] Eliminating (3, 7) from (3, 8)
[1449527371287] NearObjects size: 37
[1449527371287] NearObjectsToExtinguish: 11
[1449527371287] Current position: (3, 7)
[1449527371287] Desired Position: (null)
[1449527371287] Direction: (0, -1)
______________
[1449527371787] Eliminating (2, 7) from (3, 7)
[1449527371787] NearObjects size: 35
[1449527371787] NearObjectsToExtinguish: 9
[1449527371787] Current position: (2, 7)
[1449527371787] Desired Position: (null)
[1449527371787] Direction: (-1, 0)
______________
[1449527372287] Eliminating (2, 6) from (2, 7)
[1449527372287] NearObjects size: 32
[1449527372287] NearObjectsToExtinguish: 9
[1449527372287] Current position: (2, 6)
[1449527372287] Desired Position: (null)
[1449527372287] Direction: (0, -1)
______________
[1449527372787] Eliminating (2, 5) from (2, 6)
[1449527372787] NearObjects size: 28
[1449527372787] NearObjectsToExtinguish: 8
[1449527372787] Current position: (2, 5)
[1449527372787] Desired Position: (null)
[1449527372787] Direction: (0, -1)
______________
[1449527373287] Eliminating (2, 4) from (2, 5)
[1449527373287] NearObjects size: 28
[1449527373287] NearObjectsToExtinguish: 8
[1449527373287] Current position: (2, 4)
[1449527373287] Desired Position: (null)
[1449527373287] Direction: (0, -1)
______________
[1449527373787] Eliminating (3, 4) from (2, 4)
[1449527373787] NearObjects size: 27
[1449527373787] NearObjectsToExtinguish: 10
[1449527373787] Current position: (3, 4)
[1449527373787] Desired Position: (null)
[1449527373787] Direction: (1, 0)
______________
[1449527374288] Eliminating (4, 4) from (3, 4)
[1449527374288] NearObjects size: 28
[1449527374288] NearObjectsToExtinguish: 9
[1449527374288] Current position: (4, 4)
[1449527374288] Desired Position: (null)
[1449527374288] Direction: (1, 0)
______________
[1449527374789] Eliminating (4, 5) from (4, 4)
[1449527374789] NearObjects size: 24
[1449527374789] NearObjectsToExtinguish: 10
[1449527374789] Current position: (4, 5)
[1449527374789] Desired Position: (null)
[1449527374789] Direction: (0, 1)
______________
[1449527375290] Eliminating (4, 6) from (4, 5)
[1449527375290] NearObjects size: 25
[1449527375290] NearObjectsToExtinguish: 9
[1449527375290] Current position: (4, 6)
[1449527375290] Desired Position: (null)
[1449527375290] Direction: (0, 1)
______________
[1449527375790] Eliminating (3, 6) from (4, 6)
[1449527375790] NearObjects size: 25
[1449527375790] NearObjectsToExtinguish: 7
[1449527375790] Current position: (3, 6)
[1449527375790] Desired Position: (null)
[1449527375790] Direction: (-1, 0)
______________
[1449527376290] Eliminating (3, 5) from (3, 6)
[1449527376290] NearObjects size: 20
[1449527376290] NearObjectsToExtinguish: 5
[1449527376290] Current position: (3, 5)
[1449527376290] Desired Position: (null)
[1449527376290] Direction: (0, -1)
______________
[1449527376791] Eliminating (4, 7) from (3, 5)
[1449527376791] NearObjects size: 22
[1449527376791] NearObjectsToExtinguish: 4
[1449527376791] Current position: (4, 6)
[1449527376791] Desired Position: (null)
[1449527376791] Direction: (1, 1)
______________
[1449527377292] Eliminating (5, 5) from (4, 6)
[1449527377292] NearObjects size: 22
[1449527377292] NearObjectsToExtinguish: 4
[1449527377292] Current position: (5, 5)
[1449527377292] Desired Position: (null)
[1449527377292] Direction: (1, -1)
______________
[1449527377793] Eliminating (6, 5) from (5, 5)
[1449527377793] NearObjects size: 21
[1449527377793] NearObjectsToExtinguish: 2
[1449527377793] Current position: (6, 5)
[1449527377793] Desired Position: (null)
[1449527377793] Direction: (1, 0)
______________
[1449527378293] Eliminating (7, 5) from (6, 5)
[1449527378293] NearObjects size: 21
[1449527378293] NearObjectsToExtinguish: 1
[1449527378293] Current position: (7, 5)
[1449527378293] Desired Position: (null)
[1449527378293] Direction: (1, 0)
______________
[1449527378794] Eliminating (1, 5) from (7, 5)
[1449527378794] NearObjects size: 19
[1449527378794] NearObjectsToExtinguish: 0
[1449527378794] Current position: (6, 5)
[1449527378794] Desired Position: (null)
[1449527378794] Direction: (-1, 0)
______________
[1449527379294] NearObjects size: 17
[1449527379294] NearObjectsToExtinguish: 0
[1449527379294] Current position: (5, 6)
[1449527379294] Desired Position: (5, 8)
[1449527379294] Direction: (-1, 1)
______________
[1449527379794] NearObjects size: 20
[1449527379794] NearObjectsToExtinguish: 1
[1449527379794] Current position: (5, 7)
[1449527379794] Desired Position: (5, 8)
[1449527379794] Direction: (0, 1)
______________
[1449527380294] Eliminating (5, 8) from (5, 7)
[1449527380294] NearObjects size: 23
[1449527380294] NearObjectsToExtinguish: 2
[1449527380294] Current position: (5, 8)
[1449527380294] Desired Position: (5, 8)
[1449527380294] Direction: (0, 1)
______________
[1449527380794] NearObjects size: 23
[1449527380794] NearObjectsToExtinguish: 4
[1449527380794] Current position: (5, 8)
[1449527380794] Desired Position: (null)
[1449527380794] Direction: (0, 0)
______________
[1449527381294] Eliminating (5, 9) from (5, 8)
[1449527381294] NearObjects size: 27
[1449527381294] NearObjectsToExtinguish: 4
[1449527381294] Current position: (5, 9)
[1449527381294] Desired Position: (null)
[1449527381294] Direction: (0, 1)
______________
[1449527381795] Eliminating (4, 9) from (5, 9)
[1449527381795] NearObjects size: 25
[1449527381795] NearObjectsToExtinguish: 5
[1449527381795] Current position: (4, 9)
[1449527381795] Desired Position: (null)
[1449527381795] Direction: (-1, 0)
______________
[1449527382296] Eliminating (3, 9) from (4, 9)
[1449527382296] NearObjects size: 26
[1449527382296] NearObjectsToExtinguish: 4
[1449527382296] Current position: (3, 9)
[1449527382296] Desired Position: (null)
[1449527382296] Direction: (-1, 0)
______________
[1449527382796] Eliminating (2, 9) from (3, 9)
[1449527382796] NearObjects size: 26
[1449527382796] NearObjectsToExtinguish: 4
[1449527382796] Current position: (2, 9)
[1449527382796] Desired Position: (null)
[1449527382796] Direction: (-1, 0)
______________
[1449527383296] Eliminating (1, 9) from (2, 9)
[1449527383296] NearObjects size: 27
[1449527383296] NearObjectsToExtinguish: 4
[1449527383296] Current position: (1, 9)
[1449527383296] Desired Position: (null)
[1449527383296] Direction: (-1, 0)
______________
[1449527383796] Eliminating (0, 9) from (1, 9)
[1449527383796] NearObjects size: 26
[1449527383796] NearObjectsToExtinguish: 5
[1449527383796] Current position: (0, 9)
[1449527383796] Desired Position: (null)
[1449527383796] Direction: (-1, 0)
______________
[1449527384296] Eliminating (0, 8) from (0, 9)
[1449527384296] NearObjects size: 20
[1449527384296] NearObjectsToExtinguish: 4
[1449527384296] Current position: (0, 8)
[1449527384296] Desired Position: (null)
[1449527384296] Direction: (0, -1)
______________
[1449527384796] Eliminating (0, 7) from (0, 8)
[1449527384796] NearObjects size: 15
[1449527384796] NearObjectsToExtinguish: 3
[1449527384796] Current position: (0, 7)
[1449527384796] Desired Position: (null)
[1449527384796] Direction: (0, -1)
______________
[1449527385296] Eliminating (4, 8) from (0, 7)
[1449527385296] NearObjects size: 16
[1449527385296] NearObjectsToExtinguish: 0
[1449527385296] Current position: (1, 8)
[1449527385296] Desired Position: (null)
[1449527385296] Direction: (1, 1)
______________
[1449527385796] NearObjects size: 21
[1449527385796] NearObjectsToExtinguish: 1
[1449527385796] Current position: (2, 9)
[1449527385796] Desired Position: (6, 9)
[1449527385796] Direction: (1, 1)
______________
[1449527386296] NearObjects size: 20
[1449527386296] NearObjectsToExtinguish: 1
[1449527386296] Current position: (3, 9)
[1449527386296] Desired Position: (6, 9)
[1449527386296] Direction: (1, 0)
______________
[1449527386797] NearObjects size: 19
[1449527386797] NearObjectsToExtinguish: 1
[1449527386797] Current position: (4, 9)
[1449527386797] Desired Position: (6, 9)
[1449527386797] Direction: (1, 0)
______________
[1449527387297] NearObjects size: 21
[1449527387297] NearObjectsToExtinguish: 2
[1449527387297] Current position: (5, 9)
[1449527387297] Desired Position: (6, 9)
[1449527387297] Direction: (1, 0)
______________
[1449527387797] Eliminating (6, 9) from (5, 9)
[1449527387797] NearObjects size: 23
[1449527387797] NearObjectsToExtinguish: 1
[1449527387797] Current position: (6, 9)
[1449527387797] Desired Position: (6, 9)
[1449527387797] Direction: (1, 0)
______________
[1449527388297] NearObjects size: 23
[1449527388297] NearObjectsToExtinguish: 1
[1449527388297] Current position: (6, 9)
[1449527388297] Desired Position: (null)
[1449527388297] Direction: (0, 0)
______________
[1449527388798] NearObjects size: 15
[1449527388798] NearObjectsToExtinguish: 0
[1449527388798] Current position: (5, 8)
[1449527388798] Desired Position: (1, 4)
[1449527388798] Direction: (-1, -1)
______________
[1449527389298] NearObjects size: 8
[1449527389298] NearObjectsToExtinguish: 0
[1449527389298] Current position: (4, 7)
[1449527389298] Desired Position: (1, 4)
[1449527389298] Direction: (-1, -1)
______________
[1449527389799] NearObjects size: 10
[1449527389799] NearObjectsToExtinguish: 0
[1449527389799] Current position: (3, 6)
[1449527389799] Desired Position: (1, 4)
[1449527389799] Direction: (-1, -1)
______________
[1449527390299] NearObjects size: 10
[1449527390299] NearObjectsToExtinguish: 0
[1449527390299] Current position: (2, 5)
[1449527390299] Desired Position: (1, 4)
[1449527390299] Direction: (-1, -1)
______________
[1449527390799] NearObjects size: 18
[1449527390799] NearObjectsToExtinguish: 1
[1449527390799] Current position: (1, 4)
[1449527390799] Desired Position: (1, 4)
[1449527390799] Direction: (-1, -1)
______________
[1449527391299] NearObjects size: 18
[1449527391299] NearObjectsToExtinguish: 2
[1449527391299] Current position: (1, 4)
[1449527391299] Desired Position: (null)
[1449527391299] Direction: (0, 0)
______________
[1449527391799] Eliminating (1, 4) from (1, 4)
[1449527391799] NearObjects size: 17
[1449527391799] NearObjectsToExtinguish: 0
[1449527391799] Current position: (1, 4)
[1449527391799] Desired Position: (null)
[1449527391799] Direction: (0, 0)
______________
[1449527392299] NearObjects size: 9
[1449527392299] NearObjectsToExtinguish: 0
[1449527392299] Current position: (2, 5)
[1449527392299] Desired Position: (9, 9)
[1449527392299] Direction: (1, 1)
______________
[1449527392799] NearObjects size: 9
[1449527392799] NearObjectsToExtinguish: 0
[1449527392799] Current position: (3, 6)
[1449527392799] Desired Position: (9, 9)
[1449527392799] Direction: (1, 1)
______________
[1449527393299] NearObjects size: 8
[1449527393299] NearObjectsToExtinguish: 0
[1449527393299] Current position: (4, 7)
[1449527393299] Desired Position: (9, 9)
[1449527393299] Direction: (1, 1)
______________
[1449527393799] NearObjects size: 15
[1449527393799] NearObjectsToExtinguish: 0
[1449527393799] Current position: (5, 8)
[1449527393799] Desired Position: (9, 9)
[1449527393799] Direction: (1, 1)
______________
[1449527394299] NearObjects size: 23
[1449527394299] NearObjectsToExtinguish: 1
[1449527394299] Current position: (6, 9)
[1449527394299] Desired Position: (9, 9)
[1449527394299] Direction: (1, 1)
______________
[1449527394799] NearObjects size: 27
[1449527394799] NearObjectsToExtinguish: 1
[1449527394799] Current position: (7, 9)
[1449527394799] Desired Position: (9, 9)
[1449527394799] Direction: (1, 0)
______________
[1449527395299] NearObjects size: 27
[1449527395299] NearObjectsToExtinguish: 2
[1449527395299] Current position: (8, 9)
[1449527395299] Desired Position: (9, 9)
[1449527395299] Direction: (1, 0)
______________
[1449527395799] Eliminating (9, 9) from (8, 9)
[1449527395799] NearObjects size: 23
[1449527395799] NearObjectsToExtinguish: 2
[1449527395799] Current position: (9, 9)
[1449527395799] Desired Position: (9, 9)
[1449527395799] Direction: (1, 0)
______________
[1449527396300] NearObjects size: 23
[1449527396300] NearObjectsToExtinguish: 3
[1449527396300] Current position: (9, 9)
[1449527396300] Desired Position: (null)
[1449527396300] Direction: (0, 0)
______________
[1449527396800] Eliminating (9, 8) from (9, 9)
[1449527396800] NearObjects size: 17
[1449527396800] NearObjectsToExtinguish: 1
[1449527396800] Current position: (9, 8)
[1449527396800] Desired Position: (null)
[1449527396800] Direction: (0, -1)
______________
[1449527397300] Eliminating (9, 7) from (9, 8)
[1449527397300] NearObjects size: 12
[1449527397300] NearObjectsToExtinguish: 1
[1449527397300] Current position: (9, 7)
[1449527397300] Desired Position: (null)
[1449527397300] Direction: (0, -1)
______________
[1449527397800] Eliminating (9, 6) from (9, 7)
[1449527397800] NearObjects size: 10
[1449527397800] NearObjectsToExtinguish: 0
[1449527397800] Current position: (9, 6)
[1449527397800] Desired Position: (null)
[1449527397800] Direction: (0, -1)
______________
[1449527398300] NearObjects size: 13
[1449527398300] NearObjectsToExtinguish: 0
[1449527398300] Current position: (8, 5)
[1449527398300] Desired Position: (2, 3)
[1449527398300] Direction: (-1, -1)
______________
[1449527398800] NearObjects size: 19
[1449527398800] NearObjectsToExtinguish: 1
[1449527398800] Current position: (7, 4)
[1449527398800] Desired Position: (2, 3)
[1449527398800] Direction: (-1, -1)
______________
[1449527399301] Eliminating (7, 3) from (7, 4)
[1449527399301] NearObjects size: 23
[1449527399301] NearObjectsToExtinguish: 3
[1449527399301] Current position: (7, 3)
[1449527399301] Desired Position: (2, 3)
[1449527399301] Direction: (0, -1)
______________
[1449527399801] Eliminating (8, 3) from (7, 3)
[1449527399801] NearObjects size: 22
[1449527399801] NearObjectsToExtinguish: 4
[1449527399801] Current position: (8, 3)
[1449527399801] Desired Position: (2, 3)
[1449527399801] Direction: (1, 0)
______________
[1449527400301] Eliminating (9, 3) from (8, 3)
[1449527400301] NearObjects size: 21
[1449527400301] NearObjectsToExtinguish: 4
[1449527400301] Current position: (9, 3)
[1449527400301] Desired Position: (2, 3)
[1449527400301] Direction: (1, 0)
______________
[1449527400801] Eliminating (9, 2) from (9, 3)
[1449527400801] NearObjects size: 23
[1449527400801] NearObjectsToExtinguish: 6
[1449527400801] Current position: (9, 2)
[1449527400801] Desired Position: (2, 3)
[1449527400801] Direction: (0, -1)
______________
[1449527401302] Eliminating (9, 1) from (9, 2)
[1449527401302] NearObjects size: 23
[1449527401302] NearObjectsToExtinguish: 6
[1449527401302] Current position: (9, 1)
[1449527401302] Desired Position: (2, 3)
[1449527401302] Direction: (0, -1)
______________
[1449527401802] Eliminating (8, 1) from (9, 1)
[1449527401802] NearObjects size: 20
[1449527401802] NearObjectsToExtinguish: 6
[1449527401802] Current position: (8, 1)
[1449527401802] Desired Position: (2, 3)
[1449527401802] Direction: (-1, 0)
______________
[1449527402302] Eliminating (7, 1) from (8, 1)
[1449527402302] NearObjects size: 19
[1449527402302] NearObjectsToExtinguish: 7
[1449527402302] Current position: (7, 1)
[1449527402302] Desired Position: (2, 3)
[1449527402302] Direction: (-1, 0)
______________
[1449527402802] Eliminating (7, 0) from (7, 1)
[1449527402802] NearObjects size: 18
[1449527402802] NearObjectsToExtinguish: 7
[1449527402802] Current position: (7, 0)
[1449527402802] Desired Position: (2, 3)
[1449527402802] Direction: (0, -1)
______________
[1449527403302] Eliminating (8, 0) from (7, 0)
[1449527403302] NearObjects size: 17
[1449527403302] NearObjectsToExtinguish: 6
[1449527403302] Current position: (8, 0)
[1449527403302] Desired Position: (2, 3)
[1449527403302] Direction: (1, 0)
______________
[1449527403802] Eliminating (9, 0) from (8, 0)
[1449527403802] NearObjects size: 15
[1449527403802] NearObjectsToExtinguish: 5
[1449527403802] Current position: (9, 0)
[1449527403802] Desired Position: (2, 3)
[1449527403802] Direction: (1, 0)
______________
[1449527404303] Eliminating (6, 0) from (9, 0)
[1449527404303] NearObjects size: 15
[1449527404303] NearObjectsToExtinguish: 2
[1449527404303] Current position: (8, 0)
[1449527404303] Desired Position: (2, 3)
[1449527404303] Direction: (-1, 0)
______________
[1449527404803] Eliminating (6, 1) from (8, 0)
[1449527404803] NearObjects size: 14
[1449527404803] NearObjectsToExtinguish: 2
[1449527404803] Current position: (7, 1)
[1449527404803] Desired Position: (2, 3)
[1449527404803] Direction: (-1, 1)
______________
[1449527405303] Eliminating (7, 2) from (7, 1)
[1449527405303] NearObjects size: 13
[1449527405303] NearObjectsToExtinguish: 3
[1449527405303] Current position: (7, 2)
[1449527405303] Desired Position: (2, 3)
[1449527405303] Direction: (0, 1)
______________
[1449527405804] Eliminating (6, 2) from (7, 2)
[1449527405804] NearObjects size: 13
[1449527405804] NearObjectsToExtinguish: 3
[1449527405804] Current position: (6, 2)
[1449527405804] Desired Position: (2, 3)
[1449527405804] Direction: (-1, 0)
______________
[1449527406305] Eliminating (6, 3) from (6, 2)
[1449527406305] NearObjects size: 10
[1449527406305] NearObjectsToExtinguish: 2
[1449527406305] Current position: (6, 3)
[1449527406305] Desired Position: (2, 3)
[1449527406305] Direction: (0, 1)
______________
[1449527406805] Eliminating (5, 2) from (6, 3)
[1449527406805] NearObjects size: 11
[1449527406805] NearObjectsToExtinguish: 2
[1449527406805] Current position: (5, 2)
[1449527406805] Desired Position: (2, 3)
[1449527406805] Direction: (-1, -1)
______________
[1449527407306] Eliminating (5, 1) from (5, 2)
[1449527407306] NearObjects size: 11
[1449527407306] NearObjectsToExtinguish: 2
[1449527407306] Current position: (5, 1)
[1449527407306] Desired Position: (2, 3)
[1449527407306] Direction: (0, -1)
______________
[1449527407808] Eliminating (5, 0) from (5, 1)
[1449527407808] NearObjects size: 9
[1449527407808] NearObjectsToExtinguish: 2
[1449527407808] Current position: (5, 0)
[1449527407808] Desired Position: (2, 3)
[1449527407808] Direction: (0, -1)
______________
[1449527408309] Eliminating (4, 0) from (5, 0)
[1449527408309] NearObjects size: 9
[1449527408309] NearObjectsToExtinguish: 1
[1449527408309] Current position: (4, 0)
[1449527408309] Desired Position: (2, 3)
[1449527408309] Direction: (-1, 0)
______________
[1449527408810] Eliminating (3, 0) from (4, 0)
[1449527408810] NearObjects size: 9
[1449527408810] NearObjectsToExtinguish: 1
[1449527408810] Current position: (3, 0)
[1449527408810] Desired Position: (2, 3)
[1449527408810] Direction: (-1, 0)
______________
[1449527409310] Eliminating (2, 0) from (3, 0)
[1449527409310] NearObjects size: 8
[1449527409310] NearObjectsToExtinguish: 1
[1449527409310] Current position: (2, 0)
[1449527409310] Desired Position: (2, 3)
[1449527409310] Direction: (-1, 0)
______________
[1449527409810] Eliminating (1, 0) from (2, 0)
[1449527409810] NearObjects size: 8
[1449527409810] NearObjectsToExtinguish: 1
[1449527409810] Current position: (1, 0)
[1449527409810] Desired Position: (2, 3)
[1449527409810] Direction: (-1, 0)
______________
[1449527410310] Eliminating (0, 0) from (1, 0)
[1449527410310] NearObjects size: 6
[1449527410310] NearObjectsToExtinguish: 1
[1449527410310] Current position: (0, 0)
[1449527410310] Desired Position: (2, 3)
[1449527410310] Direction: (-1, 0)
______________
[1449527410810] Eliminating (0, 1) from (0, 0)
[1449527410810] NearObjects size: 6
[1449527410810] NearObjectsToExtinguish: 1
[1449527410810] Current position: (0, 1)
[1449527410810] Desired Position: (2, 3)
[1449527410810] Direction: (0, 1)
______________
[1449527411311] Eliminating (0, 2) from (0, 1)
[1449527411311] NearObjects size: 5
[1449527411311] NearObjectsToExtinguish: 0
[1449527411311] Current position: (0, 2)
[1449527411311] Desired Position: (2, 3)
[1449527411311] Direction: (0, 1)
______________
[1449527411811] NearObjects size: 5
[1449527411811] NearObjectsToExtinguish: 1
[1449527411811] Current position: (1, 3)
[1449527411811] Desired Position: (2, 3)
[1449527411811] Direction: (1, 1)
______________
[1449527412312] Eliminating (2, 3) from (1, 3)
[1449527412312] NearObjects size: 4
[1449527412312] NearObjectsToExtinguish: 2
[1449527412312] Current position: (2, 3)
[1449527412312] Desired Position: (2, 3)
[1449527412312] Direction: (1, 0)
______________
[1449527412812] NearObjects size: 4
[1449527412812] NearObjectsToExtinguish: 4
[1449527412812] Current position: (2, 3)
[1449527412812] Desired Position: (null)
[1449527412812] Direction: (0, 0)
______________
[1449527413312] Eliminating (2, 2) from (2, 3)
[1449527413312] NearObjects size: 3
[1449527413312] NearObjectsToExtinguish: 2
[1449527413312] Current position: (2, 2)
[1449527413312] Desired Position: (null)
[1449527413312] Direction: (0, -1)
______________
[1449527413813] Eliminating (3, 2) from (2, 2)
[1449527413813] NearObjects size: 2
[1449527413813] NearObjectsToExtinguish: 2
[1449527413813] Current position: (3, 2)
[1449527413813] Desired Position: (null)
[1449527413813] Direction: (1, 0)
______________
[1449527414313] Eliminating (3, 3) from (3, 2)
[1449527414313] NearObjects size: 0
[1449527414313] NearObjectsToExtinguish: 0
[1449527414313] Current position: (3, 3)
[1449527414313] Desired Position: (null)
[1449527414313] Direction: (0, 1)
______________
[1449527414813] NearObjects size: 1
[1449527414813] NearObjectsToExtinguish: 0
[1449527414813] Current position: (4, 2)
[1449527414813] Desired Position: (8, 2)
[1449527414813] Direction: (1, -1)
______________
[1449527415313] NearObjects size: 1
[1449527415313] NearObjectsToExtinguish: 0
[1449527415313] Current position: (5, 2)
[1449527415313] Desired Position: (8, 2)
[1449527415313] Direction: (1, 0)
______________
[1449527415813] NearObjects size: 1
[1449527415813] NearObjectsToExtinguish: 0
[1449527415813] Current position: (6, 2)
[1449527415813] Desired Position: (8, 2)
[1449527415813] Direction: (1, 0)
______________
[1449527416314] NearObjects size: 1
[1449527416314] NearObjectsToExtinguish: 1
[1449527416314] Current position: (7, 2)
[1449527416314] Desired Position: (8, 2)
[1449527416314] Direction: (1, 0)
______________
[1449527416814] Eliminating (8, 2) from (7, 2)
[1449527416814] NearObjects size: 0
[1449527416814] NearObjectsToExtinguish: 0
[1449527416814] Current position: (8, 2)
[1449527416814] Desired Position: (8, 2)
[1449527416814] Direction: (1, 0)
______________
[1449527417314] NearObjects size: 0
[1449527417314] NearObjectsToExtinguish: 0
[1449527417314] Current position: (8, 2)
[1449527417314] Desired Position: (null)
[1449527417314] Direction: (0, 0)
______________
[1449527417814] NearObjects size: 0
[1449527417814] NearObjectsToExtinguish: 0
[1449527417814] Current position: (8, 2)
[1449527417814] Desired Position: (null)
[1449527417814] Direction: (0, 0)
______________
[1449527418315] NearObjects size: 0
[1449527418315] NearObjectsToExtinguish: 0
[1449527418315] Current position: (8, 2)
[1449527418315] Desired Position: (null)
[1449527418315] Direction: (0, 0)
______________
