[1449516375835] > Initializing FireProcess
[1449516375835] Getting Fire first element
[1449516375835] Initialize clock.



Vision Sight: 5
Vision Extinguish: 1
[1449516375839] NearObjects size: 1
[1449516375839] NearObjectsToExtinguish: 0
[1449516375839] Current position: (3, 3)
[1449516375839] Desired Position: (2, 7)
[1449516375839] Direction: (-1, 1)
______________
[1449516375943] NearObjects size: 1
[1449516375943] NearObjectsToExtinguish: 0
[1449516375943] Current position: (2, 4)
[1449516375943] Desired Position: (2, 7)
[1449516375943] Direction: (-1, 1)
______________
[1449516376043] NearObjects size: 2
[1449516376043] NearObjectsToExtinguish: 1
[1449516376043] Current position: (2, 5)
[1449516376043] Desired Position: (2, 7)
[1449516376043] Direction: (0, 1)
______________
[1449516376143] Eliminating (2, 6) from (2, 5)
[1449516376143] NearObjects size: 3
[1449516376143] NearObjectsToExtinguish: 1
[1449516376143] Current position: (2, 6)
[1449516376143] Desired Position: (2, 7)
[1449516376143] Direction: (0, 1)
______________
[1449516376243] Eliminating (2, 7) from (2, 6)
[1449516376243] NearObjects size: 4
[1449516376243] NearObjectsToExtinguish: 1
[1449516376243] Current position: (2, 7)
[1449516376243] Desired Position: (2, 7)
[1449516376243] Direction: (0, 1)
______________
[1449516376344] NearObjects size: 6
[1449516376344] NearObjectsToExtinguish: 2
[1449516376344] Current position: (2, 7)
[1449516376344] Desired Position: (null)
[1449516376344] Direction: (0, 0)
______________
[1449516376445] Eliminating (1, 7) from (2, 7)
[1449516376445] NearObjects size: 5
[1449516376445] NearObjectsToExtinguish: 1
[1449516376445] Current position: (1, 7)
[1449516376445] Desired Position: (null)
[1449516376445] Direction: (-1, 0)
______________
[1449516376546] Eliminating (0, 7) from (1, 7)
[1449516376546] NearObjects size: 4
[1449516376546] NearObjectsToExtinguish: 0
[1449516376546] Current position: (0, 7)
[1449516376546] Desired Position: (null)
[1449516376546] Direction: (-1, 0)
______________
[1449516376646] NearObjects size: 3
[1449516376646] NearObjectsToExtinguish: 0
[1449516376646] Current position: (1, 6)
[1449516376646] Desired Position: (null)
[1449516376646] Direction: (1, -1)
______________
[1449516376747] NearObjects size: 2
[1449516376747] NearObjectsToExtinguish: 0
[1449516376747] Current position: (2, 7)
[1449516376747] Desired Position: (null)
[1449516376747] Direction: (1, 1)
______________
[1449516376847] NearObjects size: 1
[1449516376847] NearObjectsToExtinguish: 0
[1449516376847] Current position: (1, 7)
[1449516376847] Desired Position: (null)
[1449516376847] Direction: (-1, 0)
______________
[1449516376947] NearObjects size: 0
[1449516376947] NearObjectsToExtinguish: 0
[1449516376947] Current position: (1, 7)
[1449516376947] Desired Position: (null)
[1449516376947] Direction: (0, 0)
______________
[1449516377048] NearObjects size: 0
[1449516377048] NearObjectsToExtinguish: 0
[1449516377048] Current position: (1, 7)
[1449516377048] Desired Position: (null)
[1449516377048] Direction: (0, 0)
______________
[1449516377148] NearObjects size: 0
[1449516377148] NearObjectsToExtinguish: 0
[1449516377148] Current position: (1, 7)
[1449516377148] Desired Position: (null)
[1449516377148] Direction: (0, 0)
______________
[1449516377248] NearObjects size: 0
[1449516377248] NearObjectsToExtinguish: 0
[1449516377248] Current position: (1, 7)
[1449516377248] Desired Position: (null)
[1449516377248] Direction: (0, 0)
______________
[1449516377349] NearObjects size: 0
[1449516377349] NearObjectsToExtinguish: 0
[1449516377349] Current position: (1, 7)
[1449516377349] Desired Position: (null)
[1449516377349] Direction: (0, 0)
______________
[1449516377449] NearObjects size: 0
[1449516377449] NearObjectsToExtinguish: 0
[1449516377449] Current position: (1, 7)
[1449516377449] Desired Position: (null)
[1449516377449] Direction: (0, 0)
______________
[1449516377549] NearObjects size: 0
[1449516377549] NearObjectsToExtinguish: 0
[1449516377549] Current position: (1, 7)
[1449516377549] Desired Position: (null)
[1449516377549] Direction: (0, 0)
______________
[1449516377649] NearObjects size: 0
[1449516377649] NearObjectsToExtinguish: 0
[1449516377649] Current position: (1, 7)
[1449516377649] Desired Position: (null)
[1449516377649] Direction: (0, 0)
______________
[1449516377749] NearObjects size: 0
[1449516377749] NearObjectsToExtinguish: 0
[1449516377749] Current position: (1, 7)
[1449516377749] Desired Position: (null)
[1449516377749] Direction: (0, 0)
______________
[1449516377849] NearObjects size: 0
[1449516377849] NearObjectsToExtinguish: 0
[1449516377849] Current position: (1, 7)
[1449516377849] Desired Position: (null)
[1449516377849] Direction: (0, 0)
______________
[1449516377949] NearObjects size: 0
[1449516377949] NearObjectsToExtinguish: 0
[1449516377949] Current position: (1, 7)
[1449516377949] Desired Position: (null)
[1449516377949] Direction: (0, 0)
______________
[1449516378049] NearObjects size: 0
[1449516378049] NearObjectsToExtinguish: 0
[1449516378049] Current position: (1, 7)
[1449516378049] Desired Position: (null)
[1449516378049] Direction: (0, 0)
______________
Debug file: logs/07_26_2015_19_26_20.log
