[STARTING RUN OF logs/14_19_2015_02_19_30.log ]


[1450059571054] Initializing FireProcess
[1450059571054] Getting Fire first element
[1450059571054] Initialize clock.
0, -1
[Fireman 2505] - Accept a rescue request from [Person 2513]
-1, 1
-1, 0
A person was saved on: (45, 38)
0, -1
[Fireman 2506] - Accept a rescue request from [Person 2507]
-1, 1
1, 0
0, 0
0, 0
-1, -1
-1, -1
0, 0
1, 0
1, 0
-1, 1
-1, -1
-1, 1
0, 0
-1, 1
0, 0
1, -1
-1, 0
0, 0
0, 0
1, -1
0, 1
-1, -1
1, 1
[Fireman 2505] - Accept a rescue request from [Person 2510]
0, 0
0, -1
0, 1
0, -1
0, 0
0, 1
0, 1
0, 0
1, 0
0, 1
-1, 0
0, 0
1, -1
0, 0
A person was saved on: (23, 48)
-1, 0
0, 0
1, 0
-1, 0
0, 1
1, -1
A person was saved on: (1, 0)
1, 0
[Fireman 2506] - Accept a rescue request from [Person 2509]
0, 0
0, 0
0, -1
0, 0
0, -1
-1, -1
-1, -1
[Fireman 2504] - Accept a rescue request from [Person 2508]
0, -1
1, 0
0, 1
-1, -1
0, 1
0, 1
0, 0
1, 0
1, 1
-1, 0
-1, 1
1, 0
0, 1
0, -1
1, 0
-1, 0
0, 1
0, 1
-1, 0
1, 0
-1, 0
1, 0
0, 1
1, 0
0, 1
0, 0
1, 0
-1, 0
1, 0
0, 1
0, 1
0, 0
A person was saved on: (31, 21)
0, 0
-1, 0
0, 1
-1, 0
0, 0
0, 0
1, 0
-1, 0
1, 0
1, 0
1, 0
-1, 0
1, 0
-1, 0
1, 0
1, 0
-1, 0
-1, 0
1, 0
0, 0
1, 0
0, 0
-1, 0
0, 0
0, 0
1, 0
-1, 0
-1, 0
-1, 0
-1, 0
1, 0
1, 0
-1, 0
0, 0
0, 0
-1, 0
A person was saved on: (33, 22)
-1, 0
0, 0
1, 0
1, 0
1, 0
1, 0
-1, 0
-1, 0
-1, 0
1, 0
1, 0
-1, 0
-1, 0
0, 0
-1, 0
0, 0
1, 0
-1, 0
0, 0
0, 0
1, 0
1, 0
-1, 0
1, 0
0, 0
-1, 0
-1, 0
1, 0
