[STARTING RUN OF logs/14_16_2015_05_16_38.log ]


[1450070198900] Initializing FireProcess
[1450070198901] Getting Fire first element
[1450070198901] Initialize clock.
[1450070199101] NearObjects size: 0
[1450070199101] NearObjectsToExtinguish: 0
[1450070199101] Current position: (6, 17)
[1450070199101] Desired Position: (35, 34)
[1450070199101] Direction: (1, 1)
______________
[Fireman 1603] - Accept a rescue request from [Person 1607]
[1450070199428] NearObjects size: 0
[1450070199428] NearObjectsToExtinguish: 0
[1450070199428] Current position: (7, 18)
[1450070199428] Desired Position: (37, 36)
[1450070199428] Direction: (1, 1)
______________
[1450070199581] NearObjects size: 0
[1450070199581] NearObjectsToExtinguish: 0
[1450070199581] Current position: (8, 19)
[1450070199581] Desired Position: (37, 36)
[1450070199581] Direction: (1, 1)
______________
[1450070199731] NearObjects size: 0
[1450070199731] NearObjectsToExtinguish: 0
[1450070199731] Current position: (9, 20)
[1450070199731] Desired Position: (37, 36)
[1450070199731] Direction: (1, 1)
______________
[1450070199882] NearObjects size: 0
[1450070199882] NearObjectsToExtinguish: 0
[1450070199882] Current position: (10, 21)
[1450070199882] Desired Position: (37, 36)
[1450070199882] Direction: (1, 1)
______________
[1450070200032] NearObjects size: 0
[1450070200032] NearObjectsToExtinguish: 0
[1450070200032] Current position: (11, 22)
[1450070200032] Desired Position: (36, 35)
[1450070200032] Direction: (1, 1)
______________
[1450070200183] NearObjects size: 0
[1450070200183] NearObjectsToExtinguish: 0
[1450070200183] Current position: (12, 23)
[1450070200183] Desired Position: (36, 35)
[1450070200183] Direction: (1, 1)
______________
[1450070200335] NearObjects size: 0
[1450070200335] NearObjectsToExtinguish: 0
[1450070200335] Current position: (13, 24)
[1450070200335] Desired Position: (37, 36)
[1450070200335] Direction: (1, 1)
______________
[1450070200485] NearObjects size: 0
[1450070200485] NearObjectsToExtinguish: 0
[1450070200485] Current position: (14, 25)
[1450070200485] Desired Position: (37, 36)
[1450070200485] Direction: (1, 1)
______________
[1450070200635] NearObjects size: 0
[1450070200635] NearObjectsToExtinguish: 0
[1450070200635] Current position: (15, 26)
[1450070200635] Desired Position: (38, 37)
[1450070200635] Direction: (1, 1)
______________
[1450070200785] NearObjects size: 0
[1450070200785] NearObjectsToExtinguish: 0
[1450070200785] Current position: (16, 27)
[1450070200785] Desired Position: (38, 37)
[1450070200785] Direction: (1, 1)
______________
[1450070200936] NearObjects size: 0
[1450070200936] NearObjectsToExtinguish: 0
[1450070200936] Current position: (17, 28)
[1450070200936] Desired Position: (39, 38)
[1450070200936] Direction: (1, 1)
______________
[1450070201086] NearObjects size: 0
[1450070201086] NearObjectsToExtinguish: 0
[1450070201086] Current position: (18, 29)
[1450070201086] Desired Position: (39, 38)
[1450070201086] Direction: (1, 1)
______________
[1450070201236] NearObjects size: 0
[1450070201236] NearObjectsToExtinguish: 0
[1450070201236] Current position: (19, 30)
[1450070201236] Desired Position: (39, 38)
[1450070201236] Direction: (1, 1)
______________
[1450070201387] NearObjects size: 0
[1450070201387] NearObjectsToExtinguish: 0
[1450070201387] Current position: (20, 31)
[1450070201387] Desired Position: (38, 37)
[1450070201387] Direction: (1, 1)
______________
[1450070201537] NearObjects size: 0
[1450070201537] NearObjectsToExtinguish: 0
[1450070201537] Current position: (21, 32)
[1450070201537] Desired Position: (39, 38)
[1450070201537] Direction: (1, 1)
______________
[1450070201687] NearObjects size: 0
[1450070201687] NearObjectsToExtinguish: 0
[1450070201687] Current position: (22, 33)
[1450070201687] Desired Position: (39, 38)
[1450070201687] Direction: (1, 1)
______________
[1450070201837] NearObjects size: 0
[1450070201837] NearObjectsToExtinguish: 0
[1450070201837] Current position: (23, 34)
[1450070201837] Desired Position: (38, 37)
[1450070201837] Direction: (1, 1)
______________
[1450070201987] NearObjects size: 0
[1450070201987] NearObjectsToExtinguish: 0
[1450070201987] Current position: (24, 35)
[1450070201987] Desired Position: (38, 37)
[1450070201987] Direction: (1, 1)
______________
[1450070202139] NearObjects size: 0
[1450070202139] NearObjectsToExtinguish: 0
[1450070202139] Current position: (25, 36)
[1450070202139] Desired Position: (39, 38)
[1450070202139] Direction: (1, 1)
______________
[1450070202289] NearObjects size: 0
[1450070202289] NearObjectsToExtinguish: 0
[1450070202289] Current position: (26, 37)
[1450070202289] Desired Position: (39, 38)
[1450070202289] Direction: (1, 1)
______________
[1450070202439] NearObjects size: 0
[1450070202439] NearObjectsToExtinguish: 0
[1450070202439] Current position: (27, 37)
[1450070202439] Desired Position: (38, 37)
[1450070202439] Direction: (1, 0)
______________
[1450070202590] NearObjects size: 0
[1450070202590] NearObjectsToExtinguish: 0
[1450070202590] Current position: (28, 38)
[1450070202590] Desired Position: (39, 38)
[1450070202590] Direction: (1, 1)
______________
[1450070202740] NearObjects size: 0
[1450070202740] NearObjectsToExtinguish: 0
[1450070202740] Current position: (29, 37)
[1450070202740] Desired Position: (38, 37)
[1450070202740] Direction: (1, -1)
______________
[1450070202890] NearObjects size: 0
[1450070202890] NearObjectsToExtinguish: 0
[1450070202890] Current position: (30, 37)
[1450070202890] Desired Position: (38, 37)
[1450070202890] Direction: (1, 0)
______________
A person died on: (38, 37)
[1450070203040] NearObjects size: 0
[1450070203040] NearObjectsToExtinguish: 0
[1450070203040] Current position: (31, 37)
[1450070203040] Desired Position: (35, 34)
[1450070203040] Direction: (1, 0)
______________
[1450070203190] NearObjects size: 5
[1450070203190] NearObjectsToExtinguish: 2
[1450070203190] Current position: (32, 36)
[1450070203190] Desired Position: (35, 34)
[1450070203190] Direction: (1, -1)
______________
[1450070203341] NearObjects size: 5
[1450070203341] NearObjectsToExtinguish: 0
[1450070203341] Current position: (32, 36)
[1450070203341] Desired Position: (35, 34)
[1450070203341] Direction: (0, 0)
______________
[1450070203491] NearObjects size: 5
[1450070203491] NearObjectsToExtinguish: 0
[1450070203491] Current position: (32, 36)
[1450070203491] Desired Position: (35, 34)
[1450070203491] Direction: (0, 0)
______________
[1450070203641] NearObjects size: 5
[1450070203641] NearObjectsToExtinguish: 0
[1450070203641] Current position: (32, 36)
[1450070203641] Desired Position: (35, 34)
[1450070203641] Direction: (0, 0)
______________
[1450070203792] NearObjects size: 5
[1450070203792] NearObjectsToExtinguish: 0
[1450070203792] Current position: (32, 36)
[1450070203792] Desired Position: (35, 34)
[1450070203792] Direction: (0, 0)
______________
[1450070203942] NearObjects size: 5
[1450070203942] NearObjectsToExtinguish: 0
[1450070203942] Current position: (32, 36)
[1450070203942] Desired Position: (35, 34)
[1450070203942] Direction: (0, 0)
______________
[1450070204092] NearObjects size: 5
[1450070204092] NearObjectsToExtinguish: 0
[1450070204092] Current position: (32, 36)
[1450070204092] Desired Position: (35, 34)
[1450070204092] Direction: (0, 0)
______________
[1450070204242] NearObjects size: 5
[1450070204242] NearObjectsToExtinguish: 0
[1450070204242] Current position: (32, 36)
[1450070204242] Desired Position: (35, 34)
[1450070204242] Direction: (0, 0)
______________
[1450070204392] NearObjects size: 6
[1450070204392] NearObjectsToExtinguish: 1
[1450070204392] Current position: (32, 36)
[1450070204392] Desired Position: (35, 34)
[1450070204392] Direction: (0, 0)
______________
[1450070204542] NearObjects size: 6
[1450070204542] NearObjectsToExtinguish: 0
[1450070204542] Current position: (32, 36)
[1450070204542] Desired Position: (35, 34)
[1450070204542] Direction: (0, 0)
______________
[1450070204692] NearObjects size: 6
[1450070204692] NearObjectsToExtinguish: 0
[1450070204692] Current position: (32, 36)
[1450070204692] Desired Position: (35, 34)
[1450070204692] Direction: (0, 0)
______________
[1450070204842] NearObjects size: 8
[1450070204842] NearObjectsToExtinguish: 1
[1450070204842] Current position: (32, 36)
[1450070204842] Desired Position: (35, 34)
[1450070204842] Direction: (0, 0)
______________
[1450070204992] NearObjects size: 8
[1450070204992] NearObjectsToExtinguish: 0
[1450070204992] Current position: (32, 36)
[1450070204992] Desired Position: (35, 34)
[1450070204992] Direction: (0, 0)
______________
[1450070205143] NearObjects size: 8
[1450070205143] NearObjectsToExtinguish: 0
[1450070205143] Current position: (32, 36)
[1450070205143] Desired Position: (35, 34)
[1450070205143] Direction: (0, 0)
______________
[1450070205293] NearObjects size: 8
[1450070205293] NearObjectsToExtinguish: 0
[1450070205293] Current position: (32, 36)
[1450070205293] Desired Position: (35, 34)
[1450070205293] Direction: (0, 0)
______________
[1450070205444] NearObjects size: 8
[1450070205444] NearObjectsToExtinguish: 0
[1450070205444] Current position: (32, 36)
[1450070205444] Desired Position: (35, 34)
[1450070205444] Direction: (0, 0)
______________
[1450070205594] NearObjects size: 8
[1450070205594] NearObjectsToExtinguish: 0
[1450070205594] Current position: (32, 36)
[1450070205594] Desired Position: (35, 34)
[1450070205594] Direction: (0, 0)
______________
[1450070205744] NearObjects size: 8
[1450070205744] NearObjectsToExtinguish: 0
[1450070205744] Current position: (32, 36)
[1450070205744] Desired Position: (35, 34)
[1450070205744] Direction: (0, 0)
______________
[1450070205894] NearObjects size: 8
[1450070205894] NearObjectsToExtinguish: 0
[1450070205894] Current position: (32, 36)
[1450070205894] Desired Position: (35, 34)
[1450070205894] Direction: (0, 0)
______________
[1450070206044] NearObjects size: 8
[1450070206044] NearObjectsToExtinguish: 0
[1450070206044] Current position: (32, 36)
[1450070206044] Desired Position: (35, 34)
[1450070206044] Direction: (0, 0)
______________
[1450070206195] NearObjects size: 8
[1450070206195] NearObjectsToExtinguish: 0
[1450070206195] Current position: (32, 36)
[1450070206195] Desired Position: (35, 34)
[1450070206195] Direction: (0, 0)
______________
[1450070206346] NearObjects size: 8
[1450070206346] NearObjectsToExtinguish: 0
[1450070206346] Current position: (32, 36)
[1450070206346] Desired Position: (35, 34)
[1450070206346] Direction: (0, 0)
______________
[1450070206496] NearObjects size: 8
[1450070206496] NearObjectsToExtinguish: 0
[1450070206496] Current position: (32, 36)
[1450070206496] Desired Position: (35, 34)
[1450070206496] Direction: (0, 0)
______________
[1450070206646] NearObjects size: 8
[1450070206646] NearObjectsToExtinguish: 0
[1450070206646] Current position: (32, 36)
[1450070206646] Desired Position: (35, 34)
[1450070206646] Direction: (0, 0)
______________
[1450070206796] NearObjects size: 8
[1450070206796] NearObjectsToExtinguish: 0
[1450070206796] Current position: (32, 36)
[1450070206796] Desired Position: (35, 34)
[1450070206796] Direction: (0, 0)
______________
[1450070206946] NearObjects size: 8
[1450070206946] NearObjectsToExtinguish: 0
[1450070206946] Current position: (32, 36)
[1450070206946] Desired Position: (35, 34)
[1450070206946] Direction: (0, 0)
______________
[1450070207096] NearObjects size: 8
[1450070207096] NearObjectsToExtinguish: 0
[1450070207096] Current position: (32, 36)
[1450070207096] Desired Position: (35, 34)
[1450070207096] Direction: (0, 0)
______________
[1450070207247] NearObjects size: 8
[1450070207247] NearObjectsToExtinguish: 0
[1450070207247] Current position: (32, 36)
[1450070207247] Desired Position: (35, 34)
[1450070207247] Direction: (0, 0)
______________
[1450070207397] NearObjects size: 8
[1450070207397] NearObjectsToExtinguish: 0
[1450070207397] Current position: (32, 36)
[1450070207397] Desired Position: (35, 34)
[1450070207397] Direction: (0, 0)
______________
[1450070207547] NearObjects size: 8
[1450070207547] NearObjectsToExtinguish: 0
[1450070207547] Current position: (32, 36)
[1450070207547] Desired Position: (35, 34)
[1450070207547] Direction: (0, 0)
______________
[1450070207697] NearObjects size: 8
[1450070207697] NearObjectsToExtinguish: 0
[1450070207697] Current position: (32, 36)
[1450070207697] Desired Position: (35, 34)
[1450070207697] Direction: (0, 0)
______________
[1450070207847] NearObjects size: 8
[1450070207847] NearObjectsToExtinguish: 0
[1450070207847] Current position: (32, 36)
[1450070207847] Desired Position: (35, 34)
[1450070207847] Direction: (0, 0)
______________
[1450070207997] NearObjects size: 8
[1450070207997] NearObjectsToExtinguish: 0
[1450070207997] Current position: (32, 36)
[1450070207997] Desired Position: (35, 34)
[1450070207997] Direction: (0, 0)
______________
[1450070208147] NearObjects size: 8
[1450070208147] NearObjectsToExtinguish: 0
[1450070208147] Current position: (32, 36)
[1450070208147] Desired Position: (35, 34)
[1450070208147] Direction: (0, 0)
______________
[1450070208297] NearObjects size: 8
[1450070208297] NearObjectsToExtinguish: 0
[1450070208297] Current position: (32, 36)
[1450070208297] Desired Position: (35, 34)
[1450070208297] Direction: (0, 0)
______________
[1450070208448] NearObjects size: 8
[1450070208448] NearObjectsToExtinguish: 0
[1450070208448] Current position: (32, 36)
[1450070208448] Desired Position: (35, 34)
[1450070208448] Direction: (0, 0)
______________
