[STARTING RUN OF logs/14_17_2015_05_17_05.log ]


[1450070225923] Initializing FireProcess
[1450070225923] Getting Fire first element
[1450070225923] Initialize clock.
[1450070226126] NearObjects size: 0
[1450070226126] NearObjectsToExtinguish: 0
[1450070226126] Current position: (7, 38)
[1450070226126] Desired Position: (34, 28)
[1450070226126] Direction: (1, -1)
______________
[1450070226420] NearObjects size: 0
[1450070226420] NearObjectsToExtinguish: 0
[1450070226420] Current position: (8, 37)
[1450070226420] Desired Position: (34, 28)
[1450070226420] Direction: (1, -1)
______________
[1450070226572] NearObjects size: 0
[1450070226572] NearObjectsToExtinguish: 0
[1450070226572] Current position: (9, 36)
[1450070226572] Desired Position: (34, 28)
[1450070226572] Direction: (1, -1)
______________
[1450070226722] NearObjects size: 0
[1450070226722] NearObjectsToExtinguish: 0
[1450070226722] Current position: (10, 35)
[1450070226722] Desired Position: (34, 28)
[1450070226722] Direction: (1, -1)
______________
[1450070226872] NearObjects size: 0
[1450070226872] NearObjectsToExtinguish: 0
[1450070226872] Current position: (11, 34)
[1450070226872] Desired Position: (34, 28)
[1450070226872] Direction: (1, -1)
______________
[1450070227023] NearObjects size: 0
[1450070227023] NearObjectsToExtinguish: 0
[1450070227023] Current position: (12, 33)
[1450070227023] Desired Position: (34, 28)
[1450070227023] Direction: (1, -1)
______________
[1450070227173] NearObjects size: 0
[1450070227173] NearObjectsToExtinguish: 0
[1450070227173] Current position: (13, 32)
[1450070227173] Desired Position: (34, 28)
[1450070227173] Direction: (1, -1)
______________
[1450070227323] NearObjects size: 0
[1450070227323] NearObjectsToExtinguish: 0
[1450070227323] Current position: (14, 31)
[1450070227323] Desired Position: (34, 28)
[1450070227323] Direction: (1, -1)
______________
[1450070227473] NearObjects size: 0
[1450070227473] NearObjectsToExtinguish: 0
[1450070227473] Current position: (15, 30)
[1450070227473] Desired Position: (34, 28)
[1450070227473] Direction: (1, -1)
______________
[1450070227623] NearObjects size: 0
[1450070227623] NearObjectsToExtinguish: 0
[1450070227623] Current position: (16, 29)
[1450070227623] Desired Position: (34, 28)
[1450070227623] Direction: (1, -1)
______________
[1450070227773] NearObjects size: 0
[1450070227773] NearObjectsToExtinguish: 0
[1450070227773] Current position: (17, 28)
[1450070227773] Desired Position: (34, 28)
[1450070227773] Direction: (1, -1)
______________
[1450070227924] NearObjects size: 0
[1450070227924] NearObjectsToExtinguish: 0
[1450070227924] Current position: (18, 28)
[1450070227924] Desired Position: (34, 28)
[1450070227924] Direction: (1, 0)
______________
[1450070228074] NearObjects size: 0
[1450070228074] NearObjectsToExtinguish: 0
[1450070228074] Current position: (19, 28)
[1450070228074] Desired Position: (34, 28)
[1450070228074] Direction: (1, 0)
______________
[1450070228224] NearObjects size: 0
[1450070228224] NearObjectsToExtinguish: 0
[1450070228224] Current position: (20, 28)
[1450070228224] Desired Position: (34, 28)
[1450070228224] Direction: (1, 0)
______________
[1450070228376] NearObjects size: 0
[1450070228376] NearObjectsToExtinguish: 0
[1450070228376] Current position: (21, 28)
[1450070228376] Desired Position: (34, 28)
[1450070228376] Direction: (1, 0)
______________
[1450070228526] NearObjects size: 0
[1450070228526] NearObjectsToExtinguish: 0
[1450070228526] Current position: (22, 28)
[1450070228526] Desired Position: (34, 28)
[1450070228526] Direction: (1, 0)
______________
[1450070228677] NearObjects size: 0
[1450070228677] NearObjectsToExtinguish: 0
[1450070228677] Current position: (23, 28)
[1450070228677] Desired Position: (34, 28)
[1450070228677] Direction: (1, 0)
______________
[1450070228828] NearObjects size: 0
[1450070228828] NearObjectsToExtinguish: 0
[1450070228828] Current position: (24, 28)
[1450070228828] Desired Position: (34, 28)
[1450070228828] Direction: (1, 0)
______________
[1450070228979] NearObjects size: 0
[1450070228979] NearObjectsToExtinguish: 0
[1450070228979] Current position: (25, 28)
[1450070228979] Desired Position: (34, 28)
[1450070228979] Direction: (1, 0)
______________
[1450070229130] NearObjects size: 0
[1450070229130] NearObjectsToExtinguish: 0
[1450070229130] Current position: (26, 28)
[1450070229130] Desired Position: (34, 28)
[1450070229130] Direction: (1, 0)
______________
[1450070229281] NearObjects size: 0
[1450070229281] NearObjectsToExtinguish: 0
[1450070229281] Current position: (27, 28)
[1450070229281] Desired Position: (34, 28)
[1450070229281] Direction: (1, 0)
______________
[1450070229431] NearObjects size: 0
[1450070229431] NearObjectsToExtinguish: 0
[1450070229431] Current position: (28, 28)
[1450070229431] Desired Position: (34, 28)
[1450070229431] Direction: (1, 0)
______________
[1450070229582] NearObjects size: 0
[1450070229582] NearObjectsToExtinguish: 0
[1450070229582] Current position: (29, 28)
[1450070229582] Desired Position: (34, 28)
[1450070229582] Direction: (1, 0)
______________
[1450070229732] NearObjects size: 0
[1450070229732] NearObjectsToExtinguish: 0
[1450070229732] Current position: (30, 28)
[1450070229732] Desired Position: (34, 28)
[1450070229732] Direction: (1, 0)
______________
[1450070229882] NearObjects size: 0
[1450070229882] NearObjectsToExtinguish: 0
[1450070229882] Current position: (31, 28)
[1450070229882] Desired Position: (34, 28)
[1450070229882] Direction: (1, 0)
______________
[1450070230032] NearObjects size: 3
[1450070230032] NearObjectsToExtinguish: 1
[1450070230032] Current position: (32, 28)
[1450070230032] Desired Position: (34, 28)
[1450070230032] Direction: (1, 0)
______________
[1450070230182] NearObjects size: 5
[1450070230182] NearObjectsToExtinguish: 2
[1450070230182] Current position: (32, 28)
[1450070230182] Desired Position: (34, 28)
[1450070230182] Direction: (0, 0)
______________
[1450070230333] NearObjects size: 5
[1450070230333] NearObjectsToExtinguish: 0
[1450070230333] Current position: (32, 28)
[1450070230333] Desired Position: (34, 28)
[1450070230333] Direction: (0, 0)
______________
[1450070230485] NearObjects size: 8
[1450070230485] NearObjectsToExtinguish: 3
[1450070230485] Current position: (33, 27)
[1450070230485] Desired Position: (34, 28)
[1450070230485] Direction: (1, -1)
______________
[1450070230635] NearObjects size: 8
[1450070230635] NearObjectsToExtinguish: 0
[1450070230635] Current position: (33, 27)
[1450070230635] Desired Position: (34, 28)
[1450070230635] Direction: (0, 0)
______________
[1450070230786] NearObjects size: 8
[1450070230786] NearObjectsToExtinguish: 0
[1450070230786] Current position: (33, 27)
[1450070230786] Desired Position: (34, 28)
[1450070230786] Direction: (0, 0)
______________
[1450070230936] NearObjects size: 8
[1450070230936] NearObjectsToExtinguish: 0
[1450070230936] Current position: (33, 27)
[1450070230936] Desired Position: (34, 28)
[1450070230936] Direction: (0, 0)
______________
[1450070231086] NearObjects size: 8
[1450070231086] NearObjectsToExtinguish: 0
[1450070231086] Current position: (33, 27)
[1450070231086] Desired Position: (34, 28)
[1450070231086] Direction: (0, 0)
______________
[1450070231237] NearObjects size: 8
[1450070231237] NearObjectsToExtinguish: 0
[1450070231237] Current position: (33, 27)
[1450070231237] Desired Position: (34, 28)
[1450070231237] Direction: (0, 0)
______________
[1450070231387] NearObjects size: 8
[1450070231387] NearObjectsToExtinguish: 0
[1450070231387] Current position: (33, 27)
[1450070231387] Desired Position: (34, 28)
[1450070231387] Direction: (0, 0)
______________
[1450070231537] NearObjects size: 8
[1450070231537] NearObjectsToExtinguish: 0
[1450070231537] Current position: (33, 27)
[1450070231537] Desired Position: (34, 28)
[1450070231537] Direction: (0, 0)
______________
[1450070231687] NearObjects size: 8
[1450070231687] NearObjectsToExtinguish: 0
[1450070231687] Current position: (33, 27)
[1450070231687] Desired Position: (34, 28)
[1450070231687] Direction: (0, 0)
______________
[1450070231837] NearObjects size: 8
[1450070231837] NearObjectsToExtinguish: 0
[1450070231837] Current position: (33, 27)
[1450070231837] Desired Position: (34, 28)
[1450070231837] Direction: (0, 0)
______________
[1450070231988] NearObjects size: 8
[1450070231988] NearObjectsToExtinguish: 0
[1450070231988] Current position: (33, 27)
[1450070231988] Desired Position: (34, 28)
[1450070231988] Direction: (0, 0)
______________
[1450070232139] NearObjects size: 8
[1450070232139] NearObjectsToExtinguish: 0
[1450070232139] Current position: (33, 27)
[1450070232139] Desired Position: (34, 28)
[1450070232139] Direction: (0, 0)
______________
[1450070232290] NearObjects size: 8
[1450070232290] NearObjectsToExtinguish: 0
[1450070232290] Current position: (33, 27)
[1450070232290] Desired Position: (34, 28)
[1450070232290] Direction: (0, 0)
______________
[1450070232440] NearObjects size: 8
[1450070232440] NearObjectsToExtinguish: 0
[1450070232440] Current position: (33, 27)
[1450070232440] Desired Position: (34, 28)
[1450070232440] Direction: (0, 0)
______________
[1450070232591] NearObjects size: 8
[1450070232591] NearObjectsToExtinguish: 0
[1450070232591] Current position: (33, 27)
[1450070232591] Desired Position: (34, 28)
[1450070232591] Direction: (0, 0)
______________
[1450070232742] NearObjects size: 8
[1450070232742] NearObjectsToExtinguish: 0
[1450070232742] Current position: (33, 27)
[1450070232742] Desired Position: (34, 28)
[1450070232742] Direction: (0, 0)
______________
[1450070232892] NearObjects size: 8
[1450070232892] NearObjectsToExtinguish: 0
[1450070232892] Current position: (33, 27)
[1450070232892] Desired Position: (34, 28)
[1450070232892] Direction: (0, 0)
______________
[1450070233042] NearObjects size: 8
[1450070233042] NearObjectsToExtinguish: 0
[1450070233042] Current position: (33, 27)
[1450070233042] Desired Position: (34, 28)
[1450070233042] Direction: (0, 0)
______________
[1450070233192] NearObjects size: 8
[1450070233192] NearObjectsToExtinguish: 0
[1450070233192] Current position: (33, 27)
[1450070233192] Desired Position: (34, 28)
[1450070233192] Direction: (0, 0)
______________
[1450070233342] NearObjects size: 8
[1450070233342] NearObjectsToExtinguish: 0
[1450070233342] Current position: (33, 27)
[1450070233342] Desired Position: (34, 28)
[1450070233342] Direction: (0, 0)
______________
[1450070233493] NearObjects size: 8
[1450070233493] NearObjectsToExtinguish: 0
[1450070233493] Current position: (33, 27)
[1450070233493] Desired Position: (34, 28)
[1450070233493] Direction: (0, 0)
______________
[1450070233643] NearObjects size: 8
[1450070233643] NearObjectsToExtinguish: 0
[1450070233643] Current position: (33, 27)
[1450070233643] Desired Position: (34, 28)
[1450070233643] Direction: (0, 0)
______________
[1450070233793] NearObjects size: 8
[1450070233793] NearObjectsToExtinguish: 0
[1450070233793] Current position: (33, 27)
[1450070233793] Desired Position: (34, 28)
[1450070233793] Direction: (0, 0)
______________
[1450070233943] NearObjects size: 8
[1450070233943] NearObjectsToExtinguish: 0
[1450070233943] Current position: (33, 27)
[1450070233943] Desired Position: (34, 28)
[1450070233943] Direction: (0, 0)
______________
[1450070234094] NearObjects size: 8
[1450070234094] NearObjectsToExtinguish: 0
[1450070234094] Current position: (33, 27)
[1450070234094] Desired Position: (34, 28)
[1450070234094] Direction: (0, 0)
______________
[1450070234244] NearObjects size: 8
[1450070234244] NearObjectsToExtinguish: 0
[1450070234244] Current position: (33, 27)
[1450070234244] Desired Position: (34, 28)
[1450070234244] Direction: (0, 0)
______________
[1450070234396] NearObjects size: 8
[1450070234396] NearObjectsToExtinguish: 0
[1450070234396] Current position: (33, 27)
[1450070234396] Desired Position: (34, 28)
[1450070234396] Direction: (0, 0)
______________
[1450070234546] NearObjects size: 8
[1450070234546] NearObjectsToExtinguish: 0
[1450070234546] Current position: (33, 27)
[1450070234546] Desired Position: (34, 28)
[1450070234546] Direction: (0, 0)
______________
[1450070234696] NearObjects size: 8
[1450070234696] NearObjectsToExtinguish: 0
[1450070234696] Current position: (33, 27)
[1450070234696] Desired Position: (34, 28)
[1450070234696] Direction: (0, 0)
______________
[1450070234847] NearObjects size: 8
[1450070234847] NearObjectsToExtinguish: 0
[1450070234847] Current position: (33, 27)
[1450070234847] Desired Position: (34, 28)
[1450070234847] Direction: (0, 0)
______________
[1450070234998] NearObjects size: 8
[1450070234998] NearObjectsToExtinguish: 0
[1450070234998] Current position: (33, 27)
[1450070234998] Desired Position: (34, 28)
[1450070234998] Direction: (0, 0)
______________
[1450070235148] NearObjects size: 8
[1450070235148] NearObjectsToExtinguish: 0
[1450070235148] Current position: (33, 27)
[1450070235148] Desired Position: (34, 28)
[1450070235148] Direction: (0, 0)
______________
[1450070235299] NearObjects size: 8
[1450070235299] NearObjectsToExtinguish: 0
[1450070235299] Current position: (33, 27)
[1450070235299] Desired Position: (34, 28)
[1450070235299] Direction: (0, 0)
______________
[1450070235449] NearObjects size: 8
[1450070235449] NearObjectsToExtinguish: 0
[1450070235449] Current position: (33, 27)
[1450070235449] Desired Position: (34, 28)
[1450070235449] Direction: (0, 0)
______________
[1450070235599] NearObjects size: 8
[1450070235599] NearObjectsToExtinguish: 0
[1450070235599] Current position: (33, 27)
[1450070235599] Desired Position: (34, 28)
[1450070235599] Direction: (0, 0)
______________
[1450070235750] NearObjects size: 8
[1450070235750] NearObjectsToExtinguish: 0
[1450070235750] Current position: (33, 27)
[1450070235750] Desired Position: (34, 28)
[1450070235750] Direction: (0, 0)
______________
[1450070235901] NearObjects size: 8
[1450070235901] NearObjectsToExtinguish: 0
[1450070235901] Current position: (33, 27)
[1450070235901] Desired Position: (34, 28)
[1450070235901] Direction: (0, 0)
______________
[1450070236052] NearObjects size: 8
[1450070236052] NearObjectsToExtinguish: 0
[1450070236052] Current position: (33, 27)
[1450070236052] Desired Position: (34, 28)
[1450070236052] Direction: (0, 0)
______________
