[STARTING RUN OF logs/14_17_2015_05_17_34.log ]


[1450070254858] Initializing FireProcess
[1450070254858] Getting Fire first element
[1450070254858] Initialize clock.
[1450070255046] NearObjects size: 0
[1450070255046] NearObjectsToExtinguish: 0
[1450070255046] Current position: (35, 15)
[1450070255046] Desired Position: (24, 34)
[1450070255046] Direction: (-1, 1)
______________
[1450070255335] NearObjects size: 0
[1450070255335] NearObjectsToExtinguish: 0
[1450070255335] Current position: (34, 16)
[1450070255335] Desired Position: (24, 34)
[1450070255335] Direction: (-1, 1)
______________
[1450070255486] NearObjects size: 0
[1450070255486] NearObjectsToExtinguish: 0
[1450070255486] Current position: (33, 17)
[1450070255486] Desired Position: (24, 34)
[1450070255486] Direction: (-1, 1)
______________
[1450070255637] NearObjects size: 0
[1450070255637] NearObjectsToExtinguish: 0
[1450070255637] Current position: (32, 18)
[1450070255637] Desired Position: (24, 34)
[1450070255637] Direction: (-1, 1)
______________
[1450070255788] NearObjects size: 0
[1450070255788] NearObjectsToExtinguish: 0
[1450070255788] Current position: (31, 19)
[1450070255788] Desired Position: (24, 34)
[1450070255788] Direction: (-1, 1)
______________
[1450070255939] NearObjects size: 0
[1450070255939] NearObjectsToExtinguish: 0
[1450070255939] Current position: (30, 20)
[1450070255939] Desired Position: (24, 34)
[1450070255939] Direction: (-1, 1)
______________
[1450070256090] NearObjects size: 0
[1450070256090] NearObjectsToExtinguish: 0
[1450070256090] Current position: (29, 21)
[1450070256090] Desired Position: (24, 34)
[1450070256090] Direction: (-1, 1)
______________
[1450070256241] NearObjects size: 0
[1450070256241] NearObjectsToExtinguish: 0
[1450070256241] Current position: (28, 22)
[1450070256241] Desired Position: (24, 34)
[1450070256241] Direction: (-1, 1)
______________
[1450070256391] NearObjects size: 0
[1450070256391] NearObjectsToExtinguish: 0
[1450070256391] Current position: (27, 23)
[1450070256391] Desired Position: (24, 34)
[1450070256391] Direction: (-1, 1)
______________
[1450070256541] NearObjects size: 0
[1450070256541] NearObjectsToExtinguish: 0
[1450070256541] Current position: (26, 24)
[1450070256541] Desired Position: (24, 34)
[1450070256541] Direction: (-1, 1)
______________
[Fireman 1603] - Accept a rescue request from [Person 1607]
[1450070256691] NearObjects size: 0
[1450070256691] NearObjectsToExtinguish: 0
[1450070256691] Current position: (27, 25)
[1450070256691] Desired Position: (30, 31)
[1450070256691] Direction: (1, 1)
______________
[1450070256841] NearObjects size: 0
[1450070256841] NearObjectsToExtinguish: 0
[1450070256841] Current position: (28, 26)
[1450070256841] Desired Position: (30, 31)
[1450070256841] Direction: (1, 1)
______________
[1450070256991] NearObjects size: 0
[1450070256991] NearObjectsToExtinguish: 0
[1450070256991] Current position: (29, 27)
[1450070256991] Desired Position: (30, 31)
[1450070256991] Direction: (1, 1)
______________
[1450070257141] NearObjects size: 0
[1450070257141] NearObjectsToExtinguish: 0
[1450070257141] Current position: (30, 28)
[1450070257141] Desired Position: (30, 31)
[1450070257141] Direction: (1, 1)
______________
[1450070257292] NearObjects size: 0
[1450070257292] NearObjectsToExtinguish: 0
[1450070257292] Current position: (30, 29)
[1450070257292] Desired Position: (30, 31)
[1450070257292] Direction: (0, 1)
______________
[1450070257443] NearObjects size: 0
[1450070257443] NearObjectsToExtinguish: 0
[1450070257443] Current position: (30, 30)
[1450070257443] Desired Position: (30, 31)
[1450070257443] Direction: (0, 1)
______________
[1450070257593] NearObjects size: 0
[1450070257593] NearObjectsToExtinguish: 0
[1450070257593] Current position: (30, 31)
[1450070257593] Desired Position: (30, 31)
[1450070257593] Direction: (0, 1)
______________
[1450070257743] NearObjects size: 0
[1450070257743] NearObjectsToExtinguish: 0
[1450070257743] Current position: (30, 31)
[1450070257743] Desired Position: (null)
[1450070257743] Direction: (0, 0)
______________
[1450070257894] NearObjects size: 0
[1450070257894] NearObjectsToExtinguish: 0
[1450070257894] Current position: (30, 31)
[1450070257894] Desired Position: (null)
[1450070257894] Direction: (0, 0)
______________
A person was saved on: (30, 31)
[1450070258045] NearObjects size: 0
[1450070258045] NearObjectsToExtinguish: 0
[1450070258045] Current position: (29, 32)
[1450070258045] Desired Position: (24, 32)
[1450070258045] Direction: (-1, 1)
______________
[1450070258196] NearObjects size: 1
[1450070258196] NearObjectsToExtinguish: 0
[1450070258196] Current position: (28, 32)
[1450070258196] Desired Position: (24, 32)
[1450070258196] Direction: (-1, 0)
______________
[1450070258346] NearObjects size: 3
[1450070258346] NearObjectsToExtinguish: 2
[1450070258346] Current position: (27, 33)
[1450070258346] Desired Position: (24, 32)
[1450070258346] Direction: (-1, 1)
______________
[1450070258496] NearObjects size: 5
[1450070258496] NearObjectsToExtinguish: 2
[1450070258496] Current position: (27, 33)
[1450070258496] Desired Position: (24, 32)
[1450070258496] Direction: (0, 0)
______________
[1450070258647] NearObjects size: 5
[1450070258647] NearObjectsToExtinguish: 0
[1450070258647] Current position: (27, 33)
[1450070258647] Desired Position: (24, 32)
[1450070258647] Direction: (0, 0)
______________
[1450070258797] NearObjects size: 4
[1450070258797] NearObjectsToExtinguish: 0
[1450070258797] Current position: (27, 33)
[1450070258797] Desired Position: (24, 32)
[1450070258797] Direction: (0, 0)
______________
[1450070258947] NearObjects size: 8
[1450070258947] NearObjectsToExtinguish: 3
[1450070258947] Current position: (26, 34)
[1450070258947] Desired Position: (24, 32)
[1450070258947] Direction: (-1, 1)
______________
[1450070259097] NearObjects size: 8
[1450070259097] NearObjectsToExtinguish: 0
[1450070259097] Current position: (26, 34)
[1450070259097] Desired Position: (24, 32)
[1450070259097] Direction: (0, 0)
______________
[1450070259247] NearObjects size: 7
[1450070259247] NearObjectsToExtinguish: 0
[1450070259247] Current position: (26, 34)
[1450070259247] Desired Position: (24, 32)
[1450070259247] Direction: (0, 0)
______________
[1450070259398] NearObjects size: 6
[1450070259398] NearObjectsToExtinguish: 0
[1450070259398] Current position: (26, 34)
[1450070259398] Desired Position: (24, 32)
[1450070259398] Direction: (0, 0)
______________
[1450070259549] NearObjects size: 9
[1450070259549] NearObjectsToExtinguish: 3
[1450070259549] Current position: (25, 35)
[1450070259549] Desired Position: (24, 32)
[1450070259549] Direction: (-1, 1)
______________
[1450070259700] NearObjects size: 9
[1450070259700] NearObjectsToExtinguish: 0
[1450070259700] Current position: (25, 35)
[1450070259700] Desired Position: (24, 32)
[1450070259700] Direction: (0, 0)
______________
[1450070259850] NearObjects size: 8
[1450070259850] NearObjectsToExtinguish: 0
[1450070259850] Current position: (25, 35)
[1450070259850] Desired Position: (24, 32)
[1450070259850] Direction: (0, 0)
______________
[1450070260000] NearObjects size: 7
[1450070260000] NearObjectsToExtinguish: 0
[1450070260000] Current position: (25, 35)
[1450070260000] Desired Position: (24, 32)
[1450070260000] Direction: (0, 0)
______________
[1450070260150] NearObjects size: 6
[1450070260150] NearObjectsToExtinguish: 0
[1450070260150] Current position: (25, 35)
[1450070260150] Desired Position: (24, 32)
[1450070260150] Direction: (0, 0)
______________
[1450070260301] NearObjects size: 5
[1450070260301] NearObjectsToExtinguish: 0
[1450070260301] Current position: (25, 35)
[1450070260301] Desired Position: (24, 32)
[1450070260301] Direction: (0, 0)
______________
[1450070260451] NearObjects size: 7
[1450070260451] NearObjectsToExtinguish: 3
[1450070260451] Current position: (26, 36)
[1450070260451] Desired Position: (24, 32)
[1450070260451] Direction: (1, 1)
______________
[1450070260601] NearObjects size: 7
[1450070260601] NearObjectsToExtinguish: 0
[1450070260601] Current position: (26, 36)
[1450070260601] Desired Position: (24, 32)
[1450070260601] Direction: (0, 0)
______________
[1450070260751] NearObjects size: 6
[1450070260751] NearObjectsToExtinguish: 0
[1450070260751] Current position: (26, 36)
[1450070260751] Desired Position: (24, 32)
[1450070260751] Direction: (0, 0)
______________
[1450070260903] NearObjects size: 5
[1450070260903] NearObjectsToExtinguish: 0
[1450070260903] Current position: (26, 36)
[1450070260903] Desired Position: (24, 32)
[1450070260903] Direction: (0, 0)
______________
[1450070261053] NearObjects size: 8
[1450070261053] NearObjectsToExtinguish: 3
[1450070261053] Current position: (27, 37)
[1450070261053] Desired Position: (24, 32)
[1450070261053] Direction: (1, 1)
______________
[1450070261204] NearObjects size: 8
[1450070261204] NearObjectsToExtinguish: 0
[1450070261204] Current position: (27, 37)
[1450070261204] Desired Position: (24, 32)
[1450070261204] Direction: (0, 0)
______________
[1450070261354] NearObjects size: 7
[1450070261354] NearObjectsToExtinguish: 0
[1450070261354] Current position: (27, 37)
[1450070261354] Desired Position: (24, 32)
[1450070261354] Direction: (0, 0)
______________
[1450070261506] NearObjects size: 6
[1450070261506] NearObjectsToExtinguish: 0
[1450070261506] Current position: (27, 37)
[1450070261506] Desired Position: (24, 32)
[1450070261506] Direction: (0, 0)
______________
[1450070261656] NearObjects size: 5
[1450070261656] NearObjectsToExtinguish: 0
[1450070261656] Current position: (27, 37)
[1450070261656] Desired Position: (24, 32)
[1450070261656] Direction: (0, 0)
______________
[1450070261807] NearObjects size: 7
[1450070261807] NearObjectsToExtinguish: 3
[1450070261807] Current position: (26, 38)
[1450070261807] Desired Position: (24, 32)
[1450070261807] Direction: (-1, 1)
______________
[1450070261957] NearObjects size: 7
[1450070261957] NearObjectsToExtinguish: 0
[1450070261957] Current position: (26, 38)
[1450070261957] Desired Position: (24, 32)
[1450070261957] Direction: (0, 0)
______________
[1450070262109] NearObjects size: 6
[1450070262109] NearObjectsToExtinguish: 0
[1450070262109] Current position: (26, 38)
[1450070262109] Desired Position: (24, 32)
[1450070262109] Direction: (0, 0)
______________
[1450070262259] NearObjects size: 5
[1450070262259] NearObjectsToExtinguish: 0
[1450070262259] Current position: (26, 38)
[1450070262259] Desired Position: (24, 32)
[1450070262259] Direction: (0, 0)
______________
[1450070262410] NearObjects size: 5
[1450070262410] NearObjectsToExtinguish: 2
[1450070262410] Current position: (25, 37)
[1450070262410] Desired Position: (24, 32)
[1450070262410] Direction: (-1, -1)
______________
[1450070262561] NearObjects size: 5
[1450070262561] NearObjectsToExtinguish: 0
[1450070262561] Current position: (25, 37)
[1450070262561] Desired Position: (24, 32)
[1450070262561] Direction: (0, 0)
______________
[1450070262712] NearObjects size: 4
[1450070262712] NearObjectsToExtinguish: 0
[1450070262712] Current position: (25, 37)
[1450070262712] Desired Position: (24, 32)
[1450070262712] Direction: (0, 0)
______________
[1450070262863] NearObjects size: 3
[1450070262863] NearObjectsToExtinguish: 0
[1450070262863] Current position: (25, 37)
[1450070262863] Desired Position: (24, 32)
[1450070262863] Direction: (0, 0)
______________
[1450070263013] NearObjects size: 7
[1450070263013] NearObjectsToExtinguish: 3
[1450070263013] Current position: (24, 38)
[1450070263013] Desired Position: (24, 32)
[1450070263013] Direction: (-1, 1)
______________
[1450070263163] NearObjects size: 7
[1450070263163] NearObjectsToExtinguish: 0
[1450070263163] Current position: (24, 38)
[1450070263163] Desired Position: (24, 32)
[1450070263163] Direction: (0, 0)
______________
[1450070263314] NearObjects size: 6
[1450070263314] NearObjectsToExtinguish: 0
[1450070263314] Current position: (24, 38)
[1450070263314] Desired Position: (24, 32)
[1450070263314] Direction: (0, 0)
______________
[1450070263464] NearObjects size: 8
[1450070263464] NearObjectsToExtinguish: 3
[1450070263464] Current position: (23, 37)
[1450070263464] Desired Position: (24, 32)
[1450070263464] Direction: (-1, -1)
______________
[1450070263614] NearObjects size: 8
[1450070263614] NearObjectsToExtinguish: 0
[1450070263614] Current position: (23, 37)
[1450070263614] Desired Position: (24, 32)
[1450070263614] Direction: (0, 0)
______________
[1450070263764] NearObjects size: 7
[1450070263764] NearObjectsToExtinguish: 0
[1450070263764] Current position: (23, 37)
[1450070263764] Desired Position: (24, 32)
[1450070263764] Direction: (0, 0)
______________
[1450070263914] NearObjects size: 6
[1450070263914] NearObjectsToExtinguish: 0
[1450070263914] Current position: (23, 37)
[1450070263914] Desired Position: (24, 32)
[1450070263914] Direction: (0, 0)
______________
[1450070264064] NearObjects size: 5
[1450070264064] NearObjectsToExtinguish: 0
[1450070264064] Current position: (23, 37)
[1450070264064] Desired Position: (24, 32)
[1450070264064] Direction: (0, 0)
______________
[1450070264214] NearObjects size: 4
[1450070264214] NearObjectsToExtinguish: 0
[1450070264214] Current position: (23, 37)
[1450070264214] Desired Position: (24, 32)
[1450070264214] Direction: (0, 0)
______________
[1450070264364] NearObjects size: 2
[1450070264364] NearObjectsToExtinguish: 1
[1450070264364] Current position: (24, 36)
[1450070264364] Desired Position: (24, 32)
[1450070264364] Direction: (1, -1)
______________
[1450070264515] NearObjects size: 2
[1450070264515] NearObjectsToExtinguish: 0
[1450070264515] Current position: (24, 36)
[1450070264515] Desired Position: (24, 32)
[1450070264515] Direction: (0, 0)
______________
[1450070264665] NearObjects size: 7
[1450070264665] NearObjectsToExtinguish: 3
[1450070264665] Current position: (23, 35)
[1450070264665] Desired Position: (24, 32)
[1450070264665] Direction: (-1, -1)
______________
[1450070264815] NearObjects size: 7
[1450070264815] NearObjectsToExtinguish: 0
[1450070264815] Current position: (23, 35)
[1450070264815] Desired Position: (24, 32)
[1450070264815] Direction: (0, 0)
______________
[1450070264965] NearObjects size: 6
[1450070264965] NearObjectsToExtinguish: 0
[1450070264965] Current position: (23, 35)
[1450070264965] Desired Position: (24, 32)
[1450070264965] Direction: (0, 0)
______________
[1450070265116] NearObjects size: 5
[1450070265116] NearObjectsToExtinguish: 0
[1450070265116] Current position: (23, 35)
[1450070265116] Desired Position: (24, 32)
[1450070265116] Direction: (0, 0)
______________
[1450070265266] NearObjects size: 5
[1450070265266] NearObjectsToExtinguish: 2
[1450070265266] Current position: (24, 34)
[1450070265266] Desired Position: (24, 32)
[1450070265266] Direction: (1, -1)
______________
[1450070265416] NearObjects size: 5
[1450070265416] NearObjectsToExtinguish: 0
[1450070265416] Current position: (24, 34)
[1450070265416] Desired Position: (24, 32)
[1450070265416] Direction: (0, 0)
______________
[1450070265566] NearObjects size: 4
[1450070265566] NearObjectsToExtinguish: 0
[1450070265566] Current position: (24, 34)
[1450070265566] Desired Position: (24, 32)
[1450070265566] Direction: (0, 0)
______________
[1450070265717] NearObjects size: 3
[1450070265717] NearObjectsToExtinguish: 0
[1450070265717] Current position: (24, 34)
[1450070265717] Desired Position: (24, 32)
[1450070265717] Direction: (0, 0)
______________
[1450070265867] NearObjects size: 2
[1450070265867] NearObjectsToExtinguish: 0
[1450070265867] Current position: (24, 34)
[1450070265867] Desired Position: (24, 32)
[1450070265867] Direction: (0, 0)
______________
[1450070266017] NearObjects size: 6
[1450070266017] NearObjectsToExtinguish: 3
[1450070266017] Current position: (23, 33)
[1450070266017] Desired Position: (24, 32)
[1450070266017] Direction: (-1, -1)
______________
[1450070266167] NearObjects size: 6
[1450070266167] NearObjectsToExtinguish: 0
[1450070266167] Current position: (23, 33)
[1450070266167] Desired Position: (24, 32)
[1450070266167] Direction: (0, 0)
______________
[1450070266317] NearObjects size: 8
[1450070266317] NearObjectsToExtinguish: 3
[1450070266317] Current position: (24, 32)
[1450070266317] Desired Position: (24, 32)
[1450070266317] Direction: (1, -1)
______________
[1450070266467] NearObjects size: 8
[1450070266467] NearObjectsToExtinguish: 3
[1450070266467] Current position: (24, 32)
[1450070266467] Desired Position: (null)
[1450070266467] Direction: (0, 0)
______________
[1450070266617] NearObjects size: 8
[1450070266617] NearObjectsToExtinguish: 0
[1450070266617] Current position: (24, 32)
[1450070266617] Desired Position: (null)
[1450070266617] Direction: (0, 0)
______________
[1450070266767] NearObjects size: 7
[1450070266767] NearObjectsToExtinguish: 0
[1450070266767] Current position: (24, 32)
[1450070266767] Desired Position: (null)
[1450070266767] Direction: (0, 0)
______________
[1450070266917] NearObjects size: 6
[1450070266917] NearObjectsToExtinguish: 0
[1450070266917] Current position: (24, 32)
[1450070266917] Desired Position: (null)
[1450070266917] Direction: (0, 0)
______________
[1450070267067] NearObjects size: 8
[1450070267067] NearObjectsToExtinguish: 3
[1450070267067] Current position: (23, 31)
[1450070267067] Desired Position: (null)
[1450070267067] Direction: (-1, -1)
______________
[1450070267217] NearObjects size: 8
[1450070267217] NearObjectsToExtinguish: 0
[1450070267217] Current position: (23, 31)
[1450070267217] Desired Position: (null)
[1450070267217] Direction: (0, 0)
______________
[1450070267367] NearObjects size: 7
[1450070267367] NearObjectsToExtinguish: 0
[1450070267367] Current position: (23, 31)
[1450070267367] Desired Position: (null)
[1450070267367] Direction: (0, 0)
______________
[1450070267517] NearObjects size: 6
[1450070267517] NearObjectsToExtinguish: 0
[1450070267517] Current position: (23, 31)
[1450070267517] Desired Position: (null)
[1450070267517] Direction: (0, 0)
______________
[1450070267667] NearObjects size: 5
[1450070267667] NearObjectsToExtinguish: 0
[1450070267667] Current position: (23, 31)
[1450070267667] Desired Position: (null)
[1450070267667] Direction: (0, 0)
______________
[1450070267817] NearObjects size: 4
[1450070267817] NearObjectsToExtinguish: 0
[1450070267817] Current position: (23, 31)
[1450070267817] Desired Position: (null)
[1450070267817] Direction: (0, 0)
______________
[1450070267967] NearObjects size: 3
[1450070267967] NearObjectsToExtinguish: 0
[1450070267967] Current position: (23, 31)
[1450070267967] Desired Position: (null)
[1450070267967] Direction: (0, 0)
______________
[1450070268117] NearObjects size: 6
[1450070268117] NearObjectsToExtinguish: 3
[1450070268117] Current position: (24, 30)
[1450070268117] Desired Position: (null)
[1450070268117] Direction: (1, -1)
______________
[1450070268268] NearObjects size: 6
[1450070268268] NearObjectsToExtinguish: 0
[1450070268268] Current position: (24, 30)
[1450070268268] Desired Position: (null)
[1450070268268] Direction: (0, 0)
______________
[1450070268418] NearObjects size: 5
[1450070268418] NearObjectsToExtinguish: 0
[1450070268418] Current position: (24, 30)
[1450070268418] Desired Position: (null)
[1450070268418] Direction: (0, 0)
______________
[1450070268569] NearObjects size: 5
[1450070268569] NearObjectsToExtinguish: 2
[1450070268569] Current position: (25, 31)
[1450070268569] Desired Position: (null)
[1450070268569] Direction: (1, 1)
______________
[1450070268719] NearObjects size: 5
[1450070268719] NearObjectsToExtinguish: 0
[1450070268719] Current position: (25, 31)
[1450070268719] Desired Position: (null)
[1450070268719] Direction: (0, 0)
______________
[1450070268869] NearObjects size: 4
[1450070268869] NearObjectsToExtinguish: 0
[1450070268869] Current position: (25, 31)
[1450070268869] Desired Position: (null)
[1450070268869] Direction: (0, 0)
______________
[Fireman 1603] - Accept a rescue request from [Person 1604]
[1450070269019] NearObjects size: 8
[1450070269019] NearObjectsToExtinguish: 3
[1450070269019] Current position: (26, 30)
[1450070269019] Desired Position: (35, 15)
[1450070269019] Direction: (1, -1)
______________
[1450070269169] NearObjects size: 9
[1450070269169] NearObjectsToExtinguish: 4
[1450070269169] Current position: (27, 29)
[1450070269169] Desired Position: (35, 15)
[1450070269169] Direction: (1, -1)
______________
[1450070269320] NearObjects size: 9
[1450070269320] NearObjectsToExtinguish: 4
[1450070269320] Current position: (28, 28)
[1450070269320] Desired Position: (35, 15)
[1450070269320] Direction: (1, -1)
______________
[1450070269471] NearObjects size: 9
[1450070269471] NearObjectsToExtinguish: 4
[1450070269471] Current position: (29, 27)
[1450070269471] Desired Position: (35, 15)
[1450070269471] Direction: (1, -1)
______________
[1450070269621] NearObjects size: 9
[1450070269621] NearObjectsToExtinguish: 4
[1450070269621] Current position: (30, 26)
[1450070269621] Desired Position: (35, 15)
[1450070269621] Direction: (1, -1)
______________
[1450070269772] NearObjects size: 9
[1450070269772] NearObjectsToExtinguish: 4
[1450070269772] Current position: (31, 25)
[1450070269772] Desired Position: (35, 15)
[1450070269772] Direction: (1, -1)
______________
[1450070269922] NearObjects size: 9
[1450070269922] NearObjectsToExtinguish: 4
[1450070269922] Current position: (32, 24)
[1450070269922] Desired Position: (35, 15)
[1450070269922] Direction: (1, -1)
______________
[1450070270072] NearObjects size: 7
[1450070270072] NearObjectsToExtinguish: 3
[1450070270072] Current position: (33, 23)
[1450070270072] Desired Position: (35, 15)
[1450070270072] Direction: (1, -1)
______________
[1450070270222] NearObjects size: 4
[1450070270222] NearObjectsToExtinguish: 2
[1450070270222] Current position: (34, 22)
[1450070270222] Desired Position: (35, 15)
[1450070270222] Direction: (1, -1)
______________
[1450070270372] NearObjects size: 4
[1450070270372] NearObjectsToExtinguish: 1
[1450070270372] Current position: (34, 21)
[1450070270372] Desired Position: (35, 15)
[1450070270372] Direction: (0, -1)
______________
[1450070270522] NearObjects size: 2
[1450070270522] NearObjectsToExtinguish: 1
[1450070270522] Current position: (34, 20)
[1450070270522] Desired Position: (35, 15)
[1450070270522] Direction: (0, -1)
______________
[1450070270672] NearObjects size: 4
[1450070270672] NearObjectsToExtinguish: 1
[1450070270672] Current position: (34, 19)
[1450070270672] Desired Position: (35, 15)
[1450070270672] Direction: (0, -1)
______________
[1450070270822] NearObjects size: 3
[1450070270822] NearObjectsToExtinguish: 2
[1450070270822] Current position: (34, 18)
[1450070270822] Desired Position: (35, 15)
[1450070270822] Direction: (0, -1)
______________
[1450070270972] NearObjects size: 4
[1450070270972] NearObjectsToExtinguish: 1
[1450070270972] Current position: (34, 17)
[1450070270972] Desired Position: (35, 15)
[1450070270972] Direction: (0, -1)
______________
[1450070271122] NearObjects size: 1
[1450070271122] NearObjectsToExtinguish: 1
[1450070271122] Current position: (33, 16)
[1450070271122] Desired Position: (35, 15)
[1450070271122] Direction: (-1, -1)
______________
[1450070271273] NearObjects size: 0
[1450070271273] NearObjectsToExtinguish: 0
[1450070271273] Current position: (33, 15)
[1450070271273] Desired Position: (35, 15)
[1450070271273] Direction: (0, -1)
______________
[1450070271423] NearObjects size: 0
[1450070271423] NearObjectsToExtinguish: 0
[1450070271423] Current position: (33, 14)
[1450070271423] Desired Position: (33, 13)
[1450070271423] Direction: (0, -1)
______________
[1450070271574] NearObjects size: 0
[1450070271574] NearObjectsToExtinguish: 0
[1450070271574] Current position: (33, 13)
[1450070271574] Desired Position: (33, 13)
[1450070271574] Direction: (0, -1)
______________
A person was saved on: (33, 13)
[1450070271724] NearObjects size: 0
[1450070271724] NearObjectsToExtinguish: 0
[1450070271724] Current position: (33, 13)
[1450070271724] Desired Position: (null)
[1450070271724] Direction: (0, 0)
______________
[1450070271874] NearObjects size: 0
[1450070271874] NearObjectsToExtinguish: 0
[1450070271874] Current position: (34, 14)
[1450070271874] Desired Position: (37, 22)
[1450070271874] Direction: (1, 1)
______________
[1450070272024] NearObjects size: 0
[1450070272024] NearObjectsToExtinguish: 0
[1450070272024] Current position: (35, 15)
[1450070272024] Desired Position: (37, 22)
[1450070272024] Direction: (1, 1)
______________
[1450070272174] NearObjects size: 0
[1450070272174] NearObjectsToExtinguish: 0
[1450070272174] Current position: (36, 16)
[1450070272174] Desired Position: (37, 22)
[1450070272174] Direction: (1, 1)
______________
[1450070272325] NearObjects size: 0
[1450070272325] NearObjectsToExtinguish: 0
[1450070272325] Current position: (37, 17)
[1450070272325] Desired Position: (37, 22)
[1450070272325] Direction: (1, 1)
______________
[1450070272475] NearObjects size: 1
[1450070272475] NearObjectsToExtinguish: 0
[1450070272475] Current position: (37, 18)
[1450070272475] Desired Position: (37, 22)
[1450070272475] Direction: (0, 1)
______________
[1450070272626] NearObjects size: 4
[1450070272626] NearObjectsToExtinguish: 2
[1450070272626] Current position: (36, 19)
[1450070272626] Desired Position: (37, 22)
[1450070272626] Direction: (-1, 1)
______________
[1450070272777] NearObjects size: 4
[1450070272777] NearObjectsToExtinguish: 0
[1450070272777] Current position: (36, 19)
[1450070272777] Desired Position: (37, 22)
[1450070272777] Direction: (0, 0)
______________
