[STARTING RUN OF logs/14_14_2015_04_14_46.log ]


[1450066486278] Initializing FireProcess
[1450066486278] Getting Fire first element
[1450066486278] Initialize clock.
[1450066486465] NearObjects size: 0
[1450066486465] NearObjectsToExtinguish: 0
[1450066486465] Current position: (7, 2)
[1450066486465] Desired Position: (17, 2)
[1450066486465] Direction: (1, -1)
______________
[1450066486482] NearObjects size: 0
[1450066486482] NearObjectsToExtinguish: 0
[1450066486482] Current position: (13, 14)
[1450066486482] Desired Position: (17, 2)
[1450066486482] Direction: (1, -1)
______________
[Fireman 404] - Accept a rescue request from [Person 408]
[Fireman 403] - Accept a rescue request from [Person 411]
[Fireman 403] - Refused a rescue request from [Person 413]
[Fireman 403] - Refused a rescue request from [Person 415]
[1450066487132] NearObjects size: 0
[1450066487132] NearObjectsToExtinguish: 0
[1450066487132] Current position: (14, 13)
[1450066487132] Desired Position: (14, 2)
[1450066487132] Direction: (1, -1)
______________
[1450066487132] NearObjects size: 0
[1450066487132] NearObjectsToExtinguish: 0
[1450066487132] Current position: (8, 1)
[1450066487132] Desired Position: (19, 1)
[1450066487132] Direction: (1, -1)
______________
[1450066487484] NearObjects size: 0
[1450066487484] NearObjectsToExtinguish: 0
[1450066487484] Current position: (13, 12)
[1450066487484] Desired Position: (13, 1)
[1450066487484] Direction: (-1, -1)
______________
[1450066487484] NearObjects size: 0
[1450066487484] NearObjectsToExtinguish: 0
[1450066487484] Current position: (9, 0)
[1450066487484] Desired Position: (18, 0)
[1450066487484] Direction: (1, -1)
______________
[1450066487834] NearObjects size: 0
[1450066487834] NearObjectsToExtinguish: 0
[1450066487834] Current position: (10, 1)
[1450066487834] Desired Position: (19, 1)
[1450066487834] Direction: (1, 1)
______________
[1450066487834] NearObjects size: 0
[1450066487834] NearObjectsToExtinguish: 0
[1450066487834] Current position: (13, 11)
[1450066487834] Desired Position: (13, 1)
[1450066487834] Direction: (0, -1)
______________
[1450066488184] NearObjects size: 0
[1450066488184] NearObjectsToExtinguish: 0
[1450066488184] Current position: (13, 10)
[1450066488184] Desired Position: (13, 1)
[1450066488184] NearObjects size: 0
[1450066488184] NearObjectsToExtinguish: 0
[1450066488184] Current position: (11, 1)
[1450066488184] Desired Position: (19, 1)
[1450066488184] Direction: (0, -1)
______________
[1450066488184] Direction: (1, 0)
______________
[1450066488534] NearObjects size: 0
[1450066488534] NearObjectsToExtinguish: 0
[1450066488534] NearObjects size: 0
[1450066488534] NearObjectsToExtinguish: 0
[1450066488534] Current position: (12, 1)
[1450066488534] Desired Position: (19, 1)
[1450066488534] Current position: (13, 9)
[1450066488534] Desired Position: (13, 1)
[1450066488534] Direction: (1, 0)
______________
[1450066488534] Direction: (0, -1)
______________
[1450066488884] NearObjects size: 0
[1450066488884] NearObjectsToExtinguish: 0
[1450066488884] NearObjects size: 0
[1450066488884] NearObjectsToExtinguish: 0
[1450066488884] Current position: (13, 1)
[1450066488884] Current position: (12, 8)
[1450066488884] Desired Position: (12, 0)
[1450066488884] Desired Position: (19, 1)
[1450066488884] Direction: (1, 0)
______________
[1450066488884] Direction: (-1, -1)
______________
[1450066489235] NearObjects size: 0
[1450066489235] NearObjectsToExtinguish: 0
[1450066489235] NearObjects size: 0
[1450066489235] NearObjectsToExtinguish: 0
[1450066489235] Current position: (13, 7)
[1450066489235] Desired Position: (13, 1)
[1450066489235] Current position: (13, 1)
[1450066489235] Desired Position: (19, 1)
[1450066489235] Direction: (1, -1)
______________
[1450066489235] Direction: (0, 0)
______________
A person was saved on: (13, 1)
[1450066489586] NearObjects size: 0
[1450066489586] NearObjectsToExtinguish: 0
[1450066489586] NearObjects size: 0
[1450066489586] NearObjectsToExtinguish: 0
[1450066489586] Current position: (14, 0)
[1450066489586] Desired Position: (18, 0)
[1450066489586] Direction: (1, -1)
______________
[1450066489586] Current position: (14, 6)
[1450066489586] Desired Position: (17, 3)
[1450066489586] Direction: (1, -1)
______________
[1450066489937] NearObjects size: 1
[1450066489937] NearObjectsToExtinguish: 0
[1450066489937] Current position: (15, 5)
[1450066489938] NearObjects size: 0
[1450066489938] NearObjectsToExtinguish: 0
[1450066489938] Current position: (15, -1)
[1450066489938] Desired Position: (17, -1)
[1450066489937] Desired Position: (17, 3)
[1450066489937] Direction: (1, -1)
[1450066489938] Direction: (1, -1)
______________
______________
[1450066490289] NearObjects size: 0
[1450066490289] NearObjectsToExtinguish: 0
[1450066490289] Current position: (16, -1)
[1450066490289] NearObjects size: 3
[1450066490289] NearObjectsToExtinguish: 2
[1450066490289] Desired Position: (17, -1)
[1450066490289] Direction: (1, 0)
______________
[1450066490289] Current position: (16, 4)
[1450066490289] Desired Position: (17, 3)
[1450066490289] Direction: (1, -1)
______________
[1450066490639] NearObjects size: 0
[1450066490639] NearObjectsToExtinguish: 0
[1450066490639] Current position: (17, -1)
[1450066490639] Desired Position: (17, -1)
[1450066490639] Direction: (1, 0)
______________
[1450066490639] NearObjects size: 4
[1450066490639] NearObjectsToExtinguish: 1
[1450066490639] Current position: (16, 4)
[1450066490639] Desired Position: (17, 3)
[1450066490639] Direction: (0, 0)
______________
A person was saved on: (17, -1)
[1450066490989] NearObjects size: 0
[1450066490989] NearObjectsToExtinguish: 0
[1450066490989] NearObjects size: 4
[1450066490989] NearObjectsToExtinguish: 0
[1450066490989] Current position: (17, -1)
[1450066490989] Desired Position: (null)
[1450066490989] Current position: (16, 4)
[1450066490989] Desired Position: (17, 3)
[1450066490989] Direction: (0, 0)
______________
[1450066490989] Direction: (0, 0)
______________
[1450066491340] NearObjects size: 4
[1450066491340] NearObjectsToExtinguish: 3
[1450066491340] Current position: (16, 0)
[1450066491340] Desired Position: (16, 2)
[1450066491340] NearObjects size: 3
[1450066491340] NearObjectsToExtinguish: 0
[1450066491340] Direction: (-1, 1)
______________
[1450066491340] Current position: (16, 4)
[1450066491340] Desired Position: (17, 3)
[1450066491340] Direction: (0, 0)
______________
[1450066491692] NearObjects size: 2
[1450066491692] NearObjectsToExtinguish: 0
[1450066491692] Current position: (16, 4)
[1450066491692] NearObjects size: 4
[1450066491692] NearObjectsToExtinguish: 0
[1450066491692] Desired Position: (17, 3)
[1450066491692] Direction: (0, 0)
[1450066491692] Current position: (16, 0)
[1450066491692] Desired Position: (16, 2)
______________
[1450066491692] Direction: (0, 0)
______________
[1450066492043] NearObjects size: 7
[1450066492043] NearObjects size: 3
[1450066492043] NearObjectsToExtinguish: 3
[1450066492043] Current position: (17, 3)
[1450066492043] NearObjectsToExtinguish: 0
[1450066492043] Current position: (16, 0)
[1450066492043] Desired Position: (17, 3)
[1450066492043] Direction: (1, -1)
______________
[1450066492043] Desired Position: (16, 2)
[1450066492043] Direction: (0, 0)
______________
[1450066492393] NearObjects size: 2
[1450066492393] NearObjects size: 7
[1450066492393] NearObjectsToExtinguish: 3
[1450066492393] NearObjectsToExtinguish: 0
[1450066492393] Current position: (16, 0)
[1450066492393] Desired Position: (16, 2)
[1450066492393] Direction: (0, 0)
______________
[1450066492393] Current position: (17, 3)
[1450066492393] Desired Position: (null)
[1450066492393] Direction: (0, 0)
______________
[1450066492744] NearObjects size: 7
[1450066492744] NearObjectsToExtinguish: 0
[1450066492744] NearObjects size: 7
[1450066492744] Current position: (17, 3)
[1450066492744] Desired Position: (null)
[1450066492744] NearObjectsToExtinguish: 3
[1450066492744] Current position: (17, 1)
[1450066492744] Desired Position: (16, 2)
[1450066492744] Direction: (1, 1)
______________
[1450066492744] Direction: (0, 0)
______________
[1450066493094] NearObjects size: 7
[1450066493094] NearObjectsToExtinguish: 0
[1450066493094] Current position: (17, 1)
[1450066493094] Desired Position: (16, 2)
[1450066493094] Direction: (0, 0)
______________
[1450066493094] NearObjects size: 6
[1450066493094] NearObjectsToExtinguish: 0
[1450066493094] Current position: (17, 3)
[1450066493094] Desired Position: (null)
[1450066493094] Direction: (0, 0)
______________
[1450066493444] NearObjects size: 5
[1450066493444] NearObjectsToExtinguish: 0
[1450066493444] Current position: (17, 3)
[1450066493444] NearObjects size: 6
[1450066493444] NearObjectsToExtinguish: 0
[1450066493444] Desired Position: (null)
[1450066493444] Direction: (0, 0)
[1450066493444] Current position: (17, 1)
[1450066493444] Desired Position: (16, 2)
______________
[1450066493444] Direction: (0, 0)
______________
[1450066493794] NearObjects size: 3
[1450066493794] NearObjectsToExtinguish: 2
[1450066493794] Current position: (16, 2)
[1450066493794] Desired Position: (null)
[1450066493794] NearObjects size: 5
[1450066493794] NearObjectsToExtinguish: 0
[1450066493794] Direction: (-1, -1)
______________
[1450066493794] Current position: (17, 1)
[1450066493794] Desired Position: (16, 2)
[1450066493794] Direction: (0, 0)
______________
[1450066494144] NearObjects size: 4
[1450066494144] NearObjectsToExtinguish: 0
[1450066494144] Current position: (17, 1)
[1450066494144] Desired Position: (16, 2)
[1450066494144] Direction: (0, 0)
______________
[1450066494144] NearObjects size: 4
[1450066494144] NearObjectsToExtinguish: 0
[1450066494144] Current position: (16, 2)
[1450066494144] Desired Position: (null)
[1450066494144] Direction: (0, 0)
______________
[1450066494495] NearObjects size: 3
[1450066494495] NearObjectsToExtinguish: 0
[1450066494495] Current position: (17, 1)
[1450066494495] Desired Position: (16, 2)
[1450066494495] NearObjects size: 3
[1450066494495] NearObjectsToExtinguish: 0
[1450066494495] Direction: (0, 0)
______________
[1450066494495] Current position: (16, 2)
[1450066494495] Desired Position: (null)
[1450066494495] Direction: (0, 0)
______________
[1450066494845] NearObjects size: 2
[1450066494845] NearObjectsToExtinguish: 0
[1450066494845] Current position: (16, 2)
[1450066494845] Desired Position: (null)
[1450066494845] Direction: (0, 0)
[1450066494845] NearObjects size: 4
[1450066494845] NearObjectsToExtinguish: 2
______________
[1450066494845] Current position: (18, 0)
[1450066494845] Desired Position: (16, 2)
[1450066494845] Direction: (1, -1)
______________
[1450066495195] NearObjects size: 4
[1450066495195] NearObjectsToExtinguish: 0
[1450066495195] Current position: (18, 0)
[1450066495195] Desired Position: (16, 2)
[1450066495195] NearObjects size: 1
[1450066495195] NearObjectsToExtinguish: 0
[1450066495195] Direction: (0, 0)
______________
[1450066495195] Current position: (16, 2)
[1450066495195] Desired Position: (null)
[1450066495195] Direction: (0, 0)
______________
[1450066495545] NearObjects size: 2
[1450066495545] NearObjectsToExtinguish: 1
[1450066495545] Current position: (15, 1)
[1450066495545] Desired Position: (null)
[1450066495545] NearObjects size: 3
[1450066495545] NearObjectsToExtinguish: 0
[1450066495545] Direction: (-1, -1)
______________
[1450066495545] Current position: (18, 0)
[1450066495545] Desired Position: (16, 2)
[1450066495545] Direction: (0, 0)
______________
[1450066495896] NearObjects size: 2
[1450066495896] NearObjectsToExtinguish: 0
[1450066495896] Current position: (15, 1)
[1450066495896] Desired Position: (null)
[1450066495896] Direction: (0, 0)
[1450066495896] NearObjects size: 5
[1450066495896] NearObjectsToExtinguish: 2
______________
[1450066495896] Current position: (19, 1)
[1450066495896] Desired Position: (16, 2)
[1450066495896] Direction: (1, 1)
______________
[1450066496246] NearObjects size: 1
[1450066496246] NearObjectsToExtinguish: 0
[1450066496246] Current position: (15, 1)
[1450066496246] Desired Position: (null)
[1450066496246] Direction: (0, 0)
______________
[1450066496246] NearObjects size: 5
[1450066496246] NearObjectsToExtinguish: 0
[1450066496246] Current position: (19, 1)
[1450066496246] Desired Position: (16, 2)
[1450066496246] Direction: (0, 0)
______________
[1450066496596] NearObjects size: 4
[1450066496596] NearObjectsToExtinguish: 0
[1450066496596] Current position: (19, 1)
[1450066496596] Desired Position: (16, 2)
[1450066496596] Direction: (0, 0)
______________
[1450066496596] NearObjects size: 6
[1450066496596] NearObjectsToExtinguish: 4
[1450066496596] Current position: (14, 2)
[1450066496596] Desired Position: (null)
[1450066496596] Direction: (-1, 1)
______________
[Fireman 403] - Accept a rescue request from [Person 405]
[1450066496946] NearObjects size: 4
[1450066496946] NearObjectsToExtinguish: 1
[1450066496946] NearObjects size: 6
[1450066496946] NearObjectsToExtinguish: 0
[1450066496946] Current position: (18, 2)
[1450066496946] Desired Position: (7, 2)
[1450066496946] Direction: (-1, 1)
______________
[1450066496946] Current position: (14, 2)
[1450066496946] Desired Position: (null)
[1450066496946] Direction: (0, 0)
______________
[1450066497296] NearObjects size: 5
[1450066497296] NearObjectsToExtinguish: 0
[1450066497296] Current position: (14, 2)
[1450066497296] Desired Position: (null)
[1450066497296] Direction: (0, 0)
______________
[1450066497296] NearObjects size: 1
[1450066497296] NearObjectsToExtinguish: 0
[1450066497296] Current position: (17, 2)
[1450066497296] Desired Position: (7, 2)
[1450066497296] Direction: (-1, 0)
______________
[1450066497646] NearObjects size: 0
[1450066497646] NearObjectsToExtinguish: 0
[1450066497646] NearObjects size: 4
[1450066497646] NearObjectsToExtinguish: 0
[1450066497646] Current position: (16, 1)
[1450066497646] Desired Position: (6, 1)
[1450066497646] Current position: (14, 2)
[1450066497646] Desired Position: (null)
[1450066497646] Direction: (-1, -1)
______________
[1450066497646] Direction: (0, 0)
______________
[1450066497997] NearObjects size: 3
[1450066497997] NearObjects size: 0
[1450066497997] NearObjectsToExtinguish: 0
[1450066497997] NearObjectsToExtinguish: 0
[1450066497997] Current position: (14, 2)
[1450066497997] Current position: (15, 1)
[1450066497997] Desired Position: (6, 1)
[1450066497997] Desired Position: (null)
[1450066497997] Direction: (0, 0)
______________
[1450066497997] Direction: (-1, 0)
______________
[1450066498347] NearObjects size: 2
[1450066498347] NearObjectsToExtinguish: 0
[1450066498347] Current position: (14, 2)
[1450066498347] Desired Position: (7, 2)
[1450066498347] Direction: (-1, 1)
______________
[1450066498347] NearObjects size: 4
[1450066498347] NearObjectsToExtinguish: 2
[1450066498347] Current position: (13, 3)
[1450066498347] Desired Position: (null)
[1450066498347] Direction: (-1, 1)
______________
[1450066498698] NearObjects size: 1
[1450066498698] NearObjectsToExtinguish: 0
[1450066498698] NearObjects size: 5
[1450066498698] NearObjectsToExtinguish: 0
[1450066498698] Current position: (13, 1)
[1450066498698] Desired Position: (6, 1)
[1450066498698] Current position: (13, 3)
[1450066498698] Direction: (-1, -1)
______________
[1450066498698] Desired Position: (null)
[1450066498698] Direction: (0, 0)
______________
[Fireman 404] - Accept a rescue request from [Person 406]
[1450066499048] NearObjects size: 4
[1450066499048] NearObjectsToExtinguish: 1
[1450066499048] Current position: (12, 4)
[1450066499048] Desired Position: (6, 6)
[1450066499048] NearObjects size: 2
[1450066499048] NearObjectsToExtinguish: 1
[1450066499048] Direction: (-1, 1)
______________
[1450066499048] Current position: (12, 1)
[1450066499048] Desired Position: (6, 1)
[1450066499048] Direction: (-1, 0)
______________
[1450066499398] NearObjects size: 3
[1450066499398] NearObjectsToExtinguish: 1
[1450066499398] Current position: (11, 1)
[1450066499398] Desired Position: (6, 1)
[1450066499398] Direction: (-1, 0)
______________
[1450066499398] NearObjects size: 2
[1450066499398] NearObjectsToExtinguish: 2
[1450066499398] Current position: (11, 5)
[1450066499398] Desired Position: (6, 6)
[1450066499398] Direction: (-1, 1)
______________
[Fireman 404] - Refused a rescue request from [Person 410]
[1450066499749] NearObjects size: 1
[1450066499749] NearObjectsToExtinguish: 0
[1450066499749] NearObjects size: 2
[1450066499749] NearObjectsToExtinguish: 1
[1450066499749] Current position: (10, 6)
[1450066499749] Desired Position: (6, 6)
[1450066499749] Current position: (10, 1)
[1450066499749] Desired Position: (6, 1)
[1450066499749] Direction: (-1, 0)
______________
[1450066499749] Direction: (-1, 1)
______________
[1450066500099] NearObjects size: 1
[1450066500099] NearObjectsToExtinguish: 0
[1450066500099] Current position: (9, 5)
[1450066500099] Desired Position: (5, 5)
[1450066500099] Direction: (-1, -1)
______________
[1450066500099] NearObjects size: 1
[1450066500099] NearObjectsToExtinguish: 0
[1450066500099] Current position: (9, 1)
[1450066500099] Desired Position: (6, 1)
[1450066500099] Direction: (-1, 0)
______________
[1450066500450] NearObjects size: 0
[1450066500450] NearObjectsToExtinguish: 0
[1450066500450] Current position: (8, 1)
[1450066500450] Desired Position: (6, 1)
[1450066500450] Direction: (-1, 0)
______________
[1450066500450] NearObjects size: 1
[1450066500450] NearObjectsToExtinguish: 0
[1450066500450] Current position: (8, 4)
[1450066500450] Desired Position: (4, 4)
[1450066500450] Direction: (-1, -1)
______________
[Fireman 403] - Refused a rescue request from [Person 412]
[Fireman 404] - Refused a rescue request from [Person 416]
[1450066500801] NearObjects size: 0
[1450066500801] NearObjectsToExtinguish: 0
[1450066500801] NearObjects size: 0
[1450066500801] Current position: (7, 5)
[1450066500801] Desired Position: (5, 5)
[1450066500801] NearObjectsToExtinguish: 0
[1450066500801] Current position: (7, 1)
[1450066500801] Desired Position: (6, 1)
[1450066500801] Direction: (-1, 1)
______________
[1450066500801] Direction: (-1, 0)
______________
[1450066501151] NearObjects size: 0
[1450066501151] NearObjectsToExtinguish: 0
[1450066501151] Current position: (6, 5)
[1450066501151] NearObjects size: 0
[1450066501151] NearObjectsToExtinguish: 0
[1450066501151] Desired Position: (5, 5)
[1450066501151] Direction: (-1, 0)
______________
[1450066501151] Current position: (6, 1)
[1450066501151] Desired Position: (6, 1)
[1450066501151] Direction: (-1, 0)
______________
A person was saved on: (6, 1)
[1450066501501] NearObjects size: 0
[1450066501501] NearObjects size: 0
[1450066501501] NearObjectsToExtinguish: 0
[1450066501501] Current position: (5, 5)
[1450066501501] Desired Position: (5, 5)
[1450066501501] NearObjectsToExtinguish: 0
[1450066501501] Direction: (-1, 0)
______________
[1450066501501] Current position: (6, 1)
[1450066501501] Desired Position: (null)
[1450066501501] Direction: (0, 0)
______________
A person was saved on: (5, 5)
[1450066501851] NearObjects size: 1
[1450066501851] NearObjects size: 0
[1450066501851] NearObjectsToExtinguish: 0
[1450066501851] NearObjectsToExtinguish: 0
[1450066501851] Current position: (5, 5)
[1450066501851] Desired Position: (null)
[1450066501851] Direction: (0, 0)
______________
[1450066501851] Current position: (7, 2)
[1450066501851] Desired Position: (16, 8)
[1450066501851] Direction: (1, 1)
______________
[1450066502201] NearObjects size: 0
[1450066502201] NearObjectsToExtinguish: 0
[1450066502201] Current position: (6, 4)
[1450066502201] NearObjects size: 5
[1450066502201] NearObjectsToExtinguish: 3
[1450066502201] Current position: (8, 3)
[1450066502201] Desired Position: (16, 8)
[1450066502201] Direction: (1, 1)
______________
[1450066502201] Desired Position: (10, 2)
[1450066502201] Direction: (1, -1)
______________
[1450066502551] NearObjects size: 0
[1450066502551] NearObjectsToExtinguish: 0
[1450066502551] Current position: (7, 5)
[1450066502551] Desired Position: (15, 5)
[1450066502551] NearObjects size: 5
[1450066502551] NearObjectsToExtinguish: 0
[1450066502551] Direction: (1, 1)
______________
[1450066502551] Current position: (8, 3)
[1450066502551] Desired Position: (16, 8)
[1450066502551] Direction: (0, 0)
______________
[1450066502902] NearObjects size: 2
[1450066502902] NearObjectsToExtinguish: 1
[1450066502902] NearObjects size: 8
[1450066502902] NearObjectsToExtinguish: 3
[1450066502902] Current position: (8, 4)
[1450066502902] Current position: (9, 4)
[1450066502902] Desired Position: (16, 8)
[1450066502902] Desired Position: (10, 3)
[1450066502902] Direction: (1, -1)
[1450066502902] Direction: (1, 1)
______________
______________
[1450066503252] NearObjects size: 2
[1450066503252] NearObjectsToExtinguish: 0
[1450066503252] NearObjects size: 8
[1450066503252] NearObjectsToExtinguish: 0
[1450066503252] Current position: (9, 4)
[1450066503252] Desired Position: (16, 8)
[1450066503252] Current position: (8, 4)
[1450066503252] Desired Position: (10, 3)
[1450066503252] Direction: (0, 0)
______________
[1450066503252] Direction: (0, 0)
______________
[1450066503602] NearObjects size: 1
[1450066503602] NearObjectsToExtinguish: 0
[1450066503602] NearObjects size: 7
[1450066503602] NearObjectsToExtinguish: 0
[1450066503602] Current position: (8, 4)
[1450066503602] Desired Position: (10, 3)
[1450066503602] Current position: (9, 4)
[1450066503602] Desired Position: (16, 8)
[1450066503602] Direction: (0, 0)
______________
[1450066503602] Direction: (0, 0)
______________
[1450066503953] NearObjects size: 6
[1450066503953] NearObjectsToExtinguish: 0
[1450066503953] NearObjects size: 0
[1450066503953] NearObjectsToExtinguish: 0
[1450066503953] Current position: (9, 4)
[1450066503953] Desired Position: (16, 8)
[1450066503953] Current position: (8, 4)
[1450066503953] Desired Position: (10, 3)
[1450066503953] Direction: (0, 0)
______________
[1450066503953] Direction: (0, 0)
______________
[1450066504303] NearObjects size: 3
[1450066504303] NearObjects size: 5
[1450066504303] NearObjectsToExtinguish: 0
[1450066504303] NearObjectsToExtinguish: 2
[1450066504303] Current position: (9, 5)
[1450066504303] Current position: (9, 4)
[1450066504303] Desired Position: (16, 8)
[1450066504303] Desired Position: (18, 7)
[1450066504303] Direction: (1, 1)
______________
[1450066504303] Direction: (0, 0)
______________
[1450066504653] NearObjects size: 4
[1450066504653] NearObjectsToExtinguish: 0
[1450066504653] Current position: (9, 4)
[1450066504653] Desired Position: (16, 8)
[1450066504653] Direction: (0, 0)
______________
[1450066504653] NearObjects size: 3
[1450066504653] NearObjectsToExtinguish: 0
[1450066504653] Current position: (9, 5)
[1450066504653] Desired Position: (18, 7)
[1450066504653] Direction: (0, 0)
______________
[1450066505003] NearObjects size: 7
[1450066505003] NearObjectsToExtinguish: 3
[1450066505003] Current position: (10, 3)
[1450066505003] NearObjects size: 2
[1450066505003] NearObjectsToExtinguish: 0
[1450066505003] Desired Position: (16, 8)
[1450066505003] Current position: (9, 5)
[1450066505003] Desired Position: (18, 7)
[1450066505003] Direction: (1, -1)
______________
[1450066505003] Direction: (0, 0)
______________
[Fireman 403] - Accept a rescue request from [Person 417]
[1450066505353] NearObjects size: 5
[1450066505353] NearObjectsToExtinguish: 3
[1450066505353] Current position: (10, 6)
[1450066505353] Desired Position: (18, 7)
[1450066505353] Direction: (1, 1)
______________
[1450066505353] NearObjects size: 6
[1450066505353] NearObjectsToExtinguish: 2
[1450066505353] Current position: (11, 4)
[1450066505353] Desired Position: (12, 16)
[1450066505353] Direction: (1, 1)
______________
[1450066505703] NearObjects size: 5
[1450066505703] NearObjects size: 5
[1450066505703] NearObjectsToExtinguish: 1
[1450066505703] NearObjectsToExtinguish: 0
[1450066505703] Current position: (10, 6)
[1450066505703] Current position: (11, 5)
[1450066505703] Desired Position: (12, 16)
[1450066505703] Desired Position: (18, 7)
[1450066505703] Direction: (0, 0)
______________
[1450066505703] Direction: (0, 1)
______________
[1450066506054] NearObjects size: 4
[1450066506054] NearObjectsToExtinguish: 0
[1450066506054] Current position: (10, 6)
[1450066506054] Desired Position: (18, 7)
[1450066506054] NearObjects size: 4
[1450066506054] NearObjectsToExtinguish: 2
[1450066506054] Direction: (0, 0)
______________
[1450066506054] Current position: (11, 6)
[1450066506054] Desired Position: (12, 16)
[1450066506054] Direction: (0, 1)
______________
[1450066506404] NearObjects size: 3
[1450066506404] NearObjectsToExtinguish: 0
[1450066506404] Current position: (10, 6)
[1450066506404] Desired Position: (18, 7)
[1450066506404] Direction: (0, 0)
______________
[1450066506404] NearObjects size: 4
[1450066506404] NearObjectsToExtinguish: 2
[1450066506404] Current position: (11, 7)
[1450066506404] Desired Position: (12, 16)
[1450066506404] Direction: (0, 1)
______________
[1450066506754] NearObjects size: 2
[1450066506754] NearObjects size: 6
[1450066506754] NearObjectsToExtinguish: 3
[1450066506754] NearObjectsToExtinguish: 0
[1450066506754] Current position: (10, 6)
[1450066506754] Current position: (12, 8)
[1450066506754] Desired Position: (12, 16)
[1450066506754] Desired Position: (18, 7)
[1450066506754] Direction: (0, 0)
[1450066506754] Direction: (1, 1)
______________
______________
[1450066507105] NearObjects size: 1
[1450066507105] NearObjectsToExtinguish: 0
[1450066507105] Current position: (10, 6)
[1450066507105] Desired Position: (18, 7)
[1450066507105] Direction: (0, 0)
______________
[1450066507105] NearObjects size: 3
[1450066507105] NearObjectsToExtinguish: 1
[1450066507105] Current position: (12, 9)
[1450066507105] Desired Position: (12, 16)
[1450066507105] Direction: (0, 1)
______________
[1450066507455] NearObjects size: 0
[1450066507455] NearObjectsToExtinguish: 0
[1450066507455] Current position: (10, 6)
[1450066507455] Desired Position: (18, 7)
[1450066507455] Direction: (0, 0)
______________
[1450066507455] NearObjects size: 2
[1450066507455] NearObjectsToExtinguish: 0
[1450066507455] Current position: (12, 10)
[1450066507455] Desired Position: (12, 16)
[1450066507455] Direction: (0, 1)
______________
[1450066507805] NearObjects size: 3
[1450066507805] NearObjectsToExtinguish: 2
[1450066507805] Current position: (12, 11)
[1450066507805] NearObjects size: 3
[1450066507805] NearObjectsToExtinguish: 1
[1450066507805] Desired Position: (12, 16)
[1450066507805] Direction: (0, 1)
______________
[1450066507805] Current position: (11, 5)
[1450066507805] Desired Position: (13, 5)
[1450066507805] Direction: (1, -1)
______________
[1450066508156] NearObjects size: 3
[1450066508156] NearObjectsToExtinguish: 0
[1450066508156] Current position: (11, 5)
[1450066508156] Desired Position: (13, 5)
[1450066508156] Direction: (0, 0)
______________
[1450066508156] NearObjects size: 5
[1450066508156] NearObjectsToExtinguish: 2
[1450066508156] Current position: (13, 12)
[1450066508156] Desired Position: (12, 16)
[1450066508156] Direction: (1, 1)
______________
[1450066508506] NearObjects size: 2
[1450066508506] NearObjectsToExtinguish: 0
[1450066508506] Current position: (11, 5)
[1450066508506] Desired Position: (13, 5)
[1450066508506] Direction: (0, 0)
______________
[1450066508506] NearObjects size: 3
[1450066508506] NearObjectsToExtinguish: 1
[1450066508506] Current position: (14, 13)
[1450066508506] Desired Position: (12, 16)
[1450066508506] Direction: (1, 1)
______________
[1450066508856] NearObjects size: 5
[1450066508856] NearObjectsToExtinguish: 3
[1450066508856] Current position: (12, 6)
[1450066508856] Desired Position: (13, 5)
[1450066508856] Direction: (1, 1)
______________
[1450066508856] NearObjects size: 0
[1450066508856] NearObjectsToExtinguish: 0
[1450066508856] Current position: (13, 14)
[1450066508856] Desired Position: (12, 16)
[1450066508856] Direction: (-1, 1)
______________
[1450066509206] NearObjects size: 0
[1450066509206] NearObjectsToExtinguish: 0
[1450066509206] Current position: (13, 15)
[1450066509206] Desired Position: (13, 17)
[1450066509206] Direction: (0, 1)
______________
[1450066509206] NearObjects size: 5
[1450066509206] NearObjectsToExtinguish: 0
[1450066509206] Current position: (12, 6)
[1450066509206] Desired Position: (13, 5)
[1450066509206] Direction: (0, 0)
______________
[1450066509556] NearObjects size: 0
[1450066509556] NearObjectsToExtinguish: 0
[1450066509556] NearObjects size: 4
[1450066509556] NearObjectsToExtinguish: 0
[1450066509556] Current position: (14, 16)
[1450066509556] Desired Position: (14, 18)
[1450066509556] Current position: (12, 6)
[1450066509556] Desired Position: (13, 5)
[1450066509556] Direction: (1, 1)
______________
[1450066509556] Direction: (0, 0)
______________
[1450066509906] NearObjects size: 0
[1450066509906] NearObjectsToExtinguish: 0
[1450066509906] Current position: (13, 17)
[1450066509906] Desired Position: (13, 17)
[1450066509906] Direction: (-1, 1)
______________
[1450066509906] NearObjects size: 7
[1450066509906] NearObjectsToExtinguish: 3
[1450066509906] Current position: (13, 7)
[1450066509906] Desired Position: (13, 5)
[1450066509906] Direction: (1, 1)
______________
A person was saved on: (13, 17)
[1450066510257] NearObjects size: 0
[1450066510257] NearObjectsToExtinguish: 0
[1450066510257] Current position: (13, 17)
[1450066510257] Desired Position: (null)
[1450066510257] Direction: (0, 0)
______________
[1450066510257] NearObjects size: 7
[1450066510257] NearObjectsToExtinguish: 0
[1450066510257] Current position: (13, 7)
[1450066510257] Desired Position: (13, 5)
[1450066510257] Direction: (0, 0)
______________
[1450066510607] NearObjects size: 0
[1450066510607] NearObjects size: 6
[1450066510607] NearObjectsToExtinguish: 0
[1450066510607] Current position: (13, 7)
[1450066510607] NearObjectsToExtinguish: 0
[1450066510607] Current position: (14, 16)
[1450066510607] Desired Position: (13, 5)
[1450066510607] Direction: (0, 0)
______________
[1450066510607] Desired Position: (18, 11)
[1450066510607] Direction: (1, -1)
______________
[1450066510957] NearObjects size: 2
[1450066510957] NearObjectsToExtinguish: 1
[1450066510957] Current position: (15, 15)
[1450066510957] NearObjects size: 5
[1450066510957] NearObjectsToExtinguish: 0
[1450066510957] Desired Position: (16, 8)
[1450066510957] Direction: (1, -1)
______________
[1450066510957] Current position: (13, 7)
[1450066510957] Desired Position: (13, 5)
[1450066510957] Direction: (0, 0)
______________
[1450066511307] NearObjects size: 4
[1450066511307] NearObjects size: 2
[1450066511307] NearObjectsToExtinguish: 0
[1450066511307] NearObjectsToExtinguish: 0
[1450066511307] Current position: (13, 7)
[1450066511307] Current position: (15, 15)
[1450066511307] Desired Position: (13, 5)
[1450066511307] Desired Position: (16, 8)
[1450066511307] Direction: (0, 0)
______________
[1450066511307] Direction: (0, 0)
______________
[1450066511658] NearObjects size: 1
[1450066511658] NearObjectsToExtinguish: 0
[1450066511658] Current position: (15, 15)
[1450066511658] Desired Position: (16, 8)
[1450066511658] NearObjects size: 8
[1450066511658] NearObjectsToExtinguish: 3
[1450066511658] Direction: (0, 0)
______________
[1450066511658] Current position: (14, 8)
[1450066511658] Desired Position: (13, 5)
[1450066511658] Direction: (1, 1)
______________
[1450066512008] NearObjects size: 5
[1450066512008] NearObjectsToExtinguish: 3
[1450066512008] NearObjects size: 8
[1450066512008] NearObjectsToExtinguish: 0
[1450066512008] Current position: (14, 8)
[1450066512008] Desired Position: (13, 5)
[1450066512008] Current position: (16, 14)
[1450066512008] Desired Position: (16, 8)
[1450066512008] Direction: (1, -1)
______________
[1450066512008] Direction: (0, 0)
______________
[1450066512358] NearObjects size: 5
[1450066512358] NearObjectsToExtinguish: 0
[1450066512358] NearObjects size: 7
[1450066512358] NearObjectsToExtinguish: 0
[1450066512358] Current position: (16, 14)
[1450066512358] Desired Position: (16, 8)
[1450066512358] Current position: (14, 8)
[1450066512358] Desired Position: (13, 5)
[1450066512358] Direction: (0, 0)
______________
[1450066512358] Direction: (0, 0)
______________
[1450066512708] NearObjects size: 6
[1450066512708] NearObjectsToExtinguish: 2
[1450066512708] Current position: (15, 13)
[1450066512708] Desired Position: (16, 8)
[1450066512708] NearObjects size: 6
[1450066512708] NearObjectsToExtinguish: 0
[1450066512708] Current position: (14, 8)
[1450066512708] Direction: (-1, -1)
______________
[1450066512708] Desired Position: (13, 5)
[1450066512708] Direction: (0, 0)
______________
A person died on: (2, 3)
[1450066513058] NearObjects size: 5
[1450066513058] NearObjectsToExtinguish: 0
[1450066513058] Current position: (14, 8)
[1450066513058] Desired Position: (13, 5)
[1450066513058] NearObjects size: 6
[1450066513058] NearObjectsToExtinguish: 0
[1450066513058] Direction: (0, 0)
______________
[1450066513058] Current position: (15, 13)
[1450066513058] Desired Position: (16, 8)
[1450066513058] Direction: (0, 0)
______________
[1450066513408] NearObjects size: 5
[1450066513408] NearObjectsToExtinguish: 0
[1450066513408] NearObjects size: 4
[1450066513408] NearObjectsToExtinguish: 0
[1450066513408] Current position: (15, 13)
[1450066513408] Desired Position: (16, 8)
[1450066513408] Current position: (14, 8)
[1450066513408] Desired Position: (13, 5)
[1450066513408] Direction: (0, 0)
______________
[1450066513408] Direction: (0, 0)
______________
[1450066513758] NearObjects size: 4
[1450066513758] NearObjectsToExtinguish: 0
[1450066513758] Current position: (15, 13)
[1450066513758] Desired Position: (16, 8)
[1450066513758] NearObjects size: 7
[1450066513758] NearObjectsToExtinguish: 3
[1450066513758] Direction: (0, 0)
______________
[1450066513758] Current position: (15, 9)
[1450066513758] Desired Position: (13, 5)
[1450066513758] Direction: (1, 1)
______________
[1450066514108] NearObjects size: 3
[1450066514108] NearObjectsToExtinguish: 0
[1450066514108] Current position: (15, 13)
[1450066514108] Desired Position: (16, 8)
[1450066514108] Direction: (0, 0)
______________
[1450066514108] NearObjects size: 7
[1450066514108] NearObjectsToExtinguish: 0
[1450066514108] Current position: (15, 9)
[1450066514108] Desired Position: (13, 5)
[1450066514108] Direction: (0, 0)
______________
A person died on: (1, 3)
[1450066514458] NearObjects size: 7
[1450066514458] NearObjectsToExtinguish: 3
[1450066514458] NearObjects size: 6
[1450066514458] Current position: (16, 12)
[1450066514458] NearObjectsToExtinguish: 0
[1450066514458] Desired Position: (16, 8)
[1450066514458] Current position: (15, 9)
[1450066514458] Direction: (1, -1)
______________
[1450066514458] Desired Position: (13, 5)
[1450066514458] Direction: (0, 0)
______________
[1450066514808] NearObjects size: 7
[1450066514808] NearObjectsToExtinguish: 0
[1450066514808] NearObjects size: 9
[1450066514808] NearObjectsToExtinguish: 3
[1450066514808] Current position: (16, 12)
[1450066514808] Desired Position: (16, 8)
[1450066514808] Current position: (16, 10)
[1450066514808] Desired Position: (13, 5)
[1450066514808] Direction: (0, 0)
______________
[1450066514808] Direction: (1, 1)
______________
[1450066515158] NearObjects size: 9
[1450066515158] NearObjectsToExtinguish: 0
[1450066515158] Current position: (16, 10)
[1450066515158] Desired Position: (13, 5)
[1450066515158] Direction: (0, 0)
______________
[1450066515158] NearObjects size: 6
[1450066515158] NearObjectsToExtinguish: 0
[1450066515158] Current position: (16, 12)
[1450066515158] Desired Position: (16, 8)
[1450066515158] Direction: (0, 0)
______________
[1450066515508] NearObjects size: 5
[1450066515508] NearObjectsToExtinguish: 0
[1450066515508] Current position: (16, 12)
[1450066515508] Desired Position: (16, 8)
[1450066515508] Direction: (0, 0)
______________
[1450066515508] NearObjects size: 8
[1450066515508] NearObjectsToExtinguish: 0
[1450066515508] Current position: (16, 10)
[1450066515508] Desired Position: (13, 5)
[1450066515508] Direction: (0, 0)
______________
[1450066515858] NearObjects size: 7
[1450066515858] NearObjectsToExtinguish: 0
[1450066515858] NearObjects size: 4
[1450066515858] NearObjectsToExtinguish: 0
[1450066515858] Current position: (16, 12)
[1450066515858] Desired Position: (16, 8)
[1450066515858] Direction: (0, 0)
______________
[1450066515858] Current position: (16, 10)
[1450066515858] Desired Position: (13, 5)
[1450066515858] Direction: (0, 0)
______________
[1450066516208] NearObjects size: 5
[1450066516208] NearObjectsToExtinguish: 2
[1450066516208] NearObjects size: 6
[1450066516208] NearObjectsToExtinguish: 0
[1450066516208] Current position: (17, 13)
[1450066516208] Desired Position: (16, 8)
[1450066516208] Current position: (16, 10)
[1450066516208] Desired Position: (13, 5)
[1450066516208] Direction: (0, 0)
______________
[1450066516208] Direction: (1, 1)
______________
[1450066516558] NearObjects size: 5
[1450066516558] NearObjectsToExtinguish: 0
[1450066516558] NearObjects size: 5
[1450066516558] NearObjectsToExtinguish: 0
[1450066516558] Current position: (17, 13)
[1450066516558] Desired Position: (16, 8)
[1450066516558] Current position: (16, 10)
[1450066516558] Desired Position: (13, 5)
[1450066516558] Direction: (0, 0)
______________
[1450066516558] Direction: (0, 0)
______________
[1450066516908] NearObjects size: 4
[1450066516908] NearObjectsToExtinguish: 0
[1450066516908] NearObjects size: 4
[1450066516908] NearObjectsToExtinguish: 0
[1450066516908] Current position: (17, 13)
[1450066516908] Desired Position: (16, 8)
[1450066516908] Direction: (0, 0)
______________
[1450066516908] Current position: (16, 10)
[1450066516908] Desired Position: (13, 5)
[1450066516908] Direction: (0, 0)
______________
A person died on: (16, -2)
[Fireman 403] - Accept a rescue request from [Person 407]
[Fireman 403] - Refused a rescue request from [Person 414]
[1450066517258] NearObjects size: 2
[1450066517258] NearObjectsToExtinguish: 0
[1450066517258] NearObjects size: 7
[1450066517258] Current position: (16, 14)
[1450066517258] Desired Position: (9, 19)
[1450066517258] Direction: (-1, 1)
______________
[1450066517258] NearObjectsToExtinguish: 3
[1450066517258] Current position: (17, 9)
[1450066517258] Desired Position: (13, 5)
[1450066517258] Direction: (1, -1)
______________
[1450066517608] NearObjects size: 3
[1450066517608] NearObjectsToExtinguish: 2
[1450066517608] NearObjects size: 7
[1450066517608] NearObjectsToExtinguish: 0
[1450066517608] Current position: (15, 15)
[1450066517608] Desired Position: (8, 18)
[1450066517608] Direction: (-1, 1)
______________
[1450066517608] Current position: (17, 9)
[1450066517608] Desired Position: (13, 5)
[1450066517608] Direction: (0, 0)
______________
[1450066517959] NearObjects size: 6
[1450066517959] NearObjectsToExtinguish: 0
[1450066517959] Current position: (17, 9)
[1450066517959] Desired Position: (13, 5)
[1450066517959] Direction: (0, 0)
______________
[1450066517959] NearObjects size: 2
[1450066517959] NearObjectsToExtinguish: 1
[1450066517959] Current position: (14, 16)
[1450066517959] Desired Position: (8, 18)
[1450066517959] Direction: (-1, 1)
______________
[1450066518309] NearObjects size: 9
[1450066518309] NearObjectsToExtinguish: 3
[1450066518309] Current position: (18, 8)
[1450066518309] Desired Position: (13, 5)
[1450066518309] Direction: (1, -1)
______________
[1450066518309] NearObjects size: 1
[1450066518309] NearObjectsToExtinguish: 0
[1450066518309] Current position: (13, 17)
[1450066518309] Desired Position: (8, 18)
[1450066518309] Direction: (-1, 1)
______________
[1450066518659] NearObjects size: 0
[1450066518659] NearObjectsToExtinguish: 0
[1450066518659] Current position: (12, 18)
[1450066518659] Desired Position: (9, 19)
[1450066518659] NearObjects size: 9
[1450066518659] NearObjectsToExtinguish: 0
[1450066518659] Direction: (-1, 1)
______________
[1450066518659] Current position: (18, 8)
[1450066518659] Desired Position: (13, 5)
[1450066518659] Direction: (0, 0)
______________
[1450066519010] NearObjects size: 0
[1450066519010] NearObjectsToExtinguish: 0
[1450066519010] Current position: (11, 19)
[1450066519010] Desired Position: (9, 19)
[1450066519010] NearObjects size: 8
[1450066519010] NearObjectsToExtinguish: 0
[1450066519010] Current position: (18, 8)
[1450066519010] Desired Position: (13, 5)
[1450066519010] Direction: (-1, 1)
______________
[1450066519010] Direction: (0, 0)
______________
[1450066519360] NearObjects size: 0
[1450066519360] NearObjectsToExtinguish: 0
[1450066519360] NearObjects size: 7
[1450066519360] NearObjectsToExtinguish: 0
[1450066519360] Current position: (10, 19)
[1450066519360] Desired Position: (9, 19)
[1450066519360] Current position: (18, 8)
[1450066519360] Desired Position: (13, 5)
[1450066519360] Direction: (-1, 0)
______________
[1450066519360] Direction: (0, 0)
______________
[1450066519710] NearObjects size: 6
[1450066519710] NearObjectsToExtinguish: 0
[1450066519710] NearObjects size: 0
[1450066519710] NearObjectsToExtinguish: 0
[1450066519710] Current position: (18, 8)
[1450066519710] Desired Position: (13, 5)
[1450066519710] Current position: (9, 19)
[1450066519710] Desired Position: (9, 19)
[1450066519710] Direction: (0, 0)
______________
[1450066519710] Direction: (-1, 0)
______________
[1450066520060] NearObjects size: 0
[1450066520060] NearObjectsToExtinguish: 0
[1450066520060] Current position: (9, 19)
[1450066520060] Desired Position: (9, 19)
[1450066520060] NearObjects size: 5
[1450066520060] NearObjectsToExtinguish: 2
[1450066520060] Current position: (19, 9)
[1450066520060] Desired Position: (13, 5)
[1450066520060] Direction: (0, 0)
______________
[1450066520060] Direction: (1, 1)
______________
A person was saved on: (9, 19)
[1450066520410] NearObjects size: 0
[1450066520410] NearObjectsToExtinguish: 0
[1450066520410] NearObjects size: 5
[1450066520410] NearObjectsToExtinguish: 0
[1450066520410] Current position: (9, 19)
[1450066520410] Desired Position: (null)
[1450066520410] Current position: (19, 9)
[1450066520410] Direction: (0, 0)
______________
[1450066520410] Desired Position: (13, 5)
[1450066520410] Direction: (0, 0)
______________
[1450066520762] NearObjects size: 0
[1450066520762] NearObjectsToExtinguish: 0
[1450066520762] Current position: (10, 18)
[1450066520762] Desired Position: (19, 5)
[1450066520762] Direction: (1, -1)
______________
[1450066520762] NearObjects size: 4
[1450066520762] NearObjectsToExtinguish: 0
[1450066520762] Current position: (19, 9)
[1450066520762] Desired Position: (13, 5)
[1450066520762] Direction: (0, 0)
______________
[Fireman 404] - Accept a rescue request from [Person 409]
[1450066521112] NearObjects size: 0
[1450066521112] NearObjects size: 6
[1450066521112] NearObjectsToExtinguish: 2
[1450066521112] NearObjectsToExtinguish: 0
[1450066521112] Current position: (18, 10)
[1450066521112] Desired Position: (1, 17)
[1450066521112] Direction: (-1, 1)
______________
[1450066521112] Current position: (9, 17)
[1450066521112] Desired Position: (8, 12)
[1450066521112] Direction: (-1, -1)
______________
[1450066521462] NearObjects size: 0
[1450066521462] NearObjectsToExtinguish: 0
[1450066521462] Current position: (10, 16)
[1450066521462] Desired Position: (17, 15)
[1450066521462] Direction: (1, -1)
______________
[1450066521462] NearObjects size: 4
[1450066521462] NearObjectsToExtinguish: 1
[1450066521462] Current position: (17, 11)
[1450066521462] Desired Position: (1, 17)
[1450066521462] Direction: (-1, 1)
______________
[1450066521812] NearObjects size: 0
[1450066521812] NearObjectsToExtinguish: 0
[1450066521812] Current position: (11, 17)
[1450066521812] Desired Position: (16, 19)
[1450066521812] Direction: (1, 1)
______________
[1450066521812] NearObjects size: 2
[1450066521812] NearObjectsToExtinguish: 0
[1450066521812] Current position: (16, 12)
[1450066521812] Desired Position: (1, 17)
[1450066521812] Direction: (-1, 1)
______________
[1450066522162] NearObjects size: 0
[1450066522162] NearObjectsToExtinguish: 0
[1450066522162] Current position: (10, 16)
[1450066522162] NearObjects size: 1
[1450066522162] NearObjectsToExtinguish: 0
[1450066522162] Desired Position: (6, 0)
[1450066522162] Direction: (-1, -1)
______________
[1450066522162] Current position: (15, 13)
[1450066522162] Desired Position: (0, 16)
[1450066522162] Direction: (-1, 1)
______________
[1450066522513] NearObjects size: 1
[1450066522513] NearObjectsToExtinguish: 0
[1450066522513] NearObjects size: 3
[1450066522513] NearObjectsToExtinguish: 1
[1450066522513] Current position: (14, 14)
[1450066522513] Desired Position: (1, 17)
[1450066522513] Current position: (9, 15)
[1450066522513] Direction: (-1, 1)
______________
[1450066522513] Desired Position: (8, 6)
[1450066522513] Direction: (-1, -1)
______________
[1450066522863] NearObjects size: 3
[1450066522863] NearObjectsToExtinguish: 0
[1450066522863] NearObjects size: 2
[1450066522863] NearObjectsToExtinguish: 1
[1450066522863] Current position: (9, 15)
[1450066522863] Desired Position: (8, 6)
[1450066522863] Current position: (13, 15)
[1450066522863] Desired Position: (1, 17)
[1450066522863] Direction: (-1, 1)
______________
[1450066522863] Direction: (0, 0)
______________
[1450066523213] NearObjects size: 6
[1450066523213] NearObjectsToExtinguish: 3
[1450066523213] Current position: (8, 14)
[1450066523213] Desired Position: (8, 6)
[1450066523213] Direction: (-1, -1)
______________
[1450066523213] NearObjects size: 5
[1450066523213] NearObjectsToExtinguish: 2
[1450066523213] Current position: (12, 16)
[1450066523213] Desired Position: (1, 17)
[1450066523213] Direction: (-1, 1)
______________
[1450066523563] NearObjects size: 6
[1450066523563] NearObjectsToExtinguish: 0
[1450066523563] Current position: (8, 14)
[1450066523563] Desired Position: (8, 6)
[1450066523563] Direction: (0, 0)
______________
[1450066523563] NearObjects size: 2
[1450066523563] NearObjectsToExtinguish: 2
[1450066523563] Current position: (11, 17)
[1450066523563] Desired Position: (1, 17)
[1450066523563] Direction: (-1, 1)
______________
[1450066523913] NearObjects size: 5
[1450066523913] NearObjectsToExtinguish: 0
[1450066523913] Current position: (8, 14)
[1450066523913] Desired Position: (8, 6)
[1450066523913] Direction: (0, 0)
______________
[1450066523913] NearObjects size: 2
[1450066523913] NearObjectsToExtinguish: 1
[1450066523913] Current position: (10, 18)
[1450066523913] Desired Position: (1, 17)
[1450066523913] Direction: (-1, 1)
______________
[1450066524263] NearObjects size: 4
[1450066524263] NearObjectsToExtinguish: 0
[1450066524263] Current position: (8, 14)
[1450066524263] Desired Position: (8, 6)
[1450066524263] Direction: (0, 0)
______________
[1450066524263] NearObjects size: 0
[1450066524263] NearObjectsToExtinguish: 0
[1450066524263] Current position: (9, 17)
[1450066524263] Desired Position: (1, 17)
[1450066524263] Direction: (-1, -1)
______________
[1450066524613] NearObjects size: 0
[1450066524613] NearObjectsToExtinguish: 0
[1450066524613] NearObjects size: 4
[1450066524613] NearObjectsToExtinguish: 0
[1450066524613] Current position: (8, 18)
[1450066524613] Current position: (8, 14)
[1450066524613] Desired Position: (8, 6)
[1450066524613] Direction: (0, 0)
______________
[1450066524613] Desired Position: (2, 18)
[1450066524613] Direction: (-1, 1)
______________
[1450066524963] NearObjects size: 0
[1450066524963] NearObjectsToExtinguish: 0
[1450066524963] Current position: (7, 18)
[1450066524963] NearObjects size: 7
[1450066524963] NearObjectsToExtinguish: 3
[1450066524963] Desired Position: (2, 18)
[1450066524963] Direction: (-1, 0)
______________
[1450066524963] Current position: (9, 13)
[1450066524963] Desired Position: (8, 6)
[1450066524963] Direction: (1, -1)
______________
[1450066525313] NearObjects size: 0
[1450066525313] NearObjectsToExtinguish: 0
[1450066525313] NearObjects size: 7
[1450066525313] NearObjectsToExtinguish: 0
[1450066525313] Current position: (6, 19)
[1450066525313] Desired Position: (3, 19)
[1450066525313] Direction: (-1, 1)
______________
[1450066525313] Current position: (9, 13)
[1450066525313] Desired Position: (8, 6)
[1450066525313] Direction: (0, 0)
______________
[1450066525663] NearObjects size: 0
[1450066525663] NearObjectsToExtinguish: 0
[1450066525663] Current position: (5, 18)
[1450066525663] Desired Position: (2, 18)
[1450066525663] Direction: (-1, -1)
______________
[1450066525663] NearObjects size: 6
[1450066525663] NearObjectsToExtinguish: 0
[1450066525663] Current position: (9, 13)
[1450066525663] Desired Position: (8, 6)
[1450066525663] Direction: (0, 0)
______________
A person died on: (0, 13)
[1450066526013] NearObjects size: 0
[1450066526013] NearObjectsToExtinguish: 0
[1450066526013] Current position: (4, 19)
[1450066526013] Desired Position: (3, 19)
[1450066526013] Direction: (-1, 1)
______________
[1450066526013] NearObjects size: 5
[1450066526013] NearObjectsToExtinguish: 0
[1450066526013] Current position: (9, 13)
[1450066526013] Desired Position: (8, 6)
[1450066526013] Direction: (0, 0)
______________
[1450066526364] NearObjects size: 0
[1450066526364] NearObjects size: 4
[1450066526364] NearObjectsToExtinguish: 0
[1450066526364] Current position: (9, 13)
[1450066526364] NearObjectsToExtinguish: 0
[1450066526364] Current position: (3, 19)
[1450066526364] Desired Position: (8, 6)
[1450066526364] Direction: (0, 0)
[1450066526364] Desired Position: (3, 19)
[1450066526364] Direction: (-1, 0)
______________
______________
A person was saved on: (3, 19)
[1450066526714] NearObjects size: 7
[1450066526714] NearObjectsToExtinguish: 3
[1450066526714] Current position: (10, 14)
[1450066526714] NearObjects size: 0
[1450066526714] NearObjectsToExtinguish: 0
[1450066526714] Desired Position: (8, 6)
[1450066526714] Current position: (3, 19)
[1450066526714] Desired Position: (null)
[1450066526714] Direction: (0, 0)
______________
[1450066526714] Direction: (1, 1)
______________
[1450066527064] NearObjects size: 0
[1450066527064] NearObjectsToExtinguish: 0
[1450066527064] Current position: (4, 18)
[1450066527064] NearObjects size: 7
[1450066527064] NearObjectsToExtinguish: 0
[1450066527064] Desired Position: (6, 6)
[1450066527064] Direction: (1, -1)
______________
[1450066527064] Current position: (10, 14)
[1450066527064] Desired Position: (8, 6)
[1450066527064] Direction: (0, 0)
______________
[1450066527414] NearObjects size: 6
[1450066527414] NearObjectsToExtinguish: 0
[1450066527414] NearObjects size: 3
[1450066527414] NearObjectsToExtinguish: 2
[1450066527414] Current position: (10, 14)
[1450066527414] Desired Position: (8, 6)
[1450066527414] Current position: (5, 17)
[1450066527414] Desired Position: (14, 17)
[1450066527414] Direction: (0, 0)
______________
[1450066527414] Direction: (1, -1)
______________
[1450066527764] NearObjects size: 5
[1450066527764] NearObjectsToExtinguish: 0
[1450066527764] NearObjects size: 3
[1450066527764] NearObjectsToExtinguish: 0
[1450066527764] Current position: (10, 14)
[1450066527764] Desired Position: (8, 6)
[1450066527764] Current position: (5, 17)
[1450066527764] Direction: (0, 0)
______________
[1450066527764] Desired Position: (14, 17)
[1450066527764] Direction: (0, 0)
______________
[1450066528114] NearObjects size: 3
[1450066528114] NearObjectsToExtinguish: 1
[1450066528114] NearObjects size: 6
[1450066528114] NearObjectsToExtinguish: 2
[1450066528114] Current position: (11, 15)
[1450066528114] Desired Position: (8, 6)
[1450066528114] Current position: (5, 17)
[1450066528114] Desired Position: (14, 17)
[1450066528114] Direction: (0, 0)
______________
[1450066528114] Direction: (1, 1)
______________
[1450066528465] NearObjects size: 3
[1450066528465] NearObjects size: 6
[1450066528465] NearObjectsToExtinguish: 0
[1450066528465] NearObjectsToExtinguish: 0
[1450066528465] Current position: (5, 17)
[1450066528465] Current position: (11, 15)
[1450066528465] Desired Position: (8, 6)
[1450066528465] Direction: (0, 0)
______________
[1450066528465] Desired Position: (14, 17)
[1450066528465] Direction: (0, 0)
______________
[1450066528815] NearObjects size: 3
[1450066528815] NearObjectsToExtinguish: 0
[1450066528815] NearObjects size: 6
[1450066528815] NearObjectsToExtinguish: 0
[1450066528815] Current position: (5, 17)
[1450066528815] Desired Position: (14, 17)
[1450066528815] Current position: (11, 15)
[1450066528815] Desired Position: (8, 6)
[1450066528815] Direction: (0, 0)
______________
[1450066528815] Direction: (0, 0)
______________
[1450066529165] NearObjects size: 7
[1450066529165] NearObjectsToExtinguish: 3
[1450066529165] NearObjects size: 5
[1450066529165] Current position: (6, 16)
[1450066529165] Desired Position: (14, 17)
[1450066529165] NearObjectsToExtinguish: 0
[1450066529165] Current position: (11, 15)
[1450066529165] Direction: (1, -1)
______________
[1450066529165] Desired Position: (8, 6)
[1450066529165] Direction: (0, 0)
______________
[1450066529515] NearObjects size: 4
[1450066529515] NearObjectsToExtinguish: 0
[1450066529515] NearObjects size: 7
[1450066529515] Current position: (11, 15)
[1450066529515] Desired Position: (8, 6)
[1450066529515] Direction: (0, 0)
______________
[1450066529515] NearObjectsToExtinguish: 0
[1450066529515] Current position: (6, 16)
[1450066529515] Desired Position: (14, 17)
[1450066529515] Direction: (0, 0)
______________
A person died on: (8, -2)
[1450066529865] NearObjects size: 6
[1450066529865] NearObjectsToExtinguish: 0
[1450066529865] Current position: (6, 16)
[1450066529865] Desired Position: (14, 17)
[1450066529865] NearObjects size: 7
[1450066529865] NearObjectsToExtinguish: 3
[1450066529865] Current position: (12, 14)
[1450066529865] Direction: (0, 0)
______________
[1450066529865] Desired Position: (8, 6)
[1450066529865] Direction: (1, -1)
______________
[1450066530215] NearObjects size: 7
[1450066530215] NearObjectsToExtinguish: 3
[1450066530215] NearObjects size: 7
[1450066530215] NearObjectsToExtinguish: 0
[1450066530215] Current position: (7, 17)
[1450066530215] Desired Position: (14, 17)
[1450066530215] Current position: (12, 14)
[1450066530215] Desired Position: (8, 6)
[1450066530215] Direction: (0, 0)
______________
[1450066530215] Direction: (1, 1)
______________
[1450066530565] NearObjects size: 6
[1450066530565] NearObjectsToExtinguish: 0
[1450066530565] Current position: (12, 14)
[1450066530565] NearObjects size: 7
[1450066530565] NearObjectsToExtinguish: 0
[1450066530565] Desired Position: (8, 6)
[1450066530565] Direction: (0, 0)
______________
[1450066530565] Current position: (7, 17)
[1450066530565] Desired Position: (14, 17)
[1450066530565] Direction: (0, 0)
______________
A person died on: (2, -2)
[1450066530915] NearObjects size: 8
[1450066530915] NearObjects size: 6
[1450066530915] NearObjectsToExtinguish: 0
[1450066530915] NearObjectsToExtinguish: 3
[1450066530915] Current position: (13, 15)
[1450066530915] Current position: (7, 17)
[1450066530915] Desired Position: (14, 17)
[1450066530915] Direction: (0, 0)
______________
[1450066530915] Desired Position: (8, 6)
[1450066530915] Direction: (1, 1)
______________
[1450066531265] NearObjects size: 8
[1450066531265] NearObjectsToExtinguish: 0
[1450066531265] NearObjects size: 5
[1450066531265] NearObjectsToExtinguish: 0
[1450066531265] Current position: (13, 15)
[1450066531265] Current position: (7, 17)
[1450066531265] Desired Position: (14, 17)
[1450066531265] Direction: (0, 0)
______________
[1450066531265] Desired Position: (8, 6)
[1450066531265] Direction: (0, 0)
______________
[1450066531615] NearObjects size: 4
[1450066531615] NearObjectsToExtinguish: 0
[1450066531615] NearObjects size: 7
[1450066531615] NearObjectsToExtinguish: 0
[1450066531615] Current position: (7, 17)
[1450066531615] Current position: (13, 15)
[1450066531615] Desired Position: (8, 6)
[1450066531615] Desired Position: (14, 17)
[1450066531615] Direction: (0, 0)
[1450066531615] Direction: (0, 0)
______________
______________
[1450066531965] NearObjects size: 4
[1450066531965] NearObjectsToExtinguish: 2
[1450066531965] NearObjects size: 6
[1450066531965] NearObjectsToExtinguish: 0
[1450066531965] Current position: (6, 18)
[1450066531965] Desired Position: (14, 17)
[1450066531965] Current position: (13, 15)
[1450066531965] Desired Position: (8, 6)
[1450066531965] Direction: (-1, 1)
______________
[1450066531965] Direction: (0, 0)
______________
[1450066532315] NearObjects size: 4
[1450066532315] NearObjectsToExtinguish: 0
[1450066532315] NearObjects size: 5
[1450066532315] NearObjectsToExtinguish: 0
[1450066532315] Current position: (6, 18)
[1450066532315] Desired Position: (14, 17)
[1450066532315] Direction: (0, 0)
______________
[1450066532315] Current position: (13, 15)
[1450066532315] Desired Position: (8, 6)
[1450066532315] Direction: (0, 0)
______________
[1450066532665] NearObjects size: 7
[1450066532665] NearObjectsToExtinguish: 3
[1450066532665] Current position: (14, 16)
[1450066532665] NearObjects size: 3
[1450066532665] NearObjectsToExtinguish: 0
[1450066532665] Desired Position: (8, 6)
[1450066532665] Direction: (1, 1)
[1450066532665] Current position: (6, 18)
[1450066532665] Desired Position: (14, 17)
______________
[1450066532665] Direction: (0, 0)
______________
[1450066533015] NearObjects size: 2
[1450066533015] NearObjectsToExtinguish: 0
[1450066533015] Current position: (6, 18)
[1450066533015] NearObjects size: 7
[1450066533015] NearObjectsToExtinguish: 0
[1450066533015] Desired Position: (14, 17)
[1450066533015] Direction: (0, 0)
______________
[1450066533015] Current position: (14, 16)
[1450066533015] Desired Position: (8, 6)
[1450066533015] Direction: (0, 0)
______________
[1450066533366] NearObjects size: 6
[1450066533366] NearObjectsToExtinguish: 0
[1450066533366] Current position: (14, 16)
[1450066533366] NearObjects size: 3
[1450066533366] NearObjectsToExtinguish: 2
[1450066533366] Desired Position: (8, 6)
[1450066533366] Direction: (0, 0)
[1450066533366] Current position: (7, 19)
[1450066533366] Desired Position: (14, 17)
______________
[1450066533366] Direction: (1, 1)
______________
[1450066533716] NearObjects size: 5
[1450066533716] NearObjectsToExtinguish: 0
[1450066533716] NearObjects size: 4
[1450066533716] NearObjectsToExtinguish: 0
[1450066533716] Current position: (14, 16)
[1450066533716] Desired Position: (8, 6)
[1450066533716] Current position: (7, 19)
[1450066533716] Desired Position: (14, 17)
[1450066533716] Direction: (0, 0)
______________
[1450066533716] Direction: (0, 0)
______________
[1450066534066] NearObjects size: 4
[1450066534066] NearObjectsToExtinguish: 0
[1450066534066] NearObjects size: 3
[1450066534066] NearObjectsToExtinguish: 0
[1450066534066] Current position: (14, 16)
[1450066534066] Current position: (7, 19)
[1450066534066] Desired Position: (14, 17)
[1450066534066] Direction: (0, 0)
______________
[1450066534066] Desired Position: (8, 6)
[1450066534066] Direction: (0, 0)
______________
[1450066534417] NearObjects size: 2
[1450066534417] NearObjectsToExtinguish: 0
[1450066534417] NearObjects size: 8
[1450066534417] NearObjectsToExtinguish: 3
[1450066534417] Current position: (15, 17)
[1450066534417] Current position: (7, 19)
[1450066534417] Desired Position: (14, 17)
[1450066534417] Desired Position: (8, 6)
[1450066534417] Direction: (1, 1)
[1450066534417] Direction: (0, 0)
______________
______________
[1450066534767] NearObjects size: 1
[1450066534767] NearObjectsToExtinguish: 0
[1450066534767] Current position: (7, 19)
[1450066534767] Desired Position: (14, 17)
[1450066534767] Direction: (0, 0)
______________
[1450066534767] NearObjects size: 8
[1450066534767] NearObjectsToExtinguish: 0
[1450066534767] Current position: (15, 17)
[1450066534767] Desired Position: (8, 6)
[1450066534767] Direction: (0, 0)
______________
[1450066535118] NearObjects size: 7
[1450066535118] NearObjectsToExtinguish: 0
[1450066535118] NearObjects size: 4
[1450066535118] NearObjectsToExtinguish: 2
[1450066535118] Current position: (15, 17)
[1450066535118] Desired Position: (8, 6)
[1450066535118] Current position: (8, 18)
[1450066535118] Desired Position: (14, 17)
[1450066535118] Direction: (1, -1)
[1450066535118] Direction: (0, 0)
______________
______________
[1450066535469] NearObjects size: 4
[1450066535469] NearObjectsToExtinguish: 0
[1450066535469] NearObjects size: 6
[1450066535469] NearObjectsToExtinguish: 0
[1450066535469] Current position: (8, 18)
[1450066535469] Desired Position: (14, 17)
[1450066535469] Current position: (15, 17)
[1450066535469] Desired Position: (8, 6)
[1450066535469] Direction: (0, 0)
______________
[1450066535469] Direction: (0, 0)
______________
[1450066535819] NearObjects size: 5
[1450066535819] NearObjects size: 5
[1450066535819] NearObjectsToExtinguish: 2
[1450066535819] NearObjectsToExtinguish: 0
[1450066535819] Current position: (15, 17)
[1450066535819] Desired Position: (8, 6)
[1450066535819] Direction: (0, 0)
______________
[1450066535819] Current position: (9, 19)
[1450066535819] Desired Position: (14, 17)
[1450066535819] Direction: (1, 1)
______________
[1450066536169] NearObjects size: 4
[1450066536169] NearObjectsToExtinguish: 0
[1450066536169] NearObjects size: 5
[1450066536169] NearObjectsToExtinguish: 0
[1450066536169] Current position: (15, 17)
[1450066536169] Desired Position: (8, 6)
[1450066536169] Current position: (9, 19)
[1450066536169] Desired Position: (14, 17)
[1450066536169] Direction: (0, 0)
______________
[1450066536169] Direction: (0, 0)
______________
[1450066536521] NearObjects size: 3
[1450066536521] NearObjectsToExtinguish: 0
[1450066536521] NearObjects size: 4
[1450066536521] NearObjectsToExtinguish: 0
[1450066536521] Current position: (9, 19)
[1450066536521] Current position: (15, 17)
[1450066536521] Desired Position: (8, 6)
[1450066536521] Direction: (0, 0)
______________
[1450066536521] Desired Position: (14, 17)
[1450066536521] Direction: (0, 0)
______________
[1450066536871] NearObjects size: 6
[1450066536871] NearObjectsToExtinguish: 3
[1450066536871] Current position: (16, 18)
[1450066536871] Desired Position: (8, 6)
[1450066536871] NearObjects size: 3
[1450066536871] Direction: (1, 1)
______________
[1450066536871] NearObjectsToExtinguish: 0
[1450066536871] Current position: (9, 19)
[1450066536871] Desired Position: (14, 17)
[1450066536871] Direction: (0, 0)
______________
[1450066537221] NearObjects size: 2
[1450066537221] NearObjectsToExtinguish: 0
[1450066537221] NearObjects size: 6
[1450066537221] NearObjectsToExtinguish: 0
[1450066537221] Current position: (9, 19)
[1450066537221] Desired Position: (14, 17)
[1450066537221] Current position: (16, 18)
[1450066537221] Desired Position: (8, 6)
[1450066537221] Direction: (0, 0)
______________
[1450066537221] Direction: (0, 0)
______________
[1450066537571] NearObjects size: 6
[1450066537571] NearObjectsToExtinguish: 2
[1450066537571] Current position: (17, 19)
[1450066537571] Desired Position: (8, 6)
[1450066537571] NearObjects size: 6
[1450066537571] NearObjectsToExtinguish: 3
[1450066537571] Direction: (1, 1)
______________
[1450066537571] Current position: (10, 18)
[1450066537571] Desired Position: (14, 17)
[1450066537571] Direction: (1, -1)
______________
[1450066537921] NearObjects size: 6
[1450066537921] NearObjects size: 6
[1450066537921] NearObjectsToExtinguish: 0
[1450066537921] NearObjectsToExtinguish: 0
[1450066537921] Current position: (17, 19)
[1450066537921] Current position: (10, 18)
[1450066537921] Desired Position: (14, 17)
[1450066537921] Desired Position: (8, 6)
[1450066537921] Direction: (0, 0)
[1450066537921] Direction: (0, 0)
______________
______________
[1450066538272] NearObjects size: 5
[1450066538272] NearObjectsToExtinguish: 0
[1450066538272] Current position: (10, 18)
[1450066538272] NearObjects size: 5
[1450066538272] NearObjectsToExtinguish: 0
[1450066538272] Current position: (17, 19)
[1450066538272] Desired Position: (8, 6)
[1450066538272] Direction: (0, 0)
______________
[1450066538272] Desired Position: (14, 17)
[1450066538272] Direction: (0, 0)
______________
[1450066538622] NearObjects size: 4
[1450066538622] NearObjectsToExtinguish: 0
[1450066538622] NearObjects size: 4
[1450066538622] NearObjectsToExtinguish: 0
[1450066538622] Current position: (10, 18)
[1450066538622] Current position: (17, 19)
[1450066538622] Desired Position: (8, 6)
[1450066538622] Direction: (0, 0)
______________
[1450066538622] Desired Position: (14, 17)
[1450066538622] Direction: (0, 0)
______________
[1450066538972] NearObjects size: 3
[1450066538972] NearObjectsToExtinguish: 0
[1450066538972] Current position: (17, 19)
[1450066538972] NearObjects size: 4
[1450066538972] NearObjectsToExtinguish: 2
[1450066538972] Desired Position: (8, 6)
[1450066538972] Direction: (0, 0)
[1450066538972] Current position: (11, 19)
[1450066538972] Desired Position: (14, 17)
[1450066538972] Direction: (1, 1)
______________
______________
[1450066539322] NearObjects size: 2
[1450066539322] NearObjectsToExtinguish: 0
[1450066539322] NearObjects size: 4
[1450066539322] NearObjectsToExtinguish: 0
[1450066539322] Current position: (17, 19)
[1450066539322] Desired Position: (8, 6)
[1450066539322] Direction: (0, 0)
______________
[1450066539322] Current position: (11, 19)
[1450066539322] Desired Position: (14, 17)
[1450066539322] Direction: (0, 0)
______________
[1450066539672] NearObjects size: 1
[1450066539672] NearObjects size: 3
[1450066539672] NearObjectsToExtinguish: 0
[1450066539672] Current position: (11, 19)
[1450066539672] Desired Position: (14, 17)
[1450066539672] NearObjectsToExtinguish: 0
[1450066539672] Current position: (17, 19)
[1450066539672] Direction: (0, 0)
______________
[1450066539672] Desired Position: (8, 6)
[1450066539672] Direction: (0, 0)
______________
[1450066540022] NearObjects size: 2
[1450066540022] NearObjects size: 6
[1450066540022] NearObjectsToExtinguish: 0
[1450066540022] Current position: (11, 19)
[1450066540022] NearObjectsToExtinguish: 3
[1450066540022] Current position: (18, 18)
[1450066540022] Desired Position: (8, 6)
[1450066540022] Direction: (1, -1)
______________
[1450066540022] Desired Position: (14, 17)
[1450066540022] Direction: (0, 0)
______________
[1450066540372] NearObjects size: 1
[1450066540372] NearObjectsToExtinguish: 0
[1450066540372] NearObjects size: 6
[1450066540372] NearObjectsToExtinguish: 0
[1450066540372] Current position: (11, 19)
[1450066540372] Desired Position: (14, 17)
[1450066540372] Current position: (18, 18)
[1450066540372] Desired Position: (8, 6)
[1450066540372] Direction: (0, 0)
______________
[1450066540372] Direction: (0, 0)
______________
[1450066540722] NearObjects size: 6
[1450066540722] NearObjects size: 5
[1450066540722] NearObjectsToExtinguish: 2
[1450066540722] Current position: (17, 17)
[1450066540722] NearObjectsToExtinguish: 3
[1450066540722] Current position: (12, 18)
[1450066540722] Desired Position: (8, 6)
[1450066540722] Direction: (-1, -1)
[1450066540722] Desired Position: (14, 17)
[1450066540722] Direction: (1, -1)
______________
______________
[1450066541073] NearObjects size: 5
[1450066541073] NearObjects size: 6
[1450066541073] NearObjectsToExtinguish: 0
[1450066541073] NearObjectsToExtinguish: 0
[1450066541073] Current position: (12, 18)
[1450066541073] Current position: (17, 17)
[1450066541073] Desired Position: (8, 6)
[1450066541073] Direction: (0, 0)
______________
[1450066541073] Desired Position: (14, 17)
[1450066541073] Direction: (0, 0)
______________
[1450066541423] NearObjects size: 4
[1450066541423] NearObjectsToExtinguish: 0
[1450066541423] Current position: (12, 18)
[1450066541423] NearObjects size: 5
[1450066541423] NearObjectsToExtinguish: 0
[1450066541423] Current position: (17, 17)
[1450066541423] Desired Position: (8, 6)
[1450066541423] Direction: (0, 0)
______________
[1450066541423] Desired Position: (14, 17)
[1450066541423] Direction: (0, 0)
______________
[1450066541773] NearObjects size: 4
[1450066541773] NearObjects size: 4
[1450066541773] NearObjectsToExtinguish: 2
[1450066541773] NearObjectsToExtinguish: 0
[1450066541773] Current position: (17, 17)
[1450066541773] Desired Position: (8, 6)
[1450066541773] Direction: (0, 0)
______________
[1450066541773] Current position: (13, 19)
[1450066541773] Desired Position: (14, 17)
[1450066541773] Direction: (1, 1)
______________
[1450066542123] NearObjects size: 3
[1450066542123] NearObjectsToExtinguish: 0
[1450066542123] Current position: (17, 17)
[1450066542123] Desired Position: (8, 6)
[1450066542123] Direction: (0, 0)
______________
[1450066542123] NearObjects size: 4
[1450066542123] NearObjectsToExtinguish: 0
[1450066542123] Current position: (13, 19)
[1450066542123] Desired Position: (14, 17)
[1450066542123] Direction: (0, 0)
______________
[1450066542473] NearObjects size: 3
[1450066542473] NearObjectsToExtinguish: 0
[1450066542473] Current position: (13, 19)
[1450066542473] NearObjects size: 7
[1450066542473] NearObjectsToExtinguish: 3
[1450066542473] Desired Position: (14, 17)
[1450066542473] Current position: (18, 16)
[1450066542473] Desired Position: (8, 6)
[1450066542473] Direction: (0, 0)
______________
[1450066542473] Direction: (1, -1)
______________
[1450066542823] NearObjects size: 2
[1450066542823] NearObjectsToExtinguish: 0
[1450066542823] Current position: (13, 19)
[1450066542823] Desired Position: (14, 17)
[1450066542823] Direction: (0, 0)
______________
[1450066542823] NearObjects size: 7
[1450066542823] NearObjectsToExtinguish: 0
[1450066542823] Current position: (18, 16)
[1450066542823] Desired Position: (8, 6)
[1450066542823] Direction: (0, 0)
______________
[1450066543173] NearObjects size: 1
[1450066543173] NearObjectsToExtinguish: 0
[1450066543173] NearObjects size: 6
[1450066543173] NearObjectsToExtinguish: 0
[1450066543173] Current position: (13, 19)
[1450066543173] Desired Position: (14, 17)
[1450066543173] Direction: (0, 0)
______________
[1450066543173] Current position: (18, 16)
[1450066543173] Desired Position: (8, 6)
[1450066543173] Direction: (0, 0)
______________
[1450066543524] NearObjects size: 5
[1450066543524] NearObjectsToExtinguish: 0
[1450066543524] NearObjects size: 3
[1450066543524] NearObjectsToExtinguish: 1
[1450066543524] Current position: (18, 16)
[1450066543524] Desired Position: (8, 6)
[1450066543524] Current position: (14, 18)
[1450066543524] Desired Position: (14, 17)
[1450066543524] Direction: (0, 0)
______________
[1450066543524] Direction: (1, -1)
______________
[1450066543875] NearObjects size: 3
[1450066543875] NearObjectsToExtinguish: 0
[1450066543875] NearObjects size: 5
[1450066543875] Current position: (14, 18)
[1450066543875] NearObjectsToExtinguish: 2
[1450066543875] Desired Position: (14, 17)
[1450066543875] Current position: (19, 15)
[1450066543875] Direction: (0, 0)
______________
[1450066543875] Desired Position: (8, 6)
[1450066543875] Direction: (1, -1)
______________
[1450066544225] NearObjects size: 3
[1450066544225] NearObjectsToExtinguish: 1
[1450066544225] NearObjects size: 5
[1450066544225] NearObjectsToExtinguish: 0
[1450066544225] Current position: (19, 15)
[1450066544225] Desired Position: (8, 6)
[1450066544225] Direction: (0, 0)
______________
[1450066544225] Current position: (13, 17)
[1450066544225] Desired Position: (14, 17)
[1450066544225] Direction: (-1, -1)
______________
[1450066544575] NearObjects size: 4
[1450066544575] NearObjectsToExtinguish: 0
[1450066544575] Current position: (19, 15)
[1450066544575] Desired Position: (8, 6)
[1450066544575] NearObjects size: 3
[1450066544575] NearObjectsToExtinguish: 0
[1450066544575] Direction: (0, 0)
______________
[1450066544575] Current position: (13, 17)
[1450066544575] Desired Position: (14, 17)
[1450066544575] Direction: (0, 0)
______________
[1450066544925] NearObjects size: 3
[1450066544925] NearObjectsToExtinguish: 0
[1450066544925] NearObjects size: 2
[1450066544925] NearObjectsToExtinguish: 0
[1450066544925] Current position: (19, 15)
[1450066544925] Current position: (13, 17)
[1450066544925] Desired Position: (8, 6)
[1450066544925] Direction: (0, 0)
[1450066544925] Desired Position: (14, 17)
[1450066544925] Direction: (0, 0)
______________
______________
[1450066545276] NearObjects size: 2
[1450066545276] NearObjectsToExtinguish: 0
[1450066545276] Current position: (19, 15)
[1450066545276] Desired Position: (8, 6)
[1450066545276] NearObjects size: 1
[1450066545276] Direction: (0, 0)
______________
[1450066545276] NearObjectsToExtinguish: 0
[1450066545276] Current position: (13, 17)
[1450066545276] Desired Position: (14, 17)
[1450066545276] Direction: (0, 0)
______________
[1450066545626] NearObjects size: 2
[1450066545626] NearObjectsToExtinguish: 2
[1450066545626] Current position: (12, 16)
[1450066545626] NearObjects size: 1
[1450066545626] NearObjectsToExtinguish: 0
[1450066545626] Desired Position: (14, 17)
[1450066545626] Direction: (-1, -1)
[1450066545626] Current position: (19, 15)
[1450066545626] Desired Position: (8, 6)
______________
[1450066545626] Direction: (0, 0)
______________
[1450066545977] NearObjects size: 2
[1450066545977] NearObjectsToExtinguish: 0
[1450066545977] NearObjects size: 3
[1450066545977] NearObjectsToExtinguish: 1
[1450066545977] Current position: (12, 16)
[1450066545977] Desired Position: (14, 17)
[1450066545977] Current position: (18, 14)
[1450066545977] Desired Position: (8, 6)
[1450066545977] Direction: (0, 0)
______________
[1450066545977] Direction: (-1, -1)
______________
[1450066546327] NearObjects size: 1
[1450066546327] NearObjectsToExtinguish: 0
[1450066546327] NearObjects size: 3
[1450066546327] NearObjectsToExtinguish: 0
[1450066546327] Current position: (18, 14)
[1450066546327] Desired Position: (8, 6)
[1450066546327] Direction: (0, 0)
______________
[1450066546327] Current position: (12, 16)
[1450066546327] Desired Position: (14, 17)
[1450066546327] Direction: (0, 0)
______________
[1450066546679] NearObjects size: 0
[1450066546679] NearObjectsToExtinguish: 0
[1450066546679] Current position: (12, 16)
[1450066546679] Desired Position: (14, 17)
[1450066546679] Direction: (0, 0)
______________
[1450066546679] NearObjects size: 4
[1450066546679] NearObjectsToExtinguish: 2
[1450066546679] Current position: (17, 15)
[1450066546679] Desired Position: (8, 6)
[1450066546679] Direction: (-1, 1)
______________
[1450066547031] NearObjects size: 0
[1450066547031] NearObjectsToExtinguish: 0
[1450066547031] Current position: (12, 16)
[1450066547031] NearObjects size: 4
[1450066547031] Desired Position: (14, 17)
[1450066547031] Direction: (null)
______________
[1450066547031] NearObjectsToExtinguish: 0
[1450066547031] Current position: (17, 15)
[1450066547031] Desired Position: (8, 6)
[1450066547031] Direction: (0, 0)
______________
[1450066547381] NearObjects size: 3
[1450066547381] NearObjectsToExtinguish: 0
[1450066547381] Current position: (17, 15)
[1450066547381] Desired Position: (8, 6)
[1450066547381] Direction: (0, 0)
______________
[1450066547731] NearObjects size: 2
[1450066547731] NearObjectsToExtinguish: 0
[1450066547731] Current position: (17, 15)
[1450066547731] Desired Position: (8, 6)
[1450066547731] Direction: (0, 0)
______________
[1450066548081] NearObjects size: 1
[1450066548081] NearObjectsToExtinguish: 0
[1450066548081] Current position: (17, 15)
[1450066548081] Desired Position: (8, 6)
[1450066548081] Direction: (0, 0)
______________
[1450066548431] NearObjects size: 1
[1450066548431] NearObjectsToExtinguish: 1
[1450066548431] Current position: (16, 16)
[1450066548431] Desired Position: (8, 6)
[1450066548431] Direction: (-1, 1)
______________
[1450066548781] NearObjects size: 1
[1450066548781] NearObjectsToExtinguish: 0
[1450066548781] Current position: (16, 16)
[1450066548781] Desired Position: (8, 6)
[1450066548781] Direction: (0, 0)
______________
[1450066549131] NearObjects size: 0
[1450066549131] NearObjectsToExtinguish: 0
[1450066549131] Current position: (16, 16)
[1450066549131] Desired Position: (8, 6)
[1450066549131] Direction: (0, 0)
______________
[1450066549482] NearObjects size: 0
[1450066549482] NearObjectsToExtinguish: 0
[1450066549482] Current position: (15, 17)
[1450066549482] Desired Position: (1, 17)
[1450066549482] Direction: (-1, 1)
______________
[1450066549832] NearObjects size: 0
[1450066549832] NearObjectsToExtinguish: 0
[1450066549832] Current position: (14, 16)
[1450066549832] Desired Position: (3, 16)
[1450066549832] Direction: (-1, -1)
______________
[1450066550183] NearObjects size: 1
[1450066550183] NearObjectsToExtinguish: 0
[1450066550183] Current position: (13, 15)
[1450066550183] Desired Position: (9, 2)
[1450066550183] Direction: (-1, -1)
______________
[1450066550533] NearObjects size: 2
[1450066550533] NearObjectsToExtinguish: 1
[1450066550533] Current position: (14, 14)
[1450066550533] Desired Position: (9, 2)
[1450066550533] Direction: (1, -1)
______________
[1450066550883] NearObjects size: 2
[1450066550883] NearObjectsToExtinguish: 0
[1450066550883] Current position: (14, 14)
[1450066550883] Desired Position: (9, 2)
[1450066550883] Direction: (0, 0)
______________
[1450066551234] NearObjects size: 1
[1450066551234] NearObjectsToExtinguish: 0
[1450066551234] Current position: (14, 14)
[1450066551234] Desired Position: (9, 2)
[1450066551234] Direction: (0, 0)
______________
[1450066551584] NearObjects size: 3
[1450066551584] NearObjectsToExtinguish: 1
[1450066551584] Current position: (13, 13)
[1450066551584] Desired Position: (9, 2)
[1450066551584] Direction: (-1, -1)
______________
[1450066551934] NearObjects size: 3
[1450066551934] NearObjectsToExtinguish: 0
[1450066551934] Current position: (13, 13)
[1450066551934] Desired Position: (9, 2)
[1450066551934] Direction: (0, 0)
______________
[1450066552284] NearObjects size: 5
[1450066552284] NearObjectsToExtinguish: 2
[1450066552284] Current position: (14, 12)
[1450066552284] Desired Position: (9, 2)
[1450066552284] Direction: (1, -1)
______________
[1450066552634] NearObjects size: 5
[1450066552634] NearObjectsToExtinguish: 0
[1450066552634] Current position: (14, 12)
[1450066552634] Desired Position: (9, 2)
[1450066552634] Direction: (0, 0)
______________
[1450066552985] NearObjects size: 4
[1450066552985] NearObjectsToExtinguish: 0
[1450066552985] Current position: (14, 12)
[1450066552985] Desired Position: (9, 2)
[1450066552985] Direction: (0, 0)
______________
[1450066553336] NearObjects size: 3
[1450066553336] NearObjectsToExtinguish: 0
[1450066553336] Current position: (14, 12)
[1450066553336] Desired Position: (9, 2)
[1450066553336] Direction: (0, 0)
______________
[1450066553686] NearObjects size: 3
[1450066553686] NearObjectsToExtinguish: 1
[1450066553686] Current position: (15, 11)
[1450066553686] Desired Position: (9, 2)
[1450066553686] Direction: (1, -1)
______________
[1450066554037] NearObjects size: 3
[1450066554037] NearObjectsToExtinguish: 0
[1450066554037] Current position: (15, 11)
[1450066554037] Desired Position: (9, 2)
[1450066554037] Direction: (0, 0)
______________
[1450066554387] NearObjects size: 2
[1450066554387] NearObjectsToExtinguish: 0
[1450066554387] Current position: (15, 11)
[1450066554387] Desired Position: (9, 2)
[1450066554387] Direction: (0, 0)
______________
[1450066554737] NearObjects size: 1
[1450066554737] NearObjectsToExtinguish: 0
[1450066554737] Current position: (15, 11)
[1450066554737] Desired Position: (9, 2)
[1450066554737] Direction: (0, 0)
______________
[1450066555087] NearObjects size: 4
[1450066555087] NearObjectsToExtinguish: 2
[1450066555087] Current position: (14, 10)
[1450066555087] Desired Position: (9, 2)
[1450066555087] Direction: (-1, -1)
______________
[1450066555438] NearObjects size: 4
[1450066555438] NearObjectsToExtinguish: 0
[1450066555438] Current position: (14, 10)
[1450066555438] Desired Position: (9, 2)
[1450066555438] Direction: (0, 0)
______________
[1450066555789] NearObjects size: 3
[1450066555789] NearObjectsToExtinguish: 0
[1450066555789] Current position: (14, 10)
[1450066555789] Desired Position: (9, 2)
[1450066555789] Direction: (0, 0)
______________
[1450066556140] NearObjects size: 4
[1450066556140] NearObjectsToExtinguish: 1
[1450066556140] Current position: (13, 11)
[1450066556140] Desired Position: (9, 2)
[1450066556140] Direction: (-1, 1)
______________
[1450066556490] NearObjects size: 4
[1450066556490] NearObjectsToExtinguish: 0
[1450066556490] Current position: (13, 11)
[1450066556490] Desired Position: (9, 2)
[1450066556490] Direction: (0, 0)
______________
[1450066556841] NearObjects size: 3
[1450066556841] NearObjectsToExtinguish: 0
[1450066556841] Current position: (13, 11)
[1450066556841] Desired Position: (9, 2)
[1450066556841] Direction: (0, 0)
______________
[1450066557191] NearObjects size: 2
[1450066557191] NearObjectsToExtinguish: 0
[1450066557191] Current position: (13, 11)
[1450066557191] Desired Position: (9, 2)
[1450066557191] Direction: (0, 0)
______________
[1450066557541] NearObjects size: 4
[1450066557541] NearObjectsToExtinguish: 2
[1450066557541] Current position: (12, 12)
[1450066557541] Desired Position: (9, 2)
[1450066557541] Direction: (-1, 1)
______________
[1450066557891] NearObjects size: 4
[1450066557891] NearObjectsToExtinguish: 0
[1450066557891] Current position: (12, 12)
[1450066557891] Desired Position: (9, 2)
[1450066557891] Direction: (0, 0)
______________
[1450066558241] NearObjects size: 8
[1450066558241] NearObjectsToExtinguish: 3
[1450066558241] Current position: (11, 11)
[1450066558241] Desired Position: (9, 2)
[1450066558241] Direction: (-1, -1)
______________
[1450066558591] NearObjects size: 8
[1450066558591] NearObjectsToExtinguish: 0
[1450066558591] Current position: (11, 11)
[1450066558591] Desired Position: (9, 2)
[1450066558591] Direction: (0, 0)
______________
[1450066558941] NearObjects size: 7
[1450066558941] NearObjectsToExtinguish: 0
[1450066558941] Current position: (11, 11)
[1450066558941] Desired Position: (9, 2)
[1450066558941] Direction: (0, 0)
______________
[1450066559292] NearObjects size: 6
[1450066559292] NearObjectsToExtinguish: 0
[1450066559292] Current position: (11, 11)
[1450066559292] Desired Position: (9, 2)
[1450066559292] Direction: (0, 0)
______________
[1450066559642] NearObjects size: 5
[1450066559642] NearObjectsToExtinguish: 0
[1450066559642] Current position: (11, 11)
[1450066559642] Desired Position: (9, 2)
[1450066559642] Direction: (0, 0)
______________
[1450066559992] NearObjects size: 4
[1450066559992] NearObjectsToExtinguish: 0
[1450066559992] Current position: (11, 11)
[1450066559992] Desired Position: (9, 2)
[1450066559992] Direction: (0, 0)
______________
[1450066560343] NearObjects size: 7
[1450066560343] NearObjectsToExtinguish: 3
[1450066560343] Current position: (10, 10)
[1450066560343] Desired Position: (9, 2)
[1450066560343] Direction: (-1, -1)
______________
[1450066560694] NearObjects size: 7
[1450066560694] NearObjectsToExtinguish: 0
[1450066560694] Current position: (10, 10)
[1450066560694] Desired Position: (9, 2)
[1450066560694] Direction: (0, 0)
______________
[1450066561044] NearObjects size: 6
[1450066561044] NearObjectsToExtinguish: 0
[1450066561044] Current position: (10, 10)
[1450066561044] Desired Position: (9, 2)
[1450066561044] Direction: (0, 0)
______________
[1450066561394] NearObjects size: 5
[1450066561394] NearObjectsToExtinguish: 0
[1450066561394] Current position: (10, 10)
[1450066561394] Desired Position: (9, 2)
[1450066561394] Direction: (0, 0)
______________
[1450066561744] NearObjects size: 4
[1450066561744] NearObjectsToExtinguish: 0
[1450066561744] Current position: (10, 10)
[1450066561744] Desired Position: (9, 2)
[1450066561744] Direction: (0, 0)
______________
[1450066562095] NearObjects size: 5
[1450066562095] NearObjectsToExtinguish: 3
[1450066562095] Current position: (11, 9)
[1450066562095] Desired Position: (9, 2)
[1450066562095] Direction: (1, -1)
______________
[1450066562445] NearObjects size: 5
[1450066562445] NearObjectsToExtinguish: 0
[1450066562445] Current position: (11, 9)
[1450066562445] Desired Position: (9, 2)
[1450066562445] Direction: (0, 0)
______________
[1450066562795] NearObjects size: 4
[1450066562795] NearObjectsToExtinguish: 0
[1450066562795] Current position: (11, 9)
[1450066562795] Desired Position: (9, 2)
[1450066562795] Direction: (0, 0)
______________
[1450066563145] NearObjects size: 5
[1450066563145] NearObjectsToExtinguish: 2
[1450066563145] Current position: (10, 8)
[1450066563145] Desired Position: (9, 2)
[1450066563145] Direction: (-1, -1)
______________
