[STARTING RUN OF logs/14_18_2015_03_18_18.log ]


[1450063098983] Initializing FireProcess
[1450063098983] Getting Fire first element
[1450063098983] Initialize clock.
A person was saved on: (41, 29)
True | 27, 18 > 34, 18
[Fireman 2504] - Accept a rescue request from [Person 2505]
True | 26, 17 > 30, 20
True | 26, 17 > 33, 17
True | 26, 17 > 30, 20
True | 26, 17 > 33, 17
True | 26, 17 > 30, 20
True | 26, 17 > 33, 17
True | 24, 26 > 30, 27
True | 26, 17 > 29, 20
True | 24, 26 > 29, 24
[Fireman 2503] - Accept a rescue request from [Person 2506]
True | 24, 26 > 30, 27
True | 26, 17 > 30, 20
True | 26, 17 > 33, 17
True | 26, 17 > 29, 20
True | 24, 26 > 29, 24
True | 26, 17 > 30, 20
True | 26, 17 > 33, 17
True | 26, 17 > 29, 20
True | 23, 25 > 29, 24
True | 22, 24 > 28, 23
True | 26, 17 > 30, 20
True | 26, 17 > 32, 17
True | 22, 24 > 29, 24
True | 26, 17 > 33, 17
True | 26, 17 > 29, 21
True | 26, 17 > 29, 20
True | 26, 17 > 28, 20
True | 26, 17 > 30, 20
True | 26, 17 > 32, 17
True | 26, 17 > 33, 17
True | 26, 17 > 29, 21
True | 26, 17 > 29, 20
True | 21, 23 > 28, 23
True | 26, 17 > 28, 20
True | 26, 17 > 30, 20
True | 26, 17 > 32, 17
True | 26, 17 > 33, 17
True | 26, 17 > 29, 21
True | 26, 17 > 29, 20
True | 26, 17 > 28, 20
True | 26, 17 > 30, 20
True | 26, 17 > 32, 17
True | 26, 17 > 32, 18
True | 26, 17 > 33, 17
True | 26, 17 > 29, 21
True | 26, 17 > 32, 16
True | 26, 17 > 29, 20
True | 26, 17 > 28, 20
True | 26, 17 > 30, 20
True | 26, 17 > 32, 17
True | 26, 17 > 32, 18
True | 26, 17 > 33, 17
True | 26, 17 > 29, 21
True | 26, 17 > 32, 16
True | 26, 17 > 29, 20
True | 26, 17 > 28, 20
True | 26, 17 > 27, 23
True | 26, 17 > 30, 20
True | 26, 17 > 32, 17
True | 26, 17 > 32, 18
True | 26, 17 > 28, 19
True | 26, 17 > 33, 17
True | 26, 17 > 29, 21
True | 26, 17 > 32, 16
True | 26, 17 > 29, 20
True | 26, 17 > 28, 20
True | 26, 17 > 27, 23
True | 26, 17 > 30, 20
True | 26, 17 > 32, 17
True | 26, 17 > 32, 18
True | 26, 17 > 28, 19
True | 26, 17 > 33, 17
True | 26, 17 > 29, 21
True | 26, 17 > 32, 16
True | 26, 17 > 29, 20
True | 26, 17 > 28, 20
True | 26, 17 > 27, 23
True | 26, 17 > 30, 20
True | 26, 17 > 32, 17
True | 26, 17 > 32, 18
True | 26, 17 > 28, 19
True | 26, 17 > 33, 17
True | 26, 17 > 29, 21
True | 26, 17 > 32, 16
True | 26, 17 > 29, 20
True | 26, 17 > 28, 20
True | 20, 22 > 26, 23
True | 26, 17 > 27, 23
True | 26, 17 > 30, 20
True | 26, 17 > 26, 23
True | 26, 17 > 32, 17
True | 26, 17 > 32, 18
True | 26, 17 > 27, 19
True | 26, 17 > 28, 19
True | 26, 17 > 33, 17
True | 26, 17 > 29, 21
True | 26, 17 > 32, 16
True | 26, 17 > 31, 15
True | 26, 17 > 29, 20
True | 26, 17 > 28, 20
True | 26, 17 > 27, 23
True | 26, 17 > 30, 20
True | 26, 17 > 26, 23
True | 26, 17 > 32, 17
True | 26, 17 > 32, 18
True | 26, 17 > 27, 19
True | 26, 17 > 28, 19
True | 26, 17 > 33, 17
True | 26, 17 > 29, 21
True | 26, 17 > 32, 16
True | 26, 17 > 31, 15
True | 26, 17 > 29, 20
True | 26, 17 > 28, 20
A person was saved on: (19, 21)
True | 26, 17 > 27, 23
True | 26, 17 > 30, 20
True | 26, 17 > 26, 23
True | 26, 17 > 32, 17
True | 26, 17 > 32, 18
True | 26, 17 > 27, 19
True | 26, 17 > 28, 19
True | 26, 17 > 33, 17
True | 26, 17 > 29, 21
True | 26, 17 > 32, 16
True | 26, 17 > 31, 15
True | 26, 17 > 29, 20
True | 26, 17 > 28, 20
True | 26, 17 > 31, 16
True | 26, 17 > 25, 23
True | 26, 17 > 27, 23
True | 26, 17 > 31, 18
True | 26, 17 > 27, 20
True | 26, 17 > 29, 19
True | 26, 17 > 32, 17
True | 26, 17 > 32, 18
True | 26, 17 > 29, 20
True | 26, 17 > 28, 20
True | 26, 17 > 30, 20
True | 26, 17 > 30, 19
True | 26, 17 > 26, 23
True | 26, 17 > 27, 19
True | 26, 17 > 28, 19
True | 26, 17 > 33, 17
True | 26, 17 > 29, 21
True | 26, 17 > 32, 16
True | 26, 17 > 31, 15
True | 26, 17 > 31, 16
True | 26, 17 > 25, 23
True | 26, 17 > 27, 23
True | 26, 17 > 31, 18
True | 26, 17 > 27, 20
True | 26, 17 > 29, 19
True | 26, 17 > 32, 17
True | 26, 17 > 32, 18
True | 26, 17 > 29, 20
True | 26, 17 > 28, 20
True | 26, 17 > 30, 20
True | 26, 17 > 30, 19
True | 26, 17 > 26, 23
True | 26, 17 > 27, 19
True | 26, 17 > 28, 19
True | 26, 17 > 33, 17
True | 26, 17 > 29, 21
True | 26, 17 > 32, 16
True | 26, 17 > 31, 15
True | 26, 17 > 31, 16
True | 26, 17 > 25, 23
True | 26, 17 > 27, 23
True | 26, 17 > 25, 22
True | 26, 17 > 31, 17
True | 26, 17 > 31, 18
True | 26, 17 > 27, 20
True | 26, 17 > 29, 19
True | 26, 17 > 32, 17
True | 26, 17 > 32, 18
True | 26, 17 > 26, 24
True | 26, 17 > 27, 21
True | 26, 17 > 29, 20
True | 26, 17 > 28, 20
True | 26, 17 > 30, 20
True | 26, 17 > 30, 19
True | 26, 17 > 26, 23
True | 26, 17 > 31, 19
True | 26, 17 > 27, 19
True | 26, 17 > 28, 19
True | 26, 17 > 33, 17
True | 26, 17 > 29, 21
True | 26, 17 > 32, 16
True | 26, 17 > 31, 15
True | 26, 17 > 31, 16
True | 26, 17 > 25, 23
True | 26, 17 > 27, 23
True | 26, 17 > 25, 22
True | 26, 17 > 31, 17
True | 26, 17 > 31, 18
True | 26, 17 > 27, 20
True | 26, 17 > 29, 19
True | 26, 17 > 32, 17
True | 26, 17 > 32, 18
True | 26, 17 > 26, 24
True | 26, 17 > 27, 21
True | 26, 17 > 29, 20
True | 26, 17 > 28, 20
True | 26, 17 > 30, 20
True | 26, 17 > 30, 19
True | 26, 17 > 26, 23
True | 26, 17 > 31, 19
True | 26, 17 > 27, 19
True | 26, 17 > 28, 19
True | 26, 17 > 33, 17
True | 26, 17 > 29, 21
True | 26, 17 > 32, 16
True | 26, 17 > 31, 15
True | 26, 17 > 31, 16
True | 26, 17 > 25, 23
True | 26, 17 > 27, 23
True | 26, 17 > 25, 22
True | 26, 17 > 31, 17
True | 26, 17 > 31, 18
True | 26, 17 > 27, 20
True | 26, 17 > 29, 19
True | 26, 17 > 32, 17
True | 26, 17 > 32, 18
True | 26, 17 > 26, 24
True | 26, 17 > 27, 21
True | 26, 17 > 29, 20
True | 26, 17 > 28, 20
True | 26, 17 > 30, 20
True | 26, 17 > 30, 19
True | 26, 17 > 26, 23
True | 26, 17 > 31, 19
True | 26, 17 > 27, 19
True | 26, 17 > 28, 19
True | 26, 17 > 33, 17
True | 26, 17 > 29, 21
True | 26, 17 > 32, 16
True | 26, 17 > 31, 15
True | 25, 33 > 28, 29
True | 26, 17 > 27, 23
True | 26, 17 > 25, 23
True | 26, 17 > 31, 16
True | 26, 17 > 27, 20
True | 26, 17 > 32, 18
True | 26, 17 > 26, 24
True | 26, 17 > 28, 20
True | 26, 17 > 30, 20
True | 26, 17 > 26, 23
True | 26, 17 > 31, 19
True | 26, 17 > 28, 22
True | 26, 17 > 27, 19
True | 26, 17 > 28, 19
True | 26, 17 > 29, 21
True | 26, 17 > 32, 16
True | 26, 17 > 31, 15
True | 26, 17 > 30, 18
True | 26, 17 > 31, 17
True | 26, 17 > 29, 19
[Fireman 2503] - Accept a rescue request from [Person 2510]
True | 26, 17 > 31, 18
True | 26, 17 > 32, 17
True | 26, 17 > 27, 18
True | 26, 17 > 29, 18
True | 26, 17 > 30, 17
True | 26, 17 > 27, 21
True | 26, 17 > 29, 20
True | 26, 17 > 30, 19
True | 26, 17 > 33, 17
True | 26, 17 > 28, 18
True | 25, 33 > 28, 29
True | 26, 17 > 27, 23
True | 26, 17 > 25, 23
True | 26, 17 > 31, 16
True | 26, 17 > 27, 20
True | 26, 17 > 32, 18
True | 26, 17 > 26, 24
True | 26, 17 > 28, 20
True | 26, 17 > 30, 20
True | 26, 17 > 26, 23
True | 26, 17 > 31, 19
True | 26, 17 > 28, 22
True | 26, 17 > 27, 19
True | 26, 17 > 28, 19
True | 26, 17 > 29, 21
True | 26, 17 > 32, 16
True | 26, 17 > 31, 15
True | 26, 17 > 30, 18
True | 26, 17 > 31, 17
True | 26, 17 > 29, 19
True | 26, 17 > 31, 18
True | 26, 17 > 32, 17
True | 26, 17 > 27, 18
True | 26, 17 > 29, 18
True | 26, 17 > 30, 17
True | 26, 17 > 27, 21
True | 26, 17 > 29, 20
True | 26, 17 > 30, 19
True | 26, 17 > 33, 17
True | 26, 17 > 28, 18
True | 25, 33 > 28, 29
True | 26, 17 > 27, 23
True | 26, 17 > 25, 23
True | 26, 17 > 31, 16
True | 26, 17 > 27, 20
True | 26, 17 > 32, 18
True | 26, 17 > 26, 24
True | 26, 17 > 28, 20
True | 26, 17 > 30, 20
True | 26, 17 > 26, 23
True | 26, 17 > 31, 19
True | 26, 17 > 28, 22
True | 26, 17 > 27, 19
True | 26, 17 > 28, 19
True | 26, 17 > 29, 21
True | 26, 17 > 32, 16
True | 26, 17 > 31, 15
True | 26, 17 > 30, 18
True | 26, 17 > 31, 17
True | 26, 17 > 29, 19
True | 26, 17 > 31, 18
True | 26, 17 > 32, 17
True | 26, 17 > 27, 18
True | 26, 17 > 29, 18
True | 26, 17 > 30, 17
True | 26, 17 > 27, 21
True | 26, 17 > 29, 20
True | 26, 17 > 30, 19
True | 26, 17 > 33, 17
True | 26, 17 > 28, 18
True | 26, 17 > 31, 16
True | 26, 17 > 27, 23
True | 26, 17 > 25, 23
True | 25, 33 > 28, 29
True | 26, 17 > 27, 20
True | 26, 17 > 26, 21
True | 26, 17 > 28, 21
True | 26, 17 > 32, 18
True | 26, 17 > 26, 24
True | 26, 17 > 28, 20
True | 26, 17 > 30, 20
True | 26, 17 > 26, 23
True | 26, 17 > 31, 19
True | 26, 17 > 27, 19
True | 26, 17 > 28, 22
True | 26, 17 > 28, 19
True | 26, 17 > 29, 21
True | 26, 17 > 32, 16
True | 26, 17 > 31, 15
True | 26, 17 > 30, 16
True | 26, 17 > 31, 17
True | 26, 17 > 30, 18
True | 26, 17 > 31, 18
True | 26, 17 > 29, 19
True | 26, 17 > 32, 17
True | 26, 17 > 27, 18
True | 26, 17 > 29, 18
True | 26, 17 > 30, 17
True | 26, 17 > 27, 21
True | 26, 17 > 29, 20
True | 26, 17 > 30, 19
True | 26, 17 > 33, 17
True | 26, 17 > 28, 18
True | 25, 33 > 28, 29
True | 26, 17 > 31, 16
True | 26, 17 > 27, 23
True | 26, 17 > 25, 23
True | 26, 17 > 27, 20
True | 26, 17 > 26, 21
True | 26, 17 > 28, 21
True | 26, 17 > 32, 18
True | 26, 17 > 26, 24
True | 26, 17 > 28, 20
True | 26, 17 > 30, 20
True | 26, 17 > 26, 23
True | 26, 17 > 31, 19
True | 26, 17 > 27, 19
True | 26, 17 > 28, 22
True | 26, 17 > 28, 19
True | 26, 17 > 29, 21
True | 26, 17 > 32, 16
True | 26, 17 > 31, 15
True | 26, 17 > 30, 16
True | 26, 17 > 31, 17
True | 26, 17 > 30, 18
True | 26, 17 > 31, 18
True | 26, 17 > 29, 19
True | 26, 17 > 32, 17
True | 26, 17 > 27, 18
True | 26, 17 > 29, 18
True | 26, 17 > 30, 17
True | 26, 17 > 27, 21
True | 26, 17 > 29, 20
True | 26, 17 > 30, 19
True | 26, 17 > 33, 17
True | 26, 17 > 28, 18
True | 25, 33 > 28, 29
True | 26, 17 > 31, 16
True | 26, 17 > 27, 23
True | 26, 17 > 25, 23
True | 26, 17 > 27, 20
True | 26, 17 > 26, 21
True | 26, 17 > 28, 21
True | 26, 17 > 32, 18
True | 26, 17 > 26, 24
True | 26, 17 > 28, 20
True | 26, 17 > 30, 20
True | 26, 17 > 26, 23
True | 26, 17 > 31, 19
True | 26, 17 > 27, 19
True | 26, 17 > 28, 22
True | 26, 17 > 28, 19
True | 26, 17 > 29, 21
True | 26, 17 > 32, 16
True | 26, 17 > 31, 15
True | 26, 17 > 30, 16
True | 26, 17 > 31, 17
True | 26, 17 > 30, 18
True | 26, 17 > 31, 18
True | 26, 17 > 29, 19
True | 26, 17 > 32, 17
True | 26, 17 > 27, 18
True | 26, 17 > 29, 18
True | 26, 17 > 30, 17
True | 26, 17 > 27, 21
True | 26, 17 > 29, 20
True | 26, 17 > 30, 19
True | 26, 17 > 33, 17
True | 26, 17 > 28, 18
True | 25, 33 > 27, 28
True | 26, 17 > 31, 16
True | 25, 33 > 28, 29
True | 26, 17 > 27, 23
True | 26, 17 > 25, 23
True | 26, 17 > 27, 20
True | 26, 17 > 26, 21
True | 26, 17 > 28, 21
True | 26, 17 > 32, 18
True | 26, 17 > 26, 24
True | 26, 17 > 26, 20
True | 26, 17 > 28, 20
True | 26, 17 > 30, 20
True | 26, 17 > 26, 23
True | 26, 17 > 31, 19
True | 26, 17 > 27, 19
True | 26, 17 > 28, 22
True | 26, 17 > 28, 19
True | 26, 17 > 29, 21
True | 26, 17 > 32, 16
True | 26, 17 > 31, 15
True | 26, 17 > 30, 16
True | 26, 17 > 31, 17
True | 26, 17 > 30, 18
True | 26, 17 > 31, 18
True | 26, 17 > 29, 19
True | 26, 17 > 30, 15
True | 26, 17 > 32, 17
True | 26, 17 > 27, 18
True | 26, 17 > 29, 18
True | 26, 17 > 30, 17
True | 26, 17 > 26, 18
True | 26, 17 > 26, 22
True | 26, 17 > 27, 21
True | 26, 17 > 29, 17
True | 26, 17 > 29, 20
True | 26, 17 > 30, 19
True | 26, 17 > 33, 17
True | 26, 17 > 28, 18
True | 26, 17 > 31, 16
True | 26, 17 > 27, 23
True | 25, 33 > 27, 28
True | 26, 17 > 25, 23
True | 26, 17 > 27, 20
True | 25, 33 > 28, 29
True | 26, 17 > 26, 21
True | 26, 17 > 28, 21
True | 26, 17 > 32, 18
True | 26, 17 > 26, 24
True | 26, 17 > 26, 20
True | 26, 17 > 28, 20
True | 26, 17 > 30, 20
True | 26, 17 > 26, 23
True | 26, 17 > 31, 19
True | 26, 17 > 27, 19
True | 26, 17 > 28, 22
True | 26, 17 > 28, 19
True | 26, 17 > 29, 21
True | 26, 17 > 32, 16
True | 26, 17 > 31, 15
True | 26, 17 > 30, 16
True | 26, 17 > 31, 17
True | 26, 17 > 30, 18
True | 26, 17 > 31, 18
True | 26, 17 > 29, 19
True | 26, 17 > 30, 15
True | 26, 17 > 32, 17
True | 26, 17 > 27, 18
True | 26, 17 > 29, 18
True | 26, 17 > 30, 17
True | 26, 17 > 26, 18
True | 26, 17 > 26, 22
True | 26, 17 > 27, 21
True | 26, 17 > 29, 17
True | 26, 17 > 29, 20
True | 26, 17 > 30, 19
True | 26, 17 > 33, 17
True | 26, 17 > 28, 18
True | 25, 33 > 27, 28
True | 25, 33 > 28, 29
True | 26, 17 > 31, 16
True | 26, 17 > 27, 23
True | 26, 17 > 25, 23
True | 26, 17 > 27, 20
True | 26, 17 > 26, 21
True | 26, 17 > 28, 21
True | 26, 17 > 32, 18
True | 26, 17 > 26, 24
True | 26, 17 > 26, 20
True | 26, 17 > 28, 20
True | 26, 17 > 30, 20
True | 26, 17 > 26, 23
True | 26, 17 > 31, 19
True | 26, 17 > 27, 19
True | 26, 17 > 28, 22
True | 26, 17 > 28, 19
True | 26, 17 > 29, 21
True | 26, 17 > 32, 16
True | 26, 17 > 31, 15
True | 26, 17 > 30, 16
True | 26, 17 > 31, 17
True | 26, 17 > 30, 18
True | 26, 17 > 31, 18
True | 26, 17 > 29, 19
True | 26, 17 > 30, 15
True | 26, 17 > 32, 17
True | 26, 17 > 27, 18
True | 26, 17 > 29, 18
True | 26, 17 > 30, 17
True | 26, 17 > 26, 18
True | 26, 17 > 26, 22
True | 26, 17 > 27, 21
True | 26, 17 > 29, 17
True | 26, 17 > 29, 20
True | 26, 17 > 30, 19
True | 26, 17 > 33, 17
True | 26, 17 > 28, 18
True | 25, 33 > 27, 28
True | 25, 33 > 28, 29
True | 25, 33 > 28, 30
True | 26, 17 > 31, 16
A person was saved on: (25, 33)
True | 26, 17 > 25, 23
True | 26, 17 > 27, 23
True | 26, 17 > 27, 20
True | 26, 17 > 26, 21
True | 26, 17 > 28, 21
True | 26, 17 > 32, 18
True | 26, 17 > 26, 24
True | 26, 17 > 26, 19
True | 26, 17 > 26, 20
True | 26, 17 > 28, 20
True | 26, 17 > 29, 15
True | 26, 17 > 30, 20
True | 26, 17 > 26, 23
True | 26, 17 > 31, 19
True | 26, 17 > 27, 19
True | 26, 17 > 28, 22
True | 26, 17 > 28, 19
True | 26, 17 > 29, 16
True | 26, 17 > 29, 21
True | 26, 17 > 32, 16
True | 26, 17 > 31, 15
True | 26, 17 > 27, 22
True | 26, 17 > 30, 16
True | 26, 17 > 31, 17
True | 26, 17 > 30, 18
True | 26, 17 > 31, 18
True | 26, 17 > 29, 19
True | 26, 17 > 30, 15
True | 26, 17 > 32, 17
True | 26, 17 > 27, 18
True | 26, 17 > 29, 18
True | 26, 17 > 30, 17
True | 26, 17 > 26, 18
True | 26, 17 > 26, 22
True | 26, 17 > 27, 21
True | 26, 17 > 29, 17
True | 26, 17 > 29, 20
True | 26, 17 > 25, 21
True | 26, 17 > 30, 19
True | 26, 17 > 33, 17
True | 26, 17 > 28, 18
True | 26, 17 > 31, 16
True | 26, 17 > 25, 23
True | 26, 17 > 27, 23
True | 26, 17 > 27, 20
True | 26, 17 > 26, 21
True | 26, 17 > 28, 21
True | 26, 17 > 32, 18
True | 26, 17 > 26, 24
True | 26, 17 > 26, 19
True | 26, 17 > 26, 20
True | 26, 17 > 28, 20
True | 26, 17 > 29, 15
True | 26, 17 > 30, 20
True | 26, 17 > 26, 23
True | 26, 17 > 31, 19
True | 26, 17 > 27, 19
True | 26, 17 > 28, 22
True | 26, 17 > 28, 19
True | 26, 17 > 29, 16
True | 26, 17 > 29, 21
True | 26, 17 > 32, 16
True | 26, 17 > 31, 15
True | 26, 17 > 27, 22
True | 26, 17 > 30, 16
True | 26, 17 > 31, 17
True | 26, 17 > 30, 18
True | 26, 17 > 31, 18
True | 26, 17 > 29, 19
True | 26, 17 > 30, 15
True | 26, 17 > 32, 17
True | 26, 17 > 27, 18
True | 26, 17 > 29, 18
True | 26, 17 > 30, 17
True | 26, 17 > 26, 18
True | 26, 17 > 26, 22
True | 26, 17 > 27, 21
True | 26, 17 > 29, 17
True | 26, 17 > 29, 20
True | 26, 17 > 25, 21
True | 26, 17 > 30, 19
True | 26, 17 > 33, 17
True | 26, 17 > 28, 18
True | 26, 17 > 31, 16
True | 26, 17 > 25, 23
True | 26, 17 > 27, 23
True | 26, 17 > 27, 20
True | 26, 17 > 26, 21
True | 26, 17 > 28, 21
True | 26, 17 > 32, 18
True | 26, 17 > 26, 24
True | 26, 17 > 26, 19
True | 26, 17 > 26, 20
True | 26, 17 > 28, 20
True | 26, 17 > 29, 15
True | 26, 17 > 30, 20
True | 26, 17 > 26, 23
True | 26, 17 > 31, 19
True | 26, 17 > 27, 19
True | 26, 17 > 25, 18
True | 26, 17 > 28, 22
True | 26, 17 > 28, 19
True | 26, 17 > 29, 16
True | 26, 17 > 29, 21
True | 26, 17 > 32, 16
True | 26, 17 > 31, 15
True | 26, 17 > 27, 22
True | 26, 17 > 30, 16
True | 26, 17 > 31, 17
True | 26, 17 > 30, 18
True | 26, 17 > 31, 18
True | 26, 17 > 29, 19
True | 26, 17 > 30, 15
True | 26, 17 > 32, 17
True | 26, 17 > 29, 18
True | 26, 17 > 27, 18
True | 26, 17 > 30, 17
True | 26, 17 > 26, 18
True | 26, 17 > 26, 22
True | 26, 17 > 29, 17
True | 26, 17 > 27, 21
True | 26, 17 > 29, 20
True | 26, 17 > 25, 21
True | 26, 17 > 30, 19
True | 26, 17 > 28, 17
True | 26, 17 > 33, 17
True | 26, 17 > 28, 18
True | 26, 17 > 31, 16
True | 26, 17 > 25, 23
True | 26, 17 > 27, 23
True | 26, 17 > 27, 20
True | 26, 17 > 26, 21
True | 26, 17 > 28, 21
True | 26, 17 > 32, 18
True | 26, 17 > 26, 24
True | 26, 17 > 26, 19
True | 26, 17 > 26, 20
True | 26, 17 > 28, 20
True | 26, 17 > 29, 15
True | 26, 17 > 30, 20
True | 26, 17 > 26, 23
True | 26, 17 > 31, 19
True | 26, 17 > 27, 19
True | 26, 17 > 25, 18
True | 26, 17 > 28, 22
True | 26, 17 > 28, 19
True | 26, 17 > 29, 16
True | 26, 17 > 29, 21
True | 26, 17 > 32, 16
True | 26, 17 > 31, 15
True | 26, 17 > 27, 22
True | 26, 17 > 30, 16
True | 26, 17 > 31, 17
True | 26, 17 > 30, 18
True | 26, 17 > 31, 18
True | 26, 17 > 29, 19
True | 26, 17 > 30, 15
True | 26, 17 > 32, 17
True | 26, 17 > 29, 18
True | 26, 17 > 27, 18
True | 26, 17 > 30, 17
True | 26, 17 > 26, 18
True | 26, 17 > 26, 22
True | 26, 17 > 29, 17
True | 26, 17 > 27, 21
True | 26, 17 > 29, 20
True | 26, 17 > 25, 21
True | 26, 17 > 30, 19
True | 26, 17 > 28, 17
True | 26, 17 > 33, 17
True | 26, 17 > 28, 18
True | 26, 17 > 31, 16
True | 26, 17 > 25, 23
True | 26, 17 > 27, 23
True | 26, 17 > 27, 20
True | 26, 17 > 26, 21
True | 26, 17 > 28, 21
True | 26, 17 > 32, 18
True | 26, 17 > 26, 24
True | 26, 17 > 26, 19
True | 26, 17 > 26, 20
True | 26, 17 > 28, 20
True | 26, 17 > 29, 15
True | 26, 17 > 30, 20
True | 26, 17 > 26, 23
True | 26, 17 > 31, 19
True | 26, 17 > 27, 19
True | 26, 17 > 25, 18
True | 26, 17 > 28, 22
True | 26, 17 > 28, 19
True | 26, 17 > 29, 16
True | 26, 17 > 29, 21
True | 26, 17 > 32, 16
True | 26, 17 > 31, 15
True | 26, 17 > 27, 22
True | 26, 17 > 30, 16
True | 26, 17 > 31, 17
True | 26, 17 > 30, 18
True | 26, 17 > 31, 18
True | 26, 17 > 29, 19
True | 26, 17 > 30, 15
True | 26, 17 > 32, 17
True | 26, 17 > 29, 18
True | 26, 17 > 27, 18
True | 26, 17 > 30, 17
True | 26, 17 > 26, 18
True | 26, 17 > 26, 22
True | 26, 17 > 29, 17
True | 26, 17 > 27, 21
True | 26, 17 > 29, 20
True | 26, 17 > 25, 21
True | 26, 17 > 30, 19
True | 26, 17 > 28, 17
True | 26, 17 > 33, 17
True | 26, 17 > 28, 18
True | 26, 17 > 31, 16
True | 26, 17 > 25, 23
True | 26, 17 > 27, 23
True | 26, 17 > 27, 20
True | 26, 17 > 25, 17
True | 26, 17 > 26, 21
True | 26, 17 > 28, 21
True | 26, 17 > 32, 18
True | 26, 17 > 26, 24
True | 26, 17 > 26, 19
True | 26, 17 > 26, 20
True | 26, 17 > 29, 15
True | 26, 17 > 28, 20
True | 26, 17 > 30, 14
True | 26, 17 > 30, 20
True | 26, 17 > 26, 23
True | 26, 17 > 31, 19
True | 26, 17 > 28, 22
True | 26, 17 > 25, 18
True | 26, 17 > 27, 19
True | 26, 17 > 28, 19
True | 26, 17 > 29, 16
True | 26, 17 > 29, 21
True | 26, 17 > 32, 16
True | 26, 17 > 31, 15
True | 26, 17 > 27, 22
True | 26, 17 > 30, 16
True | 26, 17 > 29, 13
True | 26, 17 > 31, 17
True | 26, 17 > 30, 18
True | 26, 17 > 31, 18
True | 26, 17 > 29, 19
True | 26, 17 > 30, 15
True | 26, 17 > 32, 17
True | 26, 17 > 29, 18
True | 26, 17 > 27, 18
True | 26, 17 > 30, 17
True | 26, 17 > 26, 18
True | 26, 17 > 26, 22
True | 26, 17 > 28, 16
True | 26, 17 > 25, 20
True | 26, 17 > 29, 17
True | 26, 17 > 27, 21
True | 26, 17 > 29, 20
True | 26, 17 > 25, 21
True | 26, 17 > 30, 19
True | 26, 17 > 28, 17
True | 26, 17 > 33, 17
True | 26, 17 > 28, 18
True | 26, 17 > 31, 16
True | 26, 17 > 25, 23
True | 26, 17 > 27, 23
True | 26, 17 > 27, 20
True | 26, 17 > 25, 17
True | 26, 17 > 26, 21
True | 26, 17 > 28, 21
True | 26, 17 > 32, 18
True | 26, 17 > 26, 24
True | 26, 17 > 26, 19
True | 26, 17 > 26, 20
True | 26, 17 > 29, 15
True | 26, 17 > 28, 20
True | 26, 17 > 30, 14
True | 26, 17 > 30, 20
True | 26, 17 > 26, 23
True | 26, 17 > 31, 19
True | 26, 17 > 28, 22
True | 26, 17 > 25, 18
True | 26, 17 > 27, 19
True | 26, 17 > 28, 19
True | 26, 17 > 29, 16
True | 26, 17 > 29, 21
True | 26, 17 > 32, 16
True | 26, 17 > 31, 15
True | 26, 17 > 27, 22
True | 26, 17 > 30, 16
True | 26, 17 > 29, 13
True | 26, 17 > 31, 17
True | 26, 17 > 30, 18
True | 26, 17 > 31, 18
True | 26, 17 > 29, 19
True | 26, 17 > 30, 15
True | 26, 17 > 32, 17
True | 26, 17 > 29, 18
True | 26, 17 > 27, 18
True | 26, 17 > 30, 17
True | 26, 17 > 26, 18
True | 26, 17 > 26, 22
True | 26, 17 > 28, 16
True | 26, 17 > 25, 20
True | 26, 17 > 29, 17
True | 26, 17 > 27, 21
True | 26, 17 > 29, 20
True | 26, 17 > 25, 21
True | 26, 17 > 30, 19
True | 26, 17 > 28, 17
True | 26, 17 > 33, 17
True | 26, 17 > 28, 18
True | 26, 17 > 31, 16
True | 26, 17 > 25, 23
True | 26, 17 > 27, 23
True | 26, 17 > 27, 20
True | 26, 17 > 25, 17
True | 26, 17 > 26, 21
True | 26, 17 > 28, 21
True | 26, 17 > 32, 18
True | 26, 17 > 26, 24
True | 26, 17 > 26, 19
True | 26, 17 > 26, 20
True | 26, 17 > 29, 15
True | 26, 17 > 28, 20
True | 26, 17 > 30, 14
True | 26, 17 > 30, 20
True | 26, 17 > 26, 23
True | 26, 17 > 31, 19
True | 26, 17 > 28, 22
True | 26, 17 > 25, 18
True | 26, 17 > 27, 19
True | 26, 17 > 28, 19
True | 26, 17 > 29, 16
True | 26, 17 > 29, 21
True | 26, 17 > 32, 16
True | 26, 17 > 31, 15
True | 26, 17 > 27, 22
True | 26, 17 > 30, 16
True | 26, 17 > 29, 13
True | 26, 17 > 31, 17
True | 26, 17 > 30, 18
True | 26, 17 > 31, 18
True | 26, 17 > 29, 19
True | 26, 17 > 30, 15
True | 26, 17 > 32, 17
True | 26, 17 > 29, 18
True | 26, 17 > 27, 18
True | 26, 17 > 30, 17
True | 26, 17 > 26, 18
True | 26, 17 > 26, 22
True | 26, 17 > 28, 16
True | 26, 17 > 25, 20
True | 26, 17 > 29, 17
True | 26, 17 > 27, 21
True | 26, 17 > 29, 20
True | 26, 17 > 25, 21
True | 26, 17 > 30, 19
True | 26, 17 > 28, 17
True | 26, 17 > 33, 17
True | 26, 17 > 28, 18
True | 26, 17 > 25, 23
True | 26, 17 > 26, 21
True | 26, 17 > 32, 18
True | 26, 17 > 26, 24
True | 26, 17 > 26, 20
True | 26, 17 > 28, 20
True | 26, 17 > 26, 23
True | 26, 17 > 27, 19
True | 26, 17 > 29, 16
True | 26, 17 > 27, 22
True | 26, 17 > 31, 15
True | 26, 17 > 31, 17
True | 26, 17 > 30, 18
True | 26, 17 > 29, 19
True | 26, 17 > 30, 15
True | 26, 17 > 32, 17
True | 26, 17 > 27, 18
True | 26, 17 > 29, 18
True | 26, 17 > 26, 18
True | 26, 17 > 28, 16
True | 26, 17 > 25, 20
True | 26, 17 > 29, 20
True | 26, 17 > 28, 17
True | 26, 17 > 33, 17
True | 26, 17 > 27, 23
True | 26, 17 > 24, 18
True | 26, 17 > 31, 16
True | 26, 17 > 29, 14
True | 26, 17 > 27, 20
True | 26, 17 > 25, 17
True | 26, 17 > 28, 21
True | 26, 17 > 26, 19
True | 26, 17 > 24, 20
True | 26, 17 > 29, 15
True | 26, 17 > 30, 14
True | 26, 17 > 27, 17
True | 26, 17 > 30, 20
True | 26, 17 > 31, 19
True | 26, 17 > 25, 18
True | 26, 17 > 28, 22
True | 26, 17 > 28, 19
True | 26, 17 > 24, 22
True | 26, 17 > 26, 17
True | 26, 17 > 29, 21
True | 26, 17 > 32, 16
True | 26, 17 > 30, 16
True | 26, 17 > 29, 13
True | 26, 17 > 31, 18
True | 26, 17 > 30, 17
True | 26, 17 > 26, 22
True | 26, 17 > 27, 21
True | 26, 17 > 29, 17
True | 26, 17 > 25, 21
True | 26, 17 > 30, 19
True | 26, 17 > 28, 18
