[STARTING RUN OF logs/14_19_2015_03_19_32.log ]


[1450063172425] Initializing FireProcess
[1450063172425] Getting Fire first element
[1450063172426] Initialize clock.
True | 38, 12 > 38, 19
[Fireman 2503] - Accept a rescue request from [Person 2505]
True | 38, 12 > 38, 19
True | 37, 11 > 37, 18
True | 38, 12 > 39, 18
True | 38, 12 > 38, 19
True | 38, 12 > 37, 18
True | 38, 12 > 38, 18
True | 37, 11 > 37, 18
True | 37, 11 > 37, 18
A person was saved on: (37, 11)
True | 43, 13 > 42, 19
[Fireman 2503] - Accept a rescue request from [Person 2509]
True | 43, 13 > 42, 19
True | 43, 13 > 42, 19
True | 44, 14 > 39, 16
True | 44, 14 > 42, 18
True | 44, 14 > 42, 19
True | 45, 15 > 39, 16
True | 45, 15 > 42, 18
True | 45, 15 > 42, 19
True | 46, 16 > 39, 16
True | 46, 16 > 42, 18
True | 46, 16 > 42, 19
True | 46, 16 > 40, 16
True | 46, 16 > 39, 16
True | 46, 16 > 42, 18
True | 46, 16 > 42, 17
True | 46, 16 > 42, 19
True | 46, 16 > 40, 17
True | 46, 16 > 40, 16
True | 46, 16 > 39, 16
True | 46, 16 > 42, 18
True | 46, 16 > 42, 17
True | 46, 16 > 42, 19
True | 46, 16 > 40, 17
A person was saved on: (46, 16)
True | 24, 11 > 25, 17
[Fireman 2504] - Accept a rescue request from [Person 2511]
True | 25, 12 > 29, 15
True | 25, 12 > 26, 18
True | 25, 12 > 26, 17
True | 25, 12 > 30, 14
True | 25, 12 > 25, 17
True | 25, 12 > 28, 16
True | 25, 12 > 29, 14
True | 25, 12 > 29, 15
True | 25, 12 > 26, 18
True | 25, 12 > 26, 17
True | 25, 12 > 30, 14
True | 25, 12 > 25, 17
True | 25, 12 > 28, 16
True | 25, 12 > 29, 14
True | 25, 12 > 27, 17
True | 25, 12 > 24, 17
True | 25, 12 > 29, 15
True | 25, 12 > 26, 18
True | 25, 12 > 27, 16
True | 25, 12 > 26, 17
True | 25, 12 > 30, 14
True | 25, 12 > 25, 17
True | 25, 12 > 28, 16
True | 25, 12 > 27, 17
True | 25, 12 > 24, 17
True | 25, 12 > 29, 15
True | 25, 12 > 26, 18
True | 25, 12 > 27, 16
True | 25, 12 > 26, 17
True | 25, 12 > 30, 14
True | 25, 12 > 25, 17
True | 25, 12 > 28, 16
True | 25, 12 > 27, 17
True | 25, 12 > 24, 17
True | 25, 12 > 29, 15
True | 25, 12 > 26, 18
True | 25, 12 > 27, 16
True | 25, 12 > 26, 17
True | 25, 12 > 30, 14
True | 25, 12 > 25, 17
True | 25, 12 > 28, 16
True | 24, 11 > 26, 16
True | 24, 11 > 24, 17
True | 24, 11 > 24, 18
True | 24, 11 > 25, 16
True | 24, 11 > 25, 17
True | 25, 12 > 26, 16
True | 25, 12 > 24, 17
True | 25, 12 > 29, 15
True | 25, 12 > 24, 18
True | 25, 12 > 31, 13
True | 25, 12 > 27, 17
True | 25, 12 > 26, 18
True | 25, 12 > 27, 16
True | 25, 12 > 25, 16
True | 25, 12 > 26, 17
True | 25, 12 > 30, 14
True | 25, 12 > 28, 15
True | 25, 12 > 25, 17
True | 25, 12 > 28, 16
A person was saved on: (25, 12)
False | 4, 20 > 47, 20
True | 24, 5 > 26, 10
True | 24, 5 > 25, 11
True | 24, 5 > 23, 11
True | 24, 5 > 28, 8
[Fireman 2504] - Accept a rescue request from [Person 2507]
False | 4, 20 > 47, 20
True | 23, 4 > 23, 11
True | 24, 5 > 26, 10
True | 24, 5 > 25, 11
False | 4, 20 > 48, 20
True | 24, 5 > 23, 11
False | 4, 20 > 47, 20
True | 24, 5 > 23, 10
True | 24, 5 > 28, 8
True | 24, 5 > 24, 11
True | 24, 5 > 28, 7
False | 4, 20 > 48, 20
False | 4, 20 > 47, 20
True | 23, 4 > 23, 11
True | 23, 4 > 23, 10
False | 4, 20 > 48, 20
False | 4, 20 > 47, 20
True | 24, 5 > 26, 10
True | 24, 5 > 25, 11
True | 24, 5 > 23, 11
True | 24, 5 > 23, 10
True | 24, 5 > 28, 8
True | 24, 5 > 28, 7
True | 25, 6 > 27, 7
True | 25, 6 > 28, 10
False | 4, 20 > 48, 20
True | 25, 6 > 25, 11
False | 4, 20 > 47, 20
True | 25, 6 > 27, 10
True | 25, 6 > 23, 11
True | 25, 6 > 28, 9
True | 25, 6 > 28, 8
True | 25, 6 > 22, 10
True | 25, 6 > 25, 13
True | 25, 6 > 26, 11
True | 25, 6 > 28, 7
True | 25, 6 > 27, 11
True | 25, 6 > 27, 9
True | 25, 6 > 25, 12
True | 25, 6 > 26, 10
True | 25, 6 > 31, 7
True | 25, 6 > 26, 12
True | 25, 6 > 23, 10
True | 25, 6 > 29, 9
False | 4, 20 > 48, 20
True | 24, 5 > 27, 7
True | 24, 5 > 26, 10
False | 4, 20 > 47, 20
True | 24, 5 > 25, 11
True | 24, 5 > 23, 11
True | 24, 5 > 23, 10
True | 24, 5 > 28, 8
True | 24, 5 > 22, 10
True | 24, 5 > 28, 7
True | 24, 5 > 27, 9
True | 24, 5 > 27, 7
False | 4, 20 > 48, 20
True | 24, 5 > 26, 10
False | 4, 20 > 47, 20
True | 24, 5 > 25, 11
True | 24, 5 > 23, 11
True | 24, 5 > 23, 10
True | 24, 5 > 28, 8
True | 24, 5 > 22, 10
True | 24, 5 > 28, 7
True | 24, 5 > 27, 9
False | 4, 20 > 48, 21
True | 23, 4 > 27, 7
False | 4, 20 > 48, 20
True | 23, 4 > 23, 11
False | 4, 20 > 47, 20
True | 23, 4 > 23, 10
True | 23, 4 > 22, 10
True | 23, 4 > 27, 7
False | 4, 20 > 48, 21
True | 23, 4 > 23, 11
False | 4, 20 > 48, 20
True | 23, 4 > 23, 10
False | 4, 20 > 47, 20
True | 23, 4 > 22, 10
True | 22, 3 > 22, 10
False | 4, 20 > 48, 21
A person was saved on: (22, 3)
False | 4, 20 > 48, 20
False | 4, 20 > 47, 20
False | 4, 20 > 48, 21
False | 4, 20 > 48, 20
False | 4, 20 > 48, 19
False | 4, 20 > 47, 20
False | 4, 20 > 48, 21
False | 4, 20 > 48, 20
False | 4, 20 > 48, 19
False | 4, 20 > 47, 20
False | 4, 20 > 48, 21
False | 4, 20 > 48, 20
False | 4, 20 > 48, 19
False | 4, 20 > 47, 20
False | 4, 20 > 48, 21
False | 4, 20 > 48, 20
False | 4, 20 > 48, 19
False | 4, 20 > 47, 20
False | 4, 20 > 48, 21
False | 4, 20 > 48, 20
False | 4, 20 > 48, 19
False | 4, 20 > 47, 20
False | 4, 20 > 49, 21
False | 4, 20 > 48, 21
False | 4, 20 > 48, 20
False | 4, 20 > 48, 19
False | 4, 20 > 47, 20
False | 4, 20 > 49, 21
False | 4, 20 > 48, 21
False | 4, 20 > 48, 20
False | 4, 20 > 48, 19
False | 4, 20 > 47, 20
False | 4, 20 > 49, 21
False | 4, 20 > 48, 21
False | 4, 20 > 48, 20
False | 4, 20 > 48, 19
False | 4, 20 > 47, 20
False | 4, 20 > 49, 21
False | 4, 20 > 49, 19
False | 4, 20 > 48, 21
False | 4, 20 > 48, 20
False | 4, 20 > 48, 19
False | 4, 20 > 47, 20
False | 4, 20 > 49, 21
False | 4, 20 > 49, 19
False | 4, 20 > 48, 21
False | 4, 20 > 48, 20
False | 4, 20 > 48, 19
False | 4, 20 > 47, 20
False | 4, 20 > 49, 21
False | 4, 20 > 49, 19
False | 4, 20 > 48, 21
False | 4, 20 > 48, 20
False | 4, 20 > 48, 19
False | 4, 20 > 47, 20
False | 4, 20 > 49, 21
False | 4, 20 > 49, 19
False | 4, 20 > 48, 21
False | 4, 20 > 48, 20
False | 4, 20 > 48, 19
False | 4, 20 > 49, 22
False | 4, 20 > 47, 20
False | 4, 20 > 49, 21
False | 4, 20 > 49, 19
False | 4, 20 > 48, 21
False | 4, 20 > 48, 20
False | 4, 20 > 48, 19
False | 4, 20 > 49, 22
False | 4, 20 > 47, 20
False | 4, 20 > 49, 21
False | 4, 20 > 49, 19
False | 4, 20 > 48, 21
False | 4, 20 > 48, 20
False | 4, 20 > 48, 19
False | 4, 20 > 49, 22
False | 4, 20 > 47, 20
False | 4, 20 > 49, 21
False | 4, 20 > 49, 19
False | 4, 20 > 49, 18
False | 4, 20 > 48, 21
False | 4, 20 > 48, 20
False | 4, 20 > 48, 19
False | 4, 20 > 49, 22
False | 4, 20 > 47, 20
False | 4, 20 > 49, 21
False | 4, 20 > 49, 19
False | 4, 20 > 49, 18
False | 4, 20 > 48, 21
False | 4, 20 > 48, 20
False | 4, 20 > 48, 19
False | 4, 20 > 49, 22
False | 4, 20 > 47, 20
False | 4, 20 > 49, 21
False | 4, 20 > 49, 19
False | 4, 20 > 49, 18
False | 4, 20 > 48, 21
False | 4, 20 > 48, 20
False | 4, 20 > 48, 19
False | 4, 20 > 49, 22
False | 4, 20 > 47, 20
False | 4, 20 > 49, 21
False | 4, 20 > 49, 19
False | 4, 20 > 49, 18
False | 4, 20 > 48, 21
False | 4, 20 > 48, 20
False | 4, 20 > 48, 19
False | 4, 20 > 49, 22
False | 4, 20 > 47, 20
False | 4, 20 > 49, 20
False | 4, 20 > 49, 21
False | 4, 20 > 49, 19
False | 4, 20 > 49, 18
False | 4, 20 > 48, 21
False | 4, 20 > 48, 20
False | 4, 20 > 48, 19
False | 4, 20 > 49, 22
False | 4, 20 > 47, 20
False | 4, 20 > 49, 20
False | 4, 20 > 49, 21
False | 4, 20 > 49, 19
False | 4, 20 > 49, 18
False | 4, 20 > 48, 21
False | 4, 20 > 48, 20
False | 4, 20 > 48, 19
False | 4, 20 > 49, 22
False | 4, 20 > 47, 20
False | 4, 20 > 49, 20
False | 4, 20 > 49, 21
False | 4, 20 > 49, 19
False | 4, 20 > 49, 18
False | 4, 20 > 48, 21
False | 4, 20 > 48, 20
False | 4, 20 > 48, 19
False | 4, 20 > 49, 22
False | 4, 20 > 47, 20
False | 4, 20 > 49, 20
False | 4, 20 > 49, 21
False | 4, 20 > 49, 19
False | 4, 20 > 49, 18
False | 4, 20 > 48, 21
False | 4, 20 > 48, 20
False | 4, 20 > 48, 19
False | 4, 20 > 49, 22
False | 4, 20 > 47, 20
False | 4, 20 > 49, 20
False | 4, 20 > 49, 21
False | 4, 20 > 49, 19
False | 4, 20 > 49, 18
False | 4, 20 > 48, 21
False | 4, 20 > 48, 20
False | 4, 20 > 48, 19
False | 4, 20 > 49, 22
False | 4, 20 > 47, 20
False | 4, 20 > 49, 20
False | 4, 20 > 49, 21
False | 4, 20 > 49, 19
False | 4, 20 > 49, 18
False | 4, 20 > 48, 21
False | 4, 20 > 48, 20
False | 4, 20 > 48, 19
False | 4, 20 > 49, 22
False | 4, 20 > 47, 20
False | 4, 20 > 49, 20
False | 4, 20 > 49, 21
False | 4, 20 > 49, 19
False | 4, 20 > 49, 18
False | 4, 20 > 48, 21
False | 4, 20 > 48, 20
False | 4, 20 > 48, 19
False | 4, 20 > 49, 22
False | 4, 20 > 47, 20
False | 4, 20 > 49, 20
False | 4, 20 > 49, 21
False | 4, 20 > 49, 19
False | 4, 20 > 49, 18
False | 4, 20 > 48, 21
False | 4, 20 > 48, 20
False | 4, 20 > 48, 19
False | 4, 20 > 49, 22
False | 4, 20 > 47, 20
False | 4, 20 > 49, 20
False | 4, 20 > 49, 21
False | 4, 20 > 49, 19
False | 4, 20 > 49, 18
False | 4, 20 > 48, 21
False | 4, 20 > 48, 20
False | 4, 20 > 48, 19
False | 4, 20 > 49, 22
False | 4, 20 > 47, 20
False | 4, 20 > 49, 20
False | 4, 20 > 49, 21
False | 4, 20 > 49, 19
False | 4, 20 > 49, 18
False | 4, 20 > 48, 21
False | 4, 20 > 48, 20
False | 4, 20 > 48, 19
False | 4, 20 > 49, 22
False | 4, 20 > 47, 20
False | 4, 20 > 49, 20
False | 4, 20 > 49, 21
False | 4, 20 > 49, 19
False | 4, 20 > 49, 18
False | 4, 20 > 48, 21
False | 4, 20 > 48, 20
False | 4, 20 > 48, 19
False | 4, 20 > 49, 22
False | 4, 20 > 47, 20
False | 4, 20 > 49, 20
False | 4, 20 > 49, 21
False | 4, 20 > 49, 19
False | 4, 20 > 49, 18
False | 4, 20 > 48, 21
False | 4, 20 > 48, 20
False | 4, 20 > 48, 19
False | 4, 20 > 49, 22
False | 4, 20 > 47, 20
False | 4, 20 > 49, 20
False | 4, 20 > 49, 21
False | 4, 20 > 49, 19
False | 4, 20 > 49, 18
False | 4, 20 > 48, 21
False | 4, 20 > 48, 20
False | 4, 20 > 48, 19
False | 4, 20 > 49, 22
False | 4, 20 > 47, 20
False | 4, 20 > 49, 20
False | 4, 20 > 49, 21
False | 4, 20 > 49, 19
False | 4, 20 > 49, 18
False | 4, 20 > 48, 21
False | 4, 20 > 48, 20
False | 4, 20 > 48, 19
False | 4, 20 > 49, 22
False | 4, 20 > 47, 20
False | 4, 20 > 49, 20
False | 4, 20 > 49, 21
False | 4, 20 > 49, 19
False | 4, 20 > 49, 18
False | 4, 20 > 48, 21
False | 4, 20 > 48, 20
False | 4, 20 > 48, 19
False | 4, 20 > 49, 22
False | 4, 20 > 47, 20
False | 4, 20 > 49, 20
False | 4, 20 > 49, 21
False | 4, 20 > 49, 19
False | 4, 20 > 49, 18
False | 4, 20 > 48, 21
False | 4, 20 > 48, 20
False | 4, 20 > 48, 19
False | 4, 20 > 49, 22
False | 4, 20 > 47, 20
False | 4, 20 > 49, 20
False | 4, 20 > 49, 21
False | 4, 20 > 49, 19
False | 4, 20 > 49, 18
False | 4, 20 > 48, 21
False | 4, 20 > 48, 20
False | 4, 20 > 48, 19
False | 4, 20 > 49, 22
False | 4, 20 > 47, 20
False | 4, 20 > 49, 20
False | 4, 20 > 49, 21
False | 4, 20 > 49, 19
False | 4, 20 > 49, 18
False | 4, 20 > 48, 21
False | 4, 20 > 48, 20
False | 4, 20 > 48, 19
False | 4, 20 > 49, 22
False | 4, 20 > 47, 20
False | 4, 20 > 49, 20
False | 4, 20 > 49, 21
True | 4, 20 > 11, 20
False | 4, 20 > 49, 19
False | 4, 20 > 49, 18
False | 4, 20 > 48, 21
False | 4, 20 > 48, 20
False | 4, 20 > 48, 19
False | 4, 20 > 49, 22
False | 4, 20 > 47, 20
False | 4, 20 > 49, 20
[Fireman 2503] - Accept a rescue request from [Person 2510]
False | 4, 20 > 49, 21
True | 4, 20 > 11, 20
False | 4, 20 > 49, 19
False | 4, 20 > 49, 18
False | 4, 20 > 48, 21
False | 4, 20 > 48, 20
False | 4, 20 > 48, 19
False | 4, 20 > 49, 22
False | 4, 20 > 47, 20
False | 4, 20 > 49, 20
True | 5, 21 > 12, 21
False | 5, 21 > 49, 21
True | 5, 21 > 11, 20
False | 5, 21 > 48, 21
False | 5, 21 > 49, 22
True | 5, 21 > 11, 21
False | 5, 21 > 49, 20
False | 22, 46 > 22, 3
False | 22, 46 > 24, 1
False | 4, 20 > 49, 21
True | 4, 20 > 11, 20
False | 4, 20 > 49, 19
True | 4, 20 > 10, 19
False | 4, 20 > 49, 18
False | 4, 20 > 48, 21
False | 4, 20 > 48, 20
False | 4, 20 > 48, 19
False | 4, 20 > 49, 22
False | 4, 20 > 47, 20
False | 4, 20 > 49, 20
False | 3, 19 > 49, 21
False | 3, 19 > 49, 17
False | 22, 46 > 22, 3
False | 3, 19 > 48, 17
False | 22, 46 > 24, 1
False | 3, 19 > 49, 16
False | 3, 19 > 48, 18
False | 3, 19 > 48, 19
False | 3, 19 > 48, 20
False | 3, 19 > 48, 21
False | 3, 19 > 49, 18
False | 3, 19 > 49, 22
False | 3, 19 > 46, 19
False | 3, 19 > 47, 19
False | 3, 19 > 47, 18
False | 3, 19 > 49, 19
True | 3, 19 > 10, 19
False | 3, 19 > 47, 20
False | 3, 19 > 49, 20
False | 22, 46 > 22, 3
False | 4, 20 > 49, 21
True | 4, 20 > 11, 20
False | 22, 46 > 23, 2
True | 4, 20 > 9, 18
False | 22, 46 > 24, 1
False | 4, 20 > 49, 19
True | 22, 46 > 22, 39
True | 4, 20 > 10, 19
False | 4, 20 > 49, 18
False | 4, 20 > 48, 21
False | 4, 20 > 48, 20
False | 4, 20 > 48, 19
False | 4, 20 > 49, 22
False | 4, 20 > 47, 20
False | 4, 20 > 49, 20
[Fireman 2504] - Accept a rescue request from [Person 2508]
False | 22, 46 > 22, 3
False | 4, 20 > 49, 21
False | 22, 46 > 23, 2
True | 4, 20 > 11, 20
False | 22, 46 > 24, 1
True | 4, 20 > 9, 18
True | 22, 46 > 22, 39
False | 4, 20 > 49, 19
True | 4, 20 > 10, 19
False | 4, 20 > 49, 18
False | 4, 20 > 48, 21
False | 4, 20 > 48, 20
False | 4, 20 > 48, 19
False | 4, 20 > 49, 22
False | 4, 20 > 47, 20
False | 4, 20 > 49, 20
False | 23, 47 > 26, 0
False | 3, 19 > 49, 21
False | 23, 47 > 26, 1
False | 3, 19 > 49, 17
False | 23, 47 > 22, 3
False | 3, 19 > 48, 17
False | 23, 47 > 27, 0
False | 3, 19 > 49, 16
False | 23, 47 > 23, 2
False | 3, 19 > 48, 18
False | 23, 47 > 24, 2
False | 3, 19 > 48, 19
False | 23, 47 > 24, 3
False | 3, 19 > 48, 20
False | 23, 47 > 23, 4
False | 3, 19 > 48, 21
False | 23, 47 > 23, 3
False | 3, 19 > 49, 18
False | 23, 47 > 24, 1
False | 3, 19 > 49, 22
False | 3, 19 > 46, 19
False | 3, 19 > 47, 19
False | 3, 19 > 47, 18
True | 3, 19 > 9, 18
False | 3, 19 > 49, 19
True | 3, 19 > 10, 19
False | 3, 19 > 47, 20
False | 3, 19 > 49, 20
False | 3, 19 > 49, 21
False | 3, 19 > 49, 17
False | 3, 19 > 48, 17
False | 3, 19 > 49, 16
False | 3, 19 > 48, 18
False | 3, 19 > 48, 19
False | 3, 19 > 48, 20
False | 3, 19 > 48, 21
False | 3, 19 > 49, 18
False | 23, 47 > 26, 0
False | 23, 47 > 26, 1
False | 3, 19 > 49, 22
False | 3, 19 > 46, 19
False | 23, 47 > 22, 3
False | 3, 19 > 47, 19
True | 3, 19 > 8, 18
False | 23, 47 > 27, 0
False | 3, 19 > 47, 18
False | 23, 47 > 23, 2
True | 3, 19 > 9, 18
False | 23, 47 > 23, 1
False | 3, 19 > 49, 19
False | 23, 47 > 24, 2
True | 3, 19 > 10, 19
False | 23, 47 > 24, 3
False | 3, 19 > 47, 20
False | 23, 47 > 24, 0
False | 3, 19 > 49, 20
False | 23, 47 > 23, 4
False | 23, 47 > 23, 3
False | 23, 47 > 24, 1
False | 4, 20 > 49, 21
True | 4, 20 > 11, 20
True | 4, 20 > 10, 21
False | 4, 20 > 48, 19
False | 4, 20 > 48, 20
False | 4, 20 > 48, 21
False | 4, 20 > 49, 18
False | 4, 20 > 49, 22
True | 4, 20 > 8, 18
True | 4, 20 > 9, 18
False | 4, 20 > 49, 19
True | 4, 20 > 10, 19
False | 23, 47 > 26, 0
False | 4, 20 > 47, 20
False | 23, 47 > 26, 1
False | 4, 20 > 49, 20
False | 23, 47 > 22, 3
False | 23, 47 > 27, 0
False | 23, 47 > 23, 2
False | 23, 47 > 23, 1
False | 23, 47 > 24, 2
False | 23, 47 > 24, 3
False | 23, 47 > 24, 0
False | 23, 47 > 23, 4
False | 23, 47 > 23, 3
False | 23, 47 > 24, 1
False | 4, 20 > 49, 21
True | 4, 20 > 11, 20
True | 4, 20 > 10, 21
False | 4, 20 > 48, 19
False | 4, 20 > 48, 20
False | 4, 20 > 48, 21
False | 4, 20 > 49, 18
False | 4, 20 > 49, 22
True | 4, 20 > 8, 18
True | 4, 20 > 9, 18
False | 4, 20 > 49, 19
True | 4, 20 > 10, 19
False | 4, 20 > 47, 20
False | 4, 20 > 49, 20
False | 23, 47 > 26, 0
False | 23, 47 > 26, 1
False | 23, 47 > 22, 3
False | 23, 47 > 27, 0
False | 23, 47 > 23, 2
False | 23, 47 > 23, 1
False | 23, 47 > 24, 2
False | 23, 47 > 24, 3
False | 23, 47 > 24, 0
False | 23, 47 > 23, 4
False | 23, 47 > 23, 3
False | 23, 47 > 24, 1
True | 23, 47 > 25, 42
False | 3, 19 > 49, 21
False | 23, 47 > 25, 0
False | 3, 19 > 49, 17
False | 23, 47 > 22, 3
False | 3, 19 > 48, 17
False | 23, 47 > 23, 2
False | 3, 19 > 49, 16
True | 23, 47 > 28, 45
False | 3, 19 > 48, 18
False | 23, 47 > 23, 1
False | 3, 19 > 48, 19
False | 23, 47 > 24, 3
False | 3, 19 > 48, 20
False | 23, 47 > 24, 0
False | 3, 19 > 48, 21
False | 23, 47 > 26, 0
False | 3, 19 > 49, 18
False | 23, 47 > 26, 1
False | 3, 19 > 49, 22
False | 23, 47 > 27, 0
False | 3, 19 > 46, 19
False | 23, 47 > 24, 2
False | 3, 19 > 47, 19
False | 23, 47 > 22, 1
True | 3, 19 > 8, 18
False | 23, 47 > 23, 3
True | 3, 19 > 7, 16
False | 23, 47 > 23, 4
True | 3, 19 > 7, 18
False | 23, 47 > 24, 1
False | 3, 19 > 47, 18
True | 3, 19 > 9, 18
False | 3, 19 > 49, 19
True | 3, 19 > 10, 19
False | 3, 19 > 47, 20
False | 3, 19 > 49, 20
False | 3, 19 > 49, 21
False | 3, 19 > 49, 17
True | 23, 47 > 25, 42
False | 3, 19 > 48, 17
False | 23, 47 > 25, 0
False | 3, 19 > 49, 16
False | 3, 19 > 48, 18
False | 23, 47 > 22, 3
False | 3, 19 > 48, 19
False | 23, 47 > 23, 2
False | 3, 19 > 48, 20
True | 23, 47 > 28, 45
False | 3, 19 > 48, 21
False | 23, 47 > 23, 1
False | 3, 19 > 49, 18
False | 23, 47 > 24, 3
False | 3, 19 > 49, 22
False | 23, 47 > 24, 0
False | 3, 19 > 46, 19
False | 23, 47 > 26, 0
False | 23, 47 > 26, 1
False | 3, 19 > 47, 19
False | 23, 47 > 27, 0
True | 3, 19 > 8, 18
False | 23, 47 > 24, 2
True | 3, 19 > 7, 16
False | 23, 47 > 22, 1
True | 3, 19 > 7, 18
False | 23, 47 > 23, 3
False | 3, 19 > 47, 18
False | 23, 47 > 23, 4
True | 3, 19 > 9, 18
False | 23, 47 > 24, 1
False | 3, 19 > 49, 19
True | 3, 19 > 10, 19
False | 3, 19 > 47, 20
False | 3, 19 > 49, 20
True | 23, 47 > 25, 42
False | 23, 47 > 25, 0
False | 23, 47 > 22, 3
False | 4, 20 > 49, 21
False | 23, 47 > 23, 2
True | 4, 20 > 11, 20
True | 23, 47 > 28, 45
True | 4, 20 > 10, 21
False | 23, 47 > 23, 1
False | 4, 20 > 48, 19
False | 23, 47 > 24, 3
False | 4, 20 > 48, 20
False | 23, 47 > 24, 0
False | 4, 20 > 48, 21
False | 23, 47 > 26, 0
False | 4, 20 > 49, 18
False | 23, 47 > 26, 1
False | 4, 20 > 49, 22
False | 23, 47 > 27, 0
True | 4, 20 > 7, 16
True | 4, 20 > 8, 18
False | 23, 47 > 24, 2
True | 4, 20 > 7, 18
False | 23, 47 > 22, 1
True | 4, 20 > 9, 18
False | 23, 47 > 23, 3
False | 4, 20 > 49, 19
False | 23, 47 > 23, 4
True | 4, 20 > 10, 19
True | 4, 20 > 9, 21
False | 23, 47 > 24, 1
False | 4, 20 > 47, 20
False | 4, 20 > 49, 20
False | 3, 19 > 49, 21
True | 23, 47 > 25, 42
True | 3, 19 > 8, 21
False | 23, 47 > 25, 0
False | 3, 19 > 49, 17
False | 23, 47 > 22, 3
False | 3, 19 > 48, 17
False | 23, 47 > 23, 2
False | 3, 19 > 49, 16
True | 23, 47 > 28, 45
False | 3, 19 > 48, 18
False | 23, 47 > 23, 1
False | 3, 19 > 48, 19
True | 23, 47 > 23, 40
False | 3, 19 > 48, 20
False | 23, 47 > 25, 1
False | 3, 19 > 48, 21
False | 23, 47 > 24, 3
False | 3, 19 > 49, 18
False | 23, 47 > 24, 0
False | 3, 19 > 49, 22
False | 23, 47 > 26, 0
False | 3, 19 > 46, 19
False | 23, 47 > 26, 1
False | 3, 19 > 47, 19
True | 23, 47 > 24, 41
False | 23, 47 > 27, 0
True | 3, 19 > 8, 18
False | 23, 47 > 22, 0
True | 3, 19 > 7, 16
False | 23, 47 > 24, 2
True | 3, 19 > 7, 17
False | 23, 47 > 22, 1
True | 3, 19 > 7, 18
False | 23, 47 > 22, 2
False | 3, 19 > 47, 18
False | 23, 47 > 23, 3
True | 3, 19 > 9, 18
False | 23, 47 > 23, 4
False | 3, 19 > 49, 19
False | 23, 47 > 24, 1
True | 3, 19 > 10, 19
False | 3, 19 > 47, 20
True | 3, 19 > 8, 17
False | 3, 19 > 49, 20
True | 23, 47 > 25, 42
False | 3, 19 > 49, 21
True | 3, 19 > 8, 21
False | 3, 19 > 49, 17
False | 23, 47 > 25, 0
False | 3, 19 > 48, 17
False | 23, 47 > 22, 3
False | 3, 19 > 49, 16
False | 23, 47 > 23, 2
False | 3, 19 > 48, 18
True | 23, 47 > 28, 45
False | 3, 19 > 48, 19
False | 23, 47 > 23, 1
False | 3, 19 > 48, 20
True | 23, 47 > 23, 40
False | 3, 19 > 48, 21
False | 23, 47 > 25, 1
False | 3, 19 > 49, 18
False | 23, 47 > 24, 3
False | 3, 19 > 49, 22
False | 23, 47 > 24, 0
False | 3, 19 > 46, 19
False | 23, 47 > 26, 0
False | 3, 19 > 47, 19
False | 23, 47 > 26, 1
True | 3, 19 > 8, 18
True | 23, 47 > 24, 41
True | 3, 19 > 7, 16
False | 23, 47 > 27, 0
True | 3, 19 > 7, 17
False | 23, 47 > 22, 0
True | 3, 19 > 7, 18
False | 23, 47 > 24, 2
False | 3, 19 > 47, 18
False | 23, 47 > 22, 1
True | 3, 19 > 9, 18
False | 23, 47 > 22, 2
False | 3, 19 > 49, 19
False | 23, 47 > 23, 3
True | 3, 19 > 10, 19
False | 23, 47 > 23, 4
False | 3, 19 > 47, 20
False | 23, 47 > 24, 1
True | 3, 19 > 8, 17
False | 3, 19 > 49, 20
True | 22, 46 > 25, 42
False | 22, 46 > 25, 0
False | 3, 19 > 49, 21
False | 22, 46 > 22, 3
True | 3, 19 > 8, 21
False | 22, 46 > 23, 2
False | 3, 19 > 49, 17
True | 22, 46 > 28, 45
False | 3, 19 > 48, 17
False | 22, 46 > 23, 1
False | 3, 19 > 49, 16
True | 22, 46 > 23, 40
False | 3, 19 > 48, 18
False | 22, 46 > 24, 0
False | 3, 19 > 48, 19
True | 22, 46 > 22, 39
False | 3, 19 > 48, 20
True | 22, 46 > 24, 41
False | 22, 46 > 22, 0
False | 3, 19 > 48, 21
True | 22, 46 > 21, 40
False | 3, 19 > 49, 18
True | 22, 46 > 22, 40
False | 3, 19 > 49, 22
False | 22, 46 > 22, 1
False | 3, 19 > 46, 19
False | 22, 46 > 22, 2
False | 3, 19 > 47, 19
False | 22, 46 > 24, 1
True | 3, 19 > 8, 18
True | 3, 19 > 7, 16
True | 3, 19 > 7, 17
True | 3, 19 > 7, 18
False | 3, 19 > 47, 18
True | 3, 19 > 9, 18
False | 3, 19 > 49, 19
True | 3, 19 > 10, 19
False | 3, 19 > 47, 20
True | 3, 19 > 8, 17
False | 3, 19 > 49, 20
True | 3, 19 > 8, 21
True | 23, 47 > 25, 42
False | 23, 47 > 25, 0
True | 3, 19 > 9, 20
False | 23, 47 > 22, 3
False | 3, 19 > 49, 16
False | 23, 47 > 23, 2
False | 3, 19 > 48, 18
True | 23, 47 > 24, 42
False | 3, 19 > 48, 20
True | 23, 47 > 28, 45
False | 3, 19 > 47, 19
False | 23, 47 > 23, 1
False | 3, 19 > 46, 19
True | 23, 47 > 23, 40
False | 3, 19 > 49, 22
False | 23, 47 > 25, 1
True | 3, 19 > 7, 16
False | 23, 47 > 25, 2
True | 3, 19 > 8, 18
False | 23, 47 > 24, 3
True | 3, 19 > 7, 17
False | 23, 47 > 24, 0
True | 3, 19 > 8, 20
False | 23, 47 > 26, 0
True | 3, 19 > 9, 18
False | 23, 47 > 26, 1
False | 3, 19 > 49, 19
True | 23, 47 > 24, 41
True | 3, 19 > 10, 19
False | 23, 47 > 27, 0
False | 3, 19 > 47, 20
False | 23, 47 > 22, 0
False | 3, 19 > 49, 20
False | 23, 47 > 24, 2
True | 3, 19 > 8, 17
True | 23, 47 > 27, 45
False | 3, 19 > 49, 21
False | 23, 47 > 22, 1
False | 3, 19 > 49, 17
False | 23, 47 > 22, 2
False | 3, 19 > 48, 17
False | 23, 47 > 23, 3
False | 3, 19 > 49, 18
False | 23, 47 > 23, 4
False | 3, 19 > 48, 21
False | 23, 47 > 24, 1
False | 3, 19 > 48, 19
True | 3, 19 > 7, 18
False | 3, 19 > 47, 18
True | 23, 47 > 25, 42
False | 23, 47 > 25, 0
False | 2, 18 > 49, 16
False | 2, 18 > 48, 18
False | 23, 47 > 22, 3
False | 2, 18 > 48, 20
False | 2, 18 > 49, 22
False | 23, 47 > 23, 2
False | 2, 18 > 47, 19
True | 23, 47 > 24, 42
False | 2, 18 > 46, 19
True | 23, 47 > 28, 45
False | 2, 18 > 49, 15
False | 23, 47 > 23, 1
False | 2, 18 > 48, 16
True | 23, 47 > 23, 40
False | 2, 18 > 47, 17
False | 23, 47 > 25, 1
False | 23, 47 > 25, 2
False | 23, 47 > 24, 3
True | 2, 18 > 8, 18
False | 23, 47 > 24, 0
True | 2, 18 > 7, 16
False | 23, 47 > 26, 0
True | 2, 18 > 7, 17
False | 23, 47 > 26, 1
True | 2, 18 > 9, 18
True | 23, 47 > 24, 41
False | 2, 18 > 49, 14
False | 23, 47 > 27, 0
False | 2, 18 > 47, 16
False | 23, 47 > 22, 0
False | 2, 18 > 49, 19
False | 23, 47 > 24, 2
False | 2, 18 > 47, 20
True | 23, 47 > 27, 45
True | 2, 18 > 8, 17
False | 23, 47 > 22, 1
False | 2, 18 > 49, 20
False | 23, 47 > 22, 2
False | 2, 18 > 49, 21
False | 23, 47 > 23, 3
False | 2, 18 > 49, 17
False | 23, 47 > 23, 4
False | 2, 18 > 48, 17
False | 23, 47 > 24, 1
False | 2, 18 > 48, 19
False | 2, 18 > 48, 21
False | 2, 18 > 49, 18
False | 2, 18 > 48, 15
True | 2, 18 > 7, 18
False | 2, 18 > 46, 18
False | 2, 18 > 47, 18
False | 2, 18 > 45, 18
False | 2, 18 > 46, 17
True | 7, 3 > 11, 6
False | 1, 17 > 47, 15
True | 22, 46 > 25, 42
False | 1, 17 > 48, 14
True | 22, 46 > 27, 44
False | 1, 17 > 47, 14
False | 22, 46 > 22, 3
False | 1, 17 > 49, 16
True | 22, 46 > 24, 42
False | 1, 17 > 48, 18
False | 22, 46 > 23, 0
False | 1, 17 > 48, 20
True | 22, 46 > 22, 41
False | 1, 17 > 49, 22
False | 22, 46 > 22, 0
False | 1, 17 > 49, 15
True | 22, 46 > 22, 40
False | 1, 17 > 46, 19
True | 22, 46 > 21, 40
False | 1, 17 > 47, 19
True | 22, 46 > 23, 42
False | 1, 17 > 47, 17
False | 22, 46 > 22, 2
False | 1, 17 > 48, 16
False | 22, 46 > 24, 1
True | 1, 17 > 7, 16
False | 22, 46 > 25, 0
True | 1, 17 > 7, 17
False | 22, 46 > 23, 2
False | 1, 17 > 49, 12
True | 22, 46 > 28, 45
False | 1, 17 > 45, 17
False | 22, 46 > 23, 1
False | 1, 17 > 48, 13
True | 22, 46 > 23, 41
False | 1, 17 > 49, 14
True | 22, 46 > 23, 40
False | 1, 17 > 49, 19
True | 22, 46 > 26, 45
False | 1, 17 > 47, 16
False | 22, 46 > 24, 0
False | 1, 17 > 47, 20
True | 22, 46 > 22, 39
True | 1, 17 > 8, 17
True | 22, 46 > 21, 41
False | 1, 17 > 49, 20
True | 22, 46 > 24, 41
False | 1, 17 > 49, 21
False | 22, 46 > 22, 1
False | 1, 17 > 49, 17
True | 22, 46 > 27, 45
False | 1, 17 > 48, 17
False | 1, 17 > 46, 15
False | 1, 17 > 45, 16
False | 1, 17 > 49, 18
False | 1, 17 > 48, 19
False | 1, 17 > 48, 21
False | 1, 17 > 48, 15
[Fireman 2503] - Refused a rescue request from [Person 2506]
True | 1, 17 > 7, 18
False | 1, 17 > 46, 18
False | 1, 17 > 47, 18
False | 1, 17 > 49, 13
False | 1, 17 > 46, 16
False | 1, 17 > 45, 18
False | 1, 17 > 46, 17
False | 1, 17 > 47, 15
True | 8, 4 > 14, 5
False | 1, 17 > 48, 14
True | 21, 45 > 25, 42
True | 8, 4 > 11, 8
True | 21, 45 > 27, 44
False | 1, 17 > 47, 14
True | 8, 4 > 11, 6
False | 1, 17 > 49, 16
True | 8, 4 > 8, 11
True | 21, 45 > 21, 39
True | 8, 4 > 12, 6
False | 1, 17 > 48, 18
True | 8, 4 > 12, 7
True | 21, 45 > 24, 42
False | 1, 17 > 48, 20
True | 8, 4 > 9, 10
False | 1, 17 > 49, 22
True | 8, 4 > 11, 7
True | 21, 45 > 28, 45
True | 8, 4 > 13, 6
False | 1, 17 > 49, 15
True | 8, 4 > 13, 5
True | 21, 45 > 23, 40
False | 1, 17 > 46, 19
True | 21, 45 > 23, 41
False | 1, 17 > 47, 19
True | 21, 45 > 26, 45
False | 1, 17 > 47, 17
False | 1, 17 > 48, 16
False | 21, 45 > 23, 0
True | 1, 17 > 7, 16
True | 21, 45 > 21, 41
True | 1, 17 > 7, 17
True | 21, 45 > 22, 39
False | 1, 17 > 49, 12
True | 21, 45 > 24, 41
False | 1, 17 > 45, 17
True | 21, 45 > 22, 41
False | 1, 17 > 48, 13
False | 21, 45 > 22, 0
False | 1, 17 > 49, 14
True | 21, 45 > 21, 38
False | 1, 17 > 49, 19
True | 21, 45 > 21, 40
False | 1, 17 > 47, 16
True | 21, 45 > 22, 40
False | 1, 17 > 47, 20
True | 21, 45 > 27, 45
True | 1, 17 > 8, 17
False | 21, 45 > 22, 1
False | 1, 17 > 49, 20
True | 21, 45 > 23, 42
False | 1, 17 > 49, 21
False | 1, 17 > 49, 17
False | 1, 17 > 48, 17
False | 1, 17 > 46, 15
False | 1, 17 > 45, 16
False | 1, 17 > 49, 18
False | 1, 17 > 48, 19
False | 1, 17 > 48, 21
False | 1, 17 > 48, 15
True | 1, 17 > 7, 18
False | 1, 17 > 46, 18
False | 1, 17 > 47, 18
False | 1, 17 > 49, 13
False | 1, 17 > 46, 16
False | 1, 17 > 45, 18
False | 1, 17 > 46, 17
True | 21, 45 > 25, 42
True | 21, 45 > 27, 44
False | 2, 18 > 49, 16
True | 21, 45 > 21, 39
True | 7, 3 > 11, 6
False | 2, 18 > 48, 18
True | 21, 45 > 24, 42
True | 21, 45 > 28, 45
False | 2, 18 > 48, 20
True | 21, 45 > 23, 40
False | 2, 18 > 49, 22
True | 21, 45 > 23, 41
False | 2, 18 > 47, 19
True | 21, 45 > 26, 45
False | 2, 18 > 46, 19
False | 21, 45 > 23, 0
False | 2, 18 > 49, 15
True | 21, 45 > 21, 41
False | 2, 18 > 48, 16
True | 21, 45 > 22, 39
False | 2, 18 > 47, 17
True | 21, 45 > 24, 41
True | 2, 18 > 8, 18
True | 21, 45 > 22, 41
True | 2, 18 > 7, 16
False | 21, 45 > 22, 0
True | 2, 18 > 7, 17
True | 21, 45 > 21, 38
True | 2, 18 > 8, 19
True | 21, 45 > 21, 40
True | 2, 18 > 9, 18
True | 21, 45 > 22, 40
False | 2, 18 > 49, 14
True | 21, 45 > 27, 45
False | 2, 18 > 47, 16
False | 21, 45 > 22, 1
False | 2, 18 > 49, 19
True | 21, 45 > 23, 42
False | 2, 18 > 47, 20
True | 2, 18 > 8, 17
False | 2, 18 > 49, 20
False | 2, 18 > 49, 21
False | 2, 18 > 49, 17
True | 2, 18 > 7, 19
False | 2, 18 > 48, 17
False | 2, 18 > 48, 19
False | 2, 18 > 48, 21
False | 2, 18 > 49, 18
False | 2, 18 > 48, 15
True | 2, 18 > 7, 18
False | 2, 18 > 46, 18
False | 2, 18 > 47, 18
False | 2, 18 > 45, 18
False | 2, 18 > 46, 17
True | 7, 3 > 10, 6
True | 3, 19 > 8, 21
True | 3, 19 > 9, 20
True | 20, 44 > 25, 42
True | 7, 3 > 11, 6
False | 3, 19 > 49, 16
True | 20, 44 > 20, 41
False | 3, 19 > 48, 18
True | 20, 44 > 27, 44
False | 3, 19 > 48, 20
True | 20, 44 > 21, 39
False | 3, 19 > 47, 19
True | 20, 44 > 25, 45
False | 3, 19 > 46, 19
True | 20, 44 > 24, 42
False | 3, 19 > 49, 22
True | 20, 44 > 24, 43
True | 3, 19 > 8, 18
True | 20, 44 > 23, 41
True | 3, 19 > 7, 16
True | 20, 44 > 23, 40
True | 3, 19 > 7, 17
True | 3, 19 > 7, 22
True | 3, 19 > 8, 19
True | 3, 19 > 8, 20
True | 20, 44 > 26, 45
True | 20, 44 > 20, 37
True | 3, 19 > 9, 18
True | 20, 44 > 21, 41
True | 20, 44 > 22, 39
True | 20, 44 > 24, 41
False | 3, 19 > 49, 19
True | 20, 44 > 22, 41
True | 3, 19 > 10, 19
True | 20, 44 > 20, 38
True | 3, 19 > 6, 15
True | 20, 44 > 20, 39
False | 3, 19 > 47, 20
True | 20, 44 > 22, 42
True | 3, 19 > 8, 17
True | 20, 44 > 19, 39
False | 3, 19 > 49, 20
True | 20, 44 > 21, 38
False | 3, 19 > 49, 21
True | 20, 44 > 21, 40
False | 3, 19 > 49, 17
True | 20, 44 > 22, 40
True | 3, 19 > 7, 21
True | 20, 44 > 23, 42
False | 3, 19 > 48, 17
True | 20, 44 > 19, 38
True | 3, 19 > 7, 19
False | 3, 19 > 49, 18
False | 3, 19 > 48, 21
False | 3, 19 > 48, 19
True | 3, 19 > 7, 20
True | 3, 19 > 7, 18
False | 3, 19 > 47, 18
True | 3, 19 > 9, 19
True | 3, 19 > 8, 21
True | 3, 19 > 9, 20
True | 21, 45 > 25, 42
False | 3, 19 > 49, 16
True | 21, 45 > 27, 44
False | 3, 19 > 48, 18
True | 21, 45 > 21, 39
False | 3, 19 > 48, 20
True | 21, 45 > 25, 45
False | 3, 19 > 47, 19
True | 21, 45 > 24, 42
False | 3, 19 > 46, 19
True | 21, 45 > 24, 43
False | 3, 19 > 49, 22
False | 21, 45 > 23, 0
True | 3, 19 > 8, 18
True | 21, 45 > 22, 41
True | 3, 19 > 7, 16
False | 21, 45 > 22, 0
True | 3, 19 > 7, 17
True | 21, 45 > 22, 42
True | 3, 19 > 7, 22
True | 21, 45 > 21, 38
True | 3, 19 > 8, 19
True | 21, 45 > 22, 40
True | 3, 19 > 8, 20
True | 21, 45 > 21, 40
True | 3, 19 > 9, 18
True | 21, 45 > 23, 42
False | 3, 19 > 49, 19
True | 21, 45 > 20, 41
True | 3, 19 > 10, 19
True | 21, 45 > 28, 45
True | 21, 45 > 23, 40
True | 3, 19 > 6, 15
False | 3, 19 > 47, 20
True | 21, 45 > 23, 41
True | 3, 19 > 8, 17
True | 21, 45 > 26, 45
False | 3, 19 > 49, 20
True | 21, 45 > 22, 39
False | 3, 19 > 49, 21
True | 21, 45 > 21, 41
False | 3, 19 > 49, 17
True | 21, 45 > 24, 41
True | 3, 19 > 7, 21
True | 21, 45 > 20, 39
False | 3, 19 > 48, 17
False | 21, 45 > 22, 1
True | 3, 19 > 7, 19
True | 21, 45 > 27, 45
False | 3, 19 > 49, 18
False | 3, 19 > 48, 21
False | 3, 19 > 48, 19
True | 3, 19 > 7, 20
True | 3, 19 > 7, 18
False | 3, 19 > 47, 18
True | 3, 19 > 9, 19
False | 2, 18 > 49, 16
True | 21, 45 > 25, 42
True | 21, 45 > 27, 44
False | 2, 18 > 48, 18
True | 21, 45 > 21, 39
False | 2, 18 > 48, 20
True | 21, 45 > 25, 45
False | 2, 18 > 49, 22
True | 21, 45 > 24, 42
False | 2, 18 > 47, 19
True | 21, 45 > 24, 43
False | 2, 18 > 46, 19
False | 21, 45 > 23, 0
False | 2, 18 > 49, 15
True | 21, 45 > 22, 41
False | 2, 18 > 48, 16
False | 21, 45 > 22, 0
False | 2, 18 > 47, 17
True | 21, 45 > 22, 42
True | 2, 18 > 8, 18
True | 21, 45 > 21, 38
True | 2, 18 > 7, 16
True | 21, 45 > 22, 40
True | 2, 18 > 7, 17
True | 21, 45 > 21, 40
True | 2, 18 > 8, 19
True | 21, 45 > 23, 42
True | 2, 18 > 9, 18
True | 21, 45 > 20, 41
False | 2, 18 > 49, 14
True | 21, 45 > 28, 45
False | 2, 18 > 47, 16
True | 21, 45 > 23, 40
False | 2, 18 > 49, 19
True | 21, 45 > 23, 41
True | 2, 18 > 6, 15
False | 2, 18 > 47, 20
True | 21, 45 > 26, 45
True | 2, 18 > 8, 17
False | 2, 18 > 49, 20
True | 21, 45 > 22, 39
False | 2, 18 > 49, 21
True | 21, 45 > 21, 41
False | 2, 18 > 49, 17
True | 21, 45 > 24, 41
True | 2, 18 > 7, 19
True | 21, 45 > 20, 39
False | 2, 18 > 48, 17
True | 2, 18 > 7, 20
False | 21, 45 > 22, 1
False | 2, 18 > 48, 19
True | 21, 45 > 27, 45
False | 2, 18 > 48, 21
False | 2, 18 > 49, 18
False | 2, 18 > 48, 15
True | 2, 18 > 7, 18
False | 2, 18 > 46, 18
False | 2, 18 > 47, 18
False | 2, 18 > 45, 18
False | 2, 18 > 46, 17
False | 6, 2 > 49, 2
True | 22, 46 > 25, 42
True | 22, 46 > 27, 44
False | 2, 18 > 49, 16
False | 22, 46 > 22, 3
True | 22, 46 > 25, 45
False | 2, 18 > 48, 18
True | 22, 46 > 24, 42
False | 2, 18 > 48, 20
True | 22, 46 > 24, 43
False | 2, 18 > 49, 22
False | 22, 46 > 23, 0
False | 2, 18 > 47, 19
True | 22, 46 > 27, 46
False | 2, 18 > 46, 19
True | 22, 46 > 26, 43
False | 2, 18 > 49, 15
True | 22, 46 > 22, 41
False | 2, 18 > 48, 16
True | 22, 46 > 23, 43
False | 2, 18 > 47, 17
False | 22, 46 > 22, 0
True | 2, 18 > 8, 18
True | 22, 46 > 22, 42
True | 2, 18 > 7, 16
True | 22, 46 > 26, 44
True | 2, 18 > 7, 17
True | 22, 46 > 22, 40
True | 2, 18 > 8, 19
True | 22, 46 > 21, 40
True | 2, 18 > 6, 16
False | 22, 46 > 22, 2
True | 2, 18 > 9, 18
True | 22, 46 > 23, 42
False | 2, 18 > 49, 14
False | 22, 46 > 24, 1
False | 2, 18 > 47, 16
True | 22, 46 > 20, 41
False | 2, 18 > 49, 19
False | 22, 46 > 25, 0
True | 2, 18 > 6, 15
False | 22, 46 > 23, 2
False | 2, 18 > 47, 20
True | 22, 46 > 28, 45
True | 2, 18 > 8, 17
False | 22, 46 > 23, 1
False | 2, 18 > 49, 20
True | 22, 46 > 23, 40
False | 2, 18 > 49, 21
True | 22, 46 > 23, 41
True | 2, 18 > 6, 20
True | 22, 46 > 26, 45
False | 2, 18 > 49, 17
False | 22, 46 > 24, 0
True | 2, 18 > 7, 19
True | 22, 46 > 22, 39
False | 2, 18 > 48, 17
True | 22, 46 > 21, 41
True | 2, 18 > 7, 20
True | 22, 46 > 24, 41
False | 2, 18 > 48, 19
True | 22, 46 > 25, 43
False | 2, 18 > 48, 21
True | 22, 46 > 27, 45
False | 2, 18 > 49, 18
False | 22, 46 > 22, 1
False | 2, 18 > 48, 15
True | 22, 46 > 20, 42
True | 2, 18 > 7, 18
False | 2, 18 > 46, 18
False | 2, 18 > 47, 18
False | 2, 18 > 45, 18
False | 2, 18 > 46, 17
True | 21, 45 > 25, 42
False | 6, 2 > 49, 2
True | 21, 45 > 27, 44
False | 1, 17 > 47, 15
True | 21, 45 > 21, 39
False | 1, 17 > 48, 14
False | 1, 17 > 47, 14
True | 21, 45 > 25, 45
True | 21, 45 > 24, 42
False | 1, 17 > 49, 16
True | 21, 45 > 24, 43
False | 1, 17 > 48, 18
False | 21, 45 > 23, 0
False | 1, 17 > 48, 20
True | 21, 45 > 27, 46
False | 1, 17 > 49, 22
True | 21, 45 > 26, 43
False | 1, 17 > 49, 15
True | 21, 45 > 22, 41
False | 1, 17 > 46, 19
True | 21, 45 > 23, 43
False | 1, 17 > 47, 19
False | 1, 17 > 47, 17
False | 1, 17 > 48, 16
False | 21, 45 > 22, 0
True | 1, 17 > 7, 16
True | 21, 45 > 22, 42
True | 1, 17 > 7, 17
False | 1, 17 > 49, 12
True | 21, 45 > 21, 38
True | 21, 45 > 26, 44
True | 21, 45 > 22, 40
False | 1, 17 > 45, 17
True | 21, 45 > 21, 40
True | 1, 17 > 6, 16
True | 21, 45 > 23, 42
False | 1, 17 > 48, 13
True | 21, 45 > 20, 41
False | 1, 17 > 49, 14
True | 21, 45 > 28, 45
False | 1, 17 > 49, 19
True | 21, 45 > 23, 40
False | 1, 17 > 47, 16
True | 21, 45 > 23, 41
True | 1, 17 > 6, 15
True | 21, 45 > 26, 45
False | 1, 17 > 47, 20
True | 21, 45 > 22, 39
True | 1, 17 > 8, 17
True | 21, 45 > 21, 41
False | 1, 17 > 49, 20
True | 21, 45 > 24, 41
False | 1, 17 > 49, 21
True | 21, 45 > 20, 39
False | 1, 17 > 49, 17
True | 21, 45 > 25, 43
False | 1, 17 > 48, 17
True | 21, 45 > 27, 45
False | 1, 17 > 46, 15
False | 1, 17 > 45, 16
False | 21, 45 > 22, 1
False | 1, 17 > 49, 18
True | 21, 45 > 20, 42
False | 1, 17 > 48, 19
False | 1, 17 > 48, 21
False | 1, 17 > 48, 15
True | 1, 17 > 7, 18
False | 1, 17 > 46, 18
False | 1, 17 > 47, 18
False | 1, 17 > 49, 13
False | 1, 17 > 46, 16
False | 1, 17 > 45, 18
False | 1, 17 > 46, 17
False | 0, 16 > 48, 14
False | 0, 16 > 47, 14
True | 22, 46 > 25, 42
False | 6, 2 > 49, 2
True | 22, 46 > 27, 44
False | 0, 16 > 49, 10
False | 22, 46 > 22, 3
False | 0, 16 > 48, 12
True | 22, 46 > 25, 45
False | 0, 16 > 48, 20
True | 22, 46 > 24, 42
False | 0, 16 > 47, 19
True | 22, 46 > 24, 43
False | 0, 16 > 46, 19
False | 22, 46 > 23, 0
True | 22, 46 > 27, 46
True | 22, 46 > 26, 43
False | 0, 16 > 49, 15
True | 22, 46 > 22, 41
False | 0, 16 > 49, 22
True | 22, 46 > 23, 43
False | 0, 16 > 48, 16
False | 22, 46 > 22, 0
False | 0, 16 > 45, 17
True | 22, 46 > 22, 42
False | 0, 16 > 49, 14
True | 22, 46 > 26, 44
False | 0, 16 > 47, 16
True | 22, 46 > 22, 40
False | 0, 16 > 49, 19
True | 22, 46 > 21, 40
True | 0, 16 > 6, 15
False | 22, 46 > 22, 2
False | 0, 16 > 47, 20
True | 22, 46 > 23, 42
False | 0, 16 > 49, 20
False | 22, 46 > 24, 1
False | 0, 16 > 49, 17
True | 22, 46 > 20, 41
False | 0, 16 > 46, 14
False | 22, 46 > 25, 0
False | 0, 16 > 46, 15
False | 22, 46 > 23, 2
False | 0, 16 > 48, 19
True | 22, 46 > 28, 45
False | 0, 16 > 49, 18
False | 22, 46 > 23, 1
False | 0, 16 > 43, 16
True | 22, 46 > 23, 40
False | 0, 16 > 44, 16
True | 22, 46 > 23, 41
False | 0, 16 > 48, 15
True | 22, 46 > 26, 45
False | 0, 16 > 46, 18
False | 22, 46 > 24, 0
False | 0, 16 > 47, 18
True | 22, 46 > 22, 39
False | 0, 16 > 49, 13
True | 22, 46 > 21, 41
False | 0, 16 > 48, 11
True | 22, 46 > 24, 41
False | 0, 16 > 47, 13
True | 22, 46 > 25, 43
False | 0, 16 > 44, 15
True | 22, 46 > 27, 45
False | 0, 16 > 47, 15
False | 22, 46 > 22, 1
False | 0, 16 > 45, 14
True | 22, 46 > 20, 42
False | 0, 16 > 49, 16
False | 0, 16 > 48, 18
False | 0, 16 > 47, 17
True | 0, 16 > 7, 16
False | 0, 16 > 46, 13
False | 0, 16 > 49, 12
True | 0, 16 > 6, 16
False | 0, 16 > 48, 13
False | 0, 16 > 47, 12
False | 0, 16 > 49, 21
False | 0, 16 > 45, 15
False | 0, 16 > 48, 17
False | 0, 16 > 45, 16
False | 0, 16 > 49, 11
False | 0, 16 > 48, 21
False | 0, 16 > 46, 16
False | 0, 16 > 45, 18
False | 0, 16 > 46, 17
False | 0, 16 > 48, 14
False | 6, 2 > 49, 2
False | 0, 16 > 47, 14
True | 21, 45 > 25, 42
False | 0, 16 > 49, 10
True | 21, 45 > 27, 44
False | 0, 16 > 48, 12
True | 21, 45 > 21, 39
False | 0, 16 > 48, 20
True | 21, 45 > 25, 46
False | 0, 16 > 47, 19
True | 21, 45 > 25, 45
False | 0, 16 > 46, 19
True | 21, 45 > 24, 42
False | 0, 16 > 49, 15
True | 21, 45 > 24, 43
False | 0, 16 > 49, 22
False | 21, 45 > 23, 0
False | 0, 16 > 48, 16
True | 21, 45 > 27, 46
False | 0, 16 > 45, 17
True | 21, 45 > 20, 40
False | 0, 16 > 49, 14
False | 21, 45 > 19, 0
False | 0, 16 > 47, 16
True | 21, 45 > 26, 43
False | 0, 16 > 49, 19
True | 21, 45 > 22, 41
True | 0, 16 > 6, 15
True | 21, 45 > 23, 43
False | 0, 16 > 47, 20
False | 21, 45 > 22, 0
False | 0, 16 > 49, 20
True | 21, 45 > 21, 38
False | 0, 16 > 49, 17
True | 21, 45 > 22, 42
False | 0, 16 > 46, 14
True | 21, 45 > 26, 44
False | 0, 16 > 46, 15
True | 21, 45 > 22, 40
False | 0, 16 > 48, 19
True | 21, 45 > 21, 40
False | 0, 16 > 49, 18
True | 21, 45 > 26, 46
False | 0, 16 > 43, 16
True | 21, 45 > 23, 42
False | 0, 16 > 44, 16
True | 21, 45 > 20, 41
False | 0, 16 > 48, 15
True | 21, 45 > 28, 45
False | 0, 16 > 46, 18
True | 21, 45 > 23, 40
False | 0, 16 > 47, 18
True | 21, 45 > 23, 41
False | 0, 16 > 49, 13
True | 21, 45 > 26, 45
False | 0, 16 > 48, 11
True | 21, 45 > 22, 39
False | 0, 16 > 47, 13
True | 21, 45 > 21, 41
False | 0, 16 > 44, 15
True | 21, 45 > 19, 40
True | 0, 16 > 6, 17
True | 21, 45 > 24, 41
False | 0, 16 > 47, 15
True | 21, 45 > 25, 43
False | 0, 16 > 45, 14
True | 21, 45 > 20, 39
False | 0, 16 > 49, 16
True | 21, 45 > 25, 44
False | 0, 16 > 48, 18
True | 21, 45 > 27, 45
False | 0, 16 > 47, 17
False | 21, 45 > 22, 1
True | 0, 16 > 7, 16
True | 21, 45 > 20, 42
False | 0, 16 > 46, 13
False | 0, 16 > 49, 12
True | 0, 16 > 6, 16
False | 0, 16 > 48, 13
False | 0, 16 > 47, 12
False | 0, 16 > 49, 21
False | 0, 16 > 45, 15
False | 0, 16 > 48, 17
False | 0, 16 > 45, 16
False | 0, 16 > 49, 11
False | 0, 16 > 48, 21
False | 0, 16 > 46, 16
False | 0, 16 > 45, 18
False | 0, 16 > 46, 17
False | 6, 2 > 49, 2
True | 22, 46 > 25, 42
True | 22, 46 > 27, 44
False | 0, 16 > 48, 14
False | 22, 46 > 22, 3
False | 0, 16 > 47, 14
True | 22, 46 > 25, 46
False | 0, 16 > 49, 10
True | 22, 46 > 25, 45
False | 0, 16 > 48, 12
True | 22, 46 > 24, 42
False | 0, 16 > 48, 20
True | 22, 46 > 24, 43
False | 0, 16 > 47, 19
False | 22, 46 > 23, 0
False | 0, 16 > 46, 19
True | 22, 46 > 27, 46
False | 0, 16 > 49, 15
False | 22, 46 > 19, 0
False | 0, 16 > 49, 22
True | 22, 46 > 26, 43
False | 0, 16 > 48, 16
True | 22, 46 > 22, 41
False | 0, 16 > 45, 17
True | 22, 46 > 23, 43
False | 0, 16 > 49, 14
False | 22, 46 > 22, 0
False | 0, 16 > 47, 16
True | 22, 46 > 22, 42
False | 0, 16 > 49, 19
True | 22, 46 > 26, 44
True | 0, 16 > 6, 15
True | 22, 46 > 22, 40
False | 0, 16 > 47, 20
True | 22, 46 > 21, 40
False | 0, 16 > 49, 20
True | 22, 46 > 26, 46
False | 0, 16 > 49, 17
False | 22, 46 > 22, 2
False | 0, 16 > 46, 14
True | 22, 46 > 23, 42
False | 0, 16 > 46, 15
False | 22, 46 > 24, 1
False | 0, 16 > 48, 19
True | 22, 46 > 20, 41
False | 0, 16 > 49, 18
False | 22, 46 > 25, 0
False | 0, 16 > 43, 16
False | 22, 46 > 23, 2
False | 0, 16 > 44, 16
True | 22, 46 > 28, 45
False | 0, 16 > 48, 15
False | 22, 46 > 23, 1
False | 0, 16 > 46, 18
True | 22, 46 > 23, 40
False | 0, 16 > 47, 18
False | 0, 16 > 49, 13
True | 22, 46 > 23, 41
True | 22, 46 > 26, 45
False | 0, 16 > 48, 11
False | 22, 46 > 24, 0
False | 0, 16 > 47, 13
True | 22, 46 > 22, 39
False | 0, 16 > 44, 15
True | 22, 46 > 21, 41
True | 0, 16 > 6, 17
True | 22, 46 > 24, 41
False | 0, 16 > 47, 15
True | 22, 46 > 25, 43
False | 0, 16 > 45, 14
True | 22, 46 > 25, 44
False | 0, 16 > 49, 16
True | 22, 46 > 27, 45
False | 0, 16 > 48, 18
False | 22, 46 > 22, 1
False | 0, 16 > 47, 17
True | 22, 46 > 20, 42
True | 0, 16 > 7, 16
False | 0, 16 > 46, 13
False | 0, 16 > 49, 12
True | 0, 16 > 6, 16
False | 0, 16 > 48, 13
False | 0, 16 > 47, 12
False | 0, 16 > 49, 21
False | 0, 16 > 45, 15
False | 0, 16 > 48, 17
False | 0, 16 > 45, 16
False | 0, 16 > 49, 11
False | 0, 16 > 48, 21
False | 0, 16 > 46, 16
False | 0, 16 > 45, 18
False | 0, 16 > 46, 17
False | 0, 16 > 48, 14
False | 0, 16 > 47, 14
False | 0, 16 > 49, 10
False | 0, 16 > 48, 12
False | 0, 16 > 48, 20
False | 0, 16 > 47, 19
False | 0, 16 > 46, 19
False | 0, 16 > 49, 15
False | 0, 16 > 49, 22
False | 0, 16 > 48, 16
False | 0, 16 > 45, 17
False | 0, 16 > 49, 14
False | 0, 16 > 47, 16
False | 0, 16 > 49, 19
True | 22, 46 > 25, 42
True | 22, 46 > 27, 44
False | 22, 46 > 22, 3
True | 6, 2 > 7, 8
True | 0, 16 > 6, 15
False | 0, 16 > 47, 20
False | 6, 2 > 49, 2
False | 0, 16 > 49, 20
True | 22, 46 > 25, 46
False | 0, 16 > 49, 17
True | 22, 46 > 25, 45
True | 22, 46 > 24, 42
False | 0, 16 > 46, 14
True | 22, 46 > 24, 43
False | 0, 16 > 46, 15
False | 22, 46 > 23, 0
False | 0, 16 > 48, 19
True | 22, 46 > 23, 44
False | 0, 16 > 49, 18
True | 22, 46 > 27, 46
False | 0, 16 > 43, 16
False | 22, 46 > 19, 0
False | 0, 16 > 44, 16
True | 22, 46 > 26, 43
False | 0, 16 > 48, 15
True | 22, 46 > 22, 41
False | 0, 16 > 46, 18
True | 22, 46 > 23, 43
False | 0, 16 > 47, 18
False | 22, 46 > 22, 0
False | 0, 16 > 49, 13
True | 22, 46 > 22, 42
False | 0, 16 > 48, 11
True | 22, 46 > 26, 44
True | 22, 46 > 22, 40
False | 0, 16 > 47, 13
True | 22, 46 > 21, 40
False | 0, 16 > 44, 15
True | 22, 46 > 26, 46
True | 0, 16 > 6, 17
False | 22, 46 > 22, 2
False | 0, 16 > 47, 15
True | 22, 46 > 23, 42
False | 0, 16 > 45, 14
False | 22, 46 > 24, 1
False | 0, 16 > 49, 16
True | 22, 46 > 20, 41
False | 0, 16 > 48, 18
True | 22, 46 > 19, 42
False | 0, 16 > 47, 17
True | 0, 16 > 7, 16
False | 22, 46 > 25, 0
False | 0, 16 > 46, 13
False | 22, 46 > 23, 2
False | 0, 16 > 49, 12
True | 22, 46 > 28, 45
True | 0, 16 > 6, 16
False | 22, 46 > 23, 1
False | 0, 16 > 48, 13
True | 22, 46 > 23, 40
False | 0, 16 > 47, 12
True | 22, 46 > 23, 41
False | 0, 16 > 49, 21
True | 22, 46 > 26, 45
False | 0, 16 > 45, 15
True | 22, 46 > 28, 46
False | 0, 16 > 48, 17
False | 22, 46 > 24, 0
False | 0, 16 > 45, 16
True | 22, 46 > 21, 41
False | 0, 16 > 49, 11
True | 22, 46 > 24, 41
False | 0, 16 > 48, 21
True | 22, 46 > 25, 43
False | 0, 16 > 46, 16
True | 22, 46 > 25, 44
False | 0, 16 > 45, 18
False | 0, 16 > 46, 17
True | 22, 46 > 27, 45
False | 22, 46 > 22, 1
True | 22, 46 > 20, 42
False | 1, 17 > 47, 15
True | 23, 47 > 25, 42
False | 1, 17 > 48, 14
False | 1, 17 > 47, 14
False | 1, 17 > 49, 16
False | 1, 17 > 48, 18
False | 1, 17 > 48, 20
False | 5, 1 > 48, 1
True | 23, 47 > 27, 44
False | 23, 47 > 22, 3
True | 23, 47 > 25, 46
True | 23, 47 > 25, 45
False | 5, 1 > 49, 2
False | 1, 17 > 49, 22
True | 23, 47 > 24, 42
False | 1, 17 > 49, 15
True | 23, 47 > 24, 43
False | 1, 17 > 46, 19
False | 23, 47 > 25, 1
False | 1, 17 > 47, 19
False | 23, 47 > 23, 0
False | 1, 17 > 47, 17
False | 23, 47 > 25, 2
False | 1, 17 > 48, 16
True | 23, 47 > 23, 44
True | 1, 17 > 7, 16
True | 23, 47 > 27, 46
True | 1, 17 > 7, 17
False | 23, 47 > 19, 0
True | 23, 47 > 26, 43
False | 1, 17 > 49, 12
False | 1, 17 > 45, 17
True | 23, 47 > 23, 43
True | 1, 17 > 6, 16
True | 23, 47 > 22, 41
False | 1, 17 > 48, 13
False | 23, 47 > 22, 0
False | 1, 17 > 49, 14
True | 23, 47 > 22, 42
False | 1, 17 > 49, 19
False | 1, 17 > 47, 16
True | 1, 17 > 6, 15
False | 23, 47 > 24, 2
False | 1, 17 > 47, 20
True | 23, 47 > 26, 44
True | 1, 17 > 8, 17
True | 23, 47 > 26, 46
False | 1, 17 > 49, 20
True | 23, 47 > 23, 42
False | 1, 17 > 49, 21
False | 23, 47 > 22, 2
False | 1, 17 > 49, 17
False | 23, 47 > 24, 1
False | 1, 17 > 48, 17
False | 23, 47 > 25, 0
False | 1, 17 > 46, 15
False | 23, 47 > 23, 2
False | 1, 17 > 45, 16
True | 23, 47 > 28, 45
False | 1, 17 > 49, 18
False | 23, 47 > 23, 1
False | 1, 17 > 48, 19
False | 1, 17 > 48, 21
True | 1, 17 > 5, 20
True | 23, 47 > 23, 40
False | 1, 17 > 48, 15
True | 23, 47 > 26, 45
True | 1, 17 > 7, 18
False | 23, 47 > 24, 3
True | 23, 47 > 28, 46
False | 1, 17 > 46, 18
False | 23, 47 > 24, 0
False | 1, 17 > 47, 18
False | 23, 47 > 26, 0
False | 1, 17 > 49, 13
False | 23, 47 > 26, 1
False | 1, 17 > 46, 16
False | 1, 17 > 45, 18
True | 23, 47 > 24, 41
False | 1, 17 > 46, 17
False | 23, 47 > 27, 0
True | 1, 17 > 6, 17
A person was saved on: (1, 17)
True | 23, 47 > 25, 43
True | 23, 47 > 25, 44
True | 23, 47 > 27, 45
False | 23, 47 > 22, 1
False | 23, 47 > 23, 3
False | 23, 47 > 23, 4
False | 5, 1 > 48, 1
False | 5, 1 > 49, 2
True | 24, 48 > 25, 42
True | 24, 48 > 27, 44
True | 24, 48 > 25, 46
False | 24, 48 > 27, 1
False | 24, 48 > 23, 0
False | 24, 48 > 25, 1
False | 24, 48 > 26, 3
True | 24, 48 > 27, 46
False | 24, 48 > 19, 0
True | 24, 48 > 26, 43
False | 24, 48 > 25, 3
False | 24, 48 > 22, 0
False | 24, 48 > 24, 2
True | 24, 48 > 26, 44
False | 24, 48 > 28, 0
False | 24, 48 > 22, 2
True | 24, 48 > 23, 42
False | 24, 48 > 24, 1
False | 24, 48 > 23, 1
True | 24, 48 > 28, 45
False | 24, 48 > 24, 5
True | 24, 48 > 26, 45
True | 24, 48 > 28, 46
False | 24, 48 > 28, 1
False | 24, 48 > 27, 0
True | 24, 48 > 25, 43
False | 24, 48 > 27, 2
True | 24, 48 > 27, 45
False | 24, 48 > 23, 3
False | 24, 48 > 24, 4
False | 24, 48 > 22, 3
False | 24, 48 > 29, 0
True | 24, 48 > 25, 45
True | 24, 48 > 24, 43
False | 24, 48 > 25, 2
True | 24, 48 > 23, 44
True | 24, 48 > 23, 43
True | 24, 48 > 26, 46
False | 24, 48 > 25, 4
False | 24, 48 > 25, 0
False | 24, 48 > 23, 2
False | 24, 48 > 24, 3
False | 24, 48 > 24, 0
False | 24, 48 > 26, 0
False | 24, 48 > 26, 1
True | 24, 48 > 24, 41
True | 24, 48 > 25, 44
False | 24, 48 > 22, 1
False | 24, 48 > 23, 4
False | 24, 48 > 26, 2
False | 5, 1 > 48, 1
False | 5, 1 > 49, 2
True | 25, 49 > 25, 42
True | 25, 49 > 27, 44
True | 25, 49 > 25, 46
False | 25, 49 > 27, 1
False | 25, 49 > 23, 0
False | 25, 49 > 25, 1
False | 25, 49 > 25, 5
False | 25, 49 > 26, 3
True | 25, 49 > 27, 46
False | 25, 49 > 19, 0
True | 25, 49 > 26, 43
False | 25, 49 > 25, 3
False | 25, 49 > 22, 0
False | 25, 49 > 24, 2
True | 25, 49 > 26, 44
False | 25, 49 > 28, 0
False | 25, 49 > 22, 2
False | 25, 49 > 24, 1
False | 25, 49 > 20, 1
True | 25, 49 > 28, 45
False | 25, 49 > 23, 1
False | 25, 49 > 24, 5
True | 25, 49 > 26, 45
True | 25, 49 > 28, 46
False | 25, 49 > 28, 1
False | 25, 49 > 27, 0
False | 25, 49 > 27, 2
False | 25, 49 > 30, 0
False | 25, 49 > 29, 2
True | 25, 49 > 27, 45
False | 25, 49 > 23, 3
False | 25, 49 > 24, 4
False | 25, 49 > 22, 3
False | 25, 49 > 29, 0
True | 25, 49 > 25, 45
True | 25, 49 > 24, 43
False | 25, 49 > 25, 2
True | 25, 49 > 23, 44
False | 25, 49 > 28, 2
False | 25, 49 > 26, 5
True | 25, 49 > 26, 46
False | 25, 49 > 25, 4
False | 25, 49 > 29, 1
False | 25, 49 > 27, 3
False | 25, 49 > 27, 4
False | 25, 49 > 25, 0
True | 25, 49 > 27, 47
False | 25, 49 > 23, 2
False | 25, 49 > 24, 3
False | 25, 49 > 31, 0
False | 25, 49 > 24, 0
False | 25, 49 > 25, 6
False | 25, 49 > 26, 0
False | 25, 49 > 30, 1
False | 25, 49 > 28, 3
False | 25, 49 > 26, 1
False | 25, 49 > 26, 4
True | 25, 49 > 25, 44
False | 25, 49 > 22, 1
False | 25, 49 > 21, 0
False | 25, 49 > 23, 4
False | 25, 49 > 26, 2
True | 26, 50 > 27, 44
True | 26, 50 > 25, 46
False | 5, 1 > 48, 1
False | 26, 50 > 27, 1
False | 26, 50 > 25, 1
False | 5, 1 > 49, 2
False | 26, 50 > 23, 0
False | 26, 50 > 25, 5
False | 26, 50 > 26, 3
True | 26, 50 > 27, 46
False | 26, 50 > 19, 0
True | 26, 50 > 26, 43
False | 26, 50 > 31, 2
False | 26, 50 > 25, 3
False | 26, 50 > 27, 6
False | 26, 50 > 22, 0
False | 26, 50 > 24, 2
False | 26, 50 > 28, 0
False | 26, 50 > 22, 2
False | 26, 50 > 24, 1
False | 26, 50 > 26, 6
False | 26, 50 > 20, 1
True | 26, 50 > 28, 45
False | 26, 50 > 23, 1
False | 26, 50 > 24, 5
True | 26, 50 > 26, 45
True | 26, 50 > 28, 46
False | 26, 50 > 28, 1
False | 26, 50 > 31, 1
False | 26, 50 > 27, 0
False | 26, 50 > 27, 2
False | 26, 50 > 30, 0
False | 26, 50 > 29, 2
True | 26, 50 > 27, 45
False | 26, 50 > 23, 3
False | 26, 50 > 33, 0
False | 26, 50 > 24, 4
False | 26, 50 > 22, 3
False | 26, 50 > 29, 0
True | 26, 50 > 25, 45
False | 26, 50 > 25, 2
False | 26, 50 > 28, 2
False | 26, 50 > 27, 5
False | 26, 50 > 29, 3
False | 26, 50 > 26, 5
False | 26, 50 > 28, 5
True | 26, 50 > 26, 46
False | 26, 50 > 25, 4
False | 26, 50 > 29, 1
False | 26, 50 > 27, 3
False | 26, 50 > 27, 4
False | 26, 50 > 25, 0
False | 26, 50 > 28, 4
True | 26, 50 > 27, 47
False | 26, 50 > 23, 2
False | 26, 50 > 32, 1
False | 26, 50 > 30, 2
False | 26, 50 > 29, 4
False | 26, 50 > 24, 3
False | 26, 50 > 31, 0
False | 26, 50 > 30, 3
False | 26, 50 > 24, 0
False | 26, 50 > 25, 6
False | 26, 50 > 32, 0
False | 26, 50 > 26, 0
False | 26, 50 > 30, 1
False | 26, 50 > 28, 3
False | 26, 50 > 26, 1
False | 26, 50 > 26, 4
True | 26, 50 > 25, 44
False | 26, 50 > 22, 1
False | 26, 50 > 21, 0
False | 26, 50 > 23, 4
False | 26, 50 > 26, 2
True | 26, 50 > 27, 44
True | 26, 50 > 25, 46
False | 5, 1 > 48, 1
False | 26, 50 > 27, 1
False | 5, 1 > 49, 2
False | 26, 50 > 25, 1
False | 26, 50 > 23, 0
False | 26, 50 > 25, 5
False | 26, 50 > 26, 3
True | 26, 50 > 27, 46
False | 26, 50 > 19, 0
True | 26, 50 > 26, 43
False | 26, 50 > 31, 2
False | 26, 50 > 25, 3
False | 26, 50 > 27, 6
False | 26, 50 > 22, 0
False | 26, 50 > 24, 2
False | 26, 50 > 28, 0
False | 26, 50 > 22, 2
False | 26, 50 > 24, 1
False | 26, 50 > 26, 6
False | 26, 50 > 20, 1
False | 26, 50 > 23, 1
True | 26, 50 > 28, 45
False | 26, 50 > 24, 5
True | 26, 50 > 28, 46
False | 26, 50 > 28, 1
False | 26, 50 > 31, 1
False | 26, 50 > 27, 0
False | 26, 50 > 27, 2
False | 26, 50 > 30, 0
False | 26, 50 > 29, 2
True | 26, 50 > 27, 45
False | 26, 50 > 23, 3
False | 26, 50 > 33, 0
False | 26, 50 > 24, 4
False | 26, 50 > 22, 3
False | 26, 50 > 29, 0
True | 26, 50 > 25, 45
False | 26, 50 > 25, 2
False | 26, 50 > 28, 2
False | 26, 50 > 27, 5
False | 26, 50 > 29, 3
False | 26, 50 > 26, 5
False | 26, 50 > 28, 5
False | 26, 50 > 25, 4
False | 26, 50 > 29, 1
False | 26, 50 > 27, 3
False | 26, 50 > 27, 4
False | 26, 50 > 25, 0
False | 26, 50 > 28, 4
True | 26, 50 > 27, 47
False | 26, 50 > 23, 2
False | 26, 50 > 32, 1
False | 26, 50 > 30, 2
False | 26, 50 > 29, 4
False | 26, 50 > 24, 3
False | 26, 50 > 31, 0
False | 26, 50 > 30, 3
False | 26, 50 > 24, 0
False | 26, 50 > 25, 6
False | 26, 50 > 32, 0
False | 26, 50 > 26, 0
False | 26, 50 > 30, 1
False | 26, 50 > 28, 3
False | 26, 50 > 26, 1
False | 26, 50 > 26, 4
True | 26, 50 > 25, 44
False | 26, 50 > 22, 1
False | 26, 50 > 21, 0
False | 26, 50 > 23, 4
False | 26, 50 > 26, 2
True | 26, 50 > 27, 44
True | 26, 50 > 25, 46
False | 5, 1 > 49, 1
False | 5, 1 > 48, 1
False | 5, 1 > 49, 2
False | 26, 50 > 27, 1
True | 26, 50 > 29, 46
False | 26, 50 > 23, 0
False | 26, 50 > 25, 1
False | 26, 50 > 25, 5
False | 26, 50 > 26, 3
True | 26, 50 > 25, 47
True | 26, 50 > 27, 46
False | 26, 50 > 19, 0
True | 26, 50 > 26, 43
False | 26, 50 > 31, 2
False | 26, 50 > 25, 3
False | 26, 50 > 27, 6
False | 26, 50 > 22, 0
False | 26, 50 > 24, 2
False | 26, 50 > 28, 0
False | 26, 50 > 22, 2
False | 26, 50 > 24, 1
False | 26, 50 > 26, 6
False | 26, 50 > 20, 1
True | 26, 50 > 28, 45
False | 26, 50 > 23, 1
False | 26, 50 > 24, 5
True | 26, 50 > 28, 46
False | 26, 50 > 28, 1
False | 26, 50 > 31, 1
False | 26, 50 > 27, 0
False | 26, 50 > 27, 2
False | 26, 50 > 30, 0
False | 26, 50 > 29, 2
True | 26, 50 > 27, 45
False | 26, 50 > 23, 3
False | 26, 50 > 33, 0
False | 26, 50 > 24, 4
False | 26, 50 > 22, 3
False | 26, 50 > 29, 0
True | 26, 50 > 25, 45
True | 26, 50 > 26, 47
False | 26, 50 > 25, 2
False | 26, 50 > 28, 2
False | 26, 50 > 27, 5
False | 26, 50 > 29, 3
False | 26, 50 > 26, 5
False | 26, 50 > 28, 5
False | 26, 50 > 25, 4
False | 26, 50 > 29, 1
False | 26, 50 > 27, 3
False | 26, 50 > 27, 4
False | 26, 50 > 25, 0
False | 26, 50 > 28, 4
True | 26, 50 > 27, 47
False | 26, 50 > 23, 2
False | 26, 50 > 32, 1
False | 26, 50 > 30, 2
False | 26, 50 > 29, 4
False | 26, 50 > 20, 0
False | 26, 50 > 24, 3
False | 26, 50 > 31, 0
False | 26, 50 > 30, 3
False | 26, 50 > 24, 0
False | 26, 50 > 25, 6
False | 26, 50 > 32, 0
False | 26, 50 > 26, 0
False | 26, 50 > 30, 1
False | 26, 50 > 28, 3
False | 26, 50 > 26, 1
False | 26, 50 > 26, 4
True | 26, 50 > 25, 44
False | 26, 50 > 22, 1
False | 26, 50 > 21, 0
False | 26, 50 > 23, 4
False | 26, 50 > 26, 2
True | 25, 49 > 25, 42
True | 25, 49 > 27, 44
True | 25, 49 > 25, 46
False | 5, 1 > 49, 1
False | 25, 49 > 27, 1
False | 5, 1 > 48, 1
False | 5, 1 > 49, 2
True | 25, 49 > 29, 46
False | 25, 49 > 23, 0
False | 25, 49 > 25, 1
False | 25, 49 > 25, 5
False | 25, 49 > 26, 3
True | 25, 49 > 25, 47
True | 25, 49 > 27, 46
False | 25, 49 > 19, 0
True | 25, 49 > 26, 43
False | 25, 49 > 25, 3
False | 25, 49 > 22, 0
False | 25, 49 > 24, 2
False | 25, 49 > 28, 0
False | 25, 49 > 22, 2
False | 25, 49 > 24, 1
False | 25, 49 > 20, 1
True | 25, 49 > 28, 45
False | 25, 49 > 23, 1
False | 25, 49 > 24, 5
True | 25, 49 > 28, 46
False | 25, 49 > 28, 1
False | 25, 49 > 27, 0
False | 25, 49 > 27, 2
False | 25, 49 > 30, 0
False | 25, 49 > 29, 2
True | 25, 49 > 27, 45
False | 25, 49 > 23, 3
False | 25, 49 > 24, 4
False | 25, 49 > 22, 3
False | 25, 49 > 29, 0
True | 25, 49 > 25, 45
True | 25, 49 > 24, 43
True | 25, 49 > 26, 47
False | 25, 49 > 25, 2
True | 25, 49 > 23, 44
False | 25, 49 > 28, 2
False | 25, 49 > 26, 5
False | 25, 49 > 25, 4
False | 25, 49 > 29, 1
False | 25, 49 > 27, 3
False | 25, 49 > 27, 4
False | 25, 49 > 25, 0
True | 25, 49 > 27, 47
False | 25, 49 > 23, 2
False | 25, 49 > 20, 0
False | 25, 49 > 24, 3
False | 25, 49 > 31, 0
False | 25, 49 > 24, 0
False | 25, 49 > 25, 6
False | 25, 49 > 26, 0
False | 25, 49 > 30, 1
False | 25, 49 > 28, 3
False | 25, 49 > 26, 1
False | 25, 49 > 26, 4
True | 25, 49 > 25, 44
False | 25, 49 > 22, 1
False | 25, 49 > 21, 0
False | 25, 49 > 23, 4
False | 25, 49 > 26, 2
True | 25, 49 > 25, 42
True | 25, 49 > 27, 44
False | 5, 1 > 49, 1
True | 25, 49 > 25, 46
False | 5, 1 > 48, 1
False | 25, 49 > 27, 1
False | 5, 1 > 49, 2
True | 25, 49 > 29, 46
False | 25, 49 > 23, 0
False | 25, 49 > 25, 1
False | 25, 49 > 25, 5
False | 25, 49 > 26, 3
True | 25, 49 > 25, 47
True | 25, 49 > 27, 46
False | 25, 49 > 19, 0
True | 25, 49 > 26, 43
False | 25, 49 > 25, 3
False | 25, 49 > 22, 0
False | 25, 49 > 24, 2
False | 25, 49 > 28, 0
False | 25, 49 > 22, 2
False | 25, 49 > 24, 1
False | 25, 49 > 20, 1
True | 25, 49 > 28, 45
False | 25, 49 > 23, 1
False | 25, 49 > 24, 5
True | 25, 49 > 28, 46
False | 25, 49 > 28, 1
False | 25, 49 > 27, 0
False | 25, 49 > 27, 2
False | 25, 49 > 30, 0
False | 25, 49 > 29, 2
True | 25, 49 > 27, 45
False | 25, 49 > 23, 3
False | 25, 49 > 24, 4
False | 25, 49 > 22, 3
False | 25, 49 > 29, 0
True | 25, 49 > 25, 45
True | 25, 49 > 24, 43
True | 25, 49 > 26, 47
False | 25, 49 > 25, 2
True | 25, 49 > 23, 44
False | 25, 49 > 28, 2
False | 25, 49 > 26, 5
False | 25, 49 > 25, 4
False | 25, 49 > 29, 1
False | 25, 49 > 27, 3
False | 25, 49 > 27, 4
False | 25, 49 > 25, 0
True | 25, 49 > 27, 47
False | 25, 49 > 23, 2
False | 25, 49 > 20, 0
False | 25, 49 > 24, 3
False | 25, 49 > 31, 0
False | 25, 49 > 24, 0
False | 25, 49 > 25, 6
False | 25, 49 > 26, 0
False | 25, 49 > 30, 1
False | 25, 49 > 28, 3
False | 25, 49 > 26, 1
False | 25, 49 > 26, 4
True | 25, 49 > 25, 44
False | 25, 49 > 22, 1
False | 25, 49 > 21, 0
False | 25, 49 > 23, 4
False | 25, 49 > 26, 2
A person was saved on: (25, 49)
False | 5, 1 > 49, 1
False | 5, 1 > 48, 1
False | 5, 1 > 49, 2
False | 5, 1 > 49, 1
False | 5, 1 > 48, 1
False | 5, 1 > 49, 2
True | 5, 1 > 8, 5
False | 5, 1 > 49, 1
False | 5, 1 > 48, 1
False | 5, 1 > 49, 2
False | 4, 0 > 49, 1
False | 4, 0 > 48, 1
False | 4, 0 > 48, 0
False | 4, 0 > 49, 2
False | 4, 0 > 47, 0
False | 4, 0 > 49, 1
False | 4, 0 > 48, 1
False | 4, 0 > 48, 0
False | 4, 0 > 49, 2
False | 4, 0 > 47, 0
False | 4, 0 > 49, 1
False | 4, 0 > 48, 1
False | 4, 0 > 49, 0
False | 4, 0 > 48, 0
False | 4, 0 > 49, 2
False | 4, 0 > 47, 0
False | 4, 0 > 49, 1
False | 4, 0 > 48, 1
False | 4, 0 > 49, 0
False | 4, 0 > 48, 0
False | 4, 0 > 49, 2
False | 4, 0 > 47, 0
False | 4, 0 > 49, 1
False | 4, 0 > 48, 1
False | 4, 0 > 49, 0
False | 4, 0 > 48, 0
False | 4, 0 > 49, 2
False | 4, 0 > 47, 0
False | 4, 0 > 49, 1
False | 4, 0 > 48, 1
False | 4, 0 > 49, 0
False | 4, 0 > 48, 0
False | 4, 0 > 49, 2
False | 4, 0 > 47, 0
False | 4, 0 > 49, 1
False | 4, 0 > 48, 1
False | 4, 0 > 49, 0
False | 4, 0 > 48, 0
False | 4, 0 > 49, 2
False | 4, 0 > 47, 0
False | 4, 0 > 49, 1
False | 4, 0 > 48, 1
False | 4, 0 > 49, 0
False | 4, 0 > 48, 0
False | 4, 0 > 49, 2
False | 4, 0 > 47, 0
False | 4, 0 > 49, 1
False | 4, 0 > 48, 1
False | 4, 0 > 49, 0
False | 4, 0 > 48, 0
False | 4, 0 > 49, 2
False | 4, 0 > 47, 0
False | 4, 0 > 49, 1
False | 4, 0 > 48, 1
False | 4, 0 > 49, 0
False | 4, 0 > 48, 0
False | 4, 0 > 49, 2
False | 4, 0 > 47, 0
True | 4, 0 > 10, 1
False | 4, 0 > 49, 1
False | 4, 0 > 48, 1
False | 4, 0 > 49, 0
False | 4, 0 > 48, 0
True | 4, 0 > 7, 4
False | 4, 0 > 49, 2
False | 4, 0 > 47, 0
True | 5, 1 > 7, 5
True | 5, 1 > 8, 4
True | 5, 1 > 10, 1
True | 5, 1 > 11, 1
True | 5, 1 > 7, 6
False | 5, 1 > 49, 1
True | 5, 1 > 10, 2
True | 5, 1 > 7, 4
True | 5, 1 > 10, 3
True | 5, 1 > 12, 1
True | 5, 1 > 8, 5
True | 5, 1 > 6, 6
False | 5, 1 > 48, 1
False | 5, 1 > 49, 0
True | 5, 1 > 5, 8
True | 5, 1 > 6, 7
False | 5, 1 > 49, 2
True | 5, 1 > 11, 2
True | 4, 0 > 10, 1
False | 4, 0 > 49, 1
False | 4, 0 > 48, 1
False | 4, 0 > 49, 0
False | 4, 0 > 48, 0
True | 4, 0 > 7, 4
False | 4, 0 > 49, 2
False | 4, 0 > 47, 0
False | 3, -1 > 49, 1
False | 3, -1 > 48, 1
False | 3, -1 > 49, 0
False | 3, -1 > 48, 0
False | 3, -1 > 49, 2
False | 3, -1 > 47, 0
False | 3, -1 > 49, 1
False | 3, -1 > 48, 1
False | 3, -1 > 49, 0
False | 3, -1 > 48, 0
False | 3, -1 > 49, 2
False | 3, -1 > 47, 0
False | 3, -1 > 49, 1
False | 3, -1 > 48, 1
False | 3, -1 > 49, 0
False | 3, -1 > 48, 0
False | 3, -1 > 49, 2
False | 3, -1 > 47, 0
False | 3, -1 > 49, 1
False | 3, -1 > 48, 1
False | 3, -1 > 49, 0
False | 3, -1 > 48, 0
False | 3, -1 > 49, 2
False | 3, -1 > 47, 0
False | 3, -1 > 49, 1
False | 3, -1 > 48, 1
False | 3, -1 > 49, 0
False | 3, -1 > 48, 0
False | 3, -1 > 49, 2
False | 3, -1 > 47, 0
False | 3, -1 > 49, 1
False | 3, -1 > 48, 1
False | 3, -1 > 49, 0
False | 3, -1 > 48, 0
False | 3, -1 > 49, 2
False | 3, -1 > 47, 0
False | 3, -1 > 49, 1
False | 3, -1 > 48, 1
False | 3, -1 > 49, 0
False | 3, -1 > 48, 0
False | 3, -1 > 49, 2
False | 3, -1 > 47, 0
False | 3, -1 > 49, 1
False | 3, -1 > 48, 1
False | 3, -1 > 49, 0
False | 3, -1 > 48, 0
False | 3, -1 > 49, 2
False | 3, -1 > 47, 0
True | 3, -1 > 8, 1
True | 3, -1 > 3, 6
False | 3, -1 > 49, 1
False | 3, -1 > 48, 1
False | 3, -1 > 49, 0
False | 3, -1 > 48, 0
False | 3, -1 > 49, 2
False | 3, -1 > 47, 0
True | 3, -1 > 8, 1
True | 3, -1 > 3, 6
False | 3, -1 > 49, 1
False | 3, -1 > 48, 1
False | 3, -1 > 49, 0
False | 3, -1 > 48, 0
False | 3, -1 > 49, 2
False | 3, -1 > 47, 0
False | 2, -2 > 46, 47
False | 2, -2 > 49, 44
False | 2, -2 > 49, 1
False | 2, -2 > 47, 46
False | 2, -2 > 48, 1
False | 2, -2 > 49, 0
False | 2, -2 > 48, 0
False | 2, -2 > 49, 2
False | 2, -2 > 47, 0
False | 2, -2 > 46, 47
False | 2, -2 > 49, 44
False | 2, -2 > 49, 1
False | 2, -2 > 47, 46
False | 2, -2 > 48, 1
False | 2, -2 > 49, 0
False | 2, -2 > 49, 45
False | 2, -2 > 48, 0
False | 2, -2 > 49, 2
False | 2, -2 > 47, 0
False | 2, -2 > 48, 45
False | 2, -2 > 46, 47
False | 2, -2 > 49, 44
False | 2, -2 > 49, 1
False | 2, -2 > 47, 46
False | 2, -2 > 48, 1
False | 2, -2 > 49, 0
False | 2, -2 > 49, 45
False | 2, -2 > 48, 0
False | 2, -2 > 49, 2
False | 2, -2 > 47, 0
False | 2, -2 > 48, 45
False | 2, -2 > 46, 47
False | 2, -2 > 49, 44
False | 2, -2 > 49, 1
False | 2, -2 > 48, 46
False | 2, -2 > 49, 45
False | 2, -2 > 47, 0
False | 2, -2 > 45, 48
False | 2, -2 > 47, 46
False | 2, -2 > 48, 1
False | 2, -2 > 49, 0
False | 2, -2 > 48, 0
False | 2, -2 > 49, 2
False | 2, -2 > 46, 48
False | 2, -2 > 48, 45
False | 2, -2 > 46, 47
False | 2, -2 > 49, 44
False | 2, -2 > 49, 1
False | 2, -2 > 48, 46
False | 2, -2 > 49, 45
False | 2, -2 > 47, 0
False | 2, -2 > 45, 48
False | 2, -2 > 47, 46
False | 2, -2 > 48, 1
False | 2, -2 > 49, 0
False | 2, -2 > 48, 0
False | 2, -2 > 49, 2
False | 2, -2 > 46, 48
False | 2, -2 > 48, 45
False | 2, -2 > 46, 47
False | 2, -2 > 49, 44
False | 2, -2 > 49, 1
False | 2, -2 > 48, 46
False | 2, -2 > 49, 45
False | 2, -2 > 47, 0
False | 2, -2 > 45, 48
False | 2, -2 > 47, 46
False | 2, -2 > 48, 1
False | 2, -2 > 49, 0
False | 2, -2 > 48, 0
False | 2, -2 > 49, 2
False | 2, -2 > 46, 48
False | 2, -2 > 48, 45
