[STARTING RUN OF logs/14_11_2015_03_11_06.log ]


[1450062666122] Initializing FireProcess
[1450062666122] Getting Fire first element
[1450062666122] Initialize clock.
True | 5, 21 > 10, 19
[Fireman 2503] - Accept a rescue request from [Person 2511]
True | 4, 20 > 10, 19
True | 4, 20 > 10, 19
True | 5, 21 > 9, 19
True | 5, 21 > 10, 19
True | 6, 22 > 9, 19
True | 6, 22 > 10, 19
True | 6, 22 > 9, 19
True | 6, 22 > 10, 19
True | 6, 22 > 9, 20
True | 5, 21 > 9, 19
True | 5, 21 > 10, 19
True | 5, 21 > 9, 20
A person was saved on: (5, 21)
True | 10, 4 > 10, 11
[Fireman 2503] - Accept a rescue request from [Person 2510]
True | 11, 5 > 12, 11
True | 11, 5 > 12, 10
True | 11, 5 > 11, 12
True | 11, 5 > 13, 10
True | 11, 5 > 11, 11
True | 11, 5 > 10, 11
True | 10, 4 > 10, 11
True | 10, 4 > 11, 10
True | 10, 4 > 10, 11
True | 11, 5 > 12, 11
True | 11, 5 > 11, 10
True | 11, 5 > 12, 10
True | 11, 5 > 11, 12
True | 11, 5 > 13, 10
True | 11, 5 > 11, 11
True | 11, 5 > 10, 11
True | 10, 4 > 11, 10
True | 10, 4 > 10, 11
True | 11, 5 > 12, 11
True | 11, 5 > 11, 10
True | 11, 5 > 12, 10
True | 11, 5 > 11, 12
True | 11, 5 > 13, 10
True | 11, 5 > 13, 9
True | 11, 5 > 11, 11
True | 11, 5 > 10, 11
True | 11, 5 > 12, 11
True | 11, 5 > 11, 10
True | 11, 5 > 12, 10
True | 11, 5 > 13, 10
True | 11, 5 > 13, 9
True | 11, 5 > 11, 11
True | 11, 5 > 10, 11
True | 10, 4 > 11, 10
True | 10, 4 > 10, 10
True | 10, 4 > 10, 11
True | 10, 4 > 12, 9
True | 9, 3 > 9, 10
True | 10, 4 > 11, 10
True | 10, 4 > 12, 8
True | 10, 4 > 13, 8
True | 10, 4 > 9, 10
True | 10, 4 > 10, 10
True | 10, 4 > 10, 11
True | 10, 4 > 12, 9
True | 11, 5 > 12, 11
True | 11, 5 > 11, 10
True | 11, 5 > 12, 10
True | 11, 5 > 12, 8
True | 11, 5 > 13, 8
True | 11, 5 > 13, 10
True | 11, 5 > 13, 9
True | 11, 5 > 9, 10
True | 11, 5 > 10, 10
True | 11, 5 > 10, 11
True | 11, 5 > 12, 9
True | 11, 5 > 14, 9
A person was saved on: (11, 5)
True | 25, 27 > 20, 25
[Fireman 2504] - Accept a rescue request from [Person 2509]
True | 25, 27 > 20, 25
True | 26, 28 > 21, 26
True | 26, 28 > 21, 26
A person was saved on: (26, 28)
True | 46, 3 > 0, 6
True | 46, 3 > 1, 5
True | 46, 3 > 2, 4
[Fireman 2503] - Accept a rescue request from [Person 2506]
True | 44, 4 > 0, 5
[Fireman 2503] - Refused a rescue request from [Person 2505]
True | 44, 4 > 0, 5
True | 44, 4 > 0, 5
True | 44, 4 > 0, 5
True | 45, 2 > 1, 3
True | 44, 1 > 1, 1
A person was saved on: (43, 0)
True | 36, 25 > 30, 24
[Fireman 2504] - Accept a rescue request from [Person 2507]
True | 36, 25 > 30, 24
True | 35, 24 > 28, 24
True | 35, 24 > 29, 23
True | 35, 24 > 30, 23
True | 35, 24 > 31, 22
True | 35, 24 > 30, 22
True | 35, 24 > 31, 21
True | 43, 3 > 0, 3
True | 34, 23 > 27, 23
True | 34, 23 > 28, 24
True | 34, 23 > 31, 23
True | 34, 23 > 29, 23
True | 34, 23 > 31, 22
True | 34, 23 > 30, 23
True | 34, 23 > 29, 24
True | 34, 23 > 29, 21
True | 34, 23 > 30, 20
True | 34, 23 > 30, 22
True | 34, 23 > 31, 19
True | 34, 23 > 30, 21
True | 34, 23 > 31, 21
True | 34, 23 > 27, 23
True | 34, 23 > 28, 24
True | 34, 23 > 31, 23
True | 34, 23 > 29, 23
True | 34, 23 > 31, 22
True | 34, 23 > 30, 23
True | 34, 23 > 29, 24
True | 34, 23 > 29, 21
True | 34, 23 > 30, 20
True | 34, 23 > 30, 22
True | 34, 23 > 31, 19
True | 34, 23 > 30, 21
True | 34, 23 > 31, 21
True | 34, 23 > 27, 23
True | 34, 23 > 28, 24
True | 34, 23 > 31, 23
True | 34, 23 > 29, 23
True | 34, 23 > 31, 22
True | 34, 23 > 30, 23
True | 34, 23 > 29, 24
True | 34, 23 > 29, 21
True | 34, 23 > 30, 20
True | 34, 23 > 30, 22
True | 34, 23 > 31, 19
True | 34, 23 > 30, 21
True | 34, 23 > 31, 21
A person was saved on: (34, 23)
True | 42, 2 > 36, 3
True | 42, 2 > 39, 6
True | 42, 2 > 36, 3
True | 42, 2 > 39, 6
True | 42, 2 > 36, 3
True | 42, 2 > 39, 6
True | 41, 1 > 36, 3
True | 41, 1 > 38, 5
True | 41, 1 > 40, 6
True | 41, 1 > 39, 6
True | 40, 0 > 36, 3
True | 40, 0 > 38, 5
True | 40, 0 > 40, 6
True | 40, 0 > 33, 0
True | 40, 0 > 39, 6
True | 39, -1 > 36, 3
True | 39, -1 > 38, 5
True | 39, -1 > 33, 0
True | 39, -1 > 39, 6
True | 38, -2 > 35, 2
True | 38, -2 > 36, 3
True | 38, -2 > 38, 5
True | 38, -2 > 33, 0
True | 38, -2 > 36, 2
True | 38, -2 > 35, 2
True | 38, -2 > 36, 3
True | 38, -2 > 38, 5
True | 38, -2 > 33, 0
True | 38, -2 > 36, 2
True | 38, -2 > 35, 2
True | 38, -2 > 36, 3
True | 38, -2 > 38, 5
True | 38, -2 > 33, 0
True | 38, -2 > 36, 2
True | 38, -2 > 34, 0
True | 38, -2 > 35, 2
True | 38, -2 > 36, 3
True | 38, -2 > 38, 5
True | 38, -2 > 33, 0
True | 38, -2 > 36, 2
True | 38, -2 > 34, 0
True | 38, -2 > 35, 2
True | 38, -2 > 36, 3
True | 38, -2 > 38, 5
True | 38, -2 > 33, 0
True | 38, -2 > 36, 2
True | 38, -2 > 34, 0
True | 38, -2 > 38, 4
True | 38, -2 > 35, 2
True | 38, -2 > 36, 3
True | 38, -2 > 35, 0
True | 38, -2 > 37, 2
True | 38, -2 > 38, 5
True | 38, -2 > 34, 1
True | 38, -2 > 33, 0
True | 38, -2 > 36, 2
True | 38, -2 > 34, 0
True | 38, -2 > 38, 4
True | 38, -2 > 35, 2
True | 38, -2 > 36, 3
True | 38, -2 > 35, 0
True | 38, -2 > 37, 2
True | 38, -2 > 38, 5
True | 38, -2 > 34, 1
True | 38, -2 > 33, 0
True | 38, -2 > 36, 2
True | 38, -2 > 34, 0
True | 38, -2 > 38, 4
True | 38, -2 > 35, 2
True | 38, -2 > 36, 3
True | 38, -2 > 35, 0
True | 38, -2 > 37, 2
True | 38, -2 > 38, 5
True | 38, -2 > 34, 1
True | 38, -2 > 33, 0
True | 38, -2 > 36, 2
True | 38, -2 > 34, 0
True | 38, -2 > 39, 4
True | 38, -2 > 38, 4
True | 38, -2 > 35, 2
True | 38, -2 > 36, 3
True | 38, -2 > 35, 0
True | 38, -2 > 37, 2
True | 38, -2 > 38, 5
True | 38, -2 > 34, 1
True | 38, -2 > 33, 0
True | 38, -2 > 37, 3
True | 38, -2 > 36, 2
True | 38, -2 > 34, 0
True | 38, -2 > 39, 4
True | 38, -2 > 38, 4
True | 38, -2 > 35, 2
True | 38, -2 > 36, 3
True | 38, -2 > 35, 0
True | 38, -2 > 37, 2
True | 38, -2 > 38, 5
True | 38, -2 > 34, 1
True | 38, -2 > 33, 0
True | 38, -2 > 37, 3
True | 38, -2 > 36, 2
True | 38, -2 > 34, 0
True | 38, -2 > 39, 4
True | 38, -2 > 38, 4
True | 38, -2 > 35, 2
True | 38, -2 > 36, 3
True | 38, -2 > 35, 0
True | 38, -2 > 37, 2
True | 38, -2 > 38, 5
True | 38, -2 > 34, 1
True | 38, -2 > 33, 0
True | 38, -2 > 37, 3
True | 38, -2 > 36, 2
True | 38, -2 > 34, 0
True | 38, -2 > 38, 4
True | 38, -2 > 35, 2
True | 38, -2 > 35, 0
True | 38, -2 > 38, 5
True | 38, -2 > 34, 1
True | 38, -2 > 38, 3
True | 38, -2 > 36, 1
True | 38, -2 > 33, 0
True | 38, -2 > 37, 3
True | 38, -2 > 39, 4
True | 38, -2 > 36, 3
True | 38, -2 > 38, 2
True | 38, -2 > 37, 2
True | 38, -2 > 37, 4
True | 38, -2 > 34, 0
True | 38, -2 > 36, 2
True | 38, -2 > 35, 1
True | 38, -2 > 38, 4
True | 38, -2 > 35, 2
True | 38, -2 > 35, 0
True | 38, -2 > 38, 5
True | 38, -2 > 34, 1
True | 38, -2 > 38, 3
True | 38, -2 > 36, 1
True | 38, -2 > 33, 0
True | 38, -2 > 37, 3
True | 38, -2 > 39, 4
True | 38, -2 > 36, 3
True | 38, -2 > 38, 2
True | 38, -2 > 37, 2
True | 38, -2 > 37, 4
True | 38, -2 > 34, 0
True | 38, -2 > 36, 2
True | 38, -2 > 35, 1
True | 38, -2 > 38, 4
True | 38, -2 > 35, 2
True | 38, -2 > 35, 0
True | 38, -2 > 38, 5
True | 38, -2 > 34, 1
True | 38, -2 > 38, 3
True | 38, -2 > 36, 1
True | 38, -2 > 33, 0
True | 38, -2 > 37, 3
True | 38, -2 > 39, 4
True | 38, -2 > 36, 3
True | 38, -2 > 38, 2
True | 38, -2 > 37, 2
True | 38, -2 > 37, 4
True | 38, -2 > 34, 0
True | 38, -2 > 36, 2
True | 38, -2 > 35, 1
True | 38, -2 > 37, 1
True | 38, -2 > 38, 4
True | 38, -2 > 35, 2
True | 38, -2 > 35, 0
True | 38, -2 > 38, 5
True | 38, -2 > 34, 1
True | 38, -2 > 38, 3
True | 38, -2 > 36, 1
True | 38, -2 > 33, 0
True | 38, -2 > 37, 3
True | 38, -2 > 39, 4
True | 38, -2 > 36, 3
True | 38, -2 > 38, 2
True | 38, -2 > 37, 2
True | 38, -2 > 39, 3
True | 38, -2 > 37, 4
True | 38, -2 > 34, 0
True | 38, -2 > 36, 2
True | 38, -2 > 35, 1
True | 38, -2 > 37, 1
True | 38, -2 > 38, 4
True | 38, -2 > 35, 2
True | 38, -2 > 35, 0
True | 38, -2 > 38, 5
True | 38, -2 > 34, 1
True | 38, -2 > 38, 3
True | 38, -2 > 36, 1
True | 38, -2 > 33, 0
True | 38, -2 > 37, 3
True | 38, -2 > 39, 4
True | 38, -2 > 36, 3
True | 38, -2 > 38, 2
True | 38, -2 > 37, 2
True | 38, -2 > 39, 3
True | 38, -2 > 37, 4
True | 38, -2 > 34, 0
True | 38, -2 > 36, 2
True | 38, -2 > 35, 1
True | 38, -2 > 37, 1
True | 38, -2 > 38, 4
True | 38, -2 > 35, 2
True | 38, -2 > 35, 0
True | 38, -2 > 38, 5
True | 38, -2 > 34, 1
True | 38, -2 > 38, 3
True | 38, -2 > 38, 1
True | 38, -2 > 36, 1
True | 38, -2 > 33, 0
True | 38, -2 > 37, 3
True | 38, -2 > 39, 4
True | 38, -2 > 36, 3
True | 38, -2 > 36, 0
True | 38, -2 > 38, 2
True | 38, -2 > 37, 2
True | 38, -2 > 39, 3
True | 38, -2 > 37, 4
True | 38, -2 > 34, 0
True | 38, -2 > 36, 2
True | 38, -2 > 35, 1
True | 38, -2 > 37, 1
True | 38, -2 > 38, 4
True | 38, -2 > 35, 2
True | 38, -2 > 35, 0
True | 38, -2 > 38, 5
True | 38, -2 > 34, 1
True | 38, -2 > 38, 3
True | 38, -2 > 38, 1
True | 38, -2 > 36, 1
True | 38, -2 > 33, 0
True | 38, -2 > 37, 3
True | 38, -2 > 39, 4
True | 38, -2 > 36, 3
True | 38, -2 > 36, 0
True | 38, -2 > 38, 2
True | 38, -2 > 37, 2
True | 38, -2 > 39, 3
True | 38, -2 > 37, 4
True | 38, -2 > 34, 0
True | 38, -2 > 36, 2
True | 38, -2 > 35, 1
True | 38, -2 > 37, 1
True | 38, -2 > 38, 4
True | 38, -2 > 35, 2
True | 38, -2 > 35, 0
True | 38, -2 > 38, 5
True | 38, -2 > 34, 1
True | 38, -2 > 38, 3
True | 38, -2 > 38, 1
True | 38, -2 > 36, 1
True | 38, -2 > 33, 0
True | 38, -2 > 37, 3
True | 38, -2 > 39, 4
True | 38, -2 > 36, 3
True | 38, -2 > 36, 0
True | 38, -2 > 38, 2
True | 38, -2 > 37, 2
True | 38, -2 > 39, 3
True | 38, -2 > 37, 4
True | 38, -2 > 34, 0
True | 38, -2 > 36, 2
True | 38, -2 > 35, 1
True | 38, -2 > 37, 1
True | 38, -2 > 38, 4
True | 38, -2 > 35, 2
True | 38, -2 > 35, 0
True | 38, -2 > 38, 5
True | 38, -2 > 34, 1
True | 38, -2 > 38, 3
True | 38, -2 > 38, 1
True | 38, -2 > 36, 1
True | 38, -2 > 33, 0
True | 38, -2 > 39, 1
True | 38, -2 > 37, 3
True | 38, -2 > 39, 4
True | 38, -2 > 39, 2
True | 38, -2 > 36, 3
True | 38, -2 > 36, 0
True | 38, -2 > 38, 2
True | 38, -2 > 37, 2
True | 38, -2 > 39, 3
True | 38, -2 > 37, 4
True | 38, -2 > 40, 3
True | 38, -2 > 34, 0
True | 38, -2 > 36, 2
True | 38, -2 > 35, 1
True | 38, -2 > 37, 1
True | 38, -2 > 38, 4
True | 38, -2 > 35, 2
True | 38, -2 > 35, 0
True | 38, -2 > 38, 5
True | 38, -2 > 34, 1
True | 38, -2 > 38, 3
True | 38, -2 > 38, 1
True | 38, -2 > 36, 1
True | 38, -2 > 33, 0
True | 38, -2 > 39, 1
True | 38, -2 > 37, 3
True | 38, -2 > 39, 4
True | 38, -2 > 39, 2
True | 38, -2 > 36, 3
True | 38, -2 > 36, 0
True | 38, -2 > 38, 2
True | 38, -2 > 37, 2
True | 38, -2 > 39, 3
True | 38, -2 > 37, 4
True | 38, -2 > 40, 3
True | 38, -2 > 34, 0
True | 38, -2 > 36, 2
True | 38, -2 > 35, 1
True | 38, -2 > 37, 1
True | 38, -2 > 38, 4
True | 38, -2 > 35, 2
True | 38, -2 > 35, 0
True | 38, -2 > 38, 5
True | 38, -2 > 34, 1
True | 38, -2 > 38, 3
True | 38, -2 > 38, 1
True | 38, -2 > 36, 1
True | 38, -2 > 33, 0
True | 38, -2 > 39, 1
True | 38, -2 > 37, 3
True | 38, -2 > 39, 4
True | 38, -2 > 39, 2
True | 38, -2 > 36, 3
True | 38, -2 > 36, 0
True | 38, -2 > 38, 2
True | 38, -2 > 37, 2
True | 38, -2 > 39, 3
True | 38, -2 > 37, 4
True | 38, -2 > 40, 3
True | 38, -2 > 34, 0
True | 38, -2 > 36, 2
True | 38, -2 > 35, 1
True | 40, 39 > 35, 37
True | 38, -2 > 37, 1
True | 38, -2 > 35, 2
True | 38, -2 > 38, 4
True | 38, -2 > 38, 5
True | 38, -2 > 36, 1
True | 38, -2 > 38, 1
True | 38, -2 > 33, 0
True | 38, -2 > 39, 1
True | 38, -2 > 39, 4
True | 38, -2 > 36, 0
True | 38, -2 > 37, 2
True | 38, -2 > 38, 2
True | 38, -2 > 37, 4
True | 38, -2 > 36, 2
True | 38, -2 > 35, 0
True | 38, -2 > 34, 1
True | 38, -2 > 38, 3
True | 38, -2 > 37, 3
True | 38, -2 > 36, 3
True | 38, -2 > 39, 2
True | 38, -2 > 40, 2
True | 38, -2 > 39, 3
[Fireman 2504] - Accept a rescue request from [Person 2508]
True | 38, -2 > 40, 3
True | 38, -2 > 34, 0
True | 38, -2 > 35, 1
True | 40, 39 > 35, 37
True | 38, -2 > 37, 1
True | 38, -2 > 35, 2
True | 38, -2 > 38, 4
True | 38, -2 > 38, 5
True | 38, -2 > 36, 1
True | 38, -2 > 38, 1
True | 38, -2 > 33, 0
True | 38, -2 > 39, 1
True | 38, -2 > 39, 4
True | 38, -2 > 36, 0
True | 38, -2 > 37, 2
True | 38, -2 > 38, 2
True | 38, -2 > 37, 4
True | 38, -2 > 36, 2
True | 38, -2 > 35, 0
True | 38, -2 > 34, 1
True | 38, -2 > 38, 3
True | 38, -2 > 37, 3
True | 38, -2 > 36, 3
True | 38, -2 > 39, 2
True | 38, -2 > 40, 2
True | 38, -2 > 39, 3
True | 38, -2 > 40, 3
True | 38, -2 > 34, 0
True | 38, -2 > 35, 1
True | 40, 39 > 35, 37
True | 38, -2 > 37, 1
True | 38, -2 > 35, 2
True | 38, -2 > 38, 4
True | 38, -2 > 38, 5
True | 38, -2 > 36, 1
True | 38, -2 > 38, 1
True | 38, -2 > 33, 0
True | 38, -2 > 39, 1
True | 38, -2 > 39, 4
True | 38, -2 > 36, 0
True | 38, -2 > 37, 2
True | 38, -2 > 38, 2
True | 38, -2 > 37, 4
True | 38, -2 > 36, 2
True | 38, -2 > 35, 0
True | 38, -2 > 34, 1
True | 38, -2 > 38, 3
True | 38, -2 > 37, 3
True | 38, -2 > 36, 3
True | 38, -2 > 39, 2
True | 38, -2 > 40, 2
True | 38, -2 > 39, 3
True | 38, -2 > 40, 3
True | 38, -2 > 34, 0
True | 38, -2 > 35, 1
True | 38, -2 > 37, 1
True | 40, 39 > 35, 37
True | 38, -2 > 35, 2
True | 38, -2 > 38, 4
True | 38, -2 > 40, 1
True | 38, -2 > 38, 5
True | 38, -2 > 36, 1
True | 38, -2 > 38, 1
True | 38, -2 > 33, 0
True | 38, -2 > 39, 1
True | 38, -2 > 39, 4
True | 38, -2 > 36, 0
True | 38, -2 > 37, 2
True | 38, -2 > 38, 2
True | 38, -2 > 37, 4
True | 38, -2 > 36, 2
True | 38, -2 > 35, 0
True | 38, -2 > 34, 1
True | 38, -2 > 38, 3
True | 38, -2 > 37, 3
True | 38, -2 > 36, 3
True | 38, -2 > 39, 2
True | 38, -2 > 40, 2
True | 38, -2 > 39, 3
True | 38, -2 > 40, 3
True | 38, -2 > 34, 0
True | 38, -2 > 35, 1
True | 39, 38 > 33, 37
True | 39, 38 > 36, 34
True | 38, -2 > 37, 1
True | 39, 38 > 35, 35
True | 38, -2 > 35, 2
True | 39, 38 > 35, 37
True | 38, -2 > 38, 4
True | 39, 38 > 34, 36
True | 38, -2 > 40, 1
True | 39, 38 > 35, 36
True | 38, -2 > 38, 5
True | 39, 38 > 34, 37
True | 38, -2 > 36, 1
True | 39, 38 > 37, 34
True | 38, -2 > 38, 1
True | 39, 38 > 32, 38
True | 38, -2 > 33, 0
True | 38, -2 > 39, 1
True | 38, -2 > 39, 4
True | 38, -2 > 36, 0
True | 38, -2 > 37, 2
True | 38, -2 > 38, 2
True | 38, -2 > 37, 4
True | 38, -2 > 36, 2
True | 38, -2 > 35, 0
True | 38, -2 > 34, 1
True | 38, -2 > 38, 3
True | 38, -2 > 37, 3
True | 38, -2 > 36, 3
True | 38, -2 > 39, 2
True | 38, -2 > 40, 2
True | 38, -2 > 39, 3
True | 38, -2 > 40, 3
True | 38, -2 > 34, 0
True | 38, -2 > 35, 1
True | 40, 39 > 35, 37
True | 38, -2 > 37, 1
True | 38, -2 > 35, 2
True | 38, -2 > 38, 4
True | 38, -2 > 40, 1
True | 38, -2 > 38, 5
True | 38, -2 > 36, 1
True | 38, -2 > 38, 1
True | 38, -2 > 33, 0
True | 38, -2 > 39, 1
True | 38, -2 > 39, 4
True | 38, -2 > 36, 0
True | 38, -2 > 37, 2
True | 38, -2 > 38, 2
True | 38, -2 > 37, 4
True | 38, -2 > 36, 2
True | 38, -2 > 35, 0
True | 38, -2 > 34, 1
True | 38, -2 > 38, 3
True | 38, -2 > 37, 3
True | 38, -2 > 36, 3
True | 38, -2 > 39, 2
True | 38, -2 > 40, 2
True | 38, -2 > 39, 3
True | 38, -2 > 40, 3
True | 38, -2 > 34, 0
True | 38, -2 > 35, 1
True | 38, -2 > 37, 1
True | 38, -2 > 35, 2
True | 39, 38 > 33, 37
True | 38, -2 > 38, 4
True | 39, 38 > 36, 34
True | 38, -2 > 40, 1
True | 39, 38 > 35, 35
True | 38, -2 > 38, 5
True | 39, 38 > 35, 37
True | 38, -2 > 36, 1
True | 39, 38 > 34, 36
True | 38, -2 > 38, 1
True | 39, 38 > 35, 36
True | 38, -2 > 41, 2
True | 39, 38 > 34, 37
True | 38, -2 > 33, 0
True | 39, 38 > 37, 34
True | 38, -2 > 39, 1
True | 39, 38 > 33, 38
True | 38, -2 > 39, 4
True | 39, 38 > 32, 38
True | 38, -2 > 36, 0
True | 38, -2 > 37, 2
True | 38, -2 > 38, 2
True | 38, -2 > 37, 4
True | 38, -2 > 36, 2
True | 38, -2 > 35, 0
True | 38, -2 > 34, 1
True | 38, -2 > 38, 3
True | 38, -2 > 37, 3
True | 38, -2 > 36, 3
True | 38, -2 > 39, 2
True | 38, -2 > 40, 2
True | 38, -2 > 39, 3
True | 38, -2 > 40, 3
True | 38, -2 > 34, 0
True | 38, -2 > 35, 1
True | 38, -2 > 37, 1
True | 39, 38 > 33, 37
True | 38, -2 > 35, 2
True | 39, 38 > 36, 34
True | 38, -2 > 38, 4
True | 39, 38 > 35, 35
True | 38, -2 > 40, 1
True | 38, -2 > 38, 5
True | 39, 38 > 35, 37
True | 38, -2 > 36, 1
True | 39, 38 > 34, 36
True | 38, -2 > 38, 1
True | 39, 38 > 35, 36
True | 38, -2 > 41, 2
True | 39, 38 > 34, 37
True | 38, -2 > 33, 0
True | 39, 38 > 37, 34
True | 38, -2 > 39, 1
True | 39, 38 > 33, 38
True | 38, -2 > 39, 4
True | 39, 38 > 32, 38
True | 38, -2 > 36, 0
True | 38, -2 > 37, 2
True | 38, -2 > 38, 2
True | 38, -2 > 37, 4
True | 38, -2 > 36, 2
True | 38, -2 > 35, 0
True | 38, -2 > 34, 1
True | 38, -2 > 38, 3
True | 38, -2 > 37, 3
True | 38, -2 > 36, 3
True | 38, -2 > 39, 2
True | 38, -2 > 40, 2
True | 38, -2 > 39, 3
True | 38, -2 > 40, 3
True | 38, -2 > 34, 0
True | 38, -2 > 35, 1
True | 38, -2 > 37, 1
True | 38, -2 > 35, 2
True | 40, 39 > 36, 37
True | 38, -2 > 38, 4
True | 40, 39 > 35, 37
True | 38, -2 > 40, 1
True | 40, 39 > 33, 39
True | 38, -2 > 38, 5
True | 40, 39 > 34, 38
True | 38, -2 > 36, 1
True | 38, -2 > 38, 1
True | 38, -2 > 41, 2
True | 38, -2 > 33, 0
True | 38, -2 > 39, 1
True | 38, -2 > 39, 4
True | 38, -2 > 36, 0
True | 38, -2 > 37, 2
True | 38, -2 > 38, 2
True | 38, -2 > 37, 4
True | 38, -2 > 36, 2
True | 38, -2 > 35, 0
True | 38, -2 > 41, 1
True | 38, -2 > 34, 1
True | 38, -2 > 38, 3
True | 38, -2 > 37, 3
True | 38, -2 > 36, 3
True | 38, -2 > 39, 2
True | 38, -2 > 40, 2
True | 38, -2 > 40, 0
True | 38, -2 > 39, 3
True | 38, -2 > 37, 0
True | 38, -2 > 40, 3
True | 38, -2 > 34, 0
True | 38, -2 > 35, 1
True | 38, -2 > 37, 1
True | 40, 39 > 36, 37
True | 38, -2 > 35, 2
True | 40, 39 > 35, 37
True | 40, 39 > 33, 39
True | 40, 39 > 34, 38
True | 38, -2 > 38, 4
True | 38, -2 > 40, 1
True | 38, -2 > 38, 5
True | 38, -2 > 36, 1
True | 38, -2 > 38, 1
True | 38, -2 > 41, 2
True | 38, -2 > 33, 0
True | 38, -2 > 39, 1
True | 38, -2 > 39, 4
True | 38, -2 > 36, 0
True | 38, -2 > 37, 2
True | 38, -2 > 38, 2
True | 38, -2 > 37, 4
True | 38, -2 > 36, 2
True | 38, -2 > 35, 0
True | 38, -2 > 41, 1
True | 38, -2 > 34, 1
True | 38, -2 > 38, 3
True | 38, -2 > 37, 3
True | 38, -2 > 36, 3
True | 38, -2 > 39, 2
True | 38, -2 > 40, 2
True | 38, -2 > 40, 0
True | 38, -2 > 39, 3
True | 38, -2 > 37, 0
True | 38, -2 > 40, 3
True | 38, -2 > 34, 0
True | 38, -2 > 35, 1
True | 40, 39 > 36, 37
True | 40, 39 > 35, 37
True | 38, -2 > 37, 1
True | 40, 39 > 33, 39
True | 38, -2 > 35, 2
True | 40, 39 > 34, 38
True | 38, -2 > 38, 4
True | 38, -2 > 40, 1
True | 38, -2 > 38, 5
True | 38, -2 > 36, 1
True | 38, -2 > 38, 1
True | 38, -2 > 41, 2
True | 38, -2 > 33, 0
True | 38, -2 > 39, 1
True | 38, -2 > 39, 4
True | 38, -2 > 36, 0
True | 38, -2 > 37, 2
True | 38, -2 > 38, 2
True | 38, -2 > 37, 4
True | 38, -2 > 36, 2
True | 38, -2 > 35, 0
True | 38, -2 > 41, 1
True | 38, -2 > 34, 1
True | 38, -2 > 38, 3
True | 38, -2 > 37, 3
True | 38, -2 > 36, 3
True | 38, -2 > 39, 2
True | 38, -2 > 40, 2
True | 38, -2 > 40, 0
True | 38, -2 > 39, 3
True | 38, -2 > 37, 0
True | 38, -2 > 40, 3
True | 38, -2 > 34, 0
True | 38, -2 > 35, 1
True | 38, -2 > 37, 1
True | 38, -2 > 35, 2
True | 38, -2 > 38, 4
True | 38, -2 > 40, 1
True | 38, -2 > 38, 5
True | 38, -2 > 36, 1
True | 38, -2 > 38, 1
True | 38, -2 > 41, 2
True | 38, -2 > 33, 0
True | 38, -2 > 39, 1
True | 38, -2 > 39, 4
True | 38, -2 > 36, 0
True | 38, -2 > 42, 1
True | 38, -2 > 37, 2
True | 38, -2 > 38, 2
True | 38, -2 > 37, 4
True | 38, -2 > 36, 2
True | 38, -2 > 35, 0
True | 38, -2 > 41, 1
True | 38, -2 > 34, 1
True | 38, -2 > 38, 3
True | 38, -2 > 37, 3
True | 38, -2 > 36, 3
True | 38, -2 > 39, 2
True | 38, -2 > 40, 2
True | 38, -2 > 40, 0
True | 38, -2 > 39, 3
True | 38, -2 > 37, 0
True | 38, -2 > 40, 3
True | 38, -2 > 34, 0
True | 38, -2 > 35, 1
True | 38, -2 > 37, 1
True | 38, -2 > 35, 2
True | 38, -2 > 38, 4
True | 38, -2 > 40, 1
True | 38, -2 > 38, 5
True | 38, -2 > 36, 1
True | 38, -2 > 38, 1
True | 38, -2 > 41, 2
True | 38, -2 > 33, 0
True | 38, -2 > 39, 1
True | 38, -2 > 39, 4
True | 38, -2 > 36, 0
True | 38, -2 > 42, 1
True | 38, -2 > 37, 2
True | 38, -2 > 38, 2
True | 38, -2 > 37, 4
True | 38, -2 > 36, 2
True | 38, -2 > 35, 0
True | 38, -2 > 41, 1
True | 38, -2 > 34, 1
True | 38, -2 > 38, 3
True | 38, -2 > 37, 3
True | 38, -2 > 36, 3
True | 38, -2 > 39, 2
True | 38, -2 > 40, 2
True | 38, -2 > 40, 0
True | 38, -2 > 39, 3
True | 38, -2 > 37, 0
True | 38, -2 > 40, 3
True | 38, -2 > 34, 0
True | 38, -2 > 35, 1
True | 38, -2 > 37, 1
True | 38, -2 > 35, 2
True | 38, -2 > 38, 4
True | 38, -2 > 40, 1
True | 38, -2 > 38, 5
True | 38, -2 > 36, 1
True | 38, -2 > 38, 1
True | 38, -2 > 41, 2
True | 38, -2 > 33, 0
True | 38, -2 > 39, 1
True | 38, -2 > 39, 4
True | 38, -2 > 36, 0
True | 38, -2 > 42, 1
True | 38, -2 > 37, 2
True | 38, -2 > 38, 2
True | 38, -2 > 37, 4
True | 38, -2 > 36, 2
True | 38, -2 > 35, 0
True | 38, -2 > 41, 1
True | 38, -2 > 34, 1
True | 38, -2 > 38, 3
True | 38, -2 > 37, 3
True | 38, -2 > 36, 3
True | 38, -2 > 39, 2
True | 38, -2 > 40, 2
True | 38, -2 > 40, 0
True | 38, -2 > 39, 3
True | 38, -2 > 37, 0
True | 38, -2 > 40, 3
True | 38, -2 > 34, 0
True | 38, -2 > 35, 1
True | 41, 40 > 37, 37
True | 38, -2 > 37, 1
True | 38, -2 > 35, 2
True | 38, -2 > 38, 4
True | 38, -2 > 40, 1
True | 38, -2 > 38, 0
True | 38, -2 > 38, 5
True | 38, -2 > 36, 1
True | 38, -2 > 38, 1
True | 38, -2 > 41, 2
True | 38, -2 > 33, 0
True | 38, -2 > 39, 1
True | 38, -2 > 39, 4
True | 38, -2 > 36, 0
True | 38, -2 > 42, 1
True | 38, -2 > 37, 2
True | 38, -2 > 38, 2
True | 38, -2 > 37, 4
True | 38, -2 > 36, 2
True | 38, -2 > 35, 0
True | 38, -2 > 41, 1
True | 38, -2 > 34, 1
True | 38, -2 > 38, 3
True | 38, -2 > 37, 3
True | 38, -2 > 36, 3
True | 38, -2 > 39, 2
True | 38, -2 > 40, 2
True | 38, -2 > 40, 0
True | 38, -2 > 39, 3
True | 38, -2 > 37, 0
True | 38, -2 > 39, 0
True | 38, -2 > 40, 3
True | 38, -2 > 34, 0
True | 38, -2 > 35, 1
True | 41, 40 > 37, 37
A person was saved on: (41, 40)
True | 38, -2 > 37, 1
True | 38, -2 > 35, 2
True | 38, -2 > 38, 4
True | 38, -2 > 40, 1
True | 38, -2 > 38, 0
True | 38, -2 > 38, 5
True | 38, -2 > 36, 1
True | 38, -2 > 38, 1
True | 38, -2 > 41, 2
True | 38, -2 > 33, 0
True | 38, -2 > 39, 1
True | 38, -2 > 39, 4
True | 38, -2 > 36, 0
True | 38, -2 > 42, 1
True | 38, -2 > 37, 2
True | 38, -2 > 38, 2
True | 38, -2 > 37, 4
True | 38, -2 > 36, 2
True | 38, -2 > 35, 0
True | 38, -2 > 41, 1
True | 38, -2 > 34, 1
True | 38, -2 > 38, 3
True | 38, -2 > 37, 3
True | 38, -2 > 36, 3
True | 38, -2 > 39, 2
True | 38, -2 > 40, 2
True | 38, -2 > 40, 0
True | 38, -2 > 39, 3
True | 38, -2 > 37, 0
True | 38, -2 > 39, 0
True | 38, -2 > 40, 3
True | 38, -2 > 34, 0
True | 38, -2 > 35, 1
True | 38, -2 > 37, 1
True | 38, -2 > 35, 2
True | 38, -2 > 38, 4
True | 38, -2 > 40, 1
True | 38, -2 > 38, 0
True | 38, -2 > 38, 5
True | 38, -2 > 36, 1
True | 38, -2 > 38, 1
True | 38, -2 > 41, 2
True | 38, -2 > 33, 0
True | 38, -2 > 39, 1
True | 38, -2 > 42, 0
True | 38, -2 > 39, 4
True | 38, -2 > 36, 0
True | 38, -2 > 42, 1
True | 38, -2 > 37, 2
True | 38, -2 > 38, 2
True | 38, -2 > 37, 4
True | 38, -2 > 36, 2
True | 38, -2 > 35, 0
True | 38, -2 > 41, 1
True | 38, -2 > 34, 1
True | 38, -2 > 38, 3
True | 38, -2 > 37, 3
True | 38, -2 > 36, 3
True | 38, -2 > 39, 2
True | 38, -2 > 41, 0
True | 38, -2 > 40, 2
True | 38, -2 > 40, 0
True | 38, -2 > 39, 3
True | 38, -2 > 37, 0
True | 38, -2 > 39, 0
True | 38, -2 > 40, 3
True | 38, -2 > 34, 0
True | 38, -2 > 35, 1
True | 38, -2 > 37, 1
True | 38, -2 > 35, 2
True | 38, -2 > 38, 4
True | 38, -2 > 40, 1
True | 38, -2 > 38, 0
True | 38, -2 > 38, 5
True | 38, -2 > 36, 1
True | 38, -2 > 38, 1
True | 38, -2 > 41, 2
True | 38, -2 > 33, 0
True | 38, -2 > 39, 1
True | 38, -2 > 42, 0
True | 38, -2 > 39, 4
True | 38, -2 > 36, 0
True | 38, -2 > 42, 1
True | 38, -2 > 37, 2
True | 38, -2 > 38, 2
True | 38, -2 > 37, 4
True | 38, -2 > 36, 2
True | 38, -2 > 35, 0
True | 38, -2 > 41, 1
True | 38, -2 > 34, 1
True | 38, -2 > 38, 3
True | 38, -2 > 37, 3
True | 38, -2 > 36, 3
True | 38, -2 > 39, 2
True | 38, -2 > 41, 0
True | 38, -2 > 40, 2
True | 38, -2 > 40, 0
True | 38, -2 > 39, 3
True | 38, -2 > 37, 0
True | 38, -2 > 39, 0
True | 38, -2 > 40, 3
True | 38, -2 > 34, 0
True | 38, -2 > 35, 1
True | 38, -2 > 37, 1
True | 38, -2 > 35, 2
True | 38, -2 > 38, 4
True | 38, -2 > 40, 1
True | 38, -2 > 38, 0
True | 38, -2 > 38, 5
True | 38, -2 > 36, 1
True | 38, -2 > 38, 1
True | 38, -2 > 41, 2
True | 38, -2 > 33, 0
True | 38, -2 > 39, 1
True | 38, -2 > 42, 0
True | 38, -2 > 39, 4
True | 38, -2 > 36, 0
True | 38, -2 > 42, 1
True | 38, -2 > 37, 2
True | 38, -2 > 38, 2
True | 38, -2 > 37, 4
True | 38, -2 > 36, 2
True | 38, -2 > 35, 0
True | 38, -2 > 41, 1
True | 38, -2 > 34, 1
True | 38, -2 > 38, 3
True | 38, -2 > 37, 3
True | 38, -2 > 36, 3
True | 38, -2 > 39, 2
True | 38, -2 > 41, 0
True | 38, -2 > 40, 2
True | 38, -2 > 40, 0
True | 38, -2 > 39, 3
True | 38, -2 > 37, 0
True | 38, -2 > 39, 0
True | 38, -2 > 40, 3
True | 38, -2 > 34, 0
True | 38, -2 > 35, 1
True | 38, -2 > 37, 1
True | 38, -2 > 35, 2
True | 38, -2 > 38, 4
True | 38, -2 > 40, 1
True | 38, -2 > 38, 0
True | 38, -2 > 38, 5
True | 38, -2 > 43, 0
True | 38, -2 > 36, 1
True | 38, -2 > 38, 1
True | 38, -2 > 41, 2
True | 38, -2 > 33, 0
True | 38, -2 > 39, 1
True | 38, -2 > 42, 0
True | 38, -2 > 39, 4
True | 38, -2 > 36, 0
True | 38, -2 > 42, 1
True | 38, -2 > 37, 2
True | 38, -2 > 38, 2
True | 38, -2 > 37, 4
True | 38, -2 > 36, 2
True | 38, -2 > 35, 0
True | 38, -2 > 41, 1
True | 38, -2 > 34, 1
True | 38, -2 > 38, 3
True | 38, -2 > 37, 3
True | 38, -2 > 36, 3
True | 38, -2 > 39, 2
True | 38, -2 > 41, 0
True | 38, -2 > 40, 2
True | 38, -2 > 40, 0
True | 38, -2 > 39, 3
True | 38, -2 > 37, 0
True | 38, -2 > 39, 0
True | 38, -2 > 40, 3
True | 38, -2 > 34, 0
True | 38, -2 > 35, 1
True | 38, -2 > 37, 1
True | 38, -2 > 35, 2
True | 38, -2 > 38, 4
True | 38, -2 > 40, 1
True | 38, -2 > 38, 0
True | 38, -2 > 38, 5
True | 38, -2 > 43, 0
True | 38, -2 > 36, 1
True | 38, -2 > 38, 1
True | 38, -2 > 41, 2
True | 38, -2 > 33, 0
True | 38, -2 > 39, 1
True | 38, -2 > 42, 0
True | 38, -2 > 39, 4
True | 38, -2 > 36, 0
True | 38, -2 > 42, 1
True | 38, -2 > 37, 2
True | 38, -2 > 38, 2
True | 38, -2 > 37, 4
True | 38, -2 > 36, 2
True | 38, -2 > 35, 0
True | 38, -2 > 41, 1
True | 38, -2 > 34, 1
True | 38, -2 > 38, 3
True | 38, -2 > 37, 3
True | 38, -2 > 36, 3
True | 38, -2 > 39, 2
True | 38, -2 > 41, 0
True | 38, -2 > 40, 2
True | 38, -2 > 40, 0
True | 38, -2 > 39, 3
True | 38, -2 > 37, 0
True | 38, -2 > 39, 0
True | 38, -2 > 40, 3
True | 38, -2 > 34, 0
True | 38, -2 > 35, 1
True | 38, -2 > 37, 1
True | 38, -2 > 35, 2
True | 38, -2 > 38, 4
True | 38, -2 > 40, 1
True | 38, -2 > 38, 0
True | 38, -2 > 38, 5
True | 38, -2 > 43, 0
True | 38, -2 > 36, 1
True | 38, -2 > 38, 1
True | 38, -2 > 41, 2
True | 38, -2 > 33, 0
True | 38, -2 > 39, 1
True | 38, -2 > 42, 0
True | 38, -2 > 39, 4
True | 38, -2 > 36, 0
True | 38, -2 > 42, 1
True | 38, -2 > 37, 2
True | 38, -2 > 38, 2
True | 38, -2 > 37, 4
True | 38, -2 > 36, 2
True | 38, -2 > 35, 0
True | 38, -2 > 41, 1
True | 38, -2 > 34, 1
True | 38, -2 > 38, 3
True | 38, -2 > 37, 3
True | 38, -2 > 36, 3
True | 38, -2 > 39, 2
True | 38, -2 > 41, 0
True | 38, -2 > 40, 2
True | 38, -2 > 40, 0
True | 38, -2 > 39, 3
True | 38, -2 > 37, 0
True | 38, -2 > 39, 0
True | 38, -2 > 40, 3
True | 38, -2 > 34, 0
True | 38, -2 > 35, 1
True | 38, -2 > 37, 1
True | 38, -2 > 35, 2
True | 38, -2 > 38, 4
True | 38, -2 > 40, 1
True | 38, -2 > 38, 0
True | 38, -2 > 38, 5
True | 38, -2 > 43, 0
True | 38, -2 > 36, 1
True | 38, -2 > 38, 1
True | 38, -2 > 41, 2
True | 38, -2 > 33, 0
True | 38, -2 > 39, 1
True | 38, -2 > 42, 0
True | 38, -2 > 39, 4
True | 38, -2 > 36, 0
True | 38, -2 > 42, 1
True | 38, -2 > 37, 2
True | 38, -2 > 38, 2
True | 38, -2 > 37, 4
True | 38, -2 > 36, 2
True | 38, -2 > 35, 0
True | 38, -2 > 41, 1
True | 38, -2 > 34, 1
True | 38, -2 > 38, 3
True | 38, -2 > 37, 3
True | 38, -2 > 36, 3
True | 38, -2 > 39, 2
True | 38, -2 > 41, 0
True | 38, -2 > 40, 2
True | 38, -2 > 40, 0
True | 38, -2 > 39, 3
True | 38, -2 > 37, 0
True | 38, -2 > 39, 0
True | 38, -2 > 40, 3
True | 38, -2 > 34, 0
True | 38, -2 > 35, 1
True | 38, -2 > 37, 1
True | 38, -2 > 35, 2
True | 38, -2 > 38, 4
True | 38, -2 > 40, 1
True | 38, -2 > 38, 0
True | 38, -2 > 38, 5
True | 38, -2 > 43, 0
True | 38, -2 > 36, 1
True | 38, -2 > 38, 1
True | 38, -2 > 41, 2
True | 38, -2 > 33, 0
True | 38, -2 > 39, 1
True | 38, -2 > 42, 0
True | 38, -2 > 39, 4
True | 38, -2 > 36, 0
True | 38, -2 > 42, 1
True | 38, -2 > 37, 2
True | 38, -2 > 38, 2
True | 38, -2 > 37, 4
True | 38, -2 > 36, 2
True | 38, -2 > 35, 0
True | 38, -2 > 41, 1
True | 38, -2 > 34, 1
True | 38, -2 > 38, 3
True | 38, -2 > 37, 3
True | 38, -2 > 36, 3
True | 38, -2 > 39, 2
True | 38, -2 > 41, 0
True | 38, -2 > 40, 2
True | 38, -2 > 40, 0
True | 38, -2 > 39, 3
True | 38, -2 > 37, 0
True | 38, -2 > 39, 0
True | 38, -2 > 40, 3
True | 38, -2 > 34, 0
True | 38, -2 > 35, 1
