[STARTING RUN OF logs/14_11_2015_05_11_50.log ]


[1450069910528] Initializing FireProcess
[1450069910528] Getting Fire first element
[1450069910528] Initialize clock.
[1450069910732] NearObjects size: 0
[1450069910732] NearObjectsToExtinguish: 0
[1450069910732] Current position: (10, 7)
[1450069910732] Desired Position: (10, 29)
[1450069910732] Direction: (-1, 1)
______________
[1450069911156] NearObjects size: 0
[1450069911156] NearObjectsToExtinguish: 0
[1450069911156] Current position: (10, 8)
[1450069911156] Desired Position: (10, 29)
[1450069911156] Direction: (0, 1)
______________
A person was saved on: (10, 8)
[1450069911307] NearObjects size: 0
[1450069911307] NearObjectsToExtinguish: 0
[1450069911307] Current position: (10, 9)
[1450069911307] Desired Position: (10, 29)
[1450069911307] Direction: (0, 1)
______________
[1450069911457] NearObjects size: 0
[1450069911457] NearObjectsToExtinguish: 0
[1450069911457] Current position: (10, 10)
[1450069911457] Desired Position: (10, 29)
[1450069911457] Direction: (0, 1)
______________
A person was saved on: (10, 10)
[1450069911607] NearObjects size: 0
[1450069911607] NearObjectsToExtinguish: 0
[1450069911607] Current position: (10, 10)
[1450069911607] Desired Position: (10, 29)
[1450069911607] Direction: (0, 0)
______________
[1450069911757] NearObjects size: 0
[1450069911757] NearObjectsToExtinguish: 0
[1450069911757] Current position: (10, 11)
[1450069911757] Desired Position: (10, 29)
[1450069911757] Direction: (0, 1)
______________
[1450069911908] NearObjects size: 0
[1450069911908] NearObjectsToExtinguish: 0
[1450069911908] Current position: (10, 12)
[1450069911908] Desired Position: (10, 29)
[1450069911908] Direction: (0, 1)
______________
[1450069912058] NearObjects size: 0
[1450069912058] NearObjectsToExtinguish: 0
[1450069912058] Current position: (10, 13)
[1450069912058] Desired Position: (10, 29)
[1450069912058] Direction: (0, 1)
______________
[1450069912209] NearObjects size: 0
[1450069912209] NearObjectsToExtinguish: 0
[1450069912209] Current position: (10, 14)
[1450069912209] Desired Position: (10, 29)
[1450069912209] Direction: (0, 1)
______________
[1450069912360] NearObjects size: 0
[1450069912360] NearObjectsToExtinguish: 0
[1450069912360] Current position: (10, 15)
[1450069912360] Desired Position: (10, 29)
[1450069912360] Direction: (0, 1)
______________
[1450069912510] NearObjects size: 0
[1450069912510] NearObjectsToExtinguish: 0
[1450069912510] Current position: (10, 16)
[1450069912510] Desired Position: (10, 29)
[1450069912510] Direction: (0, 1)
______________
[1450069912661] NearObjects size: 0
[1450069912661] NearObjectsToExtinguish: 0
[1450069912661] Current position: (10, 17)
[1450069912661] Desired Position: (10, 29)
[1450069912661] Direction: (0, 1)
______________
[1450069912811] NearObjects size: 0
[1450069912811] NearObjectsToExtinguish: 0
[1450069912811] Current position: (10, 18)
[1450069912811] Desired Position: (10, 29)
[1450069912811] Direction: (0, 1)
______________
[1450069912961] NearObjects size: 0
[1450069912961] NearObjectsToExtinguish: 0
[1450069912961] Current position: (10, 19)
[1450069912961] Desired Position: (10, 29)
[1450069912961] Direction: (0, 1)
______________
[1450069913111] NearObjects size: 0
[1450069913111] NearObjectsToExtinguish: 0
[1450069913111] Current position: (10, 20)
[1450069913111] Desired Position: (10, 29)
[1450069913111] Direction: (0, 1)
______________
[1450069913262] NearObjects size: 0
[1450069913262] NearObjectsToExtinguish: 0
[1450069913262] Current position: (10, 21)
[1450069913262] Desired Position: (10, 29)
[1450069913262] Direction: (0, 1)
______________
[1450069913413] NearObjects size: 0
[1450069913413] NearObjectsToExtinguish: 0
[1450069913413] Current position: (10, 22)
[1450069913413] Desired Position: (10, 29)
[1450069913413] Direction: (0, 1)
______________
[1450069913565] NearObjects size: 0
[1450069913565] NearObjectsToExtinguish: 0
[1450069913565] Current position: (10, 23)
[1450069913565] Desired Position: (10, 29)
[1450069913565] Direction: (0, 1)
______________
[1450069913715] NearObjects size: 2
[1450069913715] NearObjectsToExtinguish: 1
[1450069913715] Current position: (10, 24)
[1450069913715] Desired Position: (10, 29)
[1450069913715] Direction: (0, 1)
______________
[1450069913866] NearObjects size: 4
[1450069913866] NearObjectsToExtinguish: 2
[1450069913866] Current position: (10, 25)
[1450069913866] Desired Position: (10, 29)
[1450069913866] Direction: (0, 1)
______________
[1450069914016] NearObjects size: 6
[1450069914016] NearObjectsToExtinguish: 3
[1450069914016] Current position: (11, 25)
[1450069914016] Desired Position: (10, 29)
[1450069914016] Direction: (1, 0)
______________
[1450069914167] NearObjects size: 9
[1450069914167] NearObjectsToExtinguish: 4
[1450069914167] Current position: (11, 26)
[1450069914167] Desired Position: (10, 29)
[1450069914167] Direction: (0, 1)
______________
[1450069914317] NearObjects size: 8
[1450069914317] NearObjectsToExtinguish: 4
[1450069914317] Current position: (12, 26)
[1450069914317] Desired Position: (10, 29)
[1450069914317] Direction: (1, 0)
______________
[1450069914468] NearObjects size: 6
[1450069914468] NearObjectsToExtinguish: 2
[1450069914468] Current position: (12, 25)
[1450069914468] Desired Position: (10, 29)
[1450069914468] Direction: (0, -1)
______________
[1450069914618] NearObjects size: 3
[1450069914618] NearObjectsToExtinguish: 0
[1450069914618] Current position: (12, 24)
[1450069914618] Desired Position: (10, 29)
[1450069914618] Direction: (0, -1)
______________
[1450069914768] NearObjects size: 2
[1450069914768] NearObjectsToExtinguish: 0
[1450069914768] Current position: (12, 24)
[1450069914768] Desired Position: (10, 29)
[1450069914768] Direction: (0, 0)
______________
[1450069914918] NearObjects size: 1
[1450069914918] NearObjectsToExtinguish: 0
[1450069914918] Current position: (12, 24)
[1450069914918] Desired Position: (10, 29)
[1450069914918] Direction: (0, 0)
______________
[1450069915068] NearObjects size: 1
[1450069915068] NearObjectsToExtinguish: 0
[1450069915068] Current position: (12, 24)
[1450069915068] Desired Position: (10, 29)
[1450069915068] Direction: (0, 0)
______________
[1450069915218] NearObjects size: 4
[1450069915218] NearObjectsToExtinguish: 3
[1450069915218] Current position: (13, 25)
[1450069915218] Desired Position: (10, 29)
[1450069915218] Direction: (1, 1)
______________
[1450069915368] NearObjects size: 4
[1450069915368] NearObjectsToExtinguish: 3
[1450069915368] Current position: (14, 25)
[1450069915368] Desired Position: (10, 29)
[1450069915368] Direction: (1, 0)
______________
[1450069915518] NearObjects size: 7
[1450069915518] NearObjectsToExtinguish: 3
[1450069915518] Current position: (14, 26)
[1450069915518] Desired Position: (10, 29)
[1450069915518] Direction: (0, 1)
______________
[1450069915669] NearObjects size: 8
[1450069915669] NearObjectsToExtinguish: 4
[1450069915669] Current position: (14, 27)
[1450069915669] Desired Position: (10, 29)
[1450069915669] Direction: (0, 1)
______________
[1450069915820] NearObjects size: 8
[1450069915820] NearObjectsToExtinguish: 4
[1450069915820] Current position: (13, 27)
[1450069915820] Desired Position: (10, 29)
[1450069915820] Direction: (-1, 0)
______________
[1450069915970] NearObjects size: 5
[1450069915970] NearObjectsToExtinguish: 1
[1450069915970] Current position: (13, 26)
[1450069915970] Desired Position: (10, 29)
[1450069915970] Direction: (0, -1)
______________
[1450069916121] NearObjects size: 7
[1450069916121] NearObjectsToExtinguish: 2
[1450069916121] Current position: (12, 27)
[1450069916121] Desired Position: (10, 29)
[1450069916121] Direction: (-1, 1)
______________
[1450069916273] NearObjects size: 7
[1450069916273] NearObjectsToExtinguish: 3
[1450069916273] Current position: (11, 27)
[1450069916273] Desired Position: (10, 29)
[1450069916273] Direction: (-1, 0)
______________
[1450069916424] NearObjects size: 9
[1450069916424] NearObjectsToExtinguish: 4
[1450069916424] Current position: (11, 28)
[1450069916424] Desired Position: (10, 29)
[1450069916424] Direction: (0, 1)
______________
[1450069916574] NearObjects size: 9
[1450069916574] NearObjectsToExtinguish: 4
[1450069916574] Current position: (10, 28)
[1450069916574] Desired Position: (10, 29)
[1450069916574] Direction: (-1, 0)
______________
[1450069916724] NearObjects size: 9
[1450069916724] NearObjectsToExtinguish: 5
[1450069916724] Current position: (9, 28)
[1450069916724] Desired Position: (10, 29)
[1450069916724] Direction: (-1, 0)
______________
[1450069916874] NearObjects size: 9
[1450069916874] NearObjectsToExtinguish: 5
[1450069916874] Current position: (8, 28)
[1450069916874] Desired Position: (10, 29)
[1450069916874] Direction: (-1, 0)
______________
[1450069917024] NearObjects size: 9
[1450069917024] NearObjectsToExtinguish: 5
[1450069917024] Current position: (7, 28)
[1450069917024] Desired Position: (10, 29)
[1450069917024] Direction: (-1, 0)
______________
[1450069917174] NearObjects size: 8
[1450069917174] NearObjectsToExtinguish: 4
[1450069917174] Current position: (7, 29)
[1450069917174] Desired Position: (10, 29)
[1450069917174] Direction: (0, 1)
______________
[1450069917325] NearObjects size: 7
[1450069917325] NearObjectsToExtinguish: 4
[1450069917325] Current position: (7, 30)
[1450069917325] Desired Position: (10, 29)
[1450069917325] Direction: (0, 1)
______________
[1450069917475] NearObjects size: 6
[1450069917475] NearObjectsToExtinguish: 3
[1450069917475] Current position: (7, 31)
[1450069917475] Desired Position: (10, 29)
[1450069917475] Direction: (0, 1)
______________
[1450069917625] NearObjects size: 6
[1450069917625] NearObjectsToExtinguish: 3
[1450069917625] Current position: (7, 32)
[1450069917625] Desired Position: (10, 29)
[1450069917625] Direction: (0, 1)
______________
[1450069917775] NearObjects size: 8
[1450069917775] NearObjectsToExtinguish: 3
[1450069917775] Current position: (8, 32)
[1450069917775] Desired Position: (10, 29)
[1450069917775] Direction: (1, 0)
______________
[1450069917925] NearObjects size: 9
[1450069917925] NearObjectsToExtinguish: 5
[1450069917925] Current position: (9, 32)
[1450069917925] Desired Position: (10, 29)
[1450069917925] Direction: (1, 0)
______________
[1450069918075] NearObjects size: 9
[1450069918075] NearObjectsToExtinguish: 5
[1450069918075] Current position: (10, 32)
[1450069918075] Desired Position: (10, 29)
[1450069918075] Direction: (1, 0)
______________
[1450069918225] NearObjects size: 9
[1450069918225] NearObjectsToExtinguish: 4
[1450069918225] Current position: (10, 33)
[1450069918225] Desired Position: (10, 29)
[1450069918225] Direction: (0, 1)
______________
[1450069918375] NearObjects size: 9
[1450069918375] NearObjectsToExtinguish: 5
[1450069918375] Current position: (10, 34)
[1450069918375] Desired Position: (10, 29)
[1450069918375] Direction: (0, 1)
______________
[1450069918525] NearObjects size: 8
[1450069918525] NearObjectsToExtinguish: 5
[1450069918525] Current position: (10, 35)
[1450069918525] Desired Position: (10, 29)
[1450069918525] Direction: (0, 1)
______________
[1450069918676] NearObjects size: 8
[1450069918676] NearObjectsToExtinguish: 3
[1450069918676] Current position: (9, 35)
[1450069918676] Desired Position: (10, 29)
[1450069918676] Direction: (-1, 0)
______________
[1450069918826] NearObjects size: 5
[1450069918826] NearObjectsToExtinguish: 3
[1450069918826] Current position: (8, 35)
[1450069918826] Desired Position: (10, 29)
[1450069918826] Direction: (-1, 0)
______________
[1450069918976] NearObjects size: 7
[1450069918976] NearObjectsToExtinguish: 2
[1450069918976] Current position: (8, 34)
[1450069918976] Desired Position: (10, 29)
[1450069918976] Direction: (0, -1)
______________
[1450069919126] NearObjects size: 5
[1450069919126] NearObjectsToExtinguish: 3
[1450069919126] Current position: (8, 33)
[1450069919126] Desired Position: (10, 29)
[1450069919126] Direction: (0, -1)
______________
[1450069919276] NearObjects size: 6
[1450069919276] NearObjectsToExtinguish: 1
[1450069919276] Current position: (7, 33)
[1450069919276] Desired Position: (10, 29)
[1450069919276] Direction: (-1, 0)
______________
[1450069919427] NearObjects size: 6
[1450069919427] NearObjectsToExtinguish: 3
[1450069919427] Current position: (6, 33)
[1450069919427] Desired Position: (10, 29)
[1450069919427] Direction: (-1, 0)
______________
[1450069919577] NearObjects size: 5
[1450069919577] NearObjectsToExtinguish: 2
[1450069919577] Current position: (6, 34)
[1450069919577] Desired Position: (10, 29)
[1450069919577] Direction: (0, 1)
______________
[1450069919728] NearObjects size: 4
[1450069919728] NearObjectsToExtinguish: 1
[1450069919728] Current position: (6, 35)
[1450069919728] Desired Position: (10, 29)
[1450069919728] Direction: (0, 1)
______________
[1450069919878] NearObjects size: 4
[1450069919878] NearObjectsToExtinguish: 1
[1450069919878] Current position: (5, 35)
[1450069919878] Desired Position: (10, 29)
[1450069919878] Direction: (-1, 0)
______________
[1450069920028] NearObjects size: 6
[1450069920028] NearObjectsToExtinguish: 1
[1450069920028] Current position: (5, 34)
[1450069920028] Desired Position: (10, 29)
[1450069920028] Direction: (0, -1)
______________
[1450069920178] NearObjects size: 7
[1450069920178] NearObjectsToExtinguish: 2
[1450069920178] Current position: (5, 33)
[1450069920178] Desired Position: (10, 29)
[1450069920178] Direction: (0, -1)
______________
[1450069920328] NearObjects size: 8
[1450069920328] NearObjectsToExtinguish: 4
[1450069920328] Current position: (5, 32)
[1450069920328] Desired Position: (10, 29)
[1450069920328] Direction: (0, -1)
______________
[1450069920478] NearObjects size: 9
[1450069920478] NearObjectsToExtinguish: 4
[1450069920478] Current position: (4, 32)
[1450069920478] Desired Position: (10, 29)
[1450069920478] Direction: (-1, 0)
______________
[1450069920629] NearObjects size: 7
[1450069920629] NearObjectsToExtinguish: 4
[1450069920629] Current position: (3, 32)
[1450069920629] Desired Position: (10, 29)
[1450069920629] Direction: (-1, 0)
______________
[1450069920779] NearObjects size: 8
[1450069920779] NearObjectsToExtinguish: 3
[1450069920779] Current position: (3, 31)
[1450069920779] Desired Position: (10, 29)
[1450069920779] Direction: (0, -1)
______________
[1450069920929] NearObjects size: 9
[1450069920929] NearObjectsToExtinguish: 5
[1450069920929] Current position: (3, 30)
[1450069920929] Desired Position: (10, 29)
[1450069920929] Direction: (0, -1)
______________
[1450069921080] NearObjects size: 8
[1450069921080] NearObjectsToExtinguish: 5
[1450069921080] Current position: (3, 29)
[1450069921080] Desired Position: (10, 29)
[1450069921080] Direction: (0, -1)
______________
[1450069921230] NearObjects size: 9
[1450069921230] NearObjectsToExtinguish: 4
[1450069921230] Current position: (4, 29)
[1450069921230] Desired Position: (10, 29)
[1450069921230] Direction: (1, 0)
______________
[1450069921380] NearObjects size: 9
[1450069921380] NearObjectsToExtinguish: 4
[1450069921380] Current position: (4, 28)
[1450069921380] Desired Position: (10, 29)
[1450069921380] Direction: (0, -1)
______________
[1450069921530] NearObjects size: 9
[1450069921530] NearObjectsToExtinguish: 5
[1450069921530] Current position: (4, 27)
[1450069921530] Desired Position: (10, 29)
[1450069921530] Direction: (0, -1)
______________
[1450069921680] NearObjects size: 9
[1450069921680] NearObjectsToExtinguish: 4
[1450069921680] Current position: (3, 27)
[1450069921680] Desired Position: (10, 29)
[1450069921680] Direction: (-1, 0)
______________
[1450069921831] NearObjects size: 9
[1450069921831] NearObjectsToExtinguish: 5
[1450069921831] Current position: (2, 27)
[1450069921831] Desired Position: (10, 29)
[1450069921831] Direction: (-1, 0)
______________
[1450069921981] NearObjects size: 8
[1450069921981] NearObjectsToExtinguish: 5
[1450069921981] Current position: (1, 27)
[1450069921981] Desired Position: (10, 29)
[1450069921981] Direction: (-1, 0)
______________
[1450069922131] NearObjects size: 9
[1450069922131] NearObjectsToExtinguish: 4
[1450069922131] Current position: (1, 26)
[1450069922131] Desired Position: (10, 29)
[1450069922131] Direction: (0, -1)
______________
[1450069922281] NearObjects size: 7
[1450069922281] NearObjectsToExtinguish: 4
[1450069922281] Current position: (1, 25)
[1450069922281] Desired Position: (10, 29)
[1450069922281] Direction: (0, -1)
______________
[1450069922431] NearObjects size: 8
[1450069922431] NearObjectsToExtinguish: 3
[1450069922431] Current position: (2, 25)
[1450069922431] Desired Position: (10, 29)
[1450069922431] Direction: (1, 0)
______________
[1450069922582] NearObjects size: 9
[1450069922582] NearObjectsToExtinguish: 5
[1450069922582] Current position: (3, 25)
[1450069922582] Desired Position: (10, 29)
[1450069922582] Direction: (1, 0)
______________
[1450069922732] NearObjects size: 9
[1450069922732] NearObjectsToExtinguish: 4
[1450069922732] Current position: (3, 24)
[1450069922732] Desired Position: (10, 29)
[1450069922732] Direction: (0, -1)
______________
[1450069922883] NearObjects size: 9
[1450069922883] NearObjectsToExtinguish: 4
[1450069922883] Current position: (4, 24)
[1450069922883] Desired Position: (10, 29)
[1450069922883] Direction: (1, 0)
______________
[1450069923034] NearObjects size: 9
[1450069923034] NearObjectsToExtinguish: 4
[1450069923034] Current position: (4, 23)
[1450069923034] Desired Position: (10, 29)
[1450069923034] Direction: (0, -1)
______________
[1450069923184] NearObjects size: 9
[1450069923184] NearObjectsToExtinguish: 5
[1450069923184] Current position: (4, 22)
[1450069923184] Desired Position: (10, 29)
[1450069923184] Direction: (0, -1)
______________
[1450069923334] NearObjects size: 9
[1450069923334] NearObjectsToExtinguish: 4
[1450069923334] Current position: (3, 22)
[1450069923334] Desired Position: (10, 29)
[1450069923334] Direction: (-1, 0)
______________
[1450069923484] NearObjects size: 7
[1450069923484] NearObjectsToExtinguish: 4
[1450069923484] Current position: (2, 22)
[1450069923484] Desired Position: (10, 29)
[1450069923484] Direction: (-1, 0)
______________
[1450069923634] NearObjects size: 5
[1450069923634] NearObjectsToExtinguish: 1
[1450069923634] Current position: (2, 21)
[1450069923634] Desired Position: (10, 29)
[1450069923634] Direction: (0, -1)
______________
[1450069923784] NearObjects size: 7
[1450069923784] NearObjectsToExtinguish: 2
[1450069923784] Current position: (3, 21)
[1450069923784] Desired Position: (10, 29)
[1450069923784] Direction: (1, 0)
______________
[1450069923935] NearObjects size: 8
[1450069923935] NearObjectsToExtinguish: 3
[1450069923935] Current position: (4, 21)
[1450069923935] Desired Position: (10, 29)
[1450069923935] Direction: (1, 0)
______________
[1450069924085] NearObjects size: 9
[1450069924085] NearObjectsToExtinguish: 4
[1450069924085] Current position: (4, 20)
[1450069924085] Desired Position: (10, 29)
[1450069924085] Direction: (0, -1)
______________
[1450069924236] NearObjects size: 9
[1450069924236] NearObjectsToExtinguish: 4
[1450069924236] Current position: (5, 20)
[1450069924236] Desired Position: (10, 29)
[1450069924236] Direction: (1, 0)
______________
[1450069924386] NearObjects size: 9
[1450069924386] NearObjectsToExtinguish: 5
[1450069924386] Current position: (6, 20)
[1450069924386] Desired Position: (10, 29)
[1450069924386] Direction: (1, 0)
______________
[1450069924537] NearObjects size: 9
[1450069924537] NearObjectsToExtinguish: 4
[1450069924537] Current position: (6, 21)
[1450069924537] Desired Position: (10, 29)
[1450069924537] Direction: (0, 1)
______________
[1450069924687] NearObjects size: 9
[1450069924687] NearObjectsToExtinguish: 4
[1450069924687] Current position: (7, 21)
[1450069924687] Desired Position: (10, 29)
[1450069924687] Direction: (1, 0)
______________
[1450069924837] NearObjects size: 9
[1450069924837] NearObjectsToExtinguish: 5
[1450069924837] Current position: (8, 21)
[1450069924837] Desired Position: (10, 29)
[1450069924837] Direction: (1, 0)
______________
[1450069924987] NearObjects size: 9
[1450069924987] NearObjectsToExtinguish: 4
[1450069924987] Current position: (8, 22)
[1450069924987] Desired Position: (10, 29)
[1450069924987] Direction: (0, 1)
______________
[1450069925137] NearObjects size: 8
[1450069925137] NearObjectsToExtinguish: 3
[1450069925137] Current position: (7, 22)
[1450069925137] Desired Position: (10, 29)
[1450069925137] Direction: (-1, 0)
______________
[1450069925287] NearObjects size: 9
[1450069925287] NearObjectsToExtinguish: 4
[1450069925287] Current position: (7, 23)
[1450069925287] Desired Position: (10, 29)
[1450069925287] Direction: (0, 1)
______________
[1450069925437] NearObjects size: 9
[1450069925437] NearObjectsToExtinguish: 5
[1450069925437] Current position: (7, 24)
[1450069925437] Desired Position: (10, 29)
[1450069925437] Direction: (0, 1)
______________
[1450069925588] NearObjects size: 9
[1450069925588] NearObjectsToExtinguish: 4
[1450069925588] Current position: (6, 24)
[1450069925588] Desired Position: (10, 29)
[1450069925588] Direction: (-1, 0)
______________
[1450069925738] NearObjects size: 9
[1450069925738] NearObjectsToExtinguish: 4
[1450069925738] Current position: (6, 25)
[1450069925738] Desired Position: (10, 29)
[1450069925738] Direction: (0, 1)
______________
[1450069925888] NearObjects size: 8
[1450069925888] NearObjectsToExtinguish: 4
[1450069925888] Current position: (5, 25)
[1450069925888] Desired Position: (10, 29)
[1450069925888] Direction: (-1, 0)
______________
[1450069926041] NearObjects size: 6
[1450069926041] NearObjectsToExtinguish: 3
[1450069926041] Current position: (4, 25)
[1450069926041] Desired Position: (10, 29)
[1450069926041] Direction: (-1, 0)
______________
[1450069926192] NearObjects size: 6
[1450069926192] NearObjectsToExtinguish: 2
[1450069926192] Current position: (4, 26)
[1450069926192] Desired Position: (10, 29)
[1450069926192] Direction: (0, 1)
______________
[1450069926342] NearObjects size: 4
[1450069926342] NearObjectsToExtinguish: 1
[1450069926342] Current position: (3, 26)
[1450069926342] Desired Position: (10, 29)
[1450069926342] Direction: (-1, 0)
______________
[1450069926492] NearObjects size: 2
[1450069926492] NearObjectsToExtinguish: 0
[1450069926492] Current position: (2, 26)
[1450069926492] Desired Position: (10, 29)
[1450069926492] Direction: (-1, 0)
______________
[1450069926642] NearObjects size: 1
[1450069926642] NearObjectsToExtinguish: 0
[1450069926642] Current position: (2, 26)
[1450069926642] Desired Position: (10, 29)
[1450069926642] Direction: (0, 0)
______________
[1450069926793] NearObjects size: 0
[1450069926793] NearObjectsToExtinguish: 0
[1450069926793] Current position: (2, 26)
[1450069926793] Desired Position: (10, 29)
[1450069926793] Direction: (0, 0)
______________
[1450069926943] NearObjects size: 2
[1450069926943] NearObjectsToExtinguish: 1
[1450069926943] Current position: (3, 27)
[1450069926943] Desired Position: (10, 29)
[1450069926943] Direction: (1, 1)
______________
[1450069927093] NearObjects size: 3
[1450069927093] NearObjectsToExtinguish: 1
[1450069927093] Current position: (3, 28)
[1450069927093] Desired Position: (10, 29)
[1450069927093] Direction: (0, 1)
______________
[1450069927243] NearObjects size: 5
[1450069927243] NearObjectsToExtinguish: 2
[1450069927243] Current position: (2, 28)
[1450069927243] Desired Position: (10, 29)
[1450069927243] Direction: (-1, 0)
______________
[1450069927393] NearObjects size: 7
[1450069927393] NearObjectsToExtinguish: 3
[1450069927393] Current position: (1, 28)
[1450069927393] Desired Position: (10, 29)
[1450069927393] Direction: (-1, 0)
______________
[1450069927543] NearObjects size: 5
[1450069927543] NearObjectsToExtinguish: 3
[1450069927543] Current position: (0, 28)
[1450069927543] Desired Position: (10, 29)
[1450069927543] Direction: (-1, 0)
______________
[1450069927694] NearObjects size: 4
[1450069927694] NearObjectsToExtinguish: 1
[1450069927694] Current position: (0, 27)
[1450069927694] Desired Position: (10, 29)
[1450069927694] Direction: (0, -1)
______________
[1450069927844] NearObjects size: 3
[1450069927844] NearObjectsToExtinguish: 1
[1450069927844] Current position: (0, 26)
[1450069927844] Desired Position: (10, 29)
[1450069927844] Direction: (0, -1)
______________
[1450069927995] NearObjects size: 4
[1450069927995] NearObjectsToExtinguish: 1
[1450069927995] Current position: (0, 25)
[1450069927995] Desired Position: (10, 29)
[1450069927995] Direction: (0, -1)
______________
[1450069928145] NearObjects size: 5
[1450069928145] NearObjectsToExtinguish: 2
[1450069928145] Current position: (0, 24)
[1450069928145] Desired Position: (10, 29)
[1450069928145] Direction: (0, -1)
______________
[1450069928296] NearObjects size: 7
[1450069928296] NearObjectsToExtinguish: 3
[1450069928296] Current position: (1, 24)
[1450069928296] Desired Position: (10, 29)
[1450069928296] Direction: (1, 0)
______________
[1450069928446] NearObjects size: 8
[1450069928446] NearObjectsToExtinguish: 4
[1450069928446] Current position: (1, 23)
[1450069928446] Desired Position: (10, 29)
[1450069928446] Direction: (0, -1)
______________
[1450069928596] NearObjects size: 7
[1450069928596] NearObjectsToExtinguish: 4
[1450069928596] Current position: (1, 22)
[1450069928596] Desired Position: (10, 29)
[1450069928596] Direction: (0, -1)
______________
[1450069928746] NearObjects size: 6
[1450069928746] NearObjectsToExtinguish: 3
[1450069928746] Current position: (0, 22)
[1450069928746] Desired Position: (10, 29)
[1450069928746] Direction: (-1, 0)
______________
[1450069928897] NearObjects size: 6
[1450069928897] NearObjectsToExtinguish: 2
[1450069928897] Current position: (0, 21)
[1450069928897] Desired Position: (10, 29)
[1450069928897] Direction: (0, -1)
______________
[1450069929047] NearObjects size: 6
[1450069929047] NearObjectsToExtinguish: 3
[1450069929047] Current position: (0, 20)
[1450069929047] Desired Position: (10, 29)
[1450069929047] Direction: (0, -1)
______________
[1450069929197] NearObjects size: 8
[1450069929197] NearObjectsToExtinguish: 4
[1450069929197] Current position: (1, 20)
[1450069929197] Desired Position: (10, 29)
[1450069929197] Direction: (1, 0)
______________
[1450069929348] NearObjects size: 5
[1450069929348] NearObjectsToExtinguish: 1
[1450069929348] Current position: (1, 21)
[1450069929348] Desired Position: (10, 29)
[1450069929348] Direction: (0, 1)
______________
[1450069929499] NearObjects size: 7
[1450069929499] NearObjectsToExtinguish: 2
[1450069929499] Current position: (2, 20)
[1450069929499] Desired Position: (10, 29)
[1450069929499] Direction: (1, -1)
______________
[1450069929649] NearObjects size: 9
[1450069929649] NearObjectsToExtinguish: 4
[1450069929649] Current position: (2, 19)
[1450069929649] Desired Position: (10, 29)
[1450069929649] Direction: (0, -1)
______________
[1450069929799] NearObjects size: 8
[1450069929799] NearObjectsToExtinguish: 4
[1450069929799] Current position: (3, 19)
[1450069929799] Desired Position: (10, 29)
[1450069929799] Direction: (1, 0)
______________
[1450069929949] NearObjects size: 5
[1450069929949] NearObjectsToExtinguish: 1
[1450069929949] Current position: (3, 20)
[1450069929949] Desired Position: (10, 29)
[1450069929949] Direction: (0, 1)
______________
[1450069930099] NearObjects size: 7
[1450069930099] NearObjectsToExtinguish: 2
[1450069930099] Current position: (4, 19)
[1450069930099] Desired Position: (10, 29)
[1450069930099] Direction: (1, -1)
______________
[1450069930249] NearObjects size: 9
[1450069930249] NearObjectsToExtinguish: 4
[1450069930249] Current position: (4, 18)
[1450069930249] Desired Position: (10, 29)
[1450069930249] Direction: (0, -1)
______________
[1450069930399] NearObjects size: 9
[1450069930399] NearObjectsToExtinguish: 4
[1450069930399] Current position: (5, 18)
[1450069930399] Desired Position: (10, 29)
[1450069930399] Direction: (1, 0)
______________
[1450069930549] NearObjects size: 9
[1450069930549] NearObjectsToExtinguish: 5
[1450069930549] Current position: (6, 18)
[1450069930549] Desired Position: (10, 29)
[1450069930549] Direction: (1, 0)
______________
[1450069930699] NearObjects size: 9
[1450069930699] NearObjectsToExtinguish: 4
[1450069930699] Current position: (6, 17)
[1450069930699] Desired Position: (10, 29)
[1450069930699] Direction: (0, -1)
______________
[1450069930849] NearObjects size: 8
[1450069930849] NearObjectsToExtinguish: 3
[1450069930849] Current position: (5, 17)
[1450069930849] Desired Position: (10, 29)
[1450069930849] Direction: (-1, 0)
______________
[1450069931000] NearObjects size: 9
[1450069931000] NearObjectsToExtinguish: 4
[1450069931000] Current position: (5, 16)
[1450069931000] Desired Position: (10, 29)
[1450069931000] Direction: (0, -1)
______________
[1450069931150] NearObjects size: 9
[1450069931150] NearObjectsToExtinguish: 3
[1450069931150] Current position: (6, 16)
[1450069931150] Desired Position: (10, 29)
[1450069931150] Direction: (1, 0)
______________
[1450069931300] NearObjects size: 9
[1450069931300] NearObjectsToExtinguish: 4
[1450069931300] Current position: (7, 16)
[1450069931300] Desired Position: (10, 29)
[1450069931300] Direction: (1, 0)
______________
[1450069931451] NearObjects size: 9
[1450069931451] NearObjectsToExtinguish: 5
[1450069931451] Current position: (8, 16)
[1450069931451] Desired Position: (10, 29)
[1450069931451] Direction: (1, 0)
______________
[1450069931601] NearObjects size: 9
[1450069931601] NearObjectsToExtinguish: 4
[1450069931601] Current position: (8, 15)
[1450069931601] Desired Position: (10, 29)
[1450069931601] Direction: (0, -1)
______________
[1450069931751] NearObjects size: 9
[1450069931751] NearObjectsToExtinguish: 4
[1450069931751] Current position: (9, 15)
[1450069931751] Desired Position: (10, 29)
[1450069931751] Direction: (1, 0)
______________
[1450069931901] NearObjects size: 9
[1450069931901] NearObjectsToExtinguish: 3
[1450069931901] Current position: (9, 16)
[1450069931901] Desired Position: (10, 29)
[1450069931901] Direction: (0, 1)
______________
[1450069932051] NearObjects size: 9
[1450069932051] NearObjectsToExtinguish: 4
[1450069932051] Current position: (9, 17)
[1450069932051] Desired Position: (10, 29)
[1450069932051] Direction: (0, 1)
______________
[1450069932201] NearObjects size: 8
[1450069932201] NearObjectsToExtinguish: 3
[1450069932201] Current position: (8, 17)
[1450069932201] Desired Position: (10, 29)
[1450069932201] Direction: (-1, 0)
______________
[1450069932351] NearObjects size: 9
[1450069932351] NearObjectsToExtinguish: 4
[1450069932351] Current position: (8, 18)
[1450069932351] Desired Position: (10, 29)
[1450069932351] Direction: (0, 1)
______________
[1450069932502] NearObjects size: 9
[1450069932502] NearObjectsToExtinguish: 3
[1450069932502] Current position: (9, 18)
[1450069932502] Desired Position: (10, 29)
[1450069932502] Direction: (1, 0)
______________
[1450069932652] NearObjects size: 9
[1450069932652] NearObjectsToExtinguish: 4
[1450069932652] Current position: (10, 18)
[1450069932652] Desired Position: (10, 29)
[1450069932652] Direction: (1, 0)
______________
[1450069932803] NearObjects size: 9
[1450069932803] NearObjectsToExtinguish: 4
[1450069932803] Current position: (10, 19)
[1450069932803] Desired Position: (10, 29)
[1450069932803] Direction: (0, 1)
______________
[Fireman 1603] - Accept a rescue request from [Person 1605]
[1450069932953] NearObjects size: 9
[1450069932953] NearObjectsToExtinguish: 3
[1450069932953] Current position: (11, 18)
[1450069932953] Desired Position: (20, 5)
[1450069932953] Direction: (1, -1)
______________
[1450069933104] NearObjects size: 9
[1450069933104] NearObjectsToExtinguish: 4
[1450069933104] Current position: (12, 17)
[1450069933104] Desired Position: (20, 5)
[1450069933104] Direction: (1, -1)
______________
[1450069933254] NearObjects size: 9
[1450069933254] NearObjectsToExtinguish: 4
[1450069933254] Current position: (13, 16)
[1450069933254] Desired Position: (20, 5)
[1450069933254] Direction: (1, -1)
______________
[1450069933404] NearObjects size: 9
[1450069933404] NearObjectsToExtinguish: 4
[1450069933404] Current position: (14, 15)
[1450069933404] Desired Position: (20, 5)
[1450069933404] Direction: (1, -1)
______________
[1450069933554] NearObjects size: 9
[1450069933554] NearObjectsToExtinguish: 4
[1450069933554] Current position: (15, 14)
[1450069933554] Desired Position: (20, 5)
[1450069933554] Direction: (1, -1)
______________
[1450069933704] NearObjects size: 6
[1450069933704] NearObjectsToExtinguish: 3
[1450069933704] Current position: (16, 13)
[1450069933704] Desired Position: (20, 5)
[1450069933704] Direction: (1, -1)
______________
[1450069933857] NearObjects size: 3
[1450069933857] NearObjectsToExtinguish: 1
[1450069933857] Current position: (17, 12)
[1450069933857] Desired Position: (20, 5)
[1450069933857] Direction: (1, -1)
______________
[1450069934007] NearObjects size: 1
[1450069934007] NearObjectsToExtinguish: 0
[1450069934007] Current position: (18, 11)
[1450069934007] Desired Position: (20, 5)
[1450069934007] Direction: (1, -1)
______________
[1450069934157] NearObjects size: 0
[1450069934157] NearObjectsToExtinguish: 0
[1450069934157] Current position: (19, 10)
[1450069934157] Desired Position: (19, 4)
[1450069934157] Direction: (1, -1)
______________
[1450069934307] NearObjects size: 0
[1450069934307] NearObjectsToExtinguish: 0
[1450069934307] Current position: (19, 9)
[1450069934307] Desired Position: (19, 4)
[1450069934307] Direction: (0, -1)
______________
[1450069934458] NearObjects size: 0
[1450069934458] NearObjectsToExtinguish: 0
[1450069934458] Current position: (19, 8)
[1450069934458] Desired Position: (19, 4)
[1450069934458] Direction: (0, -1)
______________
[1450069934608] NearObjects size: 0
[1450069934608] NearObjectsToExtinguish: 0
[1450069934608] Current position: (19, 7)
[1450069934608] Desired Position: (19, 4)
[1450069934608] Direction: (0, -1)
______________
[1450069934759] NearObjects size: 0
[1450069934759] NearObjectsToExtinguish: 0
[1450069934759] Current position: (19, 6)
[1450069934759] Desired Position: (19, 4)
[1450069934759] Direction: (0, -1)
______________
[1450069934909] NearObjects size: 0
[1450069934909] NearObjectsToExtinguish: 0
[1450069934909] Current position: (19, 5)
[1450069934909] Desired Position: (19, 4)
[1450069934909] Direction: (0, -1)
______________
[1450069935059] NearObjects size: 0
[1450069935059] NearObjectsToExtinguish: 0
[1450069935059] Current position: (19, 4)
[1450069935059] Desired Position: (19, 4)
[1450069935059] Direction: (0, -1)
______________
[1450069935209] NearObjects size: 0
[1450069935209] NearObjectsToExtinguish: 0
[1450069935209] Current position: (19, 4)
[1450069935209] Desired Position: (19, 4)
[1450069935209] Direction: (0, 0)
______________
A person was saved on: (19, 4)
[1450069935359] NearObjects size: 0
[1450069935359] NearObjectsToExtinguish: 0
[1450069935359] Current position: (19, 4)
[1450069935359] Desired Position: (null)
[1450069935359] Direction: (0, 0)
______________
[1450069935509] NearObjects size: 0
[1450069935509] NearObjectsToExtinguish: 0
[1450069935509] Current position: (18, 5)
[1450069935509] Desired Position: (2, 18)
[1450069935509] Direction: (-1, 1)
______________
[1450069935660] NearObjects size: 0
[1450069935660] NearObjectsToExtinguish: 0
[1450069935660] Current position: (17, 6)
[1450069935660] Desired Position: (2, 18)
[1450069935660] Direction: (-1, 1)
______________
[1450069935810] NearObjects size: 0
[1450069935810] NearObjectsToExtinguish: 0
[1450069935810] Current position: (16, 7)
[1450069935810] Desired Position: (2, 18)
[1450069935810] Direction: (-1, 1)
______________
[1450069935960] NearObjects size: 1
[1450069935960] NearObjectsToExtinguish: 1
[1450069935960] Current position: (15, 8)
[1450069935960] Desired Position: (2, 18)
[1450069935960] Direction: (-1, 1)
______________
[1450069936111] NearObjects size: 3
[1450069936111] NearObjectsToExtinguish: 1
[1450069936111] Current position: (15, 9)
[1450069936111] Desired Position: (2, 18)
[1450069936111] Direction: (0, 1)
______________
[1450069936261] NearObjects size: 5
[1450069936261] NearObjectsToExtinguish: 2
[1450069936261] Current position: (15, 10)
[1450069936261] Desired Position: (2, 18)
[1450069936261] Direction: (0, 1)
______________
[1450069936412] NearObjects size: 8
[1450069936412] NearObjectsToExtinguish: 3
[1450069936412] Current position: (14, 10)
[1450069936412] Desired Position: (2, 18)
[1450069936412] Direction: (-1, 0)
______________
[1450069936562] NearObjects size: 9
[1450069936562] NearObjectsToExtinguish: 4
[1450069936562] Current position: (14, 11)
[1450069936562] Desired Position: (2, 18)
[1450069936562] Direction: (0, 1)
______________
[1450069936712] NearObjects size: 9
[1450069936712] NearObjectsToExtinguish: 4
[1450069936712] Current position: (13, 11)
[1450069936712] Desired Position: (2, 18)
[1450069936712] Direction: (-1, 0)
______________
[1450069936862] NearObjects size: 9
[1450069936862] NearObjectsToExtinguish: 5
[1450069936862] Current position: (12, 11)
[1450069936862] Desired Position: (2, 18)
[1450069936862] Direction: (-1, 0)
______________
[1450069937014] NearObjects size: 9
[1450069937014] NearObjectsToExtinguish: 5
[1450069937014] Current position: (11, 11)
[1450069937014] Desired Position: (2, 18)
[1450069937014] Direction: (-1, 0)
______________
[1450069937164] NearObjects size: 9
[1450069937164] NearObjectsToExtinguish: 4
[1450069937164] Current position: (11, 10)
[1450069937164] Desired Position: (2, 18)
[1450069937164] Direction: (0, -1)
______________
[1450069937315] NearObjects size: 8
[1450069937315] NearObjectsToExtinguish: 4
[1450069937315] Current position: (11, 9)
[1450069937315] Desired Position: (2, 18)
[1450069937315] Direction: (0, -1)
______________
[1450069937465] NearObjects size: 8
[1450069937465] NearObjectsToExtinguish: 3
[1450069937465] Current position: (12, 9)
[1450069937465] Desired Position: (2, 18)
[1450069937465] Direction: (1, 0)
______________
[1450069937615] NearObjects size: 6
[1450069937615] NearObjectsToExtinguish: 4
[1450069937615] Current position: (13, 9)
[1450069937615] Desired Position: (2, 18)
[1450069937615] Direction: (1, 0)
______________
[1450069937766] NearObjects size: 6
[1450069937766] NearObjectsToExtinguish: 2
[1450069937766] Current position: (13, 8)
[1450069937766] Desired Position: (2, 18)
[1450069937766] Direction: (0, -1)
______________
[1450069937916] NearObjects size: 4
[1450069937916] NearObjectsToExtinguish: 2
[1450069937916] Current position: (13, 7)
[1450069937916] Desired Position: (2, 18)
[1450069937916] Direction: (0, -1)
______________
[1450069938067] NearObjects size: 6
[1450069938067] NearObjectsToExtinguish: 2
[1450069938067] Current position: (12, 7)
[1450069938067] Desired Position: (2, 18)
[1450069938067] Direction: (-1, 0)
______________
[1450069938217] NearObjects size: 7
[1450069938217] NearObjectsToExtinguish: 3
[1450069938217] Current position: (11, 7)
[1450069938217] Desired Position: (2, 18)
[1450069938217] Direction: (-1, 0)
______________
[1450069938367] NearObjects size: 7
[1450069938367] NearObjectsToExtinguish: 3
[1450069938367] Current position: (11, 8)
[1450069938367] Desired Position: (2, 18)
[1450069938367] Direction: (0, 1)
______________
[1450069938518] NearObjects size: 8
[1450069938518] NearObjectsToExtinguish: 3
[1450069938518] Current position: (10, 8)
[1450069938518] Desired Position: (2, 18)
[1450069938518] Direction: (-1, 0)
______________
[1450069938668] NearObjects size: 9
[1450069938668] NearObjectsToExtinguish: 5
[1450069938668] Current position: (9, 8)
[1450069938668] Desired Position: (2, 18)
[1450069938668] Direction: (-1, 0)
______________
[1450069938818] NearObjects size: 9
[1450069938818] NearObjectsToExtinguish: 4
[1450069938818] Current position: (9, 7)
[1450069938818] Desired Position: (2, 18)
[1450069938818] Direction: (0, -1)
______________
[1450069938969] NearObjects size: 8
[1450069938969] NearObjectsToExtinguish: 5
[1450069938969] Current position: (9, 6)
[1450069938969] Desired Position: (2, 18)
[1450069938969] Direction: (0, -1)
______________
[1450069939119] NearObjects size: 6
[1450069939119] NearObjectsToExtinguish: 3
[1450069939119] Current position: (10, 6)
[1450069939119] Desired Position: (2, 18)
[1450069939119] Direction: (1, 0)
______________
[1450069939269] NearObjects size: 4
[1450069939269] NearObjectsToExtinguish: 1
[1450069939269] Current position: (11, 6)
[1450069939269] Desired Position: (2, 18)
[1450069939269] Direction: (1, 0)
______________
[1450069939419] NearObjects size: 3
[1450069939419] NearObjectsToExtinguish: 0
[1450069939419] Current position: (10, 7)
[1450069939419] Desired Position: (2, 18)
[1450069939419] Direction: (-1, 1)
______________
[1450069939569] NearObjects size: 2
[1450069939569] NearObjectsToExtinguish: 0
[1450069939569] Current position: (10, 7)
[1450069939569] Desired Position: (2, 18)
[1450069939569] Direction: (0, 0)
______________
[1450069939719] NearObjects size: 1
[1450069939719] NearObjectsToExtinguish: 0
[1450069939719] Current position: (10, 7)
[1450069939719] Desired Position: (2, 18)
[1450069939719] Direction: (0, 0)
______________
[1450069939870] NearObjects size: 0
[1450069939870] NearObjectsToExtinguish: 0
[1450069939870] Current position: (10, 7)
[1450069939870] Desired Position: (2, 18)
[1450069939870] Direction: (0, 0)
______________
[1450069940020] NearObjects size: 5
[1450069940020] NearObjectsToExtinguish: 2
[1450069940020] Current position: (9, 8)
[1450069940020] Desired Position: (2, 18)
[1450069940020] Direction: (-1, 1)
______________
[1450069940173] NearObjects size: 7
[1450069940173] NearObjectsToExtinguish: 4
[1450069940173] Current position: (8, 8)
[1450069940173] Desired Position: (2, 18)
[1450069940173] Direction: (-1, 0)
______________
[1450069940324] NearObjects size: 9
[1450069940324] NearObjectsToExtinguish: 5
[1450069940324] Current position: (7, 8)
[1450069940324] Desired Position: (2, 18)
[1450069940324] Direction: (-1, 0)
______________
[1450069940474] NearObjects size: 9
[1450069940474] NearObjectsToExtinguish: 5
[1450069940474] Current position: (6, 8)
[1450069940474] Desired Position: (2, 18)
[1450069940474] Direction: (-1, 0)
______________
[1450069940624] NearObjects size: 9
[1450069940624] NearObjectsToExtinguish: 4
[1450069940624] Current position: (6, 9)
[1450069940624] Desired Position: (2, 18)
[1450069940624] Direction: (0, 1)
______________
[1450069940774] NearObjects size: 8
[1450069940774] NearObjectsToExtinguish: 3
[1450069940774] Current position: (7, 9)
[1450069940774] Desired Position: (2, 18)
[1450069940774] Direction: (1, 0)
______________
[1450069940924] NearObjects size: 7
[1450069940924] NearObjectsToExtinguish: 3
[1450069940924] Current position: (8, 9)
[1450069940924] Desired Position: (2, 18)
[1450069940924] Direction: (1, 0)
______________
[1450069941074] NearObjects size: 9
[1450069941074] NearObjectsToExtinguish: 4
[1450069941074] Current position: (8, 10)
[1450069941074] Desired Position: (2, 18)
[1450069941074] Direction: (0, 1)
______________
[1450069941224] NearObjects size: 9
[1450069941224] NearObjectsToExtinguish: 4
[1450069941224] Current position: (9, 10)
[1450069941224] Desired Position: (2, 18)
[1450069941224] Direction: (1, 0)
______________
[1450069941374] NearObjects size: 9
[1450069941374] NearObjectsToExtinguish: 4
[1450069941374] Current position: (9, 11)
[1450069941374] Desired Position: (2, 18)
[1450069941374] Direction: (0, 1)
______________
[1450069941524] NearObjects size: 9
[1450069941524] NearObjectsToExtinguish: 3
[1450069941524] Current position: (8, 11)
[1450069941524] Desired Position: (2, 18)
[1450069941524] Direction: (-1, 0)
______________
[1450069941674] NearObjects size: 9
[1450069941674] NearObjectsToExtinguish: 4
[1450069941674] Current position: (8, 12)
[1450069941674] Desired Position: (2, 18)
[1450069941674] Direction: (0, 1)
______________
[1450069941824] NearObjects size: 9
[1450069941824] NearObjectsToExtinguish: 4
[1450069941824] Current position: (7, 12)
[1450069941824] Desired Position: (2, 18)
[1450069941824] Direction: (-1, 0)
______________
[1450069941974] NearObjects size: 9
[1450069941974] NearObjectsToExtinguish: 4
[1450069941974] Current position: (7, 13)
[1450069941974] Desired Position: (2, 18)
[1450069941974] Direction: (0, 1)
______________
[1450069942124] NearObjects size: 9
[1450069942124] NearObjectsToExtinguish: 4
[1450069942124] Current position: (6, 13)
[1450069942124] Desired Position: (2, 18)
[1450069942124] Direction: (-1, 0)
______________
[1450069942274] NearObjects size: 9
[1450069942274] NearObjectsToExtinguish: 4
[1450069942274] Current position: (6, 14)
[1450069942274] Desired Position: (2, 18)
[1450069942274] Direction: (0, 1)
______________
[1450069942424] NearObjects size: 8
[1450069942424] NearObjectsToExtinguish: 3
[1450069942424] Current position: (7, 14)
[1450069942424] Desired Position: (2, 18)
[1450069942424] Direction: (1, 0)
______________
[1450069942574] NearObjects size: 5
[1450069942574] NearObjectsToExtinguish: 2
[1450069942574] Current position: (7, 15)
[1450069942574] Desired Position: (2, 18)
[1450069942574] Direction: (0, 1)
______________
[1450069942724] NearObjects size: 6
[1450069942724] NearObjectsToExtinguish: 1
[1450069942724] Current position: (6, 15)
[1450069942724] Desired Position: (2, 18)
[1450069942724] Direction: (-1, 0)
______________
[1450069942874] NearObjects size: 7
[1450069942874] NearObjectsToExtinguish: 2
[1450069942874] Current position: (5, 15)
[1450069942874] Desired Position: (2, 18)
[1450069942874] Direction: (-1, 0)
______________
[1450069943024] NearObjects size: 8
[1450069943024] NearObjectsToExtinguish: 4
[1450069943024] Current position: (4, 15)
[1450069943024] Desired Position: (2, 18)
[1450069943024] Direction: (-1, 0)
______________
[1450069943174] NearObjects size: 9
[1450069943174] NearObjectsToExtinguish: 4
[1450069943174] Current position: (4, 14)
[1450069943174] Desired Position: (2, 18)
[1450069943174] Direction: (0, -1)
______________
[1450069943324] NearObjects size: 9
[1450069943324] NearObjectsToExtinguish: 4
[1450069943324] Current position: (3, 14)
[1450069943324] Desired Position: (2, 18)
[1450069943324] Direction: (-1, 0)
______________
[1450069943474] NearObjects size: 9
[1450069943474] NearObjectsToExtinguish: 3
[1450069943474] Current position: (3, 15)
[1450069943474] Desired Position: (2, 18)
[1450069943474] Direction: (0, 1)
______________
[1450069943624] NearObjects size: 9
[1450069943624] NearObjectsToExtinguish: 4
[1450069943624] Current position: (2, 15)
[1450069943624] Desired Position: (2, 18)
[1450069943624] Direction: (-1, 0)
______________
[1450069943774] NearObjects size: 9
[1450069943774] NearObjectsToExtinguish: 4
[1450069943774] Current position: (2, 16)
[1450069943774] Desired Position: (2, 18)
[1450069943774] Direction: (0, 1)
______________
[1450069943925] NearObjects size: 8
[1450069943925] NearObjectsToExtinguish: 3
[1450069943925] Current position: (3, 16)
[1450069943925] Desired Position: (2, 18)
[1450069943925] Direction: (1, 0)
______________
[1450069944075] NearObjects size: 8
[1450069944075] NearObjectsToExtinguish: 4
[1450069944075] Current position: (3, 17)
[1450069944075] Desired Position: (2, 18)
[1450069944075] Direction: (0, 1)
______________
[1450069944225] NearObjects size: 9
[1450069944225] NearObjectsToExtinguish: 3
[1450069944225] Current position: (2, 17)
[1450069944225] Desired Position: (2, 18)
[1450069944225] Direction: (-1, 0)
______________
[1450069944376] NearObjects size: 9
[1450069944376] NearObjectsToExtinguish: 4
[1450069944376] Current position: (1, 17)
[1450069944376] Desired Position: (2, 18)
[1450069944376] Direction: (-1, 0)
______________
[1450069944526] NearObjects size: 6
[1450069944526] NearObjectsToExtinguish: 4
[1450069944526] Current position: (0, 17)
[1450069944526] Desired Position: (2, 18)
[1450069944526] Direction: (-1, 0)
______________
[1450069944676] NearObjects size: 6
[1450069944676] NearObjectsToExtinguish: 2
[1450069944676] Current position: (0, 16)
[1450069944676] Desired Position: (2, 18)
[1450069944676] Direction: (0, -1)
______________
[1450069944827] NearObjects size: 6
[1450069944827] NearObjectsToExtinguish: 3
[1450069944827] Current position: (0, 15)
[1450069944827] Desired Position: (2, 18)
[1450069944827] Direction: (0, -1)
______________
[1450069944977] NearObjects size: 6
[1450069944977] NearObjectsToExtinguish: 3
[1450069944977] Current position: (0, 14)
[1450069944977] Desired Position: (2, 18)
[1450069944977] Direction: (0, -1)
______________
[1450069945127] NearObjects size: 8
[1450069945127] NearObjectsToExtinguish: 4
[1450069945127] Current position: (1, 14)
[1450069945127] Desired Position: (2, 18)
[1450069945127] Direction: (1, 0)
______________
[1450069945280] NearObjects size: 6
[1450069945280] NearObjectsToExtinguish: 2
[1450069945280] Current position: (1, 15)
[1450069945280] Desired Position: (2, 18)
[1450069945280] Direction: (0, 1)
______________
[1450069945430] NearObjects size: 3
[1450069945430] NearObjectsToExtinguish: 0
[1450069945430] Current position: (1, 16)
[1450069945430] Desired Position: (2, 18)
[1450069945430] Direction: (0, 1)
______________
[1450069945580] NearObjects size: 2
[1450069945580] NearObjectsToExtinguish: 0
[1450069945580] Current position: (1, 16)
[1450069945580] Desired Position: (2, 18)
[1450069945580] Direction: (0, 0)
______________
[1450069945731] NearObjects size: 1
[1450069945731] NearObjectsToExtinguish: 0
[1450069945731] Current position: (1, 16)
[1450069945731] Desired Position: (2, 18)
[1450069945731] Direction: (0, 0)
______________
[1450069945881] NearObjects size: 0
[1450069945881] NearObjectsToExtinguish: 0
[1450069945881] Current position: (1, 16)
[1450069945881] Desired Position: (2, 18)
[1450069945881] Direction: (0, 0)
______________
[1450069946031] NearObjects size: 3
[1450069946031] NearObjectsToExtinguish: 1
[1450069946031] Current position: (2, 17)
[1450069946031] Desired Position: (2, 18)
[1450069946031] Direction: (1, 1)
______________
[1450069946181] NearObjects size: 4
[1450069946181] NearObjectsToExtinguish: 2
[1450069946181] Current position: (2, 18)
[1450069946181] Desired Position: (2, 18)
[1450069946181] Direction: (0, 1)
______________
[1450069946331] NearObjects size: 4
[1450069946331] NearObjectsToExtinguish: 2
[1450069946331] Current position: (2, 18)
[1450069946331] Desired Position: (null)
[1450069946331] Direction: (0, 0)
______________
[1450069946481] NearObjects size: 5
[1450069946481] NearObjectsToExtinguish: 2
[1450069946481] Current position: (1, 18)
[1450069946481] Desired Position: (null)
[1450069946481] Direction: (-1, 0)
______________
[1450069946632] NearObjects size: 4
[1450069946632] NearObjectsToExtinguish: 2
[1450069946632] Current position: (0, 18)
[1450069946632] Desired Position: (null)
[1450069946632] Direction: (-1, 0)
______________
[1450069946782] NearObjects size: 4
[1450069946782] NearObjectsToExtinguish: 1
[1450069946782] Current position: (0, 19)
[1450069946782] Desired Position: (null)
[1450069946782] Direction: (0, 1)
______________
[1450069946933] NearObjects size: 4
[1450069946933] NearObjectsToExtinguish: 0
[1450069946933] Current position: (1, 19)
[1450069946933] Desired Position: (null)
[1450069946933] Direction: (1, 0)
______________
[1450069947083] NearObjects size: 3
[1450069947083] NearObjectsToExtinguish: 0
[1450069947083] Current position: (1, 19)
[1450069947083] Desired Position: (null)
[1450069947083] Direction: (0, 0)
______________
[1450069947233] NearObjects size: 2
[1450069947233] NearObjectsToExtinguish: 0
[1450069947233] Current position: (1, 19)
[1450069947233] Desired Position: (null)
[1450069947233] Direction: (0, 0)
______________
[1450069947383] NearObjects size: 1
[1450069947383] NearObjectsToExtinguish: 0
[1450069947383] Current position: (1, 19)
[1450069947383] Desired Position: (null)
[1450069947383] Direction: (0, 0)
______________
[1450069947533] NearObjects size: 0
[1450069947533] NearObjectsToExtinguish: 0
[1450069947533] Current position: (1, 19)
[1450069947533] Desired Position: (null)
[1450069947533] Direction: (0, 0)
______________
[1450069947683] NearObjects size: 0
[1450069947683] NearObjectsToExtinguish: 0
[1450069947683] Current position: (0, 20)
[1450069947683] Desired Position: (0, 36)
[1450069947683] Direction: (-1, 1)
______________
[1450069947833] NearObjects size: 0
[1450069947833] NearObjectsToExtinguish: 0
[1450069947833] Current position: (0, 21)
[1450069947833] Desired Position: (0, 36)
[1450069947833] Direction: (0, 1)
______________
[1450069947983] NearObjects size: 1
[1450069947983] NearObjectsToExtinguish: 1
[1450069947983] Current position: (0, 22)
[1450069947983] Desired Position: (0, 36)
[1450069947983] Direction: (0, 1)
______________
[1450069948133] NearObjects size: 1
[1450069948133] NearObjectsToExtinguish: 0
[1450069948133] Current position: (0, 23)
[1450069948133] Desired Position: (0, 36)
[1450069948133] Direction: (0, 1)
______________
[1450069948284] NearObjects size: 0
[1450069948284] NearObjectsToExtinguish: 0
[1450069948284] Current position: (0, 23)
[1450069948284] Desired Position: (0, 36)
[1450069948284] Direction: (0, 0)
______________
[1450069948434] NearObjects size: 0
[1450069948434] NearObjectsToExtinguish: 0
[1450069948434] Current position: (0, 24)
[1450069948434] Desired Position: (0, 36)
[1450069948434] Direction: (0, 1)
______________
[1450069948584] NearObjects size: 0
[1450069948584] NearObjectsToExtinguish: 0
[1450069948584] Current position: (0, 25)
[1450069948584] Desired Position: (0, 36)
[1450069948584] Direction: (0, 1)
______________
[1450069948734] NearObjects size: 0
[1450069948734] NearObjectsToExtinguish: 0
[1450069948734] Current position: (0, 26)
[1450069948734] Desired Position: (0, 36)
[1450069948734] Direction: (0, 1)
______________
[1450069948884] NearObjects size: 0
[1450069948884] NearObjectsToExtinguish: 0
[1450069948884] Current position: (0, 27)
[1450069948884] Desired Position: (0, 36)
[1450069948884] Direction: (0, 1)
______________
[1450069949034] NearObjects size: 2
[1450069949034] NearObjectsToExtinguish: 1
[1450069949034] Current position: (0, 28)
[1450069949034] Desired Position: (0, 36)
[1450069949034] Direction: (0, 1)
______________
[1450069949184] NearObjects size: 4
[1450069949184] NearObjectsToExtinguish: 2
[1450069949184] Current position: (0, 29)
[1450069949184] Desired Position: (0, 36)
[1450069949184] Direction: (0, 1)
______________
[1450069949335] NearObjects size: 6
[1450069949335] NearObjectsToExtinguish: 3
[1450069949335] Current position: (0, 30)
[1450069949335] Desired Position: (0, 36)
[1450069949335] Direction: (0, 1)
______________
[1450069949486] NearObjects size: 6
[1450069949486] NearObjectsToExtinguish: 3
[1450069949486] Current position: (0, 31)
[1450069949486] Desired Position: (0, 36)
[1450069949486] Direction: (0, 1)
______________
[1450069949636] NearObjects size: 6
[1450069949636] NearObjectsToExtinguish: 3
[1450069949636] Current position: (0, 32)
[1450069949636] Desired Position: (0, 36)
[1450069949636] Direction: (0, 1)
______________
[1450069949787] NearObjects size: 9
[1450069949787] NearObjectsToExtinguish: 4
[1450069949787] Current position: (1, 32)
[1450069949787] Desired Position: (0, 36)
[1450069949787] Direction: (1, 0)
______________
[1450069949937] NearObjects size: 7
[1450069949937] NearObjectsToExtinguish: 4
[1450069949937] Current position: (2, 32)
[1450069949937] Desired Position: (0, 36)
[1450069949937] Direction: (1, 0)
______________
[1450069950087] NearObjects size: 8
[1450069950087] NearObjectsToExtinguish: 3
[1450069950087] Current position: (2, 33)
[1450069950087] Desired Position: (0, 36)
[1450069950087] Direction: (0, 1)
______________
[1450069950237] NearObjects size: 9
[1450069950237] NearObjectsToExtinguish: 5
[1450069950237] Current position: (2, 34)
[1450069950237] Desired Position: (0, 36)
[1450069950237] Direction: (0, 1)
______________
[1450069950388] NearObjects size: 9
[1450069950388] NearObjectsToExtinguish: 4
[1450069950388] Current position: (1, 34)
[1450069950388] Desired Position: (0, 36)
[1450069950388] Direction: (-1, 0)
______________
[1450069950539] NearObjects size: 9
[1450069950539] NearObjectsToExtinguish: 4
[1450069950539] Current position: (1, 35)
[1450069950539] Desired Position: (0, 36)
[1450069950539] Direction: (0, 1)
______________
[1450069950689] NearObjects size: 9
[1450069950689] NearObjectsToExtinguish: 5
[1450069950689] Current position: (1, 36)
[1450069950689] Desired Position: (0, 36)
[1450069950689] Direction: (0, 1)
______________
[1450069950839] NearObjects size: 9
[1450069950839] NearObjectsToExtinguish: 4
[1450069950839] Current position: (2, 36)
[1450069950839] Desired Position: (0, 36)
[1450069950839] Direction: (1, 0)
______________
[1450069950989] NearObjects size: 9
[1450069950989] NearObjectsToExtinguish: 4
[1450069950989] Current position: (2, 37)
[1450069950989] Desired Position: (0, 36)
[1450069950989] Direction: (0, 1)
______________
[1450069951139] NearObjects size: 9
[1450069951139] NearObjectsToExtinguish: 4
[1450069951139] Current position: (3, 37)
[1450069951139] Desired Position: (0, 36)
[1450069951139] Direction: (1, 0)
______________
[1450069951290] NearObjects size: 9
[1450069951290] NearObjectsToExtinguish: 4
[1450069951290] Current position: (3, 38)
[1450069951290] Desired Position: (0, 36)
[1450069951290] Direction: (0, 1)
______________
[1450069951440] NearObjects size: 9
[1450069951440] NearObjectsToExtinguish: 4
[1450069951440] Current position: (4, 38)
[1450069951440] Desired Position: (0, 36)
[1450069951440] Direction: (1, 0)
______________
[1450069951591] NearObjects size: 9
[1450069951591] NearObjectsToExtinguish: 3
[1450069951591] Current position: (4, 37)
[1450069951591] Desired Position: (0, 36)
[1450069951591] Direction: (0, -1)
______________
[1450069951741] NearObjects size: 9
[1450069951741] NearObjectsToExtinguish: 4
[1450069951741] Current position: (5, 37)
[1450069951741] Desired Position: (0, 36)
[1450069951741] Direction: (1, 0)
______________
[1450069951892] NearObjects size: 9
[1450069951892] NearObjectsToExtinguish: 3
[1450069951892] Current position: (5, 38)
[1450069951892] Desired Position: (0, 36)
[1450069951892] Direction: (0, 1)
______________
[1450069952043] NearObjects size: 9
[1450069952043] NearObjectsToExtinguish: 4
[1450069952043] Current position: (6, 38)
[1450069952043] Desired Position: (0, 36)
[1450069952043] Direction: (1, 0)
______________
[1450069952193] NearObjects size: 9
[1450069952193] NearObjectsToExtinguish: 5
[1450069952193] Current position: (7, 38)
[1450069952193] Desired Position: (0, 36)
[1450069952193] Direction: (1, 0)
______________
[1450069952343] NearObjects size: 9
[1450069952343] NearObjectsToExtinguish: 4
[1450069952343] Current position: (7, 37)
[1450069952343] Desired Position: (0, 36)
[1450069952343] Direction: (0, -1)
______________
[1450069952493] NearObjects size: 7
[1450069952493] NearObjectsToExtinguish: 5
[1450069952493] Current position: (7, 36)
[1450069952493] Desired Position: (0, 36)
[1450069952493] Direction: (0, -1)
______________
[1450069952643] NearObjects size: 7
[1450069952643] NearObjectsToExtinguish: 3
[1450069952643] Current position: (8, 36)
[1450069952643] Desired Position: (0, 36)
[1450069952643] Direction: (1, 0)
______________
[1450069952793] NearObjects size: 8
[1450069952793] NearObjectsToExtinguish: 3
[1450069952793] Current position: (8, 37)
[1450069952793] Desired Position: (0, 36)
[1450069952793] Direction: (0, 1)
______________
[1450069952943] NearObjects size: 8
[1450069952943] NearObjectsToExtinguish: 3
[1450069952943] Current position: (8, 38)
[1450069952943] Desired Position: (0, 36)
[1450069952943] Direction: (0, 1)
______________
[1450069953093] NearObjects size: 5
[1450069953093] NearObjectsToExtinguish: 3
[1450069953093] Current position: (8, 39)
[1450069953093] Desired Position: (0, 36)
[1450069953093] Direction: (0, 1)
______________
[1450069953243] NearObjects size: 4
[1450069953243] NearObjectsToExtinguish: 1
[1450069953243] Current position: (7, 39)
[1450069953243] Desired Position: (0, 36)
[1450069953243] Direction: (-1, 0)
______________
[1450069953393] NearObjects size: 3
[1450069953393] NearObjectsToExtinguish: 1
[1450069953393] Current position: (6, 39)
[1450069953393] Desired Position: (0, 36)
[1450069953393] Direction: (-1, 0)
______________
[1450069953544] NearObjects size: 3
[1450069953544] NearObjectsToExtinguish: 1
[1450069953544] Current position: (5, 39)
[1450069953544] Desired Position: (0, 36)
[1450069953544] Direction: (-1, 0)
______________
[1450069953694] NearObjects size: 3
[1450069953694] NearObjectsToExtinguish: 1
[1450069953694] Current position: (4, 39)
[1450069953694] Desired Position: (0, 36)
[1450069953694] Direction: (-1, 0)
______________
[1450069953844] NearObjects size: 4
[1450069953844] NearObjectsToExtinguish: 1
[1450069953844] Current position: (3, 39)
[1450069953844] Desired Position: (0, 36)
[1450069953844] Direction: (-1, 0)
______________
[1450069953995] NearObjects size: 5
[1450069953995] NearObjectsToExtinguish: 2
[1450069953995] Current position: (2, 39)
[1450069953995] Desired Position: (0, 36)
[1450069953995] Direction: (-1, 0)
______________
[1450069954146] NearObjects size: 6
[1450069954146] NearObjectsToExtinguish: 3
[1450069954146] Current position: (1, 39)
[1450069954146] Desired Position: (0, 36)
[1450069954146] Direction: (-1, 0)
______________
[1450069954296] NearObjects size: 8
[1450069954296] NearObjectsToExtinguish: 4
[1450069954296] Current position: (1, 38)
[1450069954296] Desired Position: (0, 36)
[1450069954296] Direction: (0, -1)
______________
[1450069954446] NearObjects size: 6
[1450069954446] NearObjectsToExtinguish: 3
[1450069954446] Current position: (0, 38)
[1450069954446] Desired Position: (0, 36)
[1450069954446] Direction: (-1, 0)
______________
[1450069954596] NearObjects size: 4
[1450069954596] NearObjectsToExtinguish: 0
[1450069954596] Current position: (0, 39)
[1450069954596] Desired Position: (0, 36)
[1450069954596] Direction: (0, 1)
______________
[1450069954746] NearObjects size: 3
[1450069954746] NearObjectsToExtinguish: 0
[1450069954746] Current position: (0, 39)
[1450069954746] Desired Position: (0, 36)
[1450069954746] Direction: (0, 0)
______________
[1450069954896] NearObjects size: 2
[1450069954896] NearObjectsToExtinguish: 0
[1450069954896] Current position: (0, 39)
[1450069954896] Desired Position: (0, 36)
[1450069954896] Direction: (0, 0)
______________
[1450069955046] NearObjects size: 1
[1450069955046] NearObjectsToExtinguish: 0
[1450069955046] Current position: (0, 39)
[1450069955046] Desired Position: (0, 36)
[1450069955046] Direction: (0, 0)
______________
[1450069955196] NearObjects size: 0
[1450069955196] NearObjectsToExtinguish: 0
[1450069955196] Current position: (0, 39)
[1450069955196] Desired Position: (0, 36)
[1450069955196] Direction: (0, 0)
______________
[1450069955346] NearObjects size: 2
[1450069955346] NearObjectsToExtinguish: 1
[1450069955346] Current position: (0, 38)
[1450069955346] Desired Position: (0, 36)
[1450069955346] Direction: (0, -1)
______________
[1450069955496] NearObjects size: 3
[1450069955496] NearObjectsToExtinguish: 2
[1450069955496] Current position: (0, 37)
[1450069955496] Desired Position: (0, 36)
[1450069955496] Direction: (0, -1)
______________
[1450069955646] NearObjects size: 4
[1450069955646] NearObjectsToExtinguish: 2
[1450069955646] Current position: (0, 36)
[1450069955646] Desired Position: (0, 36)
[1450069955646] Direction: (0, -1)
______________
[1450069955796] NearObjects size: 4
[1450069955796] NearObjectsToExtinguish: 2
[1450069955796] Current position: (0, 36)
[1450069955796] Desired Position: (null)
[1450069955796] Direction: (0, 0)
______________
[1450069955946] NearObjects size: 3
[1450069955946] NearObjectsToExtinguish: 1
[1450069955946] Current position: (0, 35)
[1450069955946] Desired Position: (null)
[1450069955946] Direction: (0, -1)
______________
[1450069956096] NearObjects size: 4
[1450069956096] NearObjectsToExtinguish: 1
[1450069956096] Current position: (0, 34)
[1450069956096] Desired Position: (null)
[1450069956096] Direction: (0, -1)
______________
[1450069956246] NearObjects size: 3
[1450069956246] NearObjectsToExtinguish: 1
[1450069956246] Current position: (0, 33)
[1450069956246] Desired Position: (null)
[1450069956246] Direction: (0, -1)
______________
[1450069956396] NearObjects size: 3
[1450069956396] NearObjectsToExtinguish: 0
[1450069956396] Current position: (1, 33)
[1450069956396] Desired Position: (null)
[1450069956396] Direction: (1, 0)
______________
[1450069956546] NearObjects size: 2
[1450069956546] NearObjectsToExtinguish: 0
[1450069956546] Current position: (1, 33)
[1450069956546] Desired Position: (null)
[1450069956546] Direction: (0, 0)
______________
[1450069956696] NearObjects size: 1
[1450069956696] NearObjectsToExtinguish: 0
[1450069956696] Current position: (1, 33)
[1450069956696] Desired Position: (null)
[1450069956696] Direction: (0, 0)
______________
[1450069956846] NearObjects size: 0
[1450069956846] NearObjectsToExtinguish: 0
[1450069956846] Current position: (1, 33)
[1450069956846] Desired Position: (null)
[1450069956846] Direction: (0, 0)
______________
[1450069956996] NearObjects size: 3
[1450069956996] NearObjectsToExtinguish: 1
[1450069956996] Current position: (2, 32)
[1450069956996] Desired Position: (14, 2)
[1450069956996] Direction: (1, -1)
______________
[1450069957146] NearObjects size: 4
[1450069957146] NearObjectsToExtinguish: 2
[1450069957146] Current position: (2, 31)
[1450069957146] Desired Position: (14, 2)
[1450069957146] Direction: (0, -1)
______________
[1450069957296] NearObjects size: 4
[1450069957296] NearObjectsToExtinguish: 2
[1450069957296] Current position: (1, 31)
[1450069957296] Desired Position: (14, 2)
[1450069957296] Direction: (-1, 0)
______________
[1450069957447] NearObjects size: 6
[1450069957447] NearObjectsToExtinguish: 2
[1450069957447] Current position: (1, 30)
[1450069957447] Desired Position: (14, 2)
[1450069957447] Direction: (0, -1)
______________
[1450069957597] NearObjects size: 6
[1450069957597] NearObjectsToExtinguish: 2
[1450069957597] Current position: (2, 30)
[1450069957597] Desired Position: (14, 2)
[1450069957597] Direction: (1, 0)
______________
[1450069957747] NearObjects size: 4
[1450069957747] NearObjectsToExtinguish: 1
[1450069957747] Current position: (2, 29)
[1450069957747] Desired Position: (14, 2)
[1450069957747] Direction: (0, -1)
______________
[1450069957897] NearObjects size: 4
[1450069957897] NearObjectsToExtinguish: 0
[1450069957897] Current position: (1, 29)
[1450069957897] Desired Position: (14, 2)
[1450069957897] Direction: (-1, 0)
______________
[1450069958047] NearObjects size: 3
[1450069958047] NearObjectsToExtinguish: 0
[1450069958047] Current position: (1, 29)
[1450069958047] Desired Position: (14, 2)
[1450069958047] Direction: (0, 0)
______________
[1450069958197] NearObjects size: 2
[1450069958197] NearObjectsToExtinguish: 0
[1450069958197] Current position: (1, 29)
[1450069958197] Desired Position: (14, 2)
[1450069958197] Direction: (0, 0)
______________
[1450069958348] NearObjects size: 1
[1450069958348] NearObjectsToExtinguish: 0
[1450069958348] Current position: (1, 29)
[1450069958348] Desired Position: (14, 2)
[1450069958348] Direction: (0, 0)
______________
[1450069958498] NearObjects size: 0
[1450069958498] NearObjectsToExtinguish: 0
[1450069958498] Current position: (1, 29)
[1450069958498] Desired Position: (14, 2)
[1450069958498] Direction: (0, 0)
______________
[1450069958649] NearObjects size: 0
[1450069958649] NearObjectsToExtinguish: 0
[1450069958649] Current position: (2, 28)
[1450069958649] Desired Position: (14, 2)
[1450069958649] Direction: (1, -1)
______________
[1450069958799] NearObjects size: 0
[1450069958799] NearObjectsToExtinguish: 0
[1450069958799] Current position: (3, 27)
[1450069958799] Desired Position: (14, 2)
[1450069958799] Direction: (1, -1)
______________
[1450069958949] NearObjects size: 2
[1450069958949] NearObjectsToExtinguish: 1
[1450069958949] Current position: (4, 26)
[1450069958949] Desired Position: (14, 2)
[1450069958949] Direction: (1, -1)
______________
[1450069959100] NearObjects size: 4
[1450069959100] NearObjectsToExtinguish: 2
[1450069959100] Current position: (5, 26)
[1450069959100] Desired Position: (14, 2)
[1450069959100] Direction: (1, 0)
______________
[1450069959250] NearObjects size: 6
[1450069959250] NearObjectsToExtinguish: 3
[1450069959250] Current position: (5, 27)
[1450069959250] Desired Position: (14, 2)
[1450069959250] Direction: (0, 1)
______________
[1450069959401] NearObjects size: 6
[1450069959401] NearObjectsToExtinguish: 3
[1450069959401] Current position: (5, 28)
[1450069959401] Desired Position: (14, 2)
[1450069959401] Direction: (0, 1)
______________
[1450069959551] NearObjects size: 7
[1450069959551] NearObjectsToExtinguish: 3
[1450069959551] Current position: (6, 28)
[1450069959551] Desired Position: (14, 2)
[1450069959551] Direction: (1, 0)
______________
[1450069959703] NearObjects size: 6
[1450069959703] NearObjectsToExtinguish: 2
[1450069959703] Current position: (6, 29)
[1450069959703] Desired Position: (14, 2)
[1450069959703] Direction: (0, 1)
______________
[1450069959853] NearObjects size: 6
[1450069959853] NearObjectsToExtinguish: 3
[1450069959853] Current position: (6, 30)
[1450069959853] Desired Position: (14, 2)
[1450069959853] Direction: (0, 1)
______________
[1450069960003] NearObjects size: 5
[1450069960003] NearObjectsToExtinguish: 3
[1450069960003] Current position: (6, 31)
[1450069960003] Desired Position: (14, 2)
[1450069960003] Direction: (0, 1)
______________
[1450069960154] NearObjects size: 3
[1450069960154] NearObjectsToExtinguish: 1
[1450069960154] Current position: (6, 32)
[1450069960154] Desired Position: (14, 2)
[1450069960154] Direction: (0, 1)
______________
[1450069960304] NearObjects size: 6
[1450069960304] NearObjectsToExtinguish: 2
[1450069960304] Current position: (5, 31)
[1450069960304] Desired Position: (14, 2)
[1450069960304] Direction: (-1, -1)
______________
[1450069960456] NearObjects size: 6
[1450069960456] NearObjectsToExtinguish: 3
[1450069960456] Current position: (5, 30)
[1450069960456] Desired Position: (14, 2)
[1450069960456] Direction: (0, -1)
______________
[1450069960606] NearObjects size: 5
[1450069960606] NearObjectsToExtinguish: 2
[1450069960606] Current position: (4, 30)
[1450069960606] Desired Position: (14, 2)
[1450069960606] Direction: (-1, 0)
______________
[1450069960756] NearObjects size: 4
[1450069960756] NearObjectsToExtinguish: 0
[1450069960756] Current position: (4, 31)
[1450069960756] Desired Position: (14, 2)
[1450069960756] Direction: (0, 1)
______________
[1450069960906] NearObjects size: 3
[1450069960906] NearObjectsToExtinguish: 0
[1450069960906] Current position: (4, 31)
[1450069960906] Desired Position: (14, 2)
[1450069960906] Direction: (0, 0)
______________
[1450069961056] NearObjects size: 2
[1450069961056] NearObjectsToExtinguish: 0
[1450069961056] Current position: (4, 31)
[1450069961056] Desired Position: (14, 2)
[1450069961056] Direction: (0, 0)
______________
[1450069961206] NearObjects size: 1
[1450069961206] NearObjectsToExtinguish: 0
[1450069961206] Current position: (4, 31)
[1450069961206] Desired Position: (14, 2)
[1450069961206] Direction: (0, 0)
______________
[1450069961356] NearObjects size: 0
[1450069961356] NearObjectsToExtinguish: 0
[1450069961356] Current position: (4, 31)
[1450069961356] Desired Position: (14, 2)
[1450069961356] Direction: (0, 0)
______________
[1450069961506] NearObjects size: 1
[1450069961506] NearObjectsToExtinguish: 1
[1450069961506] Current position: (5, 30)
[1450069961506] Desired Position: (14, 2)
[1450069961506] Direction: (1, -1)
______________
[1450069961656] NearObjects size: 1
[1450069961656] NearObjectsToExtinguish: 0
[1450069961656] Current position: (5, 29)
[1450069961656] Desired Position: (14, 2)
[1450069961656] Direction: (0, -1)
______________
[1450069961806] NearObjects size: 0
[1450069961806] NearObjectsToExtinguish: 0
[1450069961806] Current position: (5, 29)
[1450069961806] Desired Position: (14, 2)
[1450069961806] Direction: (0, 0)
______________
[1450069961957] NearObjects size: 2
[1450069961957] NearObjectsToExtinguish: 1
[1450069961957] Current position: (6, 28)
[1450069961957] Desired Position: (14, 2)
[1450069961957] Direction: (1, -1)
______________
[1450069962107] NearObjects size: 4
[1450069962107] NearObjectsToExtinguish: 2
[1450069962107] Current position: (6, 27)
[1450069962107] Desired Position: (14, 2)
[1450069962107] Direction: (0, -1)
______________
[1450069962257] NearObjects size: 5
[1450069962257] NearObjectsToExtinguish: 2
[1450069962257] Current position: (6, 26)
[1450069962257] Desired Position: (14, 2)
[1450069962257] Direction: (0, -1)
______________
[1450069962407] NearObjects size: 8
[1450069962407] NearObjectsToExtinguish: 3
[1450069962407] Current position: (7, 26)
[1450069962407] Desired Position: (14, 2)
[1450069962407] Direction: (1, 0)
______________
[1450069962558] NearObjects size: 6
[1450069962558] NearObjectsToExtinguish: 2
[1450069962558] Current position: (7, 25)
[1450069962558] Desired Position: (14, 2)
[1450069962558] Direction: (0, -1)
______________
[1450069962709] NearObjects size: 8
[1450069962709] NearObjectsToExtinguish: 3
[1450069962709] Current position: (8, 25)
[1450069962709] Desired Position: (14, 2)
[1450069962709] Direction: (1, 0)
______________
[1450069962859] NearObjects size: 8
[1450069962859] NearObjectsToExtinguish: 4
[1450069962859] Current position: (9, 25)
[1450069962859] Desired Position: (14, 2)
[1450069962859] Direction: (1, 0)
______________
[1450069963009] NearObjects size: 8
[1450069963009] NearObjectsToExtinguish: 3
[1450069963009] Current position: (9, 24)
[1450069963009] Desired Position: (14, 2)
[1450069963009] Direction: (0, -1)
______________
[1450069963159] NearObjects size: 6
[1450069963159] NearObjectsToExtinguish: 2
[1450069963159] Current position: (8, 24)
[1450069963159] Desired Position: (14, 2)
[1450069963159] Direction: (-1, 0)
______________
[1450069963309] NearObjects size: 5
[1450069963309] NearObjectsToExtinguish: 1
[1450069963309] Current position: (8, 23)
[1450069963309] Desired Position: (14, 2)
[1450069963309] Direction: (0, -1)
______________
[1450069963459] NearObjects size: 8
[1450069963459] NearObjectsToExtinguish: 2
[1450069963459] Current position: (9, 23)
[1450069963459] Desired Position: (14, 2)
[1450069963459] Direction: (1, 0)
______________
[1450069963609] NearObjects size: 9
[1450069963609] NearObjectsToExtinguish: 4
[1450069963609] Current position: (10, 23)
[1450069963609] Desired Position: (14, 2)
[1450069963609] Direction: (1, 0)
______________
[1450069963759] NearObjects size: 8
[1450069963759] NearObjectsToExtinguish: 5
[1450069963759] Current position: (11, 23)
[1450069963759] Desired Position: (14, 2)
[1450069963759] Direction: (1, 0)
______________
[1450069963909] NearObjects size: 8
[1450069963909] NearObjectsToExtinguish: 4
[1450069963909] Current position: (12, 23)
[1450069963909] Desired Position: (14, 2)
[1450069963909] Direction: (1, 0)
______________
[1450069964060] NearObjects size: 9
[1450069964060] NearObjectsToExtinguish: 4
[1450069964060] Current position: (12, 22)
[1450069964060] Desired Position: (14, 2)
[1450069964060] Direction: (0, -1)
______________
[1450069964210] NearObjects size: 9
[1450069964210] NearObjectsToExtinguish: 4
[1450069964210] Current position: (13, 22)
[1450069964210] Desired Position: (14, 2)
[1450069964210] Direction: (1, 0)
______________
[1450069964360] NearObjects size: 9
[1450069964360] NearObjectsToExtinguish: 4
[1450069964360] Current position: (13, 21)
[1450069964360] Desired Position: (14, 2)
[1450069964360] Direction: (0, -1)
______________
[1450069964510] NearObjects size: 9
[1450069964510] NearObjectsToExtinguish: 4
[1450069964510] Current position: (14, 21)
[1450069964510] Desired Position: (14, 2)
[1450069964510] Direction: (1, 0)
______________
[1450069964660] NearObjects size: 9
[1450069964660] NearObjectsToExtinguish: 3
[1450069964660] Current position: (14, 22)
[1450069964660] Desired Position: (14, 2)
[1450069964660] Direction: (0, 1)
______________
[1450069964811] NearObjects size: 9
[1450069964811] NearObjectsToExtinguish: 4
[1450069964811] Current position: (14, 23)
[1450069964811] Desired Position: (14, 2)
[1450069964811] Direction: (0, 1)
______________
[1450069964961] NearObjects size: 9
[1450069964961] NearObjectsToExtinguish: 4
[1450069964961] Current position: (15, 23)
[1450069964961] Desired Position: (14, 2)
[1450069964961] Direction: (1, 0)
______________
[1450069965111] NearObjects size: 9
[1450069965111] NearObjectsToExtinguish: 5
[1450069965111] Current position: (16, 23)
[1450069965111] Desired Position: (14, 2)
[1450069965111] Direction: (1, 0)
______________
[1450069965262] NearObjects size: 9
[1450069965262] NearObjectsToExtinguish: 4
[1450069965262] Current position: (16, 24)
[1450069965262] Desired Position: (14, 2)
[1450069965262] Direction: (0, 1)
______________
[1450069965412] NearObjects size: 9
[1450069965412] NearObjectsToExtinguish: 4
[1450069965412] Current position: (17, 24)
[1450069965412] Desired Position: (14, 2)
[1450069965412] Direction: (1, 0)
______________
[1450069965562] NearObjects size: 9
[1450069965562] NearObjectsToExtinguish: 4
[1450069965562] Current position: (17, 25)
[1450069965562] Desired Position: (14, 2)
[1450069965562] Direction: (0, 1)
______________
[1450069965713] NearObjects size: 9
[1450069965713] NearObjectsToExtinguish: 5
[1450069965713] Current position: (17, 26)
[1450069965713] Desired Position: (14, 2)
[1450069965713] Direction: (0, 1)
______________
[1450069965863] NearObjects size: 9
[1450069965863] NearObjectsToExtinguish: 5
[1450069965863] Current position: (17, 27)
[1450069965863] Desired Position: (14, 2)
[1450069965863] Direction: (0, 1)
______________
[1450069966014] NearObjects size: 9
[1450069966014] NearObjectsToExtinguish: 5
[1450069966014] Current position: (17, 28)
[1450069966014] Desired Position: (14, 2)
[1450069966014] Direction: (0, 1)
______________
[1450069966165] NearObjects size: 9
[1450069966165] NearObjectsToExtinguish: 4
[1450069966165] Current position: (18, 28)
[1450069966165] Desired Position: (14, 2)
[1450069966165] Direction: (1, 0)
______________
[1450069966316] NearObjects size: 9
[1450069966316] NearObjectsToExtinguish: 5
[1450069966316] Current position: (19, 28)
[1450069966316] Desired Position: (14, 2)
[1450069966316] Direction: (1, 0)
______________
[1450069966466] NearObjects size: 9
[1450069966466] NearObjectsToExtinguish: 4
[1450069966466] Current position: (19, 29)
[1450069966466] Desired Position: (14, 2)
[1450069966466] Direction: (0, 1)
______________
[1450069966616] NearObjects size: 9
[1450069966616] NearObjectsToExtinguish: 4
[1450069966616] Current position: (20, 29)
[1450069966616] Desired Position: (14, 2)
[1450069966616] Direction: (1, 0)
______________
[1450069966766] NearObjects size: 9
[1450069966766] NearObjectsToExtinguish: 3
[1450069966766] Current position: (20, 28)
[1450069966766] Desired Position: (14, 2)
[1450069966766] Direction: (0, -1)
______________
[1450069966916] NearObjects size: 9
[1450069966916] NearObjectsToExtinguish: 4
[1450069966916] Current position: (20, 27)
[1450069966916] Desired Position: (14, 2)
[1450069966916] Direction: (0, -1)
______________
[1450069967067] NearObjects size: 9
[1450069967067] NearObjectsToExtinguish: 4
[1450069967067] Current position: (21, 27)
[1450069967067] Desired Position: (14, 2)
[1450069967067] Direction: (1, 0)
______________
[1450069967217] NearObjects size: 8
[1450069967217] NearObjectsToExtinguish: 3
[1450069967217] Current position: (21, 28)
[1450069967217] Desired Position: (14, 2)
[1450069967217] Direction: (0, 1)
______________
[1450069967368] NearObjects size: 9
[1450069967368] NearObjectsToExtinguish: 4
[1450069967368] Current position: (22, 28)
[1450069967368] Desired Position: (14, 2)
[1450069967368] Direction: (1, 0)
______________
[1450069967518] NearObjects size: 9
[1450069967518] NearObjectsToExtinguish: 3
[1450069967518] Current position: (22, 27)
[1450069967518] Desired Position: (14, 2)
[1450069967518] Direction: (0, -1)
______________
[1450069967669] NearObjects size: 9
[1450069967669] NearObjectsToExtinguish: 4
[1450069967669] Current position: (23, 27)
[1450069967669] Desired Position: (14, 2)
[1450069967669] Direction: (1, 0)
______________
[1450069967819] NearObjects size: 9
[1450069967819] NearObjectsToExtinguish: 4
[1450069967819] Current position: (23, 26)
[1450069967819] Desired Position: (14, 2)
[1450069967819] Direction: (0, -1)
______________
[1450069967969] NearObjects size: 9
[1450069967969] NearObjectsToExtinguish: 4
[1450069967969] Current position: (24, 26)
[1450069967969] Desired Position: (14, 2)
[1450069967969] Direction: (1, 0)
______________
[1450069968120] NearObjects size: 9
[1450069968120] NearObjectsToExtinguish: 4
[1450069968120] Current position: (24, 25)
[1450069968120] Desired Position: (14, 2)
[1450069968120] Direction: (0, -1)
______________
[1450069968270] NearObjects size: 9
[1450069968270] NearObjectsToExtinguish: 5
[1450069968270] Current position: (24, 24)
[1450069968270] Desired Position: (14, 2)
[1450069968270] Direction: (0, -1)
______________
[1450069968421] NearObjects size: 9
[1450069968421] NearObjectsToExtinguish: 4
[1450069968421] Current position: (25, 24)
[1450069968421] Desired Position: (14, 2)
[1450069968421] Direction: (1, 0)
______________
[1450069968572] NearObjects size: 9
[1450069968572] NearObjectsToExtinguish: 4
[1450069968572] Current position: (25, 23)
[1450069968572] Desired Position: (14, 2)
[1450069968572] Direction: (0, -1)
______________
[1450069968722] NearObjects size: 9
[1450069968722] NearObjectsToExtinguish: 5
[1450069968722] Current position: (25, 22)
[1450069968722] Desired Position: (14, 2)
[1450069968722] Direction: (0, -1)
______________
[1450069968872] NearObjects size: 9
[1450069968872] NearObjectsToExtinguish: 5
[1450069968872] Current position: (25, 21)
[1450069968872] Desired Position: (14, 2)
[1450069968872] Direction: (0, -1)
______________
[1450069969022] NearObjects size: 9
[1450069969022] NearObjectsToExtinguish: 4
[1450069969022] Current position: (26, 21)
[1450069969022] Desired Position: (14, 2)
[1450069969022] Direction: (1, 0)
______________
[1450069969172] NearObjects size: 9
[1450069969172] NearObjectsToExtinguish: 4
[1450069969172] Current position: (26, 20)
[1450069969172] Desired Position: (14, 2)
[1450069969172] Direction: (0, -1)
______________
[1450069969323] NearObjects size: 9
[1450069969323] NearObjectsToExtinguish: 4
[1450069969323] Current position: (27, 20)
[1450069969323] Desired Position: (14, 2)
[1450069969323] Direction: (1, 0)
______________
