[STARTING RUN OF logs/14_26_2015_05_26_06.log ]


[1450070766740] Initializing FireProcess
[1450070766741] Getting Fire first element
[1450070766741] Initialize clock.
[1450070766930] NearObjects size: 0
[1450070766930] NearObjectsToExtinguish: 0
[1450070766930] Current position: (19, 38)
[1450070766930] Desired Position: (19, 6)
[1450070766930] Direction: (1, -1)
______________
[1450070767224] NearObjects size: 0
[1450070767224] NearObjectsToExtinguish: 0
[1450070767224] Current position: (19, 37)
[1450070767224] Desired Position: (19, 6)
[1450070767224] Direction: (0, -1)
______________
[1450070767375] NearObjects size: 0
[1450070767375] NearObjectsToExtinguish: 0
[1450070767375] Current position: (19, 36)
[1450070767375] Desired Position: (19, 6)
[1450070767375] Direction: (0, -1)
______________
[Fireman 1603] - Accept a rescue request from [Person 1606]
[1450070767526] NearObjects size: 0
[1450070767526] NearObjectsToExtinguish: 0
[1450070767526] Current position: (20, 35)
[1450070767526] Desired Position: (23, 10)
[1450070767526] Direction: (1, -1)
______________
[1450070767676] NearObjects size: 0
[1450070767676] NearObjectsToExtinguish: 0
[1450070767676] Current position: (21, 34)
[1450070767676] Desired Position: (23, 10)
[1450070767676] Direction: (1, -1)
______________
[1450070767826] NearObjects size: 0
[1450070767826] NearObjectsToExtinguish: 0
[1450070767826] Current position: (22, 33)
[1450070767826] Desired Position: (23, 10)
[1450070767826] Direction: (1, -1)
______________
[1450070767977] NearObjects size: 0
[1450070767977] NearObjectsToExtinguish: 0
[1450070767977] Current position: (22, 32)
[1450070767977] Desired Position: (22, 9)
[1450070767977] Direction: (0, -1)
______________
[1450070768128] NearObjects size: 0
[1450070768128] NearObjectsToExtinguish: 0
[1450070768128] Current position: (22, 31)
[1450070768128] Desired Position: (22, 9)
[1450070768128] Direction: (0, -1)
______________
[1450070768278] NearObjects size: 0
[1450070768278] NearObjectsToExtinguish: 0
[1450070768278] Current position: (21, 30)
[1450070768278] Desired Position: (21, 8)
[1450070768278] Direction: (-1, -1)
______________
[1450070768428] NearObjects size: 0
[1450070768428] NearObjectsToExtinguish: 0
[1450070768428] Current position: (21, 29)
[1450070768428] Desired Position: (21, 8)
[1450070768428] Direction: (0, -1)
______________
[1450070768579] NearObjects size: 0
[1450070768579] NearObjectsToExtinguish: 0
[1450070768579] Current position: (22, 28)
[1450070768579] Desired Position: (22, 9)
[1450070768579] Direction: (1, -1)
______________
[1450070768731] NearObjects size: 0
[1450070768731] NearObjectsToExtinguish: 0
[1450070768731] Current position: (23, 27)
[1450070768731] Desired Position: (23, 10)
[1450070768731] Direction: (1, -1)
______________
[1450070768881] NearObjects size: 0
[1450070768881] NearObjectsToExtinguish: 0
[1450070768881] Current position: (22, 26)
[1450070768881] Desired Position: (22, 9)
[1450070768881] Direction: (-1, -1)
______________
[1450070769031] NearObjects size: 0
[1450070769031] NearObjectsToExtinguish: 0
[1450070769031] Current position: (22, 25)
[1450070769031] Desired Position: (22, 9)
[1450070769031] Direction: (0, -1)
______________
[1450070769183] NearObjects size: 0
[1450070769183] NearObjectsToExtinguish: 0
[1450070769183] Current position: (23, 24)
[1450070769183] Desired Position: (23, 10)
[1450070769183] Direction: (1, -1)
______________
[1450070769333] NearObjects size: 0
[1450070769333] NearObjectsToExtinguish: 0
[1450070769333] Current position: (22, 23)
[1450070769333] Desired Position: (22, 9)
[1450070769333] Direction: (-1, -1)
______________
[1450070769484] NearObjects size: 0
[1450070769484] NearObjectsToExtinguish: 0
[1450070769484] Current position: (22, 22)
[1450070769484] Desired Position: (22, 9)
[1450070769484] Direction: (0, -1)
______________
[1450070769634] NearObjects size: 0
[1450070769634] NearObjectsToExtinguish: 0
[1450070769634] Current position: (22, 21)
[1450070769634] Desired Position: (22, 9)
[1450070769634] Direction: (0, -1)
______________
[1450070769784] NearObjects size: 0
[1450070769784] NearObjectsToExtinguish: 0
[1450070769784] Current position: (21, 20)
[1450070769784] Desired Position: (21, 8)
[1450070769784] Direction: (-1, -1)
______________
A person died on: (21, 8)
[1450070769935] NearObjects size: 0
[1450070769935] NearObjectsToExtinguish: 0
[1450070769935] Current position: (21, 19)
[1450070769935] Desired Position: (19, 6)
[1450070769935] Direction: (0, -1)
______________
[1450070770086] NearObjects size: 0
[1450070770086] NearObjectsToExtinguish: 0
[1450070770086] Current position: (20, 18)
[1450070770086] Desired Position: (19, 6)
[1450070770086] Direction: (-1, -1)
______________
[1450070770236] NearObjects size: 0
[1450070770236] NearObjectsToExtinguish: 0
[1450070770236] Current position: (19, 17)
[1450070770236] Desired Position: (19, 6)
[1450070770236] Direction: (-1, -1)
______________
[1450070770386] NearObjects size: 0
[1450070770386] NearObjectsToExtinguish: 0
[1450070770386] Current position: (19, 16)
[1450070770386] Desired Position: (19, 6)
[1450070770386] Direction: (0, -1)
______________
[1450070770536] NearObjects size: 0
[1450070770536] NearObjectsToExtinguish: 0
[1450070770536] Current position: (19, 15)
[1450070770536] Desired Position: (19, 6)
[1450070770536] Direction: (0, -1)
______________
[1450070770686] NearObjects size: 0
[1450070770686] NearObjectsToExtinguish: 0
[1450070770686] Current position: (19, 14)
[1450070770686] Desired Position: (19, 6)
[1450070770686] Direction: (0, -1)
______________
[1450070770836] NearObjects size: 0
[1450070770836] NearObjectsToExtinguish: 0
[1450070770836] Current position: (19, 13)
[1450070770836] Desired Position: (19, 6)
[1450070770836] Direction: (0, -1)
______________
[1450070770987] NearObjects size: 2
[1450070770987] NearObjectsToExtinguish: 1
[1450070770987] Current position: (19, 12)
[1450070770987] Desired Position: (19, 6)
[1450070770987] Direction: (0, -1)
______________
[1450070771137] NearObjects size: 4
[1450070771137] NearObjectsToExtinguish: 2
[1450070771137] Current position: (19, 11)
[1450070771137] Desired Position: (19, 6)
[1450070771137] Direction: (0, -1)
______________
[1450070771287] NearObjects size: 7
[1450070771287] NearObjectsToExtinguish: 3
[1450070771287] Current position: (19, 10)
[1450070771287] Desired Position: (19, 6)
[1450070771287] Direction: (0, -1)
______________
[1450070771437] NearObjects size: 8
[1450070771437] NearObjectsToExtinguish: 4
[1450070771437] Current position: (19, 9)
[1450070771437] Desired Position: (19, 6)
[1450070771437] Direction: (0, -1)
______________
[1450070771587] NearObjects size: 9
[1450070771587] NearObjectsToExtinguish: 5
[1450070771587] Current position: (19, 8)
[1450070771587] Desired Position: (19, 6)
[1450070771587] Direction: (0, -1)
______________
[1450070771738] NearObjects size: 9
[1450070771738] NearObjectsToExtinguish: 5
[1450070771738] Current position: (19, 7)
[1450070771738] Desired Position: (19, 6)
[1450070771738] Direction: (0, -1)
______________
[1450070771888] NearObjects size: 9
[1450070771888] NearObjectsToExtinguish: 4
[1450070771888] Current position: (18, 7)
[1450070771888] Desired Position: (19, 6)
[1450070771888] Direction: (-1, 0)
______________
[1450070772038] NearObjects size: 9
[1450070772038] NearObjectsToExtinguish: 4
[1450070772038] Current position: (18, 6)
[1450070772038] Desired Position: (19, 6)
[1450070772038] Direction: (0, -1)
______________
[1450070772188] NearObjects size: 9
[1450070772188] NearObjectsToExtinguish: 3
[1450070772188] Current position: (19, 6)
[1450070772188] Desired Position: (19, 6)
[1450070772188] Direction: (1, 0)
______________
[1450070772339] NearObjects size: 9
[1450070772339] NearObjectsToExtinguish: 3
[1450070772339] Current position: (19, 6)
[1450070772339] Desired Position: (null)
[1450070772339] Direction: (0, 0)
______________
[1450070772489] NearObjects size: 9
[1450070772489] NearObjectsToExtinguish: 4
[1450070772489] Current position: (19, 5)
[1450070772489] Desired Position: (null)
[1450070772489] Direction: (0, -1)
______________
[1450070772639] NearObjects size: 9
[1450070772639] NearObjectsToExtinguish: 5
[1450070772639] Current position: (19, 4)
[1450070772639] Desired Position: (null)
[1450070772639] Direction: (0, -1)
______________
[1450070772790] NearObjects size: 9
[1450070772790] NearObjectsToExtinguish: 4
[1450070772790] Current position: (18, 4)
[1450070772790] Desired Position: (null)
[1450070772790] Direction: (-1, 0)
______________
[1450070772941] NearObjects size: 9
[1450070772941] NearObjectsToExtinguish: 4
[1450070772941] Current position: (18, 3)
[1450070772941] Desired Position: (null)
[1450070772941] Direction: (0, -1)
______________
[1450070773091] NearObjects size: 9
[1450070773091] NearObjectsToExtinguish: 3
[1450070773091] Current position: (19, 3)
[1450070773091] Desired Position: (null)
[1450070773091] Direction: (1, 0)
______________
[1450070773241] NearObjects size: 9
[1450070773241] NearObjectsToExtinguish: 4
[1450070773241] Current position: (19, 2)
[1450070773241] Desired Position: (null)
[1450070773241] Direction: (0, -1)
______________
[1450070773393] NearObjects size: 7
[1450070773393] NearObjectsToExtinguish: 4
[1450070773393] Current position: (19, 1)
[1450070773393] Desired Position: (null)
[1450070773393] Direction: (0, -1)
______________
[1450070773543] NearObjects size: 6
[1450070773543] NearObjectsToExtinguish: 2
[1450070773543] Current position: (18, 1)
[1450070773543] Desired Position: (null)
[1450070773543] Direction: (-1, 0)
______________
[1450070773693] NearObjects size: 6
[1450070773693] NearObjectsToExtinguish: 1
[1450070773693] Current position: (18, 2)
[1450070773693] Desired Position: (null)
[1450070773693] Direction: (0, 1)
______________
[1450070773843] NearObjects size: 7
[1450070773843] NearObjectsToExtinguish: 2
[1450070773843] Current position: (17, 2)
[1450070773843] Desired Position: (null)
[1450070773843] Direction: (-1, 0)
______________
[Fireman 1603] - Accept a rescue request from [Person 1604]
[1450070773993] NearObjects size: 4
[1450070773993] NearObjectsToExtinguish: 1
[1450070773993] Current position: (18, 3)
[1450070773993] Desired Position: (20, 20)
[1450070773993] Direction: (1, 1)
______________
[1450070774144] NearObjects size: 4
[1450070774144] NearObjectsToExtinguish: 1
[1450070774144] Current position: (19, 4)
[1450070774144] Desired Position: (20, 20)
[1450070774144] Direction: (1, 1)
______________
[1450070774294] NearObjects size: 4
[1450070774294] NearObjectsToExtinguish: 2
[1450070774294] Current position: (19, 5)
[1450070774294] Desired Position: (20, 20)
[1450070774294] Direction: (0, 1)
______________
[1450070774444] NearObjects size: 4
[1450070774444] NearObjectsToExtinguish: 1
[1450070774444] Current position: (19, 6)
[1450070774444] Desired Position: (20, 20)
[1450070774444] Direction: (0, 1)
______________
[1450070774594] NearObjects size: 4
[1450070774594] NearObjectsToExtinguish: 2
[1450070774594] Current position: (18, 7)
[1450070774594] Desired Position: (20, 20)
[1450070774594] Direction: (-1, 1)
______________
[1450070774745] NearObjects size: 5
[1450070774745] NearObjectsToExtinguish: 2
[1450070774745] Current position: (18, 8)
[1450070774745] Desired Position: (20, 20)
[1450070774745] Direction: (0, 1)
______________
[1450070774895] NearObjects size: 9
[1450070774895] NearObjectsToExtinguish: 4
[1450070774895] Current position: (17, 9)
[1450070774895] Desired Position: (20, 20)
[1450070774895] Direction: (-1, 1)
______________
[1450070775045] NearObjects size: 9
[1450070775045] NearObjectsToExtinguish: 3
[1450070775045] Current position: (17, 10)
[1450070775045] Desired Position: (20, 20)
[1450070775045] Direction: (0, 1)
______________
[1450070775196] NearObjects size: 7
[1450070775196] NearObjectsToExtinguish: 3
[1450070775196] Current position: (18, 11)
[1450070775196] Desired Position: (20, 20)
[1450070775196] Direction: (1, 1)
______________
[1450070775346] NearObjects size: 8
[1450070775346] NearObjectsToExtinguish: 3
[1450070775346] Current position: (19, 12)
[1450070775346] Desired Position: (20, 20)
[1450070775346] Direction: (1, 1)
______________
[1450070775496] NearObjects size: 9
[1450070775496] NearObjectsToExtinguish: 4
[1450070775496] Current position: (20, 13)
[1450070775496] Desired Position: (20, 20)
[1450070775496] Direction: (1, 1)
______________
[1450070775646] NearObjects size: 9
[1450070775646] NearObjectsToExtinguish: 3
[1450070775646] Current position: (20, 14)
[1450070775646] Desired Position: (20, 20)
[1450070775646] Direction: (0, 1)
______________
[1450070775796] NearObjects size: 9
[1450070775796] NearObjectsToExtinguish: 3
[1450070775796] Current position: (20, 15)
[1450070775796] Desired Position: (20, 20)
[1450070775796] Direction: (0, 1)
______________
[1450070775946] NearObjects size: 6
[1450070775946] NearObjectsToExtinguish: 3
[1450070775946] Current position: (19, 16)
[1450070775946] Desired Position: (20, 20)
[1450070775946] Direction: (-1, 1)
______________
[1450070776096] NearObjects size: 3
[1450070776096] NearObjectsToExtinguish: 0
[1450070776096] Current position: (19, 17)
[1450070776096] Desired Position: (20, 20)
[1450070776096] Direction: (0, 1)
______________
[1450070776246] NearObjects size: 0
[1450070776246] NearObjectsToExtinguish: 0
[1450070776246] Current position: (19, 18)
[1450070776246] Desired Position: (19, 19)
[1450070776246] Direction: (0, 1)
______________
[1450070776396] NearObjects size: 0
[1450070776396] NearObjectsToExtinguish: 0
[1450070776396] Current position: (20, 19)
[1450070776396] Desired Position: (20, 20)
[1450070776396] Direction: (1, 1)
______________
[1450070776547] NearObjects size: 0
[1450070776547] NearObjectsToExtinguish: 0
[1450070776547] Current position: (21, 20)
[1450070776547] Desired Position: (21, 21)
[1450070776547] Direction: (1, 1)
______________
[1450070776697] NearObjects size: 0
[1450070776697] NearObjectsToExtinguish: 0
[1450070776697] Current position: (21, 21)
[1450070776697] Desired Position: (21, 21)
[1450070776697] Direction: (0, 1)
______________
[1450070776847] NearObjects size: 0
[1450070776847] NearObjectsToExtinguish: 0
[1450070776847] Current position: (21, 21)
[1450070776847] Desired Position: (21, 21)
[1450070776847] Direction: (0, 0)
______________
A person was saved on: (21, 21)
[1450070776997] NearObjects size: 0
[1450070776997] NearObjectsToExtinguish: 0
[1450070776997] Current position: (21, 21)
[1450070776997] Desired Position: (null)
[1450070776997] Direction: (0, 0)
______________
[1450070777148] NearObjects size: 0
[1450070777148] NearObjectsToExtinguish: 0
[1450070777148] Current position: (20, 20)
[1450070777148] Desired Position: (8, 5)
[1450070777148] Direction: (-1, -1)
______________
[1450070777298] NearObjects size: 0
[1450070777298] NearObjectsToExtinguish: 0
[1450070777298] Current position: (19, 19)
[1450070777298] Desired Position: (8, 5)
[1450070777298] Direction: (-1, -1)
______________
[1450070777449] NearObjects size: 0
[1450070777449] NearObjectsToExtinguish: 0
[1450070777449] Current position: (18, 18)
[1450070777449] Desired Position: (8, 5)
[1450070777449] Direction: (-1, -1)
______________
[1450070777600] NearObjects size: 3
[1450070777600] NearObjectsToExtinguish: 1
[1450070777600] Current position: (17, 17)
[1450070777600] Desired Position: (8, 5)
[1450070777600] Direction: (-1, -1)
______________
[1450070777750] NearObjects size: 7
[1450070777750] NearObjectsToExtinguish: 3
[1450070777750] Current position: (17, 16)
[1450070777750] Desired Position: (8, 5)
[1450070777750] Direction: (0, -1)
______________
[1450070777900] NearObjects size: 9
[1450070777900] NearObjectsToExtinguish: 5
[1450070777900] Current position: (17, 15)
[1450070777900] Desired Position: (8, 5)
[1450070777900] Direction: (0, -1)
______________
[1450070778050] NearObjects size: 8
[1450070778050] NearObjectsToExtinguish: 4
[1450070778050] Current position: (18, 15)
[1450070778050] Desired Position: (8, 5)
[1450070778050] Direction: (1, 0)
______________
[1450070778200] NearObjects size: 6
[1450070778200] NearObjectsToExtinguish: 2
[1450070778200] Current position: (18, 16)
[1450070778200] Desired Position: (8, 5)
[1450070778200] Direction: (0, 1)
______________
[1450070778350] NearObjects size: 3
[1450070778350] NearObjectsToExtinguish: 0
[1450070778350] Current position: (18, 17)
[1450070778350] Desired Position: (8, 5)
[1450070778350] Direction: (0, 1)
______________
[1450070778500] NearObjects size: 2
[1450070778500] NearObjectsToExtinguish: 0
[1450070778500] Current position: (18, 17)
[1450070778500] Desired Position: (8, 5)
[1450070778500] Direction: (0, 0)
______________
[1450070778651] NearObjects size: 1
[1450070778651] NearObjectsToExtinguish: 0
[1450070778651] Current position: (18, 17)
[1450070778651] Desired Position: (8, 5)
[1450070778651] Direction: (0, 0)
______________
[1450070778801] NearObjects size: 0
[1450070778801] NearObjectsToExtinguish: 0
[1450070778801] Current position: (18, 17)
[1450070778801] Desired Position: (8, 5)
[1450070778801] Direction: (0, 0)
______________
[1450070778952] NearObjects size: 3
[1450070778952] NearObjectsToExtinguish: 1
[1450070778952] Current position: (17, 16)
[1450070778952] Desired Position: (8, 5)
[1450070778952] Direction: (-1, -1)
______________
[1450070779102] NearObjects size: 6
[1450070779102] NearObjectsToExtinguish: 3
[1450070779102] Current position: (16, 16)
[1450070779102] Desired Position: (8, 5)
[1450070779102] Direction: (-1, 0)
______________
[1450070779252] NearObjects size: 8
[1450070779252] NearObjectsToExtinguish: 4
[1450070779252] Current position: (15, 16)
[1450070779252] Desired Position: (8, 5)
[1450070779252] Direction: (-1, 0)
______________
[1450070779403] NearObjects size: 8
[1450070779403] NearObjectsToExtinguish: 3
[1450070779403] Current position: (15, 17)
[1450070779403] Desired Position: (8, 5)
[1450070779403] Direction: (0, 1)
______________
[Fireman 1603] - Accept a rescue request from [Person 1607]
[1450070779554] NearObjects size: 7
[1450070779554] NearObjectsToExtinguish: 2
[1450070779554] Current position: (14, 16)
[1450070779554] Desired Position: (1, -1)
[1450070779554] Direction: (-1, -1)
______________
[1450070779704] NearObjects size: 7
[1450070779704] NearObjectsToExtinguish: 3
[1450070779704] Current position: (13, 15)
[1450070779704] Desired Position: (1, -1)
[1450070779704] Direction: (-1, -1)
______________
[1450070779855] NearObjects size: 9
[1450070779855] NearObjectsToExtinguish: 4
[1450070779855] Current position: (12, 14)
[1450070779855] Desired Position: (1, -1)
[1450070779855] Direction: (-1, -1)
______________
[1450070780006] NearObjects size: 9
[1450070780006] NearObjectsToExtinguish: 4
[1450070780006] Current position: (11, 13)
[1450070780006] Desired Position: (1, -1)
[1450070780006] Direction: (-1, -1)
______________
[1450070780156] NearObjects size: 6
[1450070780156] NearObjectsToExtinguish: 2
[1450070780156] Current position: (10, 12)
[1450070780156] Desired Position: (1, -1)
[1450070780156] Direction: (-1, -1)
______________
[1450070780306] NearObjects size: 2
[1450070780306] NearObjectsToExtinguish: 1
[1450070780306] Current position: (9, 11)
[1450070780306] Desired Position: (1, -1)
[1450070780306] Direction: (-1, -1)
______________
[1450070780456] NearObjects size: 3
[1450070780456] NearObjectsToExtinguish: 2
[1450070780456] Current position: (8, 10)
[1450070780456] Desired Position: (1, -1)
[1450070780456] Direction: (-1, -1)
______________
[1450070780606] NearObjects size: 4
[1450070780606] NearObjectsToExtinguish: 2
[1450070780606] Current position: (7, 9)
[1450070780606] Desired Position: (1, -1)
[1450070780606] Direction: (-1, -1)
______________
[1450070780757] NearObjects size: 3
[1450070780757] NearObjectsToExtinguish: 1
[1450070780757] Current position: (6, 8)
[1450070780757] Desired Position: (1, -1)
[1450070780757] Direction: (-1, -1)
______________
[1450070780907] NearObjects size: 2
[1450070780907] NearObjectsToExtinguish: 0
[1450070780907] Current position: (5, 7)
[1450070780907] Desired Position: (1, -1)
[1450070780907] Direction: (-1, -1)
______________
[1450070781057] NearObjects size: 0
[1450070781057] NearObjectsToExtinguish: 0
[1450070781057] Current position: (4, 6)
[1450070781057] Desired Position: (1, -1)
[1450070781057] Direction: (-1, -1)
______________
[1450070781207] NearObjects size: 0
[1450070781207] NearObjectsToExtinguish: 0
[1450070781207] Current position: (3, 5)
[1450070781207] Desired Position: (1, -1)
[1450070781207] Direction: (-1, -1)
______________
[1450070781358] NearObjects size: 0
[1450070781358] NearObjectsToExtinguish: 0
[1450070781358] Current position: (2, 4)
[1450070781358] Desired Position: (1, -1)
[1450070781358] Direction: (-1, -1)
______________
[1450070781508] NearObjects size: 0
[1450070781508] NearObjectsToExtinguish: 0
[1450070781508] Current position: (1, 3)
[1450070781508] Desired Position: (1, -1)
[1450070781508] Direction: (-1, -1)
______________
[1450070781659] NearObjects size: 0
[1450070781659] NearObjectsToExtinguish: 0
[1450070781659] Current position: (1, 2)
[1450070781659] Desired Position: (1, -1)
[1450070781659] Direction: (0, -1)
______________
[1450070781809] NearObjects size: 0
[1450070781809] NearObjectsToExtinguish: 0
[1450070781809] Current position: (0, 1)
[1450070781809] Desired Position: (0, -2)
[1450070781809] Direction: (-1, -1)
______________
[1450070781959] NearObjects size: 0
[1450070781959] NearObjectsToExtinguish: 0
[1450070781959] Current position: (0, 0)
[1450070781959] Desired Position: (0, -2)
[1450070781959] Direction: (0, -1)
______________
[1450070782109] NearObjects size: 0
[1450070782109] NearObjectsToExtinguish: 0
[1450070782109] Current position: (0, -1)
[1450070782109] Desired Position: (0, -2)
[1450070782109] Direction: (0, -1)
______________
[1450070782260] NearObjects size: 0
[1450070782260] NearObjectsToExtinguish: 0
[1450070782260] Current position: (0, -2)
[1450070782260] Desired Position: (0, -2)
[1450070782260] Direction: (0, -1)
______________
A person was saved on: (0, -2)
[1450070782410] NearObjects size: 0
[1450070782410] NearObjectsToExtinguish: 0
[1450070782410] Current position: (0, -2)
[1450070782410] Desired Position: (null)
[1450070782410] Direction: (0, 0)
______________
[1450070782560] NearObjects size: 0
[1450070782560] NearObjectsToExtinguish: 0
[1450070782560] Current position: (1, -1)
[1450070782560] Desired Position: (26, 18)
[1450070782560] Direction: (1, 1)
______________
[1450070782710] NearObjects size: 0
[1450070782710] NearObjectsToExtinguish: 0
[1450070782710] Current position: (2, 0)
[1450070782710] Desired Position: (26, 18)
[1450070782710] Direction: (1, 1)
______________
[1450070782860] NearObjects size: 4
[1450070782860] NearObjectsToExtinguish: 2
[1450070782860] Current position: (3, 1)
[1450070782860] Desired Position: (26, 18)
[1450070782860] Direction: (1, 1)
______________
[1450070783010] NearObjects size: 7
[1450070783010] NearObjectsToExtinguish: 4
[1450070783010] Current position: (4, 1)
[1450070783010] Desired Position: (26, 18)
[1450070783010] Direction: (1, 0)
______________
[1450070783161] NearObjects size: 4
[1450070783161] NearObjectsToExtinguish: 2
[1450070783161] Current position: (4, 0)
[1450070783161] Desired Position: (26, 18)
[1450070783161] Direction: (0, -1)
______________
[1450070783311] NearObjects size: 5
[1450070783311] NearObjectsToExtinguish: 1
[1450070783311] Current position: (5, 0)
[1450070783311] Desired Position: (26, 18)
[1450070783311] Direction: (1, 0)
______________
[1450070783461] NearObjects size: 9
[1450070783461] NearObjectsToExtinguish: 2
[1450070783461] Current position: (5, 1)
[1450070783461] Desired Position: (26, 18)
[1450070783461] Direction: (0, 1)
______________
[1450070783611] NearObjects size: 9
[1450070783611] NearObjectsToExtinguish: 4
[1450070783611] Current position: (5, 2)
[1450070783611] Desired Position: (26, 18)
[1450070783611] Direction: (0, 1)
______________
[1450070783761] NearObjects size: 9
[1450070783761] NearObjectsToExtinguish: 4
[1450070783761] Current position: (6, 2)
[1450070783761] Desired Position: (26, 18)
[1450070783761] Direction: (1, 0)
______________
[1450070783912] NearObjects size: 9
[1450070783912] NearObjectsToExtinguish: 4
[1450070783912] Current position: (6, 3)
[1450070783912] Desired Position: (26, 18)
[1450070783912] Direction: (0, 1)
______________
[1450070784062] NearObjects size: 9
[1450070784062] NearObjectsToExtinguish: 4
[1450070784062] Current position: (7, 3)
[1450070784062] Desired Position: (26, 18)
[1450070784062] Direction: (1, 0)
______________
[1450070784213] NearObjects size: 9
[1450070784213] NearObjectsToExtinguish: 3
[1450070784213] Current position: (7, 2)
[1450070784213] Desired Position: (26, 18)
[1450070784213] Direction: (0, -1)
______________
[1450070784363] NearObjects size: 9
[1450070784363] NearObjectsToExtinguish: 4
[1450070784363] Current position: (8, 2)
[1450070784363] Desired Position: (26, 18)
[1450070784363] Direction: (1, 0)
______________
[1450070784514] NearObjects size: 9
[1450070784514] NearObjectsToExtinguish: 4
[1450070784514] Current position: (8, 1)
[1450070784514] Desired Position: (26, 18)
[1450070784514] Direction: (0, -1)
______________
[1450070784664] NearObjects size: 9
[1450070784664] NearObjectsToExtinguish: 4
[1450070784664] Current position: (9, 1)
[1450070784664] Desired Position: (26, 18)
[1450070784664] Direction: (1, 0)
______________
[1450070784815] NearObjects size: 6
[1450070784815] NearObjectsToExtinguish: 3
[1450070784815] Current position: (9, 0)
[1450070784815] Desired Position: (26, 18)
[1450070784815] Direction: (0, -1)
______________
[1450070784966] NearObjects size: 6
[1450070784966] NearObjectsToExtinguish: 2
[1450070784966] Current position: (10, 0)
[1450070784966] Desired Position: (26, 18)
[1450070784966] Direction: (1, 0)
______________
[1450070785116] NearObjects size: 9
[1450070785116] NearObjectsToExtinguish: 3
[1450070785116] Current position: (10, 1)
[1450070785116] Desired Position: (26, 18)
[1450070785116] Direction: (0, 1)
______________
[1450070785267] NearObjects size: 9
[1450070785267] NearObjectsToExtinguish: 4
[1450070785267] Current position: (10, 2)
[1450070785267] Desired Position: (26, 18)
[1450070785267] Direction: (0, 1)
______________
[1450070785417] NearObjects size: 9
[1450070785417] NearObjectsToExtinguish: 4
[1450070785417] Current position: (11, 2)
[1450070785417] Desired Position: (26, 18)
[1450070785417] Direction: (1, 0)
______________
[1450070785568] NearObjects size: 9
[1450070785568] NearObjectsToExtinguish: 4
[1450070785568] Current position: (11, 3)
[1450070785568] Desired Position: (26, 18)
[1450070785568] Direction: (0, 1)
______________
[1450070785719] NearObjects size: 9
[1450070785719] NearObjectsToExtinguish: 5
[1450070785719] Current position: (11, 4)
[1450070785719] Desired Position: (26, 18)
[1450070785719] Direction: (0, 1)
______________
[1450070785869] NearObjects size: 9
[1450070785869] NearObjectsToExtinguish: 4
[1450070785869] Current position: (12, 4)
[1450070785869] Desired Position: (26, 18)
[1450070785869] Direction: (1, 0)
______________
[1450070786020] NearObjects size: 9
[1450070786020] NearObjectsToExtinguish: 4
[1450070786020] Current position: (12, 5)
[1450070786020] Desired Position: (26, 18)
[1450070786020] Direction: (0, 1)
______________
[1450070786171] NearObjects size: 9
[1450070786171] NearObjectsToExtinguish: 4
[1450070786171] Current position: (13, 5)
[1450070786171] Desired Position: (26, 18)
[1450070786171] Direction: (1, 0)
______________
[1450070786322] NearObjects size: 9
[1450070786322] NearObjectsToExtinguish: 3
[1450070786322] Current position: (13, 4)
[1450070786322] Desired Position: (26, 18)
[1450070786322] Direction: (0, -1)
______________
[1450070786472] NearObjects size: 9
[1450070786472] NearObjectsToExtinguish: 4
[1450070786472] Current position: (14, 4)
[1450070786472] Desired Position: (26, 18)
[1450070786472] Direction: (1, 0)
______________
[1450070786623] NearObjects size: 9
[1450070786623] NearObjectsToExtinguish: 4
[1450070786623] Current position: (14, 3)
[1450070786623] Desired Position: (26, 18)
[1450070786623] Direction: (0, -1)
______________
[1450070786773] NearObjects size: 9
[1450070786773] NearObjectsToExtinguish: 5
[1450070786773] Current position: (14, 2)
[1450070786773] Desired Position: (26, 18)
[1450070786773] Direction: (0, -1)
______________
[1450070786923] NearObjects size: 9
[1450070786923] NearObjectsToExtinguish: 4
[1450070786923] Current position: (13, 2)
[1450070786923] Desired Position: (26, 18)
[1450070786923] Direction: (-1, 0)
______________
[1450070787073] NearObjects size: 9
[1450070787073] NearObjectsToExtinguish: 4
[1450070787073] Current position: (13, 1)
[1450070787073] Desired Position: (26, 18)
[1450070787073] Direction: (0, -1)
______________
[1450070787223] NearObjects size: 6
[1450070787223] NearObjectsToExtinguish: 4
[1450070787223] Current position: (13, 0)
[1450070787223] Desired Position: (26, 18)
[1450070787223] Direction: (0, -1)
______________
[1450070787374] NearObjects size: 6
[1450070787374] NearObjectsToExtinguish: 2
[1450070787374] Current position: (12, 0)
[1450070787374] Desired Position: (26, 18)
[1450070787374] Direction: (-1, 0)
______________
[1450070787524] NearObjects size: 4
[1450070787524] NearObjectsToExtinguish: 2
[1450070787524] Current position: (11, 0)
[1450070787524] Desired Position: (26, 18)
[1450070787524] Direction: (-1, 0)
______________
[1450070787675] NearObjects size: 5
[1450070787675] NearObjectsToExtinguish: 1
[1450070787675] Current position: (11, 1)
[1450070787675] Desired Position: (26, 18)
[1450070787675] Direction: (0, 1)
______________
[1450070787825] NearObjects size: 5
[1450070787825] NearObjectsToExtinguish: 1
[1450070787825] Current position: (12, 1)
[1450070787825] Desired Position: (26, 18)
[1450070787825] Direction: (1, 0)
______________
[1450070787976] NearObjects size: 5
[1450070787976] NearObjectsToExtinguish: 1
[1450070787976] Current position: (12, 2)
[1450070787976] Desired Position: (26, 18)
[1450070787976] Direction: (0, 1)
______________
[1450070788127] NearObjects size: 3
[1450070788127] NearObjectsToExtinguish: 1
[1450070788127] Current position: (12, 3)
[1450070788127] Desired Position: (26, 18)
[1450070788127] Direction: (0, 1)
______________
[1450070788277] NearObjects size: 3
[1450070788277] NearObjectsToExtinguish: 0
[1450070788277] Current position: (13, 3)
[1450070788277] Desired Position: (26, 18)
[1450070788277] Direction: (1, 0)
______________
[1450070788427] NearObjects size: 2
[1450070788427] NearObjectsToExtinguish: 0
[1450070788427] Current position: (13, 3)
[1450070788427] Desired Position: (26, 18)
[1450070788427] Direction: (0, 0)
______________
[1450070788577] NearObjects size: 1
[1450070788577] NearObjectsToExtinguish: 0
[1450070788577] Current position: (13, 3)
[1450070788577] Desired Position: (26, 18)
[1450070788577] Direction: (0, 0)
______________
[1450070788728] NearObjects size: 0
[1450070788728] NearObjectsToExtinguish: 0
[1450070788728] Current position: (13, 3)
[1450070788728] Desired Position: (26, 18)
[1450070788728] Direction: (0, 0)
______________
[1450070788878] NearObjects size: 4
[1450070788878] NearObjectsToExtinguish: 2
[1450070788878] Current position: (14, 4)
[1450070788878] Desired Position: (26, 18)
[1450070788878] Direction: (1, 1)
______________
[1450070789030] NearObjects size: 6
[1450070789030] NearObjectsToExtinguish: 3
[1450070789030] Current position: (14, 5)
[1450070789030] Desired Position: (26, 18)
[1450070789030] Direction: (0, 1)
______________
[1450070789181] NearObjects size: 8
[1450070789181] NearObjectsToExtinguish: 4
[1450070789181] Current position: (14, 6)
[1450070789181] Desired Position: (26, 18)
[1450070789181] Direction: (0, 1)
______________
[1450070789331] NearObjects size: 9
[1450070789331] NearObjectsToExtinguish: 5
[1450070789331] Current position: (14, 7)
[1450070789331] Desired Position: (26, 18)
[1450070789331] Direction: (0, 1)
______________
[1450070789482] NearObjects size: 9
[1450070789482] NearObjectsToExtinguish: 4
[1450070789482] Current position: (15, 7)
[1450070789482] Desired Position: (26, 18)
[1450070789482] Direction: (1, 0)
______________
[1450070789632] NearObjects size: 8
[1450070789632] NearObjectsToExtinguish: 3
[1450070789632] Current position: (15, 6)
[1450070789632] Desired Position: (26, 18)
[1450070789632] Direction: (0, -1)
______________
[1450070789783] NearObjects size: 9
[1450070789783] NearObjectsToExtinguish: 4
[1450070789783] Current position: (16, 6)
[1450070789783] Desired Position: (26, 18)
[1450070789783] Direction: (1, 0)
______________
[1450070789933] NearObjects size: 9
[1450070789933] NearObjectsToExtinguish: 3
[1450070789933] Current position: (16, 7)
[1450070789933] Desired Position: (26, 18)
[1450070789933] Direction: (0, 1)
______________
[1450070790083] NearObjects size: 8
[1450070790083] NearObjectsToExtinguish: 4
[1450070790083] Current position: (16, 8)
[1450070790083] Desired Position: (26, 18)
[1450070790083] Direction: (0, 1)
______________
[1450070790233] NearObjects size: 8
[1450070790233] NearObjectsToExtinguish: 3
[1450070790233] Current position: (15, 8)
[1450070790233] Desired Position: (26, 18)
[1450070790233] Direction: (-1, 0)
______________
[1450070790383] NearObjects size: 8
[1450070790383] NearObjectsToExtinguish: 3
[1450070790383] Current position: (14, 8)
[1450070790383] Desired Position: (26, 18)
[1450070790383] Direction: (-1, 0)
______________
[1450070790533] NearObjects size: 8
[1450070790533] NearObjectsToExtinguish: 2
[1450070790533] Current position: (14, 8)
[1450070790533] Desired Position: (26, 18)
[1450070790533] Direction: (-1, 0)
______________
[1450070790684] NearObjects size: 9
[1450070790684] NearObjectsToExtinguish: 3
[1450070790684] Current position: (14, 9)
[1450070790684] Desired Position: (26, 18)
[1450070790684] Direction: (0, 1)
______________
[1450070790834] NearObjects size: 9
[1450070790834] NearObjectsToExtinguish: 3
[1450070790834] Current position: (13, 9)
[1450070790834] Desired Position: (26, 18)
[1450070790834] Direction: (-1, 0)
______________
[1450070790985] NearObjects size: 9
[1450070790985] NearObjectsToExtinguish: 4
[1450070790985] Current position: (13, 10)
[1450070790985] Desired Position: (26, 18)
[1450070790985] Direction: (0, 1)
______________
[1450070791135] NearObjects size: 9
[1450070791135] NearObjectsToExtinguish: 4
[1450070791135] Current position: (12, 10)
[1450070791135] Desired Position: (26, 18)
[1450070791135] Direction: (-1, 0)
______________
[1450070791285] NearObjects size: 9
[1450070791285] NearObjectsToExtinguish: 5
[1450070791285] Current position: (11, 10)
[1450070791285] Desired Position: (26, 18)
[1450070791285] Direction: (-1, 0)
______________
[1450070791435] NearObjects size: 9
[1450070791435] NearObjectsToExtinguish: 5
[1450070791435] Current position: (10, 10)
[1450070791435] Desired Position: (26, 18)
[1450070791435] Direction: (-1, 0)
______________
[1450070791585] NearObjects size: 9
[1450070791585] NearObjectsToExtinguish: 5
[1450070791585] Current position: (9, 10)
[1450070791585] Desired Position: (26, 18)
[1450070791585] Direction: (-1, 0)
______________
[1450070791737] NearObjects size: 9
[1450070791737] NearObjectsToExtinguish: 4
[1450070791737] Current position: (9, 9)
[1450070791737] Desired Position: (26, 18)
[1450070791737] Direction: (0, -1)
______________
[1450070791887] NearObjects size: 8
[1450070791887] NearObjectsToExtinguish: 3
[1450070791887] Current position: (10, 9)
[1450070791887] Desired Position: (26, 18)
[1450070791887] Direction: (1, 0)
______________
[1450070792038] NearObjects size: 9
[1450070792038] NearObjectsToExtinguish: 4
[1450070792038] Current position: (10, 8)
[1450070792038] Desired Position: (26, 18)
[1450070792038] Direction: (0, -1)
______________
[1450070792188] NearObjects size: 9
[1450070792188] NearObjectsToExtinguish: 4
[1450070792188] Current position: (11, 8)
[1450070792188] Desired Position: (26, 18)
[1450070792188] Direction: (1, 0)
______________
[1450070792338] NearObjects size: 9
[1450070792338] NearObjectsToExtinguish: 4
[1450070792338] Current position: (11, 7)
[1450070792338] Desired Position: (26, 18)
[1450070792338] Direction: (0, -1)
______________
[1450070792489] NearObjects size: 8
[1450070792489] NearObjectsToExtinguish: 5
[1450070792489] Current position: (11, 6)
[1450070792489] Desired Position: (26, 18)
[1450070792489] Direction: (0, -1)
______________
[1450070792639] NearObjects size: 6
[1450070792639] NearObjectsToExtinguish: 3
[1450070792639] Current position: (11, 5)
[1450070792639] Desired Position: (26, 18)
[1450070792639] Direction: (0, -1)
______________
[1450070792790] NearObjects size: 8
[1450070792790] NearObjectsToExtinguish: 3
[1450070792790] Current position: (10, 5)
[1450070792790] Desired Position: (26, 18)
[1450070792790] Direction: (-1, 0)
______________
[1450070792940] NearObjects size: 8
[1450070792940] NearObjectsToExtinguish: 3
[1450070792940] Current position: (10, 6)
[1450070792940] Desired Position: (26, 18)
[1450070792940] Direction: (0, 1)
______________
[1450070793090] NearObjects size: 9
[1450070793090] NearObjectsToExtinguish: 4
[1450070793090] Current position: (9, 6)
[1450070793090] Desired Position: (26, 18)
[1450070793090] Direction: (-1, 0)
______________
[1450070793241] NearObjects size: 8
[1450070793241] NearObjectsToExtinguish: 4
[1450070793241] Current position: (9, 7)
[1450070793241] Desired Position: (26, 18)
[1450070793241] Direction: (0, 1)
______________
[1450070793391] NearObjects size: 6
[1450070793391] NearObjectsToExtinguish: 3
[1450070793391] Current position: (9, 8)
[1450070793391] Desired Position: (26, 18)
[1450070793391] Direction: (0, 1)
______________
[1450070793541] NearObjects size: 7
[1450070793541] NearObjectsToExtinguish: 3
[1450070793541] Current position: (8, 8)
[1450070793541] Desired Position: (26, 18)
[1450070793541] Direction: (-1, 0)
______________
[1450070793691] NearObjects size: 6
[1450070793691] NearObjectsToExtinguish: 2
[1450070793691] Current position: (8, 9)
[1450070793691] Desired Position: (26, 18)
[1450070793691] Direction: (0, 1)
______________
[1450070793841] NearObjects size: 6
[1450070793841] NearObjectsToExtinguish: 2
[1450070793841] Current position: (8, 10)
[1450070793841] Desired Position: (26, 18)
[1450070793841] Direction: (0, 1)
______________
[1450070793991] NearObjects size: 8
[1450070793991] NearObjectsToExtinguish: 3
[1450070793991] Current position: (7, 10)
[1450070793991] Desired Position: (26, 18)
[1450070793991] Direction: (-1, 0)
______________
[1450070794141] NearObjects size: 8
[1450070794141] NearObjectsToExtinguish: 4
[1450070794141] Current position: (6, 10)
[1450070794141] Desired Position: (26, 18)
[1450070794141] Direction: (-1, 0)
______________
[1450070794293] NearObjects size: 9
[1450070794293] NearObjectsToExtinguish: 5
[1450070794293] Current position: (5, 10)
[1450070794293] Desired Position: (26, 18)
[1450070794293] Direction: (-1, 0)
______________
[1450070794443] NearObjects size: 9
[1450070794443] NearObjectsToExtinguish: 4
[1450070794443] Current position: (5, 11)
[1450070794443] Desired Position: (26, 18)
[1450070794443] Direction: (0, 1)
______________
[1450070794593] NearObjects size: 9
[1450070794593] NearObjectsToExtinguish: 5
[1450070794593] Current position: (5, 12)
[1450070794593] Desired Position: (26, 18)
[1450070794593] Direction: (0, 1)
______________
[1450070794743] NearObjects size: 9
[1450070794743] NearObjectsToExtinguish: 5
[1450070794743] Current position: (5, 13)
[1450070794743] Desired Position: (26, 18)
[1450070794743] Direction: (0, 1)
______________
[1450070794894] NearObjects size: 9
[1450070794894] NearObjectsToExtinguish: 4
[1450070794894] Current position: (4, 13)
[1450070794894] Desired Position: (26, 18)
[1450070794894] Direction: (-1, 0)
______________
[1450070795044] NearObjects size: 8
[1450070795044] NearObjectsToExtinguish: 3
[1450070795044] Current position: (4, 12)
[1450070795044] Desired Position: (26, 18)
[1450070795044] Direction: (0, -1)
______________
[1450070795194] NearObjects size: 7
[1450070795194] NearObjectsToExtinguish: 3
[1450070795194] Current position: (4, 11)
[1450070795194] Desired Position: (26, 18)
[1450070795194] Direction: (0, -1)
______________
[1450070795344] NearObjects size: 9
[1450070795344] NearObjectsToExtinguish: 4
[1450070795344] Current position: (3, 11)
[1450070795344] Desired Position: (26, 18)
[1450070795344] Direction: (-1, 0)
______________
[1450070795495] NearObjects size: 9
[1450070795495] NearObjectsToExtinguish: 5
[1450070795495] Current position: (2, 11)
[1450070795495] Desired Position: (26, 18)
[1450070795495] Direction: (-1, 0)
______________
[1450070795645] NearObjects size: 9
[1450070795645] NearObjectsToExtinguish: 4
[1450070795645] Current position: (2, 12)
[1450070795645] Desired Position: (26, 18)
[1450070795645] Direction: (0, 1)
______________
[1450070795795] NearObjects size: 9
[1450070795795] NearObjectsToExtinguish: 4
[1450070795795] Current position: (1, 12)
[1450070795795] Desired Position: (26, 18)
[1450070795795] Direction: (-1, 0)
______________
[1450070795946] NearObjects size: 9
[1450070795946] NearObjectsToExtinguish: 4
[1450070795946] Current position: (1, 13)
[1450070795946] Desired Position: (26, 18)
[1450070795946] Direction: (0, 1)
______________
[1450070796096] NearObjects size: 6
[1450070796096] NearObjectsToExtinguish: 3
[1450070796096] Current position: (0, 13)
[1450070796096] Desired Position: (26, 18)
[1450070796096] Direction: (-1, 0)
______________
[1450070796246] NearObjects size: 6
[1450070796246] NearObjectsToExtinguish: 2
[1450070796246] Current position: (0, 14)
[1450070796246] Desired Position: (26, 18)
[1450070796246] Direction: (0, 1)
______________
[1450070796396] NearObjects size: 6
[1450070796396] NearObjectsToExtinguish: 3
[1450070796396] Current position: (0, 15)
[1450070796396] Desired Position: (26, 18)
[1450070796396] Direction: (0, 1)
______________
[1450070796547] NearObjects size: 6
[1450070796547] NearObjectsToExtinguish: 3
[1450070796547] Current position: (0, 16)
[1450070796547] Desired Position: (26, 18)
[1450070796547] Direction: (0, 1)
______________
[1450070796698] NearObjects size: 9
[1450070796698] NearObjectsToExtinguish: 4
[1450070796698] Current position: (1, 16)
[1450070796698] Desired Position: (26, 18)
[1450070796698] Direction: (1, 0)
______________
[1450070796848] NearObjects size: 9
[1450070796848] NearObjectsToExtinguish: 5
[1450070796848] Current position: (2, 16)
[1450070796848] Desired Position: (26, 18)
[1450070796848] Direction: (1, 0)
______________
[1450070796998] NearObjects size: 9
[1450070796998] NearObjectsToExtinguish: 5
[1450070796998] Current position: (3, 16)
[1450070796998] Desired Position: (26, 18)
[1450070796998] Direction: (1, 0)
______________
[1450070797148] NearObjects size: 9
[1450070797148] NearObjectsToExtinguish: 4
[1450070797148] Current position: (3, 17)
[1450070797148] Desired Position: (26, 18)
[1450070797148] Direction: (0, 1)
______________
[1450070797298] NearObjects size: 9
[1450070797298] NearObjectsToExtinguish: 5
[1450070797298] Current position: (3, 18)
[1450070797298] Desired Position: (26, 18)
[1450070797298] Direction: (0, 1)
______________
[1450070797448] NearObjects size: 9
[1450070797448] NearObjectsToExtinguish: 5
[1450070797448] Current position: (3, 19)
[1450070797448] Desired Position: (26, 18)
[1450070797448] Direction: (0, 1)
______________
[1450070797598] NearObjects size: 9
[1450070797598] NearObjectsToExtinguish: 4
[1450070797598] Current position: (2, 19)
[1450070797598] Desired Position: (26, 18)
[1450070797598] Direction: (-1, 0)
______________
[1450070797749] NearObjects size: 9
[1450070797749] NearObjectsToExtinguish: 5
[1450070797749] Current position: (1, 19)
[1450070797749] Desired Position: (26, 18)
[1450070797749] Direction: (-1, 0)
______________
[1450070797900] NearObjects size: 9
[1450070797900] NearObjectsToExtinguish: 4
[1450070797900] Current position: (1, 20)
[1450070797900] Desired Position: (26, 18)
[1450070797900] Direction: (0, 1)
______________
[1450070798050] NearObjects size: 6
[1450070798050] NearObjectsToExtinguish: 3
[1450070798050] Current position: (0, 20)
[1450070798050] Desired Position: (26, 18)
[1450070798050] Direction: (-1, 0)
______________
[1450070798200] NearObjects size: 6
[1450070798200] NearObjectsToExtinguish: 2
[1450070798200] Current position: (0, 21)
[1450070798200] Desired Position: (26, 18)
[1450070798200] Direction: (0, 1)
______________
[1450070798350] NearObjects size: 6
[1450070798350] NearObjectsToExtinguish: 3
[1450070798350] Current position: (0, 22)
[1450070798350] Desired Position: (26, 18)
[1450070798350] Direction: (0, 1)
______________
[1450070798500] NearObjects size: 6
[1450070798500] NearObjectsToExtinguish: 3
[1450070798500] Current position: (0, 23)
[1450070798500] Desired Position: (26, 18)
[1450070798500] Direction: (0, 1)
______________
[1450070798650] NearObjects size: 6
[1450070798650] NearObjectsToExtinguish: 3
[1450070798650] Current position: (0, 24)
[1450070798650] Desired Position: (26, 18)
[1450070798650] Direction: (0, 1)
______________
[1450070798800] NearObjects size: 6
[1450070798800] NearObjectsToExtinguish: 3
[1450070798800] Current position: (0, 25)
[1450070798800] Desired Position: (26, 18)
[1450070798800] Direction: (0, 1)
______________
[1450070798950] NearObjects size: 9
[1450070798950] NearObjectsToExtinguish: 4
[1450070798950] Current position: (1, 25)
[1450070798950] Desired Position: (26, 18)
[1450070798950] Direction: (1, 0)
______________
[1450070799100] NearObjects size: 9
[1450070799100] NearObjectsToExtinguish: 4
[1450070799100] Current position: (1, 26)
[1450070799100] Desired Position: (26, 18)
[1450070799100] Direction: (0, 1)
______________
[1450070799250] NearObjects size: 9
[1450070799250] NearObjectsToExtinguish: 4
[1450070799250] Current position: (2, 26)
[1450070799250] Desired Position: (26, 18)
[1450070799250] Direction: (1, 0)
______________
[1450070799400] NearObjects size: 9
[1450070799400] NearObjectsToExtinguish: 4
[1450070799400] Current position: (2, 27)
[1450070799400] Desired Position: (26, 18)
[1450070799400] Direction: (0, 1)
______________
[1450070799551] NearObjects size: 9
[1450070799551] NearObjectsToExtinguish: 4
[1450070799551] Current position: (3, 27)
[1450070799551] Desired Position: (26, 18)
[1450070799551] Direction: (1, 0)
______________
[1450070799701] NearObjects size: 9
[1450070799701] NearObjectsToExtinguish: 3
[1450070799701] Current position: (3, 26)
[1450070799701] Desired Position: (26, 18)
[1450070799701] Direction: (0, -1)
______________
[1450070799851] NearObjects size: 9
[1450070799851] NearObjectsToExtinguish: 4
[1450070799851] Current position: (4, 26)
[1450070799851] Desired Position: (26, 18)
[1450070799851] Direction: (1, 0)
______________
[1450070800002] NearObjects size: 9
[1450070800002] NearObjectsToExtinguish: 4
[1450070800002] Current position: (4, 25)
[1450070800002] Desired Position: (26, 18)
[1450070800002] Direction: (0, -1)
______________
[1450070800152] NearObjects size: 9
[1450070800152] NearObjectsToExtinguish: 5
[1450070800152] Current position: (4, 24)
[1450070800152] Desired Position: (26, 18)
[1450070800152] Direction: (0, -1)
______________
[1450070800303] NearObjects size: 9
[1450070800303] NearObjectsToExtinguish: 5
[1450070800303] Current position: (4, 23)
[1450070800303] Desired Position: (26, 18)
[1450070800303] Direction: (0, -1)
______________
[1450070800453] NearObjects size: 9
[1450070800453] NearObjectsToExtinguish: 5
[1450070800453] Current position: (4, 22)
[1450070800453] Desired Position: (26, 18)
[1450070800453] Direction: (0, -1)
______________
[1450070800603] NearObjects size: 9
[1450070800603] NearObjectsToExtinguish: 4
[1450070800603] Current position: (3, 22)
[1450070800603] Desired Position: (26, 18)
[1450070800603] Direction: (-1, 0)
______________
[1450070800754] NearObjects size: 9
[1450070800754] NearObjectsToExtinguish: 5
[1450070800754] Current position: (2, 22)
[1450070800754] Desired Position: (26, 18)
[1450070800754] Direction: (-1, 0)
______________
[1450070800904] NearObjects size: 8
[1450070800904] NearObjectsToExtinguish: 4
[1450070800904] Current position: (2, 21)
[1450070800904] Desired Position: (26, 18)
[1450070800904] Direction: (0, -1)
______________
[1450070801054] NearObjects size: 8
[1450070801054] NearObjectsToExtinguish: 3
[1450070801054] Current position: (3, 21)
[1450070801054] Desired Position: (26, 18)
[1450070801054] Direction: (1, 0)
______________
[1450070801204] NearObjects size: 8
[1450070801204] NearObjectsToExtinguish: 3
[1450070801204] Current position: (4, 21)
[1450070801204] Desired Position: (26, 18)
[1450070801204] Direction: (1, 0)
______________
[1450070801354] NearObjects size: 8
[1450070801354] NearObjectsToExtinguish: 4
[1450070801354] Current position: (4, 20)
[1450070801354] Desired Position: (26, 18)
[1450070801354] Direction: (0, -1)
______________
[1450070801504] NearObjects size: 9
[1450070801504] NearObjectsToExtinguish: 4
[1450070801504] Current position: (5, 20)
[1450070801504] Desired Position: (26, 18)
[1450070801504] Direction: (1, 0)
______________
[1450070801655] NearObjects size: 8
[1450070801655] NearObjectsToExtinguish: 3
[1450070801655] Current position: (5, 21)
[1450070801655] Desired Position: (26, 18)
[1450070801655] Direction: (0, 1)
______________
[1450070801805] NearObjects size: 9
[1450070801805] NearObjectsToExtinguish: 4
[1450070801805] Current position: (6, 21)
[1450070801805] Desired Position: (26, 18)
[1450070801805] Direction: (1, 0)
______________
[1450070801956] NearObjects size: 9
[1450070801956] NearObjectsToExtinguish: 5
[1450070801956] Current position: (7, 21)
[1450070801956] Desired Position: (26, 18)
[1450070801956] Direction: (1, 0)
______________
[1450070802106] NearObjects size: 9
[1450070802106] NearObjectsToExtinguish: 4
[1450070802106] Current position: (7, 22)
[1450070802106] Desired Position: (26, 18)
[1450070802106] Direction: (0, 1)
______________
[1450070802256] NearObjects size: 9
[1450070802256] NearObjectsToExtinguish: 5
[1450070802256] Current position: (7, 23)
[1450070802256] Desired Position: (26, 18)
[1450070802256] Direction: (0, 1)
______________
[1450070802407] NearObjects size: 9
[1450070802407] NearObjectsToExtinguish: 4
[1450070802407] Current position: (6, 23)
[1450070802407] Desired Position: (26, 18)
[1450070802407] Direction: (-1, 0)
______________
[1450070802557] NearObjects size: 6
[1450070802557] NearObjectsToExtinguish: 4
[1450070802557] Current position: (5, 23)
[1450070802557] Desired Position: (26, 18)
[1450070802557] Direction: (-1, 0)
______________
[1450070802707] NearObjects size: 4
[1450070802707] NearObjectsToExtinguish: 1
[1450070802707] Current position: (5, 22)
[1450070802707] Desired Position: (26, 18)
[1450070802707] Direction: (0, -1)
______________
[1450070802857] NearObjects size: 4
[1450070802857] NearObjectsToExtinguish: 0
[1450070802857] Current position: (6, 22)
[1450070802857] Desired Position: (26, 18)
[1450070802857] Direction: (1, 0)
______________
[1450070803007] NearObjects size: 3
[1450070803007] NearObjectsToExtinguish: 0
[1450070803007] Current position: (6, 22)
[1450070803007] Desired Position: (26, 18)
[1450070803007] Direction: (0, 0)
______________
[1450070803157] NearObjects size: 2
[1450070803157] NearObjectsToExtinguish: 0
[1450070803157] Current position: (6, 22)
[1450070803157] Desired Position: (26, 18)
[1450070803157] Direction: (0, 0)
______________
[1450070803307] NearObjects size: 1
[1450070803307] NearObjectsToExtinguish: 0
[1450070803307] Current position: (6, 22)
[1450070803307] Desired Position: (26, 18)
[1450070803307] Direction: (0, 0)
______________
[1450070803457] NearObjects size: 0
[1450070803457] NearObjectsToExtinguish: 0
[1450070803457] Current position: (6, 22)
[1450070803457] Desired Position: (26, 18)
[1450070803457] Direction: (0, 0)
______________
[1450070803607] NearObjects size: 5
[1450070803607] NearObjectsToExtinguish: 2
[1450070803607] Current position: (7, 21)
[1450070803607] Desired Position: (26, 18)
[1450070803607] Direction: (1, -1)
______________
[1450070803758] NearObjects size: 7
[1450070803758] NearObjectsToExtinguish: 4
[1450070803758] Current position: (7, 20)
[1450070803758] Desired Position: (26, 18)
[1450070803758] Direction: (0, -1)
______________
[1450070803908] NearObjects size: 5
[1450070803908] NearObjectsToExtinguish: 2
[1450070803908] Current position: (6, 20)
[1450070803908] Desired Position: (26, 18)
[1450070803908] Direction: (-1, 0)
______________
[1450070804058] NearObjects size: 8
[1450070804058] NearObjectsToExtinguish: 3
[1450070804058] Current position: (6, 19)
[1450070804058] Desired Position: (26, 18)
[1450070804058] Direction: (0, -1)
______________
[1450070804209] NearObjects size: 9
[1450070804209] NearObjectsToExtinguish: 5
[1450070804209] Current position: (6, 18)
[1450070804209] Desired Position: (26, 18)
[1450070804209] Direction: (0, -1)
______________
[1450070804359] NearObjects size: 9
[1450070804359] NearObjectsToExtinguish: 4
[1450070804359] Current position: (5, 18)
[1450070804359] Desired Position: (26, 18)
[1450070804359] Direction: (-1, 0)
______________
[1450070804509] NearObjects size: 9
[1450070804509] NearObjectsToExtinguish: 4
[1450070804509] Current position: (5, 17)
[1450070804509] Desired Position: (26, 18)
[1450070804509] Direction: (0, -1)
______________
[1450070804659] NearObjects size: 6
[1450070804659] NearObjectsToExtinguish: 3
[1450070804659] Current position: (4, 17)
[1450070804659] Desired Position: (26, 18)
[1450070804659] Direction: (-1, 0)
______________
[1450070804810] NearObjects size: 7
[1450070804810] NearObjectsToExtinguish: 2
[1450070804810] Current position: (4, 16)
[1450070804810] Desired Position: (26, 18)
[1450070804810] Direction: (0, -1)
______________
[1450070804960] NearObjects size: 8
[1450070804960] NearObjectsToExtinguish: 4
[1450070804960] Current position: (4, 15)
[1450070804960] Desired Position: (26, 18)
[1450070804960] Direction: (0, -1)
______________
[1450070805110] NearObjects size: 9
[1450070805110] NearObjectsToExtinguish: 4
[1450070805110] Current position: (5, 15)
[1450070805110] Desired Position: (26, 18)
[1450070805110] Direction: (1, 0)
______________
[1450070805260] NearObjects size: 9
[1450070805260] NearObjectsToExtinguish: 5
[1450070805260] Current position: (6, 15)
[1450070805260] Desired Position: (26, 18)
[1450070805260] Direction: (1, 0)
______________
[1450070805410] NearObjects size: 9
[1450070805410] NearObjectsToExtinguish: 5
[1450070805410] Current position: (7, 15)
[1450070805410] Desired Position: (26, 18)
[1450070805410] Direction: (1, 0)
______________
[1450070805560] NearObjects size: 9
[1450070805560] NearObjectsToExtinguish: 4
[1450070805560] Current position: (7, 16)
[1450070805560] Desired Position: (26, 18)
[1450070805560] Direction: (0, 1)
______________
[1450070805711] NearObjects size: 9
[1450070805711] NearObjectsToExtinguish: 4
[1450070805711] Current position: (8, 16)
[1450070805711] Desired Position: (26, 18)
[1450070805711] Direction: (1, 0)
______________
[1450070805862] NearObjects size: 9
[1450070805862] NearObjectsToExtinguish: 3
[1450070805862] Current position: (8, 15)
[1450070805862] Desired Position: (26, 18)
[1450070805862] Direction: (0, -1)
______________
[1450070806013] NearObjects size: 9
[1450070806013] NearObjectsToExtinguish: 4
[1450070806013] Current position: (9, 15)
[1450070806013] Desired Position: (26, 18)
[1450070806013] Direction: (1, 0)
______________
[1450070806163] NearObjects size: 9
[1450070806163] NearObjectsToExtinguish: 4
[1450070806163] Current position: (9, 14)
[1450070806163] Desired Position: (26, 18)
[1450070806163] Direction: (0, -1)
______________
[1450070806314] NearObjects size: 8
[1450070806314] NearObjectsToExtinguish: 4
[1450070806314] Current position: (10, 14)
[1450070806314] Desired Position: (26, 18)
[1450070806314] Direction: (1, 0)
______________
[1450070806464] NearObjects size: 7
[1450070806464] NearObjectsToExtinguish: 3
[1450070806464] Current position: (11, 14)
[1450070806464] Desired Position: (26, 18)
[1450070806464] Direction: (1, 0)
______________
[1450070806614] NearObjects size: 8
[1450070806614] NearObjectsToExtinguish: 3
[1450070806614] Current position: (11, 15)
[1450070806614] Desired Position: (26, 18)
[1450070806614] Direction: (0, 1)
______________
[1450070806764] NearObjects size: 9
[1450070806764] NearObjectsToExtinguish: 5
[1450070806764] Current position: (11, 16)
[1450070806764] Desired Position: (26, 18)
[1450070806764] Direction: (0, 1)
______________
[1450070806914] NearObjects size: 9
[1450070806914] NearObjectsToExtinguish: 5
[1450070806914] Current position: (11, 17)
[1450070806914] Desired Position: (26, 18)
[1450070806914] Direction: (0, 1)
______________
[1450070807064] NearObjects size: 9
[1450070807064] NearObjectsToExtinguish: 5
[1450070807064] Current position: (11, 18)
[1450070807064] Desired Position: (26, 18)
[1450070807064] Direction: (0, 1)
______________
[1450070807215] NearObjects size: 9
[1450070807215] NearObjectsToExtinguish: 4
[1450070807215] Current position: (12, 18)
[1450070807215] Desired Position: (26, 18)
[1450070807215] Direction: (1, 0)
______________
[1450070807366] NearObjects size: 8
[1450070807366] NearObjectsToExtinguish: 3
[1450070807366] Current position: (12, 17)
[1450070807366] Desired Position: (26, 18)
[1450070807366] Direction: (0, -1)
______________
[1450070807516] NearObjects size: 9
[1450070807516] NearObjectsToExtinguish: 4
[1450070807516] Current position: (13, 17)
[1450070807516] Desired Position: (26, 18)
[1450070807516] Direction: (1, 0)
______________
[1450070807666] NearObjects size: 8
[1450070807666] NearObjectsToExtinguish: 3
[1450070807666] Current position: (13, 16)
[1450070807666] Desired Position: (26, 18)
[1450070807666] Direction: (0, -1)
______________
[1450070807816] NearObjects size: 6
[1450070807816] NearObjectsToExtinguish: 2
[1450070807816] Current position: (14, 16)
[1450070807816] Desired Position: (26, 18)
[1450070807816] Direction: (1, 0)
______________
[1450070807967] NearObjects size: 7
[1450070807967] NearObjectsToExtinguish: 2
[1450070807967] Current position: (14, 15)
[1450070807967] Desired Position: (26, 18)
[1450070807967] Direction: (0, -1)
______________
[1450070808118] NearObjects size: 7
[1450070808118] NearObjectsToExtinguish: 3
[1450070808118] Current position: (15, 15)
[1450070808118] Desired Position: (26, 18)
[1450070808118] Direction: (1, 0)
______________
[1450070808268] NearObjects size: 9
[1450070808268] NearObjectsToExtinguish: 4
[1450070808268] Current position: (15, 14)
[1450070808268] Desired Position: (26, 18)
[1450070808268] Direction: (0, -1)
______________
[1450070808419] NearObjects size: 9
[1450070808419] NearObjectsToExtinguish: 5
[1450070808419] Current position: (15, 13)
[1450070808419] Desired Position: (26, 18)
[1450070808419] Direction: (0, -1)
______________
[1450070808569] NearObjects size: 9
[1450070808569] NearObjectsToExtinguish: 4
[1450070808569] Current position: (14, 13)
[1450070808569] Desired Position: (26, 18)
[1450070808569] Direction: (-1, 0)
______________
[1450070808719] NearObjects size: 8
[1450070808719] NearObjectsToExtinguish: 5
[1450070808719] Current position: (13, 13)
[1450070808719] Desired Position: (26, 18)
[1450070808719] Direction: (-1, 0)
______________
[1450070808869] NearObjects size: 6
[1450070808869] NearObjectsToExtinguish: 3
[1450070808869] Current position: (12, 13)
[1450070808869] Desired Position: (26, 18)
[1450070808869] Direction: (-1, 0)
______________
[1450070809019] NearObjects size: 8
[1450070809019] NearObjectsToExtinguish: 3
[1450070809019] Current position: (12, 12)
[1450070809019] Desired Position: (26, 18)
[1450070809019] Direction: (0, -1)
______________
[1450070809170] NearObjects size: 7
[1450070809170] NearObjectsToExtinguish: 2
[1450070809170] Current position: (11, 12)
[1450070809170] Desired Position: (26, 18)
[1450070809170] Direction: (-1, 0)
______________
[1450070809320] NearObjects size: 5
[1450070809320] NearObjectsToExtinguish: 2
[1450070809320] Current position: (11, 11)
[1450070809320] Desired Position: (26, 18)
[1450070809320] Direction: (0, -1)
______________
[1450070809470] NearObjects size: 5
[1450070809470] NearObjectsToExtinguish: 1
[1450070809470] Current position: (10, 11)
[1450070809470] Desired Position: (26, 18)
[1450070809470] Direction: (-1, 0)
______________
[1450070809620] NearObjects size: 5
[1450070809620] NearObjectsToExtinguish: 2
[1450070809620] Current position: (9, 11)
[1450070809620] Desired Position: (26, 18)
[1450070809620] Direction: (-1, 0)
______________
[1450070809771] NearObjects size: 8
[1450070809771] NearObjectsToExtinguish: 3
[1450070809771] Current position: (9, 12)
[1450070809771] Desired Position: (26, 18)
[1450070809771] Direction: (0, 1)
______________
[1450070809921] NearObjects size: 6
[1450070809921] NearObjectsToExtinguish: 3
[1450070809921] Current position: (9, 13)
[1450070809921] Desired Position: (26, 18)
[1450070809921] Direction: (0, 1)
______________
[1450070810071] NearObjects size: 3
[1450070810071] NearObjectsToExtinguish: 0
[1450070810071] Current position: (10, 13)
[1450070810071] Desired Position: (26, 18)
[1450070810071] Direction: (1, 0)
______________
[1450070810221] NearObjects size: 2
[1450070810221] NearObjectsToExtinguish: 0
[1450070810221] Current position: (10, 13)
[1450070810221] Desired Position: (26, 18)
[1450070810221] Direction: (0, 0)
______________
[1450070810371] NearObjects size: 1
[1450070810371] NearObjectsToExtinguish: 0
[1450070810371] Current position: (10, 13)
[1450070810371] Desired Position: (26, 18)
[1450070810371] Direction: (0, 0)
______________
[1450070810523] NearObjects size: 0
[1450070810523] NearObjectsToExtinguish: 0
[1450070810523] Current position: (10, 13)
[1450070810523] Desired Position: (26, 18)
[1450070810523] Direction: (0, 0)
______________
[1450070810673] NearObjects size: 2
[1450070810673] NearObjectsToExtinguish: 0
[1450070810673] Current position: (11, 14)
[1450070810673] Desired Position: (26, 18)
[1450070810673] Direction: (1, 1)
______________
[1450070810825] NearObjects size: 3
[1450070810825] NearObjectsToExtinguish: 2
[1450070810825] Current position: (10, 15)
[1450070810825] Desired Position: (26, 18)
[1450070810825] Direction: (-1, 1)
______________
[1450070810975] NearObjects size: 5
[1450070810975] NearObjectsToExtinguish: 3
[1450070810975] Current position: (10, 16)
[1450070810975] Desired Position: (26, 18)
[1450070810975] Direction: (0, 1)
______________
[1450070811126] NearObjects size: 6
[1450070811126] NearObjectsToExtinguish: 3
[1450070811126] Current position: (9, 16)
[1450070811126] Desired Position: (26, 18)
[1450070811126] Direction: (-1, 0)
______________
[1450070811276] NearObjects size: 8
[1450070811276] NearObjectsToExtinguish: 3
[1450070811276] Current position: (9, 17)
[1450070811276] Desired Position: (26, 18)
[1450070811276] Direction: (0, 1)
______________
[1450070811426] NearObjects size: 7
[1450070811426] NearObjectsToExtinguish: 3
[1450070811426] Current position: (8, 17)
[1450070811426] Desired Position: (26, 18)
[1450070811426] Direction: (-1, 0)
______________
[1450070811576] NearObjects size: 6
[1450070811576] NearObjectsToExtinguish: 3
[1450070811576] Current position: (7, 17)
[1450070811576] Desired Position: (26, 18)
[1450070811576] Direction: (-1, 0)
______________
[1450070811726] NearObjects size: 7
[1450070811726] NearObjectsToExtinguish: 3
[1450070811726] Current position: (7, 18)
[1450070811726] Desired Position: (26, 18)
[1450070811726] Direction: (0, 1)
______________
[1450070811876] NearObjects size: 5
[1450070811876] NearObjectsToExtinguish: 2
[1450070811876] Current position: (7, 19)
[1450070811876] Desired Position: (26, 18)
[1450070811876] Direction: (0, 1)
______________
[1450070812026] NearObjects size: 8
[1450070812026] NearObjectsToExtinguish: 3
[1450070812026] Current position: (8, 19)
[1450070812026] Desired Position: (26, 18)
[1450070812026] Direction: (1, 0)
______________
[1450070812176] NearObjects size: 9
[1450070812176] NearObjectsToExtinguish: 5
[1450070812176] Current position: (9, 19)
[1450070812176] Desired Position: (26, 18)
[1450070812176] Direction: (1, 0)
______________
[1450070812326] NearObjects size: 9
[1450070812326] NearObjectsToExtinguish: 4
[1450070812326] Current position: (9, 20)
[1450070812326] Desired Position: (26, 18)
[1450070812326] Direction: (0, 1)
______________
[1450070812476] NearObjects size: 6
[1450070812476] NearObjectsToExtinguish: 2
[1450070812476] Current position: (8, 20)
[1450070812476] Desired Position: (26, 18)
[1450070812476] Direction: (-1, 0)
______________
[1450070812626] NearObjects size: 6
[1450070812626] NearObjectsToExtinguish: 2
[1450070812626] Current position: (8, 21)
[1450070812626] Desired Position: (26, 18)
[1450070812626] Direction: (0, 1)
______________
[1450070812776] NearObjects size: 6
[1450070812776] NearObjectsToExtinguish: 3
[1450070812776] Current position: (8, 22)
[1450070812776] Desired Position: (26, 18)
[1450070812776] Direction: (0, 1)
______________
[1450070812926] NearObjects size: 7
[1450070812926] NearObjectsToExtinguish: 3
[1450070812926] Current position: (8, 23)
[1450070812926] Desired Position: (26, 18)
[1450070812926] Direction: (0, 1)
______________
[1450070813076] NearObjects size: 8
[1450070813076] NearObjectsToExtinguish: 4
[1450070813076] Current position: (8, 24)
[1450070813076] Desired Position: (26, 18)
[1450070813076] Direction: (0, 1)
______________
[1450070813227] NearObjects size: 9
[1450070813227] NearObjectsToExtinguish: 5
[1450070813227] Current position: (8, 25)
[1450070813227] Desired Position: (26, 18)
[1450070813227] Direction: (0, 1)
______________
[1450070813377] NearObjects size: 9
[1450070813377] NearObjectsToExtinguish: 5
[1450070813377] Current position: (8, 26)
[1450070813377] Desired Position: (26, 18)
[1450070813377] Direction: (0, 1)
______________
[1450070813527] NearObjects size: 9
[1450070813527] NearObjectsToExtinguish: 4
[1450070813527] Current position: (9, 26)
[1450070813527] Desired Position: (26, 18)
[1450070813527] Direction: (1, 0)
______________
[1450070813677] NearObjects size: 9
[1450070813677] NearObjectsToExtinguish: 4
[1450070813677] Current position: (9, 27)
[1450070813677] Desired Position: (26, 18)
[1450070813677] Direction: (0, 1)
______________
[1450070813827] NearObjects size: 9
[1450070813827] NearObjectsToExtinguish: 4
[1450070813827] Current position: (10, 27)
[1450070813827] Desired Position: (26, 18)
[1450070813827] Direction: (1, 0)
______________
[1450070813978] NearObjects size: 9
[1450070813978] NearObjectsToExtinguish: 3
[1450070813978] Current position: (10, 26)
[1450070813978] Desired Position: (26, 18)
[1450070813978] Direction: (0, -1)
______________
[1450070814130] NearObjects size: 9
[1450070814130] NearObjectsToExtinguish: 4
[1450070814130] Current position: (11, 26)
[1450070814130] Desired Position: (26, 18)
[1450070814130] Direction: (1, 0)
______________
[1450070814280] NearObjects size: 9
[1450070814280] NearObjectsToExtinguish: 4
[1450070814280] Current position: (11, 25)
[1450070814280] Desired Position: (26, 18)
[1450070814280] Direction: (0, -1)
______________
[1450070814430] NearObjects size: 9
[1450070814430] NearObjectsToExtinguish: 5
[1450070814430] Current position: (11, 24)
[1450070814430] Desired Position: (26, 18)
[1450070814430] Direction: (0, -1)
______________
[1450070814581] NearObjects size: 9
[1450070814581] NearObjectsToExtinguish: 4
[1450070814581] Current position: (12, 24)
[1450070814581] Desired Position: (26, 18)
[1450070814581] Direction: (1, 0)
______________
[1450070814731] NearObjects size: 9
[1450070814731] NearObjectsToExtinguish: 4
[1450070814731] Current position: (12, 23)
[1450070814731] Desired Position: (26, 18)
[1450070814731] Direction: (0, -1)
______________
[1450070814882] NearObjects size: 9
[1450070814882] NearObjectsToExtinguish: 4
[1450070814882] Current position: (13, 23)
[1450070814882] Desired Position: (26, 18)
[1450070814882] Direction: (1, 0)
______________
[1450070815032] NearObjects size: 9
[1450070815032] NearObjectsToExtinguish: 3
[1450070815032] Current position: (13, 24)
[1450070815032] Desired Position: (26, 18)
[1450070815032] Direction: (0, 1)
______________
[1450070815182] NearObjects size: 9
[1450070815182] NearObjectsToExtinguish: 4
[1450070815182] Current position: (13, 25)
[1450070815182] Desired Position: (26, 18)
[1450070815182] Direction: (0, 1)
______________
[1450070815333] NearObjects size: 9
[1450070815333] NearObjectsToExtinguish: 4
[1450070815333] Current position: (14, 25)
[1450070815333] Desired Position: (26, 18)
[1450070815333] Direction: (1, 0)
______________
[1450070815483] NearObjects size: 8
[1450070815483] NearObjectsToExtinguish: 3
[1450070815483] Current position: (14, 24)
[1450070815483] Desired Position: (26, 18)
[1450070815483] Direction: (0, -1)
______________
[1450070815633] NearObjects size: 9
[1450070815633] NearObjectsToExtinguish: 4
[1450070815633] Current position: (15, 24)
[1450070815633] Desired Position: (26, 18)
[1450070815633] Direction: (1, 0)
______________
[1450070815783] NearObjects size: 9
[1450070815783] NearObjectsToExtinguish: 5
[1450070815783] Current position: (16, 24)
[1450070815783] Desired Position: (26, 18)
[1450070815783] Direction: (1, 0)
______________
[1450070815934] NearObjects size: 9
[1450070815934] NearObjectsToExtinguish: 4
[1450070815934] Current position: (16, 23)
[1450070815934] Desired Position: (26, 18)
[1450070815934] Direction: (0, -1)
______________
[1450070816085] NearObjects size: 8
[1450070816085] NearObjectsToExtinguish: 3
[1450070816085] Current position: (15, 23)
[1450070816085] Desired Position: (26, 18)
[1450070816085] Direction: (-1, 0)
______________
[1450070816236] NearObjects size: 9
[1450070816236] NearObjectsToExtinguish: 4
[1450070816236] Current position: (15, 22)
[1450070816236] Desired Position: (26, 18)
[1450070816236] Direction: (0, -1)
______________
[1450070816387] NearObjects size: 9
[1450070816387] NearObjectsToExtinguish: 5
[1450070816387] Current position: (15, 21)
[1450070816387] Desired Position: (26, 18)
[1450070816387] Direction: (0, -1)
______________
[1450070816537] NearObjects size: 9
[1450070816537] NearObjectsToExtinguish: 4
[1450070816537] Current position: (16, 21)
[1450070816537] Desired Position: (26, 18)
[1450070816537] Direction: (1, 0)
______________
[1450070816687] NearObjects size: 9
[1450070816687] NearObjectsToExtinguish: 5
[1450070816687] Current position: (17, 21)
[1450070816687] Desired Position: (26, 18)
[1450070816687] Direction: (1, 0)
______________
[1450070816838] NearObjects size: 9
[1450070816838] NearObjectsToExtinguish: 5
[1450070816838] Current position: (18, 21)
[1450070816838] Desired Position: (26, 18)
[1450070816838] Direction: (1, 0)
______________
[1450070816988] NearObjects size: 9
[1450070816988] NearObjectsToExtinguish: 4
[1450070816988] Current position: (18, 22)
[1450070816988] Desired Position: (26, 18)
[1450070816988] Direction: (0, 1)
______________
[1450070817139] NearObjects size: 9
[1450070817139] NearObjectsToExtinguish: 5
[1450070817139] Current position: (18, 23)
[1450070817139] Desired Position: (26, 18)
[1450070817139] Direction: (0, 1)
______________
[1450070817289] NearObjects size: 9
[1450070817289] NearObjectsToExtinguish: 5
[1450070817289] Current position: (18, 24)
[1450070817289] Desired Position: (26, 18)
[1450070817289] Direction: (0, 1)
______________
[1450070817439] NearObjects size: 9
[1450070817439] NearObjectsToExtinguish: 5
[1450070817439] Current position: (18, 25)
[1450070817439] Desired Position: (26, 18)
[1450070817439] Direction: (0, 1)
______________
[1450070817589] NearObjects size: 9
[1450070817589] NearObjectsToExtinguish: 4
[1450070817589] Current position: (19, 25)
[1450070817589] Desired Position: (26, 18)
[1450070817589] Direction: (1, 0)
______________
[1450070817739] NearObjects size: 9
[1450070817739] NearObjectsToExtinguish: 5
[1450070817739] Current position: (20, 25)
[1450070817739] Desired Position: (26, 18)
[1450070817739] Direction: (1, 0)
______________
[1450070817889] NearObjects size: 9
[1450070817889] NearObjectsToExtinguish: 4
[1450070817889] Current position: (20, 24)
[1450070817889] Desired Position: (26, 18)
[1450070817889] Direction: (0, -1)
______________
[1450070818040] NearObjects size: 9
[1450070818040] NearObjectsToExtinguish: 4
[1450070818040] Current position: (21, 24)
[1450070818040] Desired Position: (26, 18)
[1450070818040] Direction: (1, 0)
______________
[1450070818191] NearObjects size: 9
[1450070818191] NearObjectsToExtinguish: 3
[1450070818191] Current position: (21, 25)
[1450070818191] Desired Position: (26, 18)
[1450070818191] Direction: (0, 1)
______________
[1450070818341] NearObjects size: 9
[1450070818341] NearObjectsToExtinguish: 4
[1450070818341] Current position: (22, 25)
[1450070818341] Desired Position: (26, 18)
[1450070818341] Direction: (1, 0)
______________
[1450070818491] NearObjects size: 9
[1450070818491] NearObjectsToExtinguish: 5
[1450070818491] Current position: (23, 25)
[1450070818491] Desired Position: (26, 18)
[1450070818491] Direction: (1, 0)
______________
[1450070818641] NearObjects size: 9
[1450070818641] NearObjectsToExtinguish: 4
[1450070818641] Current position: (23, 24)
[1450070818641] Desired Position: (26, 18)
[1450070818641] Direction: (0, -1)
______________
[1450070818792] NearObjects size: 9
[1450070818792] NearObjectsToExtinguish: 4
[1450070818792] Current position: (24, 24)
[1450070818792] Desired Position: (26, 18)
[1450070818792] Direction: (1, 0)
______________
[1450070818942] NearObjects size: 9
[1450070818942] NearObjectsToExtinguish: 4
[1450070818942] Current position: (24, 23)
[1450070818942] Desired Position: (26, 18)
[1450070818942] Direction: (0, -1)
______________
[1450070819092] NearObjects size: 9
[1450070819092] NearObjectsToExtinguish: 3
[1450070819092] Current position: (23, 23)
[1450070819092] Desired Position: (26, 18)
[1450070819092] Direction: (-1, 0)
______________
[1450070819242] NearObjects size: 8
[1450070819242] NearObjectsToExtinguish: 4
[1450070819242] Current position: (22, 23)
[1450070819242] Desired Position: (26, 18)
[1450070819242] Direction: (-1, 0)
______________
[1450070819392] NearObjects size: 5
[1450070819392] NearObjectsToExtinguish: 1
[1450070819392] Current position: (22, 24)
[1450070819392] Desired Position: (26, 18)
[1450070819392] Direction: (0, 1)
______________
[1450070819543] NearObjects size: 7
[1450070819543] NearObjectsToExtinguish: 2
[1450070819543] Current position: (21, 23)
[1450070819543] Desired Position: (26, 18)
[1450070819543] Direction: (-1, -1)
______________
[1450070819693] NearObjects size: 7
[1450070819693] NearObjectsToExtinguish: 3
[1450070819693] Current position: (20, 23)
[1450070819693] Desired Position: (26, 18)
[1450070819693] Direction: (-1, 0)
______________
[1450070819844] NearObjects size: 9
[1450070819844] NearObjectsToExtinguish: 4
[1450070819844] Current position: (20, 22)
[1450070819844] Desired Position: (26, 18)
[1450070819844] Direction: (0, -1)
______________
[1450070819995] NearObjects size: 6
[1450070819995] NearObjectsToExtinguish: 3
[1450070819995] Current position: (19, 22)
[1450070819995] Desired Position: (26, 18)
[1450070819995] Direction: (-1, 0)
______________
[1450070820145] NearObjects size: 7
[1450070820145] NearObjectsToExtinguish: 2
[1450070820145] Current position: (19, 21)
[1450070820145] Desired Position: (26, 18)
[1450070820145] Direction: (0, -1)
______________
[1450070820295] NearObjects size: 8
[1450070820295] NearObjectsToExtinguish: 4
[1450070820295] Current position: (19, 20)
[1450070820295] Desired Position: (26, 18)
[1450070820295] Direction: (0, -1)
______________
[1450070820445] NearObjects size: 9
[1450070820445] NearObjectsToExtinguish: 4
[1450070820445] Current position: (20, 20)
[1450070820445] Desired Position: (26, 18)
[1450070820445] Direction: (1, 0)
______________
[1450070820595] NearObjects size: 9
[1450070820595] NearObjectsToExtinguish: 4
[1450070820595] Current position: (20, 19)
[1450070820595] Desired Position: (26, 18)
[1450070820595] Direction: (0, -1)
______________
Debug file: logs/14_27_2015_05_27_19.log
