[STARTING RUN OF logs/14_22_2015_07_22_59.log ]


[1450077779431] Initializing FireProcess
[1450077779431] Getting Fire first element
[1450077779431] Initialize clock.
Leader:1603
I am here 13, 13
I am here 13, 13
[1450077780366] Fireman 1603 has the 0 quad.
I am here 13, 13
[1450077780366] Fireman 1603 accepted 0quad.
I am here 13, 13
[1450077818899] Fireman 1605 has the 1 quad.
[1450077818897] Fireman 1606 has the 2 quad.
[1450077818898] Fireman 1607 has the 3 quad.
[1450077818901] Fireman 1605 accepted 1quad.
[1450077818901] Fireman 1606 accepted 2quad.
[1450077818901] Fireman 1607 accepted 3quad.
A person died on: (2, 30)
A person died on: (11, 13)
A person died on: (1, 25)
A person died on: (31, 7)
A person died on: (0, -1)
Debug file: logs/14_25_2015_07_25_28.log
