[STARTING RUN OF logs/14_21_2015_02_21_14.log ]


[1450059674902] Initializing FireProcess
[1450059674903] Getting Fire first element
[1450059674903] Initialize clock.
-1, 1
[Fireman 2505] - Accept a rescue request from [Person 2510]
0, -1
1, -1
0, 1
0, 0
A person was saved on: (10, 25)
-1, 1
0, -1
1, 0
0, 0
-1, 0
-1, 1
1, 0
0, -1
-1, 1
[Fireman 2505] - Accept a rescue request from [Person 2507]
0, 0
-1, -1
-1, -1
-1, 0
0, -1
0, -1
-1, -1
-1, 0
-1, 1
0, -1
-1, -1
1, 0
-1, -1
A person was saved on: (-2, 26)
-1, 1
0, 1
0, -1
1, 0
0, 1
0, 0
0, 0
0, 1
0, 0
-1, 0
0, 0
-1, 0
-1, 1
-1, 1
-1, 1
-1, -1
[Fireman 2503] - Accept a rescue request from [Person 2512]
0, 1
1, 1
-1, 0
1, 0
1, 1
A person was saved on: (22, 15)
0, 0
[Fireman 2506] - Accept a rescue request from [Person 2509]
1, -1
0, 0
1, -1
1, 1
A person was saved on: (27, 36)
1, -1
1, 0
0, 1
0, 1
-1, -1
1, 1
-1, -1
0, 0
1, 1
-1, 0
0, 0
0, -1
1, 0
0, -1
0, -1
-1, 0
1, 1
-1, 0
1, 1
1, 1
1, 0
0, -1
0, 1
0, 1
0, 0
1, 0
0, 0
1, 0
1, 0
-1, 0
0, -1
0, -1
0, -1
0, 0
0, 0
1, 0
0, 1
-1, 0
-1, 0
1, 0
0, 0
