[STARTING RUN OF logs/14_21_2015_05_21_17.log ]


[1450070477411] Initializing FireProcess
[1450070477411] Getting Fire first element
[1450070477411] Initialize clock.
[1450070477594] NearObjects size: 0
[1450070477594] NearObjectsToExtinguish: 0
[1450070477594] Current position: (29, 36)
[1450070477594] Desired Position: (37, 7)
[1450070477594] Direction: (1, -1)
______________
[1450070477907] NearObjects size: 0
[1450070477907] NearObjectsToExtinguish: 0
[1450070477907] Current position: (30, 35)
[1450070477907] Desired Position: (37, 7)
[1450070477907] Direction: (1, -1)
______________
[1450070478059] NearObjects size: 0
[1450070478059] NearObjectsToExtinguish: 0
[1450070478059] Current position: (31, 34)
[1450070478059] Desired Position: (37, 7)
[1450070478059] Direction: (1, -1)
______________
[1450070478209] NearObjects size: 0
[1450070478209] NearObjectsToExtinguish: 0
[1450070478209] Current position: (32, 33)
[1450070478209] Desired Position: (37, 7)
[1450070478209] Direction: (1, -1)
______________
[1450070478360] NearObjects size: 0
[1450070478360] NearObjectsToExtinguish: 0
[1450070478360] Current position: (33, 32)
[1450070478360] Desired Position: (37, 7)
[1450070478360] Direction: (1, -1)
______________
[1450070478510] NearObjects size: 0
[1450070478510] NearObjectsToExtinguish: 0
[1450070478510] Current position: (34, 31)
[1450070478510] Desired Position: (37, 7)
[1450070478510] Direction: (1, -1)
______________
[1450070478660] NearObjects size: 0
[1450070478660] NearObjectsToExtinguish: 0
[1450070478660] Current position: (35, 30)
[1450070478660] Desired Position: (37, 7)
[1450070478660] Direction: (1, -1)
______________
[1450070478810] NearObjects size: 0
[1450070478810] NearObjectsToExtinguish: 0
[1450070478810] Current position: (36, 29)
[1450070478810] Desired Position: (37, 7)
[1450070478810] Direction: (1, -1)
______________
[1450070478960] NearObjects size: 0
[1450070478960] NearObjectsToExtinguish: 0
[1450070478960] Current position: (37, 28)
[1450070478960] Desired Position: (37, 7)
[1450070478960] Direction: (1, -1)
______________
[1450070479110] NearObjects size: 0
[1450070479110] NearObjectsToExtinguish: 0
[1450070479110] Current position: (37, 27)
[1450070479110] Desired Position: (37, 7)
[1450070479110] Direction: (0, -1)
______________
[1450070479260] NearObjects size: 0
[1450070479260] NearObjectsToExtinguish: 0
[1450070479260] Current position: (37, 26)
[1450070479260] Desired Position: (37, 7)
[1450070479260] Direction: (0, -1)
______________
[1450070479410] NearObjects size: 0
[1450070479410] NearObjectsToExtinguish: 0
[1450070479410] Current position: (37, 25)
[1450070479410] Desired Position: (37, 7)
[1450070479410] Direction: (0, -1)
______________
[1450070479560] NearObjects size: 0
[1450070479560] NearObjectsToExtinguish: 0
[1450070479560] Current position: (37, 24)
[1450070479560] Desired Position: (37, 7)
[1450070479560] Direction: (0, -1)
______________
[1450070479711] NearObjects size: 0
[1450070479711] NearObjectsToExtinguish: 0
[1450070479711] Current position: (37, 23)
[1450070479711] Desired Position: (37, 7)
[1450070479711] Direction: (0, -1)
______________
[1450070479861] NearObjects size: 0
[1450070479861] NearObjectsToExtinguish: 0
[1450070479861] Current position: (37, 22)
[1450070479861] Desired Position: (37, 7)
[1450070479861] Direction: (0, -1)
______________
[1450070480011] NearObjects size: 0
[1450070480011] NearObjectsToExtinguish: 0
[1450070480011] Current position: (37, 21)
[1450070480011] Desired Position: (37, 7)
[1450070480011] Direction: (0, -1)
______________
[1450070480162] NearObjects size: 0
[1450070480162] NearObjectsToExtinguish: 0
[1450070480162] Current position: (37, 20)
[1450070480162] Desired Position: (37, 7)
[1450070480162] Direction: (0, -1)
______________
[1450070480313] NearObjects size: 0
[1450070480313] NearObjectsToExtinguish: 0
[1450070480313] Current position: (37, 19)
[1450070480313] Desired Position: (37, 7)
[1450070480313] Direction: (0, -1)
______________
[1450070480463] NearObjects size: 0
[1450070480463] NearObjectsToExtinguish: 0
[1450070480463] Current position: (37, 18)
[1450070480463] Desired Position: (37, 7)
[1450070480463] Direction: (0, -1)
______________
[1450070480614] NearObjects size: 0
[1450070480614] NearObjectsToExtinguish: 0
[1450070480614] Current position: (37, 17)
[1450070480614] Desired Position: (37, 7)
[1450070480614] Direction: (0, -1)
______________
[1450070480765] NearObjects size: 0
[1450070480765] NearObjectsToExtinguish: 0
[1450070480765] Current position: (37, 16)
[1450070480765] Desired Position: (37, 7)
[1450070480765] Direction: (0, -1)
______________
[1450070480915] NearObjects size: 0
[1450070480915] NearObjectsToExtinguish: 0
[1450070480915] Current position: (37, 15)
[1450070480915] Desired Position: (37, 7)
[1450070480915] Direction: (0, -1)
______________
[1450070481065] NearObjects size: 0
[1450070481065] NearObjectsToExtinguish: 0
[1450070481065] Current position: (37, 14)
[1450070481065] Desired Position: (37, 7)
[1450070481065] Direction: (0, -1)
______________
[1450070481216] NearObjects size: 0
[1450070481216] NearObjectsToExtinguish: 0
[1450070481216] Current position: (37, 13)
[1450070481216] Desired Position: (37, 7)
[1450070481216] Direction: (0, -1)
______________
[1450070481366] NearObjects size: 0
[1450070481366] NearObjectsToExtinguish: 0
[1450070481366] Current position: (37, 12)
[1450070481366] Desired Position: (37, 7)
[1450070481366] Direction: (0, -1)
______________
[1450070481517] NearObjects size: 2
[1450070481517] NearObjectsToExtinguish: 1
[1450070481517] Current position: (37, 11)
[1450070481517] Desired Position: (37, 7)
[1450070481517] Direction: (0, -1)
______________
[1450070481667] NearObjects size: 6
[1450070481667] NearObjectsToExtinguish: 2
[1450070481667] Current position: (37, 10)
[1450070481667] Desired Position: (37, 7)
[1450070481667] Direction: (0, -1)
______________
[1450070481818] NearObjects size: 8
[1450070481818] NearObjectsToExtinguish: 3
[1450070481818] Current position: (37, 9)
[1450070481818] Desired Position: (37, 7)
[1450070481818] Direction: (0, -1)
______________
[1450070481969] NearObjects size: 9
[1450070481969] NearObjectsToExtinguish: 3
[1450070481969] Current position: (37, 8)
[1450070481969] Desired Position: (37, 7)
[1450070481969] Direction: (0, -1)
______________
[1450070482119] NearObjects size: 9
[1450070482119] NearObjectsToExtinguish: 3
[1450070482119] Current position: (37, 7)
[1450070482119] Desired Position: (37, 7)
[1450070482119] Direction: (0, -1)
______________
[1450070482270] NearObjects size: 9
[1450070482270] NearObjectsToExtinguish: 3
[1450070482270] Current position: (37, 7)
[1450070482270] Desired Position: (null)
[1450070482270] Direction: (0, 0)
______________
[1450070482420] NearObjects size: 9
[1450070482420] NearObjectsToExtinguish: 0
[1450070482420] Current position: (37, 7)
[1450070482420] Desired Position: (null)
[1450070482420] Direction: (0, 0)
______________
[1450070482570] NearObjects size: 8
[1450070482570] NearObjectsToExtinguish: 0
[1450070482570] Current position: (37, 7)
[1450070482570] Desired Position: (null)
[1450070482570] Direction: (0, 0)
______________
[1450070482720] NearObjects size: 7
[1450070482720] NearObjectsToExtinguish: 0
[1450070482720] Current position: (37, 7)
[1450070482720] Desired Position: (null)
[1450070482720] Direction: (0, 0)
______________
[1450070482871] NearObjects size: 6
[1450070482871] NearObjectsToExtinguish: 0
[1450070482871] Current position: (37, 7)
[1450070482871] Desired Position: (null)
[1450070482871] Direction: (0, 0)
______________
[1450070483022] NearObjects size: 5
[1450070483022] NearObjectsToExtinguish: 0
[1450070483022] Current position: (37, 7)
[1450070483022] Desired Position: (null)
[1450070483022] Direction: (0, 0)
______________
[1450070483173] NearObjects size: 4
[1450070483173] NearObjectsToExtinguish: 0
[1450070483173] Current position: (37, 7)
[1450070483173] Desired Position: (null)
[1450070483173] Direction: (0, 0)
______________
[1450070483323] NearObjects size: 3
[1450070483323] NearObjectsToExtinguish: 0
[1450070483323] Current position: (37, 7)
[1450070483323] Desired Position: (null)
[1450070483323] Direction: (0, 0)
______________
[1450070483474] NearObjects size: 2
[1450070483474] NearObjectsToExtinguish: 0
[1450070483474] Current position: (37, 7)
[1450070483474] Desired Position: (null)
[1450070483474] Direction: (0, 0)
______________
[1450070483624] NearObjects size: 6
[1450070483624] NearObjectsToExtinguish: 3
[1450070483624] Current position: (38, 6)
[1450070483624] Desired Position: (null)
[1450070483624] Direction: (1, -1)
______________
[1450070483775] NearObjects size: 2
[1450070483775] NearObjectsToExtinguish: 0
[1450070483775] Current position: (37, 7)
[1450070483775] Desired Position: (null)
[1450070483775] Direction: (-1, 1)
______________
[1450070483925] NearObjects size: 1
[1450070483925] NearObjectsToExtinguish: 0
[1450070483925] Current position: (37, 7)
[1450070483925] Desired Position: (null)
[1450070483925] Direction: (0, 0)
______________
[1450070484075] NearObjects size: 6
[1450070484075] NearObjectsToExtinguish: 3
[1450070484075] Current position: (36, 6)
[1450070484075] Desired Position: (null)
[1450070484075] Direction: (-1, -1)
______________
[1450070484225] NearObjects size: 1
[1450070484225] NearObjectsToExtinguish: 0
[1450070484225] Current position: (37, 7)
[1450070484225] Desired Position: (null)
[1450070484225] Direction: (1, 1)
______________
[1450070484375] NearObjects size: 0
[1450070484375] NearObjectsToExtinguish: 0
[1450070484375] Current position: (37, 7)
[1450070484375] Desired Position: (null)
[1450070484375] Direction: (0, 0)
______________
[1450070484525] NearObjects size: 3
[1450070484525] NearObjectsToExtinguish: 0
[1450070484525] Current position: (36, 6)
[1450070484525] Desired Position: (34, 4)
[1450070484525] Direction: (-1, -1)
______________
[1450070484675] NearObjects size: 6
[1450070484675] NearObjectsToExtinguish: 3
[1450070484675] Current position: (35, 5)
[1450070484675] Desired Position: (34, 4)
[1450070484675] Direction: (-1, -1)
______________
[1450070484825] NearObjects size: 7
[1450070484825] NearObjectsToExtinguish: 2
[1450070484825] Current position: (34, 4)
[1450070484825] Desired Position: (34, 4)
[1450070484825] Direction: (-1, -1)
______________
[1450070484977] NearObjects size: 7
[1450070484977] NearObjectsToExtinguish: 2
[1450070484977] Current position: (34, 4)
[1450070484977] Desired Position: (null)
[1450070484977] Direction: (0, 0)
______________
[1450070485128] NearObjects size: 8
[1450070485128] NearObjectsToExtinguish: 0
[1450070485128] Current position: (34, 4)
[1450070485128] Desired Position: (null)
[1450070485128] Direction: (0, 0)
______________
[1450070485279] NearObjects size: 7
[1450070485279] NearObjectsToExtinguish: 0
[1450070485279] Current position: (34, 4)
[1450070485279] Desired Position: (null)
[1450070485279] Direction: (0, 0)
______________
[1450070485429] NearObjects size: 6
[1450070485429] NearObjectsToExtinguish: 0
[1450070485429] Current position: (34, 4)
[1450070485429] Desired Position: (null)
[1450070485429] Direction: (0, 0)
______________
[1450070485580] NearObjects size: 5
[1450070485580] NearObjectsToExtinguish: 0
[1450070485580] Current position: (34, 4)
[1450070485580] Desired Position: (null)
[1450070485580] Direction: (0, 0)
______________
[1450070485730] NearObjects size: 4
[1450070485730] NearObjectsToExtinguish: 0
[1450070485730] Current position: (34, 4)
[1450070485730] Desired Position: (null)
[1450070485730] Direction: (0, 0)
______________
[1450070485881] NearObjects size: 7
[1450070485881] NearObjectsToExtinguish: 4
[1450070485881] Current position: (35, 3)
[1450070485881] Desired Position: (null)
[1450070485881] Direction: (1, -1)
______________
[1450070486032] NearObjects size: 4
[1450070486032] NearObjectsToExtinguish: 0
[1450070486032] Current position: (34, 4)
[1450070486032] Desired Position: (null)
[1450070486032] Direction: (-1, 1)
______________
[1450070486183] NearObjects size: 3
[1450070486183] NearObjectsToExtinguish: 0
[1450070486183] Current position: (34, 4)
[1450070486183] Desired Position: (null)
[1450070486183] Direction: (0, 0)
______________
[1450070486333] NearObjects size: 2
[1450070486333] NearObjectsToExtinguish: 0
[1450070486333] Current position: (34, 4)
[1450070486333] Desired Position: (null)
[1450070486333] Direction: (0, 0)
______________
[1450070486484] NearObjects size: 5
[1450070486484] NearObjectsToExtinguish: 3
[1450070486484] Current position: (33, 3)
[1450070486484] Desired Position: (null)
[1450070486484] Direction: (-1, -1)
______________
[1450070486635] NearObjects size: 2
[1450070486635] NearObjectsToExtinguish: 0
[1450070486635] Current position: (34, 4)
[1450070486635] Desired Position: (null)
[1450070486635] Direction: (1, 1)
______________
[1450070486785] NearObjects size: 1
[1450070486785] NearObjectsToExtinguish: 0
[1450070486785] Current position: (34, 4)
[1450070486785] Desired Position: (null)
[1450070486785] Direction: (0, 0)
______________
[1450070486935] NearObjects size: 6
[1450070486935] NearObjectsToExtinguish: 3
[1450070486935] Current position: (33, 5)
[1450070486935] Desired Position: (null)
[1450070486935] Direction: (-1, 1)
______________
[1450070487085] NearObjects size: 1
[1450070487085] NearObjectsToExtinguish: 0
[1450070487085] Current position: (34, 4)
[1450070487085] Desired Position: (null)
[1450070487085] Direction: (1, -1)
______________
[1450070487236] NearObjects size: 0
[1450070487236] NearObjectsToExtinguish: 0
[1450070487236] Current position: (34, 4)
[1450070487236] Desired Position: (null)
[1450070487236] Direction: (0, 0)
______________
[1450070487386] NearObjects size: 2
[1450070487386] NearObjectsToExtinguish: 0
[1450070487386] Current position: (35, 5)
[1450070487386] Desired Position: (35, 9)
[1450070487386] Direction: (1, 1)
______________
[1450070487537] NearObjects size: 4
[1450070487537] NearObjectsToExtinguish: 2
[1450070487537] Current position: (34, 6)
[1450070487537] Desired Position: (35, 9)
[1450070487537] Direction: (-1, 1)
______________
[1450070487688] NearObjects size: 5
[1450070487688] NearObjectsToExtinguish: 2
[1450070487688] Current position: (35, 7)
[1450070487688] Desired Position: (35, 9)
[1450070487688] Direction: (1, 1)
______________
[1450070487838] NearObjects size: 6
[1450070487838] NearObjectsToExtinguish: 2
[1450070487838] Current position: (35, 8)
[1450070487838] Desired Position: (35, 9)
[1450070487838] Direction: (0, 1)
______________
[1450070487988] NearObjects size: 7
[1450070487988] NearObjectsToExtinguish: 2
[1450070487988] Current position: (35, 9)
[1450070487988] Desired Position: (35, 9)
[1450070487988] Direction: (0, 1)
______________
[1450070488138] NearObjects size: 7
[1450070488138] NearObjectsToExtinguish: 2
[1450070488138] Current position: (35, 9)
[1450070488138] Desired Position: (null)
[1450070488138] Direction: (0, 0)
______________
[1450070488288] NearObjects size: 7
[1450070488288] NearObjectsToExtinguish: 0
[1450070488288] Current position: (35, 9)
[1450070488288] Desired Position: (null)
[1450070488288] Direction: (0, 0)
______________
[1450070488439] NearObjects size: 6
[1450070488439] NearObjectsToExtinguish: 0
[1450070488439] Current position: (35, 9)
[1450070488439] Desired Position: (null)
[1450070488439] Direction: (0, 0)
______________
[1450070488589] NearObjects size: 5
[1450070488589] NearObjectsToExtinguish: 0
[1450070488589] Current position: (35, 9)
[1450070488589] Desired Position: (null)
[1450070488589] Direction: (0, 0)
______________
[1450070488739] NearObjects size: 4
[1450070488739] NearObjectsToExtinguish: 0
[1450070488739] Current position: (35, 9)
[1450070488739] Desired Position: (null)
[1450070488739] Direction: (0, 0)
______________
[1450070488889] NearObjects size: 3
[1450070488889] NearObjectsToExtinguish: 0
[1450070488889] Current position: (35, 9)
[1450070488889] Desired Position: (null)
[1450070488889] Direction: (0, 0)
______________
[1450070489039] NearObjects size: 7
[1450070489039] NearObjectsToExtinguish: 3
[1450070489039] Current position: (34, 10)
[1450070489039] Desired Position: (null)
[1450070489039] Direction: (-1, 1)
______________
[1450070489189] NearObjects size: 3
[1450070489189] NearObjectsToExtinguish: 0
[1450070489189] Current position: (35, 9)
[1450070489189] Desired Position: (null)
[1450070489189] Direction: (1, -1)
______________
[1450070489339] NearObjects size: 2
[1450070489339] NearObjectsToExtinguish: 0
[1450070489339] Current position: (35, 9)
[1450070489339] Desired Position: (null)
[1450070489339] Direction: (0, 0)
______________
[1450070489489] NearObjects size: 1
[1450070489489] NearObjectsToExtinguish: 0
[1450070489489] Current position: (35, 9)
[1450070489489] Desired Position: (null)
[1450070489489] Direction: (0, 0)
______________
[1450070489640] NearObjects size: 4
[1450070489640] NearObjectsToExtinguish: 2
[1450070489640] Current position: (36, 10)
[1450070489640] Desired Position: (null)
[1450070489640] Direction: (1, 1)
______________
[1450070489790] NearObjects size: 1
[1450070489790] NearObjectsToExtinguish: 0
[1450070489790] Current position: (35, 9)
[1450070489790] Desired Position: (null)
[1450070489790] Direction: (-1, -1)
______________
[1450070489941] NearObjects size: 0
[1450070489941] NearObjectsToExtinguish: 0
[1450070489941] Current position: (35, 9)
[1450070489941] Desired Position: (null)
[1450070489941] Direction: (0, 0)
______________
[1450070490091] NearObjects size: 3
[1450070490091] NearObjectsToExtinguish: 0
[1450070490091] Current position: (34, 10)
[1450070490091] Desired Position: (31, 12)
[1450070490091] Direction: (-1, 1)
______________
[1450070490242] NearObjects size: 6
[1450070490242] NearObjectsToExtinguish: 3
[1450070490242] Current position: (33, 11)
[1450070490242] Desired Position: (31, 12)
[1450070490242] Direction: (-1, 1)
______________
[1450070490392] NearObjects size: 9
[1450070490392] NearObjectsToExtinguish: 3
[1450070490392] Current position: (32, 12)
[1450070490392] Desired Position: (31, 12)
[1450070490392] Direction: (-1, 1)
______________
[1450070490542] NearObjects size: 9
[1450070490542] NearObjectsToExtinguish: 3
[1450070490542] Current position: (31, 12)
[1450070490542] Desired Position: (31, 12)
[1450070490542] Direction: (-1, 0)
______________
[1450070490693] NearObjects size: 9
[1450070490693] NearObjectsToExtinguish: 3
[1450070490693] Current position: (31, 12)
[1450070490693] Desired Position: (null)
[1450070490693] Direction: (0, 0)
______________
[1450070490843] NearObjects size: 9
[1450070490843] NearObjectsToExtinguish: 0
[1450070490843] Current position: (31, 12)
[1450070490843] Desired Position: (null)
[1450070490843] Direction: (0, 0)
______________
[1450070490993] NearObjects size: 8
[1450070490993] NearObjectsToExtinguish: 0
[1450070490993] Current position: (31, 12)
[1450070490993] Desired Position: (null)
[1450070490993] Direction: (0, 0)
______________
[1450070491143] NearObjects size: 7
[1450070491143] NearObjectsToExtinguish: 0
[1450070491143] Current position: (31, 12)
[1450070491143] Desired Position: (null)
[1450070491143] Direction: (0, 0)
______________
[1450070491293] NearObjects size: 6
[1450070491293] NearObjectsToExtinguish: 0
[1450070491293] Current position: (31, 12)
[1450070491293] Desired Position: (null)
[1450070491293] Direction: (0, 0)
______________
[1450070491444] NearObjects size: 5
[1450070491444] NearObjectsToExtinguish: 0
[1450070491444] Current position: (31, 12)
[1450070491444] Desired Position: (null)
[1450070491444] Direction: (0, 0)
______________
[1450070491594] NearObjects size: 4
[1450070491594] NearObjectsToExtinguish: 0
[1450070491594] Current position: (31, 12)
[1450070491594] Desired Position: (null)
[1450070491594] Direction: (0, 0)
______________
[1450070491744] NearObjects size: 3
[1450070491744] NearObjectsToExtinguish: 0
[1450070491744] Current position: (31, 12)
[1450070491744] Desired Position: (null)
[1450070491744] Direction: (0, 0)
______________
[1450070491894] NearObjects size: 7
[1450070491894] NearObjectsToExtinguish: 3
[1450070491894] Current position: (30, 13)
[1450070491894] Desired Position: (null)
[1450070491894] Direction: (-1, 1)
______________
[1450070492045] NearObjects size: 3
[1450070492045] NearObjectsToExtinguish: 0
[1450070492045] Current position: (31, 12)
[1450070492045] Desired Position: (null)
[1450070492045] Direction: (1, -1)
______________
[1450070492195] NearObjects size: 2
[1450070492195] NearObjectsToExtinguish: 0
[1450070492195] Current position: (31, 12)
[1450070492195] Desired Position: (null)
[1450070492195] Direction: (0, 0)
______________
[1450070492346] NearObjects size: 1
[1450070492346] NearObjectsToExtinguish: 0
[1450070492346] Current position: (31, 12)
[1450070492346] Desired Position: (null)
[1450070492346] Direction: (0, 0)
______________
[1450070492496] NearObjects size: 6
[1450070492496] NearObjectsToExtinguish: 3
[1450070492496] Current position: (30, 11)
[1450070492496] Desired Position: (null)
[1450070492496] Direction: (-1, -1)
______________
[1450070492646] NearObjects size: 1
[1450070492646] NearObjectsToExtinguish: 0
[1450070492646] Current position: (31, 12)
[1450070492646] Desired Position: (null)
[1450070492646] Direction: (1, 1)
______________
[1450070492796] NearObjects size: 0
[1450070492796] NearObjectsToExtinguish: 0
[1450070492796] Current position: (31, 12)
[1450070492796] Desired Position: (null)
[1450070492796] Direction: (0, 0)
______________
[1450070492946] NearObjects size: 3
[1450070492946] NearObjectsToExtinguish: 0
[1450070492946] Current position: (30, 11)
[1450070492946] Desired Position: (26, 3)
[1450070492946] Direction: (-1, -1)
______________
[1450070493096] NearObjects size: 5
[1450070493096] NearObjectsToExtinguish: 3
[1450070493096] Current position: (31, 10)
[1450070493096] Desired Position: (26, 3)
[1450070493096] Direction: (1, -1)
______________
[1450070493247] NearObjects size: 8
[1450070493247] NearObjectsToExtinguish: 3
[1450070493247] Current position: (30, 9)
[1450070493247] Desired Position: (26, 3)
[1450070493247] Direction: (-1, -1)
______________
[1450070493397] NearObjects size: 9
[1450070493397] NearObjectsToExtinguish: 3
[1450070493397] Current position: (29, 8)
[1450070493397] Desired Position: (26, 3)
[1450070493397] Direction: (-1, -1)
______________
[1450070493547] NearObjects size: 9
[1450070493547] NearObjectsToExtinguish: 3
[1450070493547] Current position: (28, 7)
[1450070493547] Desired Position: (26, 3)
[1450070493547] Direction: (-1, -1)
______________
[1450070493697] NearObjects size: 9
[1450070493697] NearObjectsToExtinguish: 3
[1450070493697] Current position: (27, 6)
[1450070493697] Desired Position: (26, 3)
[1450070493697] Direction: (-1, -1)
______________
[1450070493847] NearObjects size: 9
[1450070493847] NearObjectsToExtinguish: 3
[1450070493847] Current position: (26, 5)
[1450070493847] Desired Position: (26, 3)
[1450070493847] Direction: (-1, -1)
______________
[1450070493997] NearObjects size: 9
[1450070493997] NearObjectsToExtinguish: 3
[1450070493997] Current position: (26, 4)
[1450070493997] Desired Position: (26, 3)
[1450070493997] Direction: (0, -1)
______________
[1450070494147] NearObjects size: 9
[1450070494147] NearObjectsToExtinguish: 3
[1450070494147] Current position: (26, 3)
[1450070494147] Desired Position: (26, 3)
[1450070494147] Direction: (0, -1)
______________
[1450070494297] NearObjects size: 9
[1450070494297] NearObjectsToExtinguish: 3
[1450070494297] Current position: (26, 3)
[1450070494297] Desired Position: (null)
[1450070494297] Direction: (0, 0)
______________
[1450070494448] NearObjects size: 9
[1450070494448] NearObjectsToExtinguish: 0
[1450070494448] Current position: (26, 3)
[1450070494448] Desired Position: (null)
[1450070494448] Direction: (0, 0)
______________
[1450070494598] NearObjects size: 8
[1450070494598] NearObjectsToExtinguish: 0
[1450070494598] Current position: (26, 3)
[1450070494598] Desired Position: (null)
[1450070494598] Direction: (0, 0)
______________
[1450070494748] NearObjects size: 7
[1450070494748] NearObjectsToExtinguish: 0
[1450070494748] Current position: (26, 3)
[1450070494748] Desired Position: (null)
[1450070494748] Direction: (0, 0)
______________
[1450070494900] NearObjects size: 6
[1450070494900] NearObjectsToExtinguish: 0
[1450070494900] Current position: (26, 3)
[1450070494900] Desired Position: (null)
[1450070494900] Direction: (0, 0)
______________
[1450070495050] NearObjects size: 5
[1450070495050] NearObjectsToExtinguish: 0
[1450070495050] Current position: (26, 3)
[1450070495050] Desired Position: (null)
[1450070495050] Direction: (0, 0)
______________
[1450070495200] NearObjects size: 4
[1450070495200] NearObjectsToExtinguish: 0
[1450070495200] Current position: (26, 3)
[1450070495200] Desired Position: (null)
[1450070495200] Direction: (0, 0)
______________
[1450070495350] NearObjects size: 3
[1450070495350] NearObjectsToExtinguish: 0
[1450070495350] Current position: (26, 3)
[1450070495350] Desired Position: (null)
[1450070495350] Direction: (0, 0)
______________
[1450070495500] NearObjects size: 7
[1450070495500] NearObjectsToExtinguish: 3
[1450070495500] Current position: (25, 2)
[1450070495500] Desired Position: (null)
[1450070495500] Direction: (-1, -1)
______________
[1450070495650] NearObjects size: 3
[1450070495650] NearObjectsToExtinguish: 0
[1450070495650] Current position: (26, 3)
[1450070495650] Desired Position: (null)
[1450070495650] Direction: (1, 1)
______________
[1450070495800] NearObjects size: 2
[1450070495800] NearObjectsToExtinguish: 0
[1450070495800] Current position: (26, 3)
[1450070495800] Desired Position: (null)
[1450070495800] Direction: (0, 0)
______________
[1450070495950] NearObjects size: 1
[1450070495950] NearObjectsToExtinguish: 0
[1450070495950] Current position: (26, 3)
[1450070495950] Desired Position: (null)
[1450070495950] Direction: (0, 0)
______________
[1450070496100] NearObjects size: 6
[1450070496100] NearObjectsToExtinguish: 3
[1450070496100] Current position: (27, 2)
[1450070496100] Desired Position: (null)
[1450070496100] Direction: (1, -1)
______________
[1450070496250] NearObjects size: 1
[1450070496250] NearObjectsToExtinguish: 0
[1450070496250] Current position: (26, 3)
[1450070496250] Desired Position: (null)
[1450070496250] Direction: (-1, 1)
______________
[1450070496400] NearObjects size: 0
[1450070496400] NearObjectsToExtinguish: 0
[1450070496400] Current position: (26, 3)
[1450070496400] Desired Position: (null)
[1450070496400] Direction: (0, 0)
______________
[1450070496550] NearObjects size: 3
[1450070496550] NearObjectsToExtinguish: 1
[1450070496550] Current position: (27, 4)
[1450070496550] Desired Position: (34, 22)
[1450070496550] Direction: (1, 1)
______________
[1450070496700] NearObjects size: 5
[1450070496700] NearObjectsToExtinguish: 2
[1450070496700] Current position: (28, 5)
[1450070496700] Desired Position: (34, 22)
[1450070496700] Direction: (1, 1)
______________
[1450070496850] NearObjects size: 6
[1450070496850] NearObjectsToExtinguish: 2
[1450070496850] Current position: (29, 6)
[1450070496850] Desired Position: (34, 22)
[1450070496850] Direction: (1, 1)
______________
[1450070497002] NearObjects size: 6
[1450070497002] NearObjectsToExtinguish: 2
[1450070497002] Current position: (30, 7)
[1450070497002] Desired Position: (34, 22)
[1450070497002] Direction: (1, 1)
______________
[1450070497153] NearObjects size: 6
[1450070497153] NearObjectsToExtinguish: 2
[1450070497153] Current position: (31, 8)
[1450070497153] Desired Position: (34, 22)
[1450070497153] Direction: (1, 1)
______________
[1450070497303] NearObjects size: 5
[1450070497303] NearObjectsToExtinguish: 2
[1450070497303] Current position: (32, 9)
[1450070497303] Desired Position: (34, 22)
[1450070497303] Direction: (1, 1)
______________
[1450070497453] NearObjects size: 2
[1450070497453] NearObjectsToExtinguish: 0
[1450070497453] Current position: (33, 10)
[1450070497453] Desired Position: (34, 22)
[1450070497453] Direction: (1, 1)
______________
[1450070497604] NearObjects size: 1
[1450070497604] NearObjectsToExtinguish: 0
[1450070497604] Current position: (33, 10)
[1450070497604] Desired Position: (34, 22)
[1450070497604] Direction: (0, 0)
______________
[1450070497754] NearObjects size: 0
[1450070497754] NearObjectsToExtinguish: 0
[1450070497754] Current position: (33, 10)
[1450070497754] Desired Position: (34, 22)
[1450070497754] Direction: (0, 0)
______________
[1450070497904] NearObjects size: 3
[1450070497904] NearObjectsToExtinguish: 2
[1450070497904] Current position: (34, 11)
[1450070497904] Desired Position: (34, 22)
[1450070497904] Direction: (1, 1)
______________
[1450070498055] NearObjects size: 6
[1450070498055] NearObjectsToExtinguish: 2
[1450070498055] Current position: (34, 12)
[1450070498055] Desired Position: (34, 22)
[1450070498055] Direction: (0, 1)
______________
[1450070498205] NearObjects size: 8
[1450070498205] NearObjectsToExtinguish: 3
[1450070498205] Current position: (34, 13)
[1450070498205] Desired Position: (34, 22)
[1450070498205] Direction: (0, 1)
______________
[1450070498356] NearObjects size: 9
[1450070498356] NearObjectsToExtinguish: 3
[1450070498356] Current position: (34, 14)
[1450070498356] Desired Position: (34, 22)
[1450070498356] Direction: (0, 1)
______________
[1450070498506] NearObjects size: 9
[1450070498506] NearObjectsToExtinguish: 3
[1450070498506] Current position: (34, 15)
[1450070498506] Desired Position: (34, 22)
[1450070498506] Direction: (0, 1)
______________
[1450070498657] NearObjects size: 9
[1450070498657] NearObjectsToExtinguish: 3
[1450070498657] Current position: (34, 16)
[1450070498657] Desired Position: (34, 22)
[1450070498657] Direction: (0, 1)
______________
[1450070498807] NearObjects size: 9
[1450070498807] NearObjectsToExtinguish: 3
[1450070498807] Current position: (34, 17)
[1450070498807] Desired Position: (34, 22)
[1450070498807] Direction: (0, 1)
______________
[1450070498957] NearObjects size: 9
[1450070498957] NearObjectsToExtinguish: 3
[1450070498957] Current position: (34, 18)
[1450070498957] Desired Position: (34, 22)
[1450070498957] Direction: (0, 1)
______________
[1450070499109] NearObjects size: 9
[1450070499109] NearObjectsToExtinguish: 3
[1450070499109] Current position: (34, 19)
[1450070499109] Desired Position: (34, 22)
[1450070499109] Direction: (0, 1)
______________
[1450070499260] NearObjects size: 9
[1450070499260] NearObjectsToExtinguish: 3
[1450070499260] Current position: (34, 20)
[1450070499260] Desired Position: (34, 22)
[1450070499260] Direction: (0, 1)
______________
[1450070499410] NearObjects size: 9
[1450070499410] NearObjectsToExtinguish: 3
[1450070499410] Current position: (34, 21)
[1450070499410] Desired Position: (34, 22)
[1450070499410] Direction: (0, 1)
______________
[1450070499560] NearObjects size: 9
[1450070499560] NearObjectsToExtinguish: 3
[1450070499560] Current position: (34, 22)
[1450070499560] Desired Position: (34, 22)
[1450070499560] Direction: (0, 1)
______________
[1450070499710] NearObjects size: 9
[1450070499710] NearObjectsToExtinguish: 3
[1450070499710] Current position: (34, 22)
[1450070499710] Desired Position: (null)
[1450070499710] Direction: (0, 0)
______________
[1450070499861] NearObjects size: 9
[1450070499861] NearObjectsToExtinguish: 0
[1450070499861] Current position: (34, 22)
[1450070499861] Desired Position: (null)
[1450070499861] Direction: (0, 0)
______________
[1450070500011] NearObjects size: 8
[1450070500011] NearObjectsToExtinguish: 0
[1450070500011] Current position: (34, 22)
[1450070500011] Desired Position: (null)
[1450070500011] Direction: (0, 0)
______________
[1450070500161] NearObjects size: 7
[1450070500161] NearObjectsToExtinguish: 0
[1450070500161] Current position: (34, 22)
[1450070500161] Desired Position: (null)
[1450070500161] Direction: (0, 0)
______________
[1450070500311] NearObjects size: 6
[1450070500311] NearObjectsToExtinguish: 0
[1450070500311] Current position: (34, 22)
[1450070500311] Desired Position: (null)
[1450070500311] Direction: (0, 0)
______________
[1450070500462] NearObjects size: 5
[1450070500462] NearObjectsToExtinguish: 0
[1450070500462] Current position: (34, 22)
[1450070500462] Desired Position: (null)
[1450070500462] Direction: (0, 0)
______________
[1450070500612] NearObjects size: 4
[1450070500612] NearObjectsToExtinguish: 0
[1450070500612] Current position: (34, 22)
[1450070500612] Desired Position: (null)
[1450070500612] Direction: (0, 0)
______________
[1450070500762] NearObjects size: 3
[1450070500762] NearObjectsToExtinguish: 0
[1450070500762] Current position: (34, 22)
[1450070500762] Desired Position: (null)
[1450070500762] Direction: (0, 0)
______________
[1450070500913] NearObjects size: 7
[1450070500913] NearObjectsToExtinguish: 3
[1450070500913] Current position: (33, 23)
[1450070500913] Desired Position: (null)
[1450070500913] Direction: (-1, 1)
______________
[1450070501064] NearObjects size: 3
[1450070501064] NearObjectsToExtinguish: 0
[1450070501064] Current position: (34, 22)
[1450070501064] Desired Position: (null)
[1450070501064] Direction: (1, -1)
______________
[1450070501214] NearObjects size: 2
[1450070501214] NearObjectsToExtinguish: 0
[1450070501214] Current position: (34, 22)
[1450070501214] Desired Position: (null)
[1450070501214] Direction: (0, 0)
______________
[1450070501364] NearObjects size: 1
[1450070501364] NearObjectsToExtinguish: 0
[1450070501364] Current position: (34, 22)
[1450070501364] Desired Position: (null)
[1450070501364] Direction: (0, 0)
______________
[1450070501516] NearObjects size: 6
[1450070501516] NearObjectsToExtinguish: 3
[1450070501516] Current position: (35, 23)
[1450070501516] Desired Position: (null)
[1450070501516] Direction: (1, 1)
______________
[1450070501666] NearObjects size: 1
[1450070501666] NearObjectsToExtinguish: 0
[1450070501666] Current position: (34, 22)
[1450070501666] Desired Position: (null)
[1450070501666] Direction: (-1, -1)
______________
[1450070501816] NearObjects size: 0
[1450070501816] NearObjectsToExtinguish: 0
[1450070501816] Current position: (34, 22)
[1450070501816] Desired Position: (null)
[1450070501816] Direction: (0, 0)
______________
[1450070501966] NearObjects size: 3
[1450070501966] NearObjectsToExtinguish: 1
[1450070501966] Current position: (35, 21)
[1450070501966] Desired Position: (36, 2)
[1450070501966] Direction: (1, -1)
______________
[1450070502116] NearObjects size: 6
[1450070502116] NearObjectsToExtinguish: 3
[1450070502116] Current position: (36, 20)
[1450070502116] Desired Position: (36, 2)
[1450070502116] Direction: (1, -1)
______________
[1450070502266] NearObjects size: 6
[1450070502266] NearObjectsToExtinguish: 2
[1450070502266] Current position: (36, 19)
[1450070502266] Desired Position: (36, 2)
[1450070502266] Direction: (0, -1)
______________
[1450070502416] NearObjects size: 6
[1450070502416] NearObjectsToExtinguish: 2
[1450070502416] Current position: (36, 18)
[1450070502416] Desired Position: (36, 2)
[1450070502416] Direction: (0, -1)
______________
[1450070502566] NearObjects size: 6
[1450070502566] NearObjectsToExtinguish: 2
[1450070502566] Current position: (36, 17)
[1450070502566] Desired Position: (36, 2)
[1450070502566] Direction: (0, -1)
______________
[Fireman 1603] - Accept a rescue request from [Person 1604]
[1450070502717] NearObjects size: 2
[1450070502717] NearObjectsToExtinguish: 0
[1450070502717] Current position: (35, 18)
[1450070502717] Desired Position: (10, 24)
[1450070502717] Direction: (-1, 1)
______________
[1450070502867] NearObjects size: 0
[1450070502867] NearObjectsToExtinguish: 0
[1450070502867] Current position: (34, 19)
[1450070502867] Desired Position: (9, 23)
[1450070502867] Direction: (-1, 1)
______________
[1450070503019] NearObjects size: 3
[1450070503019] NearObjectsToExtinguish: 1
[1450070503019] Current position: (33, 20)
[1450070503019] Desired Position: (9, 23)
[1450070503019] Direction: (-1, 1)
______________
[1450070503169] NearObjects size: 6
[1450070503169] NearObjectsToExtinguish: 3
[1450070503169] Current position: (32, 21)
[1450070503169] Desired Position: (9, 23)
[1450070503169] Direction: (-1, 1)
______________
[1450070503319] NearObjects size: 8
[1450070503319] NearObjectsToExtinguish: 4
[1450070503319] Current position: (31, 22)
[1450070503319] Desired Position: (9, 23)
[1450070503319] Direction: (-1, 1)
______________
[1450070503469] NearObjects size: 9
[1450070503469] NearObjectsToExtinguish: 3
[1450070503469] Current position: (30, 22)
[1450070503469] Desired Position: (9, 23)
[1450070503469] Direction: (-1, 0)
______________
[1450070503619] NearObjects size: 9
[1450070503619] NearObjectsToExtinguish: 4
[1450070503619] Current position: (29, 21)
[1450070503619] Desired Position: (9, 23)
[1450070503619] Direction: (-1, -1)
______________
[1450070503769] NearObjects size: 9
[1450070503769] NearObjectsToExtinguish: 3
[1450070503769] Current position: (28, 21)
[1450070503769] Desired Position: (9, 23)
[1450070503769] Direction: (-1, 0)
______________
[Fireman 1603] - Refused a rescue request from [Person 1606]
[Fireman 1603] - Refused a rescue request from [Person 1605]
[1450070503921] NearObjects size: 9
[1450070503921] NearObjectsToExtinguish: 3
[1450070503921] Current position: (27, 21)
[1450070503921] Desired Position: (9, 23)
[1450070503921] Direction: (-1, 0)
______________
[1450070504072] NearObjects size: 9
[1450070504072] NearObjectsToExtinguish: 3
[1450070504072] Current position: (26, 21)
[1450070504072] Desired Position: (9, 23)
[1450070504072] Direction: (-1, 0)
______________
[1450070504222] NearObjects size: 9
[1450070504222] NearObjectsToExtinguish: 4
[1450070504222] Current position: (25, 20)
[1450070504222] Desired Position: (9, 23)
[1450070504222] Direction: (-1, -1)
______________
[1450070504372] NearObjects size: 9
[1450070504372] NearObjectsToExtinguish: 3
[1450070504372] Current position: (24, 20)
[1450070504372] Desired Position: (9, 23)
[1450070504372] Direction: (-1, 0)
______________
[1450070504522] NearObjects size: 9
[1450070504522] NearObjectsToExtinguish: 4
[1450070504522] Current position: (23, 19)
[1450070504522] Desired Position: (9, 23)
[1450070504522] Direction: (-1, -1)
______________
[1450070504672] NearObjects size: 9
[1450070504672] NearObjectsToExtinguish: 3
[1450070504672] Current position: (22, 19)
[1450070504672] Desired Position: (9, 23)
[1450070504672] Direction: (-1, 0)
______________
[1450070504823] NearObjects size: 9
[1450070504823] NearObjectsToExtinguish: 3
[1450070504823] Current position: (21, 19)
[1450070504823] Desired Position: (9, 23)
[1450070504823] Direction: (-1, 0)
______________
[1450070504973] NearObjects size: 9
[1450070504973] NearObjectsToExtinguish: 3
[1450070504973] Current position: (20, 19)
[1450070504973] Desired Position: (9, 23)
[1450070504973] Direction: (-1, 0)
______________
[1450070505123] NearObjects size: 9
[1450070505123] NearObjectsToExtinguish: 4
[1450070505123] Current position: (19, 18)
[1450070505123] Desired Position: (9, 23)
[1450070505123] Direction: (-1, -1)
______________
[1450070505274] NearObjects size: 9
[1450070505274] NearObjectsToExtinguish: 3
[1450070505274] Current position: (18, 18)
[1450070505274] Desired Position: (9, 23)
[1450070505274] Direction: (-1, 0)
______________
[1450070505424] NearObjects size: 9
[1450070505424] NearObjectsToExtinguish: 4
[1450070505424] Current position: (17, 17)
[1450070505424] Desired Position: (9, 23)
[1450070505424] Direction: (-1, -1)
______________
[1450070505574] NearObjects size: 9
[1450070505574] NearObjectsToExtinguish: 3
[1450070505574] Current position: (16, 17)
[1450070505574] Desired Position: (9, 23)
[1450070505574] Direction: (-1, 0)
______________
[1450070505724] NearObjects size: 9
[1450070505724] NearObjectsToExtinguish: 3
[1450070505724] Current position: (15, 17)
[1450070505724] Desired Position: (9, 23)
[1450070505724] Direction: (-1, 0)
______________
[1450070505874] NearObjects size: 9
[1450070505874] NearObjectsToExtinguish: 3
[1450070505874] Current position: (14, 17)
[1450070505874] Desired Position: (9, 23)
[1450070505874] Direction: (-1, 0)
______________
[1450070506024] NearObjects size: 9
[1450070506024] NearObjectsToExtinguish: 3
[1450070506024] Current position: (13, 17)
[1450070506024] Desired Position: (9, 23)
[1450070506024] Direction: (-1, 0)
______________
[1450070506174] NearObjects size: 9
[1450070506174] NearObjectsToExtinguish: 3
[1450070506174] Current position: (12, 17)
[1450070506174] Desired Position: (9, 23)
[1450070506174] Direction: (-1, 0)
______________
[1450070506324] NearObjects size: 9
[1450070506324] NearObjectsToExtinguish: 4
[1450070506324] Current position: (11, 16)
[1450070506324] Desired Position: (9, 23)
[1450070506324] Direction: (-1, -1)
______________
[1450070506475] NearObjects size: 9
[1450070506475] NearObjectsToExtinguish: 3
[1450070506475] Current position: (10, 16)
[1450070506475] Desired Position: (9, 23)
[1450070506475] Direction: (-1, 0)
______________
[1450070506626] NearObjects size: 9
[1450070506626] NearObjectsToExtinguish: 4
[1450070506626] Current position: (9, 15)
[1450070506626] Desired Position: (9, 23)
[1450070506626] Direction: (-1, -1)
______________
[1450070506776] NearObjects size: 9
[1450070506776] NearObjectsToExtinguish: 3
[1450070506776] Current position: (8, 15)
[1450070506776] Desired Position: (9, 23)
[1450070506776] Direction: (-1, 0)
______________
[1450070506926] NearObjects size: 9
[1450070506926] NearObjectsToExtinguish: 4
[1450070506926] Current position: (7, 14)
[1450070506926] Desired Position: (9, 23)
[1450070506926] Direction: (-1, -1)
______________
A person died on: (1, 7)
[1450070507076] NearObjects size: 5
[1450070507076] NearObjectsToExtinguish: 2
[1450070507076] Current position: (6, 15)
[1450070507076] Desired Position: (9, 23)
[1450070507076] Direction: (-1, 1)
______________
[1450070507226] NearObjects size: 2
[1450070507226] NearObjectsToExtinguish: 0
[1450070507226] Current position: (5, 15)
[1450070507226] Desired Position: (9, 23)
[1450070507226] Direction: (-1, 0)
______________
[1450070507377] NearObjects size: 0
[1450070507377] NearObjectsToExtinguish: 0
[1450070507377] Current position: (4, 15)
[1450070507377] Desired Position: (1, 15)
[1450070507377] Direction: (-1, 0)
______________
[1450070507527] NearObjects size: 0
[1450070507527] NearObjectsToExtinguish: 0
[1450070507527] Current position: (3, 15)
[1450070507527] Desired Position: (1, 15)
[1450070507527] Direction: (-1, 0)
______________
[1450070507678] NearObjects size: 0
[1450070507678] NearObjectsToExtinguish: 0
[1450070507678] Current position: (2, 14)
[1450070507678] Desired Position: (0, 14)
[1450070507678] Direction: (-1, -1)
______________
[1450070507829] NearObjects size: 0
[1450070507829] NearObjectsToExtinguish: 0
[1450070507829] Current position: (1, 15)
[1450070507829] Desired Position: (1, 15)
[1450070507829] Direction: (-1, 1)
______________
[1450070507979] NearObjects size: 0
[1450070507979] NearObjectsToExtinguish: 0
[1450070507979] Current position: (1, 15)
[1450070507979] Desired Position: (1, 15)
[1450070507979] Direction: (0, 0)
______________
A person was saved on: (1, 15)
[1450070508130] NearObjects size: 0
[1450070508130] NearObjectsToExtinguish: 0
[1450070508130] Current position: (1, 15)
[1450070508130] Desired Position: (null)
[1450070508130] Direction: (0, 0)
______________
[1450070508281] NearObjects size: 0
[1450070508281] NearObjectsToExtinguish: 0
[1450070508281] Current position: (2, 16)
[1450070508281] Desired Position: (22, 20)
[1450070508281] Direction: (1, 1)
______________
[1450070508431] NearObjects size: 0
[1450070508431] NearObjectsToExtinguish: 0
[1450070508431] Current position: (3, 17)
[1450070508431] Desired Position: (22, 20)
[1450070508431] Direction: (1, 1)
______________
[1450070508582] NearObjects size: 0
[1450070508582] NearObjectsToExtinguish: 0
[1450070508582] Current position: (4, 18)
[1450070508582] Desired Position: (22, 20)
[1450070508582] Direction: (1, 1)
______________
[1450070508732] NearObjects size: 3
[1450070508732] NearObjectsToExtinguish: 1
[1450070508732] Current position: (5, 19)
[1450070508732] Desired Position: (22, 20)
[1450070508732] Direction: (1, 1)
______________
[1450070508882] NearObjects size: 6
[1450070508882] NearObjectsToExtinguish: 3
[1450070508882] Current position: (6, 20)
[1450070508882] Desired Position: (22, 20)
[1450070508882] Direction: (1, 1)
______________
[1450070509034] NearObjects size: 9
[1450070509034] NearObjectsToExtinguish: 3
[1450070509034] Current position: (7, 20)
[1450070509034] Desired Position: (22, 20)
[1450070509034] Direction: (1, 0)
______________
[1450070509185] NearObjects size: 9
[1450070509185] NearObjectsToExtinguish: 3
[1450070509185] Current position: (8, 20)
[1450070509185] Desired Position: (22, 20)
[1450070509185] Direction: (1, 0)
______________
[1450070509335] NearObjects size: 9
[1450070509335] NearObjectsToExtinguish: 3
[1450070509335] Current position: (9, 20)
[1450070509335] Desired Position: (22, 20)
[1450070509335] Direction: (1, 0)
______________
[1450070509485] NearObjects size: 9
[1450070509485] NearObjectsToExtinguish: 3
[1450070509485] Current position: (10, 20)
[1450070509485] Desired Position: (22, 20)
[1450070509485] Direction: (1, 0)
______________
[1450070509636] NearObjects size: 9
[1450070509636] NearObjectsToExtinguish: 3
[1450070509636] Current position: (11, 20)
[1450070509636] Desired Position: (22, 20)
[1450070509636] Direction: (1, 0)
______________
[1450070509786] NearObjects size: 9
[1450070509786] NearObjectsToExtinguish: 3
[1450070509786] Current position: (12, 20)
[1450070509786] Desired Position: (22, 20)
[1450070509786] Direction: (1, 0)
______________
[1450070509936] NearObjects size: 9
[1450070509936] NearObjectsToExtinguish: 3
[1450070509936] Current position: (13, 20)
[1450070509936] Desired Position: (22, 20)
[1450070509936] Direction: (1, 0)
______________
[1450070510086] NearObjects size: 9
[1450070510086] NearObjectsToExtinguish: 3
[1450070510086] Current position: (14, 20)
[1450070510086] Desired Position: (22, 20)
[1450070510086] Direction: (1, 0)
______________
[1450070510237] NearObjects size: 9
[1450070510237] NearObjectsToExtinguish: 3
[1450070510237] Current position: (15, 20)
[1450070510237] Desired Position: (22, 20)
[1450070510237] Direction: (1, 0)
______________
[1450070510388] NearObjects size: 9
[1450070510388] NearObjectsToExtinguish: 3
[1450070510388] Current position: (16, 20)
[1450070510388] Desired Position: (22, 20)
[1450070510388] Direction: (1, 0)
______________
[1450070510539] NearObjects size: 9
[1450070510539] NearObjectsToExtinguish: 3
[1450070510539] Current position: (17, 20)
[1450070510539] Desired Position: (22, 20)
[1450070510539] Direction: (1, 0)
______________
[1450070510689] NearObjects size: 9
[1450070510689] NearObjectsToExtinguish: 3
[1450070510689] Current position: (18, 20)
[1450070510689] Desired Position: (22, 20)
[1450070510689] Direction: (1, 0)
______________
[1450070510839] NearObjects size: 8
[1450070510839] NearObjectsToExtinguish: 3
[1450070510839] Current position: (19, 20)
[1450070510839] Desired Position: (22, 20)
[1450070510839] Direction: (1, 0)
______________
[1450070510989] NearObjects size: 7
[1450070510989] NearObjectsToExtinguish: 2
[1450070510989] Current position: (20, 20)
[1450070510989] Desired Position: (22, 20)
[1450070510989] Direction: (1, 0)
______________
[1450070511140] NearObjects size: 6
[1450070511140] NearObjectsToExtinguish: 2
[1450070511140] Current position: (21, 20)
[1450070511140] Desired Position: (22, 20)
[1450070511140] Direction: (1, 0)
______________
[1450070511290] NearObjects size: 6
[1450070511290] NearObjectsToExtinguish: 2
[1450070511290] Current position: (22, 20)
[1450070511290] Desired Position: (22, 20)
[1450070511290] Direction: (1, 0)
______________
[1450070511440] NearObjects size: 6
[1450070511440] NearObjectsToExtinguish: 2
[1450070511440] Current position: (22, 20)
[1450070511440] Desired Position: (null)
[1450070511440] Direction: (0, 0)
______________
[1450070511590] NearObjects size: 6
[1450070511590] NearObjectsToExtinguish: 0
[1450070511590] Current position: (22, 20)
[1450070511590] Desired Position: (null)
[1450070511590] Direction: (0, 0)
______________
[1450070511740] NearObjects size: 5
[1450070511740] NearObjectsToExtinguish: 0
[1450070511740] Current position: (22, 20)
[1450070511740] Desired Position: (null)
[1450070511740] Direction: (0, 0)
______________
[1450070511890] NearObjects size: 4
[1450070511890] NearObjectsToExtinguish: 0
[1450070511890] Current position: (22, 20)
[1450070511890] Desired Position: (null)
[1450070511890] Direction: (0, 0)
______________
[1450070512041] NearObjects size: 3
[1450070512041] NearObjectsToExtinguish: 0
[1450070512041] Current position: (22, 20)
[1450070512041] Desired Position: (null)
[1450070512041] Direction: (0, 0)
______________
[1450070512191] NearObjects size: 2
[1450070512191] NearObjectsToExtinguish: 0
[1450070512191] Current position: (22, 20)
[1450070512191] Desired Position: (null)
[1450070512191] Direction: (0, 0)
______________
[1450070512341] NearObjects size: 6
[1450070512341] NearObjectsToExtinguish: 3
[1450070512341] Current position: (23, 21)
[1450070512341] Desired Position: (null)
[1450070512341] Direction: (1, 1)
______________
[1450070512491] NearObjects size: 2
[1450070512491] NearObjectsToExtinguish: 0
[1450070512491] Current position: (22, 20)
[1450070512491] Desired Position: (null)
[1450070512491] Direction: (-1, -1)
______________
[1450070512641] NearObjects size: 1
[1450070512641] NearObjectsToExtinguish: 0
[1450070512641] Current position: (22, 20)
[1450070512641] Desired Position: (null)
[1450070512641] Direction: (0, 0)
______________
[1450070512791] NearObjects size: 0
[1450070512791] NearObjectsToExtinguish: 0
[1450070512791] Current position: (22, 20)
[1450070512791] Desired Position: (null)
[1450070512791] Direction: (0, 0)
______________
[1450070512941] NearObjects size: 2
[1450070512941] NearObjectsToExtinguish: 0
[1450070512941] Current position: (23, 21)
[1450070512941] Desired Position: (27, 35)
[1450070512941] Direction: (1, 1)
______________
[1450070513091] NearObjects size: 6
[1450070513091] NearObjectsToExtinguish: 3
[1450070513091] Current position: (24, 22)
[1450070513091] Desired Position: (27, 35)
[1450070513091] Direction: (1, 1)
______________
[1450070513241] NearObjects size: 9
[1450070513241] NearObjectsToExtinguish: 3
[1450070513241] Current position: (25, 23)
[1450070513241] Desired Position: (27, 35)
[1450070513241] Direction: (1, 1)
______________
[1450070513391] NearObjects size: 9
[1450070513391] NearObjectsToExtinguish: 3
[1450070513391] Current position: (26, 24)
[1450070513391] Desired Position: (27, 35)
[1450070513391] Direction: (1, 1)
______________
[1450070513541] NearObjects size: 9
[1450070513541] NearObjectsToExtinguish: 3
[1450070513541] Current position: (27, 25)
[1450070513541] Desired Position: (27, 35)
[1450070513541] Direction: (1, 1)
______________
