[STARTING RUN OF logs/14_35_2015_03_35_26.log ]


[1450064127041] Initializing FireProcess
[1450064127041] Getting Fire first element
[1450064127041] Initialize clock.
[Fireman 2503] - Accept a rescue request from [Person 2505]
A person was saved on: (37, 29)
[Fireman 2504] - Accept a rescue request from [Person 2510]
[Fireman 2504] - Refused a rescue request from [Person 2507]
A person was saved on: (8, 47)
[Fireman 2504] - Accept a rescue request from [Person 2512]
A person was saved on: (15, 20)
[Fireman 2503] - Accept a rescue request from [Person 2516]
[Fireman 2503] - Refused a rescue request from [Person 2508]
[Fireman 2504] - Accept a rescue request from [Person 2514]
[Fireman 2504] - Refused a rescue request from [Person 2513]
A person was saved on: (43, 11)
A person was saved on: (15, 12)
[Fireman 2504] - Accept a rescue request from [Person 2509]
A person was saved on: (12, 12)
[Fireman 2504] - Accept a rescue request from [Person 2517]
A person was saved on: (4, 11)
[Fireman 2504] - Accept a rescue request from [Person 2511]
A person died on: (44, -2)
[Fireman 2504] - Accept a rescue request from [Person 2506]
A person was saved on: (0, 6)
A person died on: (6, -2)
[Fireman 2504] - Accept a rescue request from [Person 2515]
A person was saved on: (5, 4)
