[STARTING RUN OF logs/14_39_2015_02_39_23.log ]


[1450060763772] Initializing FireProcess
[1450060763772] Getting Fire first element
[1450060763772] Initialize clock.
1, -1
[Fireman 2503] - Accept a rescue request from [Person 2507]
[Fireman 2503] - Refused a rescue request from [Person 2507]
-1, 0
0, -1
0, 1
0, -1
A person was saved on: (42, 26)
0, 0
[Fireman 2504] - Refused a rescue request from [Person 2505]
[Fireman 2504] - Accept a rescue request from [Person 2505]
-1, -1
0, -1
1, 0
0, 1
A person was saved on: (19, 14)
0, 1
[Fireman 2504] - Refused a rescue request from [Person 2506]
[Fireman 2504] - Accept a rescue request from [Person 2506]
0, -1
0, 0
1, 1
0, 1
-1, 0
0, -1
-1, 1
0, -1
1, 0
-1, -1
0, 0
0, -1
-1, -1
0, 1
0, 0
0, -1
-1, 1
-1, 0
-1, 0
0, 1
-1, 1
A person was saved on: (-3, 9)
