[STARTING RUN OF logs/14_35_2015_04_35_25.log ]


[1450067725047] Initializing FireProcess
[1450067725047] Getting Fire first element
[1450067725047] Initialize clock.
[1450067725250] NearObjects size: 0
[1450067725250] NearObjectsToExtinguish: 0
[1450067725272] NearObjects size: 0
[1450067725250] Current position: (2, 6)
[1450067725272] NearObjectsToExtinguish: 0
[1450067725250] Desired Position: (7, 18)
[1450067725272] Current position: (18, 9)
[1450067725250] Direction: (1, 1)
[1450067725272] Desired Position: (7, 18)
______________
[1450067725272] Direction: (-1, 1)
______________
[1450067739061] NearObjects size: 0
[1450067739061] NearObjectsToExtinguish: 0
[1450067739061] Current position: (3, 7)
[1450067739061] Desired Position: (7, 18)
[1450067739061] Direction: (1, 1)
______________
[1450067739061] NearObjects size: 0
[1450067739061] NearObjectsToExtinguish: 0
[1450067739061] Current position: (18, 9)
[1450067739061] Desired Position: (7, 18)
[1450067739061] Direction: (-1, 1)
______________
[1450067740767] NearObjects size: 0
[1450067740767] NearObjectsToExtinguish: 0
[1450067740767] Current position: (4, 8)
[1450067741398] NearObjects size: 0
[1450067740767] Desired Position: (7, 18)
[1450067741398] NearObjectsToExtinguish: 0
[1450067740767] Direction: (1, 1)
______________
[1450067741398] Current position: (18, 9)
[1450067741398] Desired Position: (7, 18)
[1450067741398] Direction: (-1, 1)
______________
[1450067741832] NearObjects size: 0
[1450067741832] NearObjectsToExtinguish: 0
[1450067741832] Current position: (5, 9)
[1450067741832] Desired Position: (7, 18)
[1450067741832] Direction: (1, 1)
______________
[1450067748278] NearObjects size: 0
[1450067748278] NearObjectsToExtinguish: 0
[1450067748278] Current position: (6, 10)
[1450067741832] NearObjects size: 0
[1450067748278] Desired Position: (7, 18)
[1450067741832] NearObjectsToExtinguish: 0
[1450067748278] Direction: (1, 1)
______________
[1450067741832] Current position: (18, 9)
[1450067741832] Desired Position: (7, 18)
[1450067741832] Direction: (-1, 1)
______________
[1450067749406] NearObjects size: 0
[1450067749406] NearObjectsToExtinguish: 0
[1450067749406] NearObjects size: 0
[1450067749406] NearObjectsToExtinguish: 0
[1450067749406] Current position: (7, 11)
[1450067749406] Desired Position: (7, 18)
[1450067749406] Direction: (1, 1)
______________
[1450067749406] Current position: (18, 9)
[1450067749406] Desired Position: (7, 18)
[1450067749406] Direction: (-1, 1)
______________
[1450067749757] NearObjects size: 0
[1450067749757] NearObjectsToExtinguish: 0
[1450067749757] Current position: (18, 9)
[1450067749757] Desired Position: (7, 18)
[1450067749757] Direction: (-1, 1)
______________
[1450067749757] NearObjects size: 0
[1450067749757] NearObjectsToExtinguish: 0
[1450067749757] Current position: (7, 12)
[1450067749757] Desired Position: (7, 18)
[1450067749757] Direction: (0, 1)
______________
[1450067751281] NearObjects size: 0
[1450067751281] NearObjectsToExtinguish: 0
[1450067751281] Current position: (18, 9)
[1450067751281] Desired Position: (7, 18)
[1450067751281] Direction: (-1, 1)
______________
[1450067751288] NearObjects size: 0
[1450067751288] NearObjectsToExtinguish: 0
[1450067751288] Current position: (7, 13)
[1450067751288] Desired Position: (7, 18)
[1450067751288] Direction: (0, 1)
______________
[1450067751669] NearObjects size: 0
[1450067751669] NearObjectsToExtinguish: 0
[1450067751669] Current position: (7, 14)
[1450067751669] Desired Position: (7, 18)
[1450067751669] Direction: (0, 1)
______________
[1450067751669] NearObjects size: 0
[1450067751669] NearObjectsToExtinguish: 0
[1450067751669] Current position: (18, 9)
[1450067751669] Desired Position: (7, 18)
[1450067751669] Direction: (-1, 1)
______________
[1450067752255] NearObjects size: 0
[1450067752255] NearObjects size: 0
[1450067752255] NearObjectsToExtinguish: 0
[1450067752255] NearObjectsToExtinguish: 0
[1450067752255] Current position: (7, 15)
[1450067752255] Desired Position: (7, 18)
[1450067752255] Direction: (0, 1)
______________
[1450067752255] Current position: (18, 9)
[1450067752255] Desired Position: (7, 18)
[1450067752255] Direction: (-1, 1)
______________
[1450067753173] NearObjects size: 0
[1450067753173] NearObjectsToExtinguish: 0
[1450067753173] Current position: (18, 9)
[1450067753173] Desired Position: (7, 18)
[1450067753173] NearObjects size: 0
[1450067753173] NearObjectsToExtinguish: 0
[1450067753173] Current position: (7, 16)
[1450067753173] Desired Position: (7, 18)
[1450067753173] Direction: (0, 1)
______________
[1450067753173] Direction: (-1, 1)
______________
[1450067753659] NearObjects size: 0
[1450067753659] NearObjects size: 3
[1450067753659] NearObjectsToExtinguish: 0
[1450067753659] NearObjectsToExtinguish: 1
[1450067753659] Current position: (7, 17)
[1450067753659] Desired Position: (7, 18)
[1450067753659] Current position: (18, 9)
[1450067753659] Desired Position: (7, 18)
[1450067753659] Direction: (0, 1)
______________
[1450067753659] Direction: (-1, 1)
______________
[1450067757443] NearObjects size: 0
[1450067757443] NearObjectsToExtinguish: 0
[1450067757443] Current position: (18, 9)
[1450067757443] Desired Position: (7, 18)
[1450067757443] Direction: (-1, 1)
______________
[1450067757443] NearObjects size: 3
[1450067757443] NearObjectsToExtinguish: 0
[1450067757443] Current position: (7, 17)
[1450067757443] Desired Position: (7, 18)
[1450067757443] Direction: (0, 0)
______________
[1450067757793] NearObjects size: 4
[1450067757793] NearObjects size: 0
[1450067757793] NearObjectsToExtinguish: 0
[1450067757793] Current position: (18, 9)
[1450067757793] Desired Position: (7, 18)
[1450067757793] Direction: (-1, 1)
______________
[1450067757793] NearObjectsToExtinguish: 2
[1450067757793] Current position: (6, 18)
[1450067757793] Desired Position: (7, 18)
[1450067757793] Direction: (-1, 1)
______________
[1450067758143] NearObjects size: 0
[1450067758143] NearObjectsToExtinguish: 0
[1450067758143] Current position: (18, 9)
[1450067758143] Desired Position: (7, 18)
[1450067758143] Direction: (-1, 1)
______________
[1450067758143] NearObjects size: 5
[1450067758143] NearObjectsToExtinguish: 2
[1450067758143] Current position: (6, 18)
[1450067758143] Desired Position: (7, 18)
[1450067758143] Direction: (0, 0)
______________
[1450067758494] NearObjects size: 0
[1450067758494] NearObjectsToExtinguish: 0
[1450067758494] Current position: (18, 9)
[1450067758494] Desired Position: (7, 18)
[1450067758494] Direction: (-1, 1)
______________
[1450067758494] NearObjects size: 5
[1450067758494] NearObjectsToExtinguish: 1
[1450067758494] Current position: (6, 18)
[1450067758494] Desired Position: (7, 18)
[1450067758494] Direction: (0, 0)
______________
[1450067758844] NearObjects size: 0
[1450067758844] NearObjectsToExtinguish: 0
[1450067758844] Current position: (18, 9)
[1450067758844] Desired Position: (7, 18)
[1450067758844] NearObjects size: 5
[1450067758844] Direction: (-1, 1)
______________
[1450067758844] NearObjectsToExtinguish: 0
[1450067758844] Current position: (6, 18)
[1450067758844] Desired Position: (7, 18)
[1450067758844] Direction: (0, 0)
______________
[1450067759195] NearObjects size: 0
[1450067759195] NearObjectsToExtinguish: 0
[1450067759195] NearObjects size: 4
[1450067759195] Current position: (18, 9)
[1450067759195] Desired Position: (7, 18)
[1450067759195] NearObjectsToExtinguish: 0
[1450067759195] Direction: (-1, 1)
______________
[1450067759195] Current position: (6, 18)
[1450067759195] Desired Position: (7, 18)
[1450067759195] Direction: (0, 0)
______________
[1450067759545] NearObjects size: 0
[1450067759545] NearObjectsToExtinguish: 0
[1450067759545] Current position: (18, 9)
[1450067759545] Desired Position: (7, 18)
[1450067759545] NearObjects size: 4
[1450067759545] NearObjectsToExtinguish: 0
[1450067759545] Current position: (6, 18)
[1450067759545] Desired Position: (7, 18)
[1450067759545] Direction: (0, 0)
______________
[1450067759545] Direction: (-1, 1)
______________
[1450067759895] NearObjects size: 0
[1450067759895] NearObjectsToExtinguish: 0
[1450067759895] Current position: (18, 9)
[1450067759895] Desired Position: (7, 18)
[1450067759895] NearObjects size: 4
[1450067759895] NearObjectsToExtinguish: 2
[1450067759895] Direction: (-1, 1)
______________
[1450067759895] Current position: (7, 19)
[1450067759895] Desired Position: (7, 18)
[1450067759895] Direction: (1, 1)
______________
[1450067760247] NearObjects size: 0
[1450067760247] NearObjectsToExtinguish: 0
[1450067760247] NearObjects size: 4
[1450067760247] NearObjectsToExtinguish: 1
[1450067760247] Current position: (7, 19)
[1450067760247] Desired Position: (7, 18)
[1450067760247] Direction: (0, 0)
______________
[1450067760247] Current position: (18, 9)
[1450067760247] Desired Position: (7, 18)
[1450067760247] Direction: (-1, 1)
______________
[1450067760598] NearObjects size: 0
[1450067760598] NearObjectsToExtinguish: 0
[1450067760598] Current position: (18, 9)
[1450067760598] Desired Position: (7, 18)
[1450067760598] Direction: (-1, 1)
______________
[1450067760598] NearObjects size: 4
[1450067760598] NearObjectsToExtinguish: 0
[1450067760598] Current position: (7, 19)
[1450067760598] Desired Position: (7, 18)
[1450067760598] Direction: (0, 0)
______________
[1450067760948] NearObjects size: 0
[1450067760948] NearObjectsToExtinguish: 0
[1450067760948] Current position: (18, 9)
[1450067760948] NearObjects size: 3
[1450067760948] NearObjectsToExtinguish: 0
[1450067760948] Desired Position: (7, 18)
[1450067760948] Direction: (-1, 1)
______________
[1450067760948] Current position: (7, 19)
[1450067760948] Desired Position: (7, 18)
[1450067760948] Direction: (0, 0)
______________
[1450067761298] NearObjects size: 0
[1450067761298] NearObjectsToExtinguish: 0
[1450067761298] NearObjects size: 2
[1450067761298] NearObjectsToExtinguish: 0
[1450067761298] Current position: (18, 9)
[1450067761298] Desired Position: (7, 18)
[1450067761298] Current position: (7, 19)
[1450067761298] Desired Position: (7, 18)
[1450067761298] Direction: (0, 0)
______________
[1450067761298] Direction: (-1, 1)
______________
[1450067761648] NearObjects size: 0
[1450067761648] NearObjectsToExtinguish: 0
[1450067761648] NearObjects size: 1
[1450067761648] NearObjectsToExtinguish: 0
[1450067761648] Current position: (18, 9)
[1450067761648] Desired Position: (7, 18)
[1450067761648] Direction: (-1, 1)
______________
[1450067761648] Current position: (7, 19)
[1450067761648] Desired Position: (7, 18)
[1450067761648] Direction: (0, 0)
______________
[1450067761998] NearObjects size: 0
[1450067761998] NearObjectsToExtinguish: 0
[1450067761998] Current position: (18, 9)
[1450067761998] Desired Position: (7, 18)
[1450067761998] Direction: (-1, 1)
______________
[1450067761998] NearObjects size: 6
[1450067761998] NearObjectsToExtinguish: 3
[1450067761998] Current position: (8, 18)
[1450067761998] Desired Position: (7, 18)
[1450067761998] Direction: (1, -1)
______________
[1450067762348] NearObjects size: 0
[1450067762348] NearObjectsToExtinguish: 0
[1450067762348] Current position: (18, 9)
[1450067762348] Desired Position: (7, 18)
[1450067762348] Direction: (-1, 1)
______________
[1450067762348] NearObjects size: 6
[1450067762348] NearObjectsToExtinguish: 2
[1450067762348] Current position: (8, 18)
[1450067762348] Desired Position: (7, 18)
[1450067762348] Direction: (0, 0)
______________
[Fireman 404] - Accept a rescue request from [Person 406]
[1450067762698] NearObjects size: 0
[1450067762698] NearObjectsToExtinguish: 0
[1450067762698] Current position: (17, 9)
[1450067762698] Desired Position: (7, 9)
[1450067762698] Direction: (-1, 0)
______________
[1450067762698] NearObjects size: 6
[1450067762698] NearObjectsToExtinguish: 1
[1450067762698] Current position: (8, 18)
[1450067762698] Desired Position: (7, 18)
[1450067762698] Direction: (0, 0)
______________
[1450067763048] NearObjects size: 0
[1450067763048] NearObjectsToExtinguish: 0
[1450067763048] Current position: (16, 10)
[1450067763048] Desired Position: (8, 10)
[1450067763048] Direction: (-1, 1)
______________
[1450067763048] NearObjects size: 6
[1450067763048] NearObjectsToExtinguish: 0
[1450067763048] Current position: (8, 18)
[1450067763048] Desired Position: (7, 18)
[1450067763048] Direction: (0, 0)
______________
[Fireman 404] - Refused a rescue request from [Person 407]
[1450067763398] NearObjects size: 0
[1450067763398] NearObjectsToExtinguish: 0
[1450067763398] Current position: (15, 10)
[1450067763398] Desired Position: (8, 10)
[1450067763398] Direction: (-1, 0)
______________
[1450067763398] NearObjects size: 5
[1450067763398] NearObjectsToExtinguish: 2
[1450067763398] Current position: (9, 19)
[1450067763398] Desired Position: (7, 18)
[1450067763398] Direction: (1, 1)
______________
[1450067763748] NearObjects size: 0
[1450067763748] NearObjectsToExtinguish: 0
[1450067763748] Current position: (14, 9)
[1450067763748] Desired Position: (7, 9)
[1450067763748] Direction: (-1, -1)
______________
[1450067763748] NearObjects size: 5
[1450067763748] NearObjectsToExtinguish: 1
[1450067763748] Current position: (9, 19)
[1450067763748] Desired Position: (7, 18)
[1450067763748] Direction: (0, 0)
______________
[1450067764098] NearObjects size: 0
[1450067764098] NearObjectsToExtinguish: 0
[1450067764098] Current position: (13, 9)
[1450067764098] NearObjects size: 5
[1450067764098] NearObjectsToExtinguish: 0
[1450067764098] Current position: (9, 19)
[1450067764098] Desired Position: (7, 9)
[1450067764098] Direction: (-1, 0)
[1450067764098] Desired Position: (7, 18)
[1450067764098] Direction: (0, 0)
______________
______________
[1450067764449] NearObjects size: 0
[1450067764449] NearObjectsToExtinguish: 0
[1450067764449] Current position: (12, 8)
[1450067764449] Desired Position: (6, 8)
[1450067764449] Direction: (-1, -1)
______________
[1450067764449] NearObjects size: 4
[1450067764449] NearObjectsToExtinguish: 0
[1450067764449] Current position: (9, 19)
[1450067764449] Desired Position: (7, 18)
[1450067764449] Direction: (0, 0)
______________
A person was saved on: (12, 8)
[1450067764800] NearObjects size: 0
[1450067764800] NearObjectsToExtinguish: 0
[1450067764800] Current position: (11, 7)
[1450067764800] Desired Position: (5, 7)
[1450067764800] Direction: (-1, -1)
______________
[1450067764800] NearObjects size: 3
[1450067764800] NearObjectsToExtinguish: 0
[1450067764800] Current position: (9, 19)
[1450067764800] Desired Position: (7, 18)
[1450067764800] Direction: (0, 0)
______________
[1450067765150] NearObjects size: 0
[1450067765150] NearObjectsToExtinguish: 0
[1450067765150] NearObjects size: 2
[1450067765150] NearObjectsToExtinguish: 0
[1450067765150] Current position: (9, 19)
[1450067765150] Desired Position: (7, 18)
[1450067765150] Current position: (10, 6)
[1450067765150] Desired Position: (4, 6)
[1450067765150] Direction: (0, 0)
______________
[1450067765150] Direction: (-1, -1)
______________
[1450067765500] NearObjects size: 0
[1450067765500] NearObjectsToExtinguish: 0
[1450067765500] Current position: (9, 6)
[1450067765500] Desired Position: (4, 6)
[1450067765500] NearObjects size: 1
[1450067765500] NearObjectsToExtinguish: 0
[1450067765500] Direction: (-1, 0)
______________
[1450067765500] Current position: (9, 19)
[1450067765500] Desired Position: (7, 18)
[1450067765500] Direction: (0, 0)
______________
[1450067765851] NearObjects size: 0
[1450067765851] NearObjectsToExtinguish: 0
[1450067765851] Current position: (8, 6)
[1450067765851] Desired Position: (4, 6)
[1450067765851] Direction: (-1, 0)
______________
[1450067765851] NearObjects size: 6
[1450067765851] NearObjectsToExtinguish: 3
[1450067765851] Current position: (10, 18)
[1450067765851] Desired Position: (7, 18)
[1450067765851] Direction: (1, -1)
______________
Debug file: logs/14_36_2015_04_36_08.log
