[STARTING RUN OF logs/14_47_2015_04_47_54.log ]


[1450068474774] Initializing FireProcess
[1450068474774] Getting Fire first element
[1450068474774] Initialize clock.
[1450068474779] NearObjects size: 0
[1450068474779] NearObjectsToExtinguish: 0
[1450068474779] Current position: (11, 13)
[1450068474779] Desired Position: (3, 34)
[1450068474779] Direction: (-1, 1)
______________
[1450068474788] NearObjects size: 0
[1450068474788] NearObjectsToExtinguish: 0
[1450068474788] Current position: (3, 15)
[1450068474788] Desired Position: (3, 34)
[1450068474788] Direction: (0, 1)
______________
[Fireman 1604] - Accept a rescue request from [Person 1607]
[1450068474922] NearObjects size: 0
[1450068474922] NearObjects size: 0
[1450068474922] NearObjectsToExtinguish: 0
[1450068474922] NearObjectsToExtinguish: 0
[1450068474922] Current position: (10, 14)
[1450068474922] Desired Position: (3, 34)
[1450068474922] Direction: (-1, 1)
______________
[1450068474922] Current position: (4, 16)
[1450068474922] Desired Position: (5, 36)
[1450068474922] Direction: (1, 1)
______________
[1450068475022] NearObjects size: 0
[1450068475022] NearObjectsToExtinguish: 0
[1450068475022] Current position: (5, 17)
[1450068475022] Desired Position: (5, 36)
[1450068475022] Direction: (1, 1)
______________
[1450068475022] NearObjects size: 0
[1450068475022] NearObjectsToExtinguish: 0
[1450068475022] Current position: (9, 15)
[1450068475022] Desired Position: (3, 34)
[1450068475022] Direction: (-1, 1)
______________
[1450068475122] NearObjects size: 0
[1450068475122] NearObjectsToExtinguish: 0
[1450068475122] Current position: (5, 18)
[1450068475122] Desired Position: (5, 36)
[1450068475122] Direction: (0, 1)
______________
[1450068475122] NearObjects size: 0
[1450068475122] NearObjectsToExtinguish: 0
[1450068475122] Current position: (8, 16)
[1450068475122] Desired Position: (3, 34)
[1450068475122] Direction: (-1, 1)
______________
[1450068475222] NearObjects size: 0
[1450068475222] NearObjectsToExtinguish: 0
[1450068475222] Current position: (7, 17)
[1450068475222] Desired Position: (3, 34)
[1450068475222] Direction: (-1, 1)
______________
[1450068475222] NearObjects size: 0
[1450068475222] NearObjectsToExtinguish: 0
[1450068475222] Current position: (5, 19)
[1450068475222] Desired Position: (5, 36)
[1450068475222] Direction: (0, 1)
______________
[1450068475324] NearObjects size: 0
[1450068475324] NearObjectsToExtinguish: 0
[1450068475324] NearObjects size: 0
[1450068475324] NearObjectsToExtinguish: 0
[1450068475324] Current position: (6, 18)
[1450068475324] Current position: (5, 20)
[1450068475324] Desired Position: (5, 36)
[1450068475324] Direction: (0, 1)
______________
[1450068475324] Desired Position: (3, 34)
[1450068475324] Direction: (-1, 1)
______________
[1450068475424] NearObjects size: 0
[1450068475424] NearObjectsToExtinguish: 0
[1450068475424] Current position: (5, 21)
[1450068475424] Desired Position: (5, 36)
[1450068475424] Direction: (0, 1)
______________
[1450068475424] NearObjects size: 0
[1450068475424] NearObjectsToExtinguish: 0
[1450068475424] Current position: (5, 19)
[1450068475424] Desired Position: (3, 34)
[1450068475424] Direction: (-1, 1)
______________
[1450068475524] NearObjects size: 0
[1450068475524] NearObjectsToExtinguish: 0
[1450068475524] NearObjects size: 0
[1450068475524] NearObjectsToExtinguish: 0
[1450068475524] Current position: (4, 20)
[1450068475524] Desired Position: (3, 34)
[1450068475524] Current position: (5, 22)
[1450068475524] Desired Position: (5, 36)
[1450068475524] Direction: (-1, 1)
______________
[1450068475524] Direction: (0, 1)
______________
[1450068475624] NearObjects size: 0
[1450068475624] NearObjectsToExtinguish: 0
[1450068475624] Current position: (3, 21)
[1450068475624] Desired Position: (3, 34)
[1450068475624] Direction: (-1, 1)
______________
[1450068475624] NearObjects size: 0
[1450068475624] NearObjectsToExtinguish: 0
[1450068475624] Current position: (5, 23)
[1450068475624] Desired Position: (5, 36)
[1450068475624] Direction: (0, 1)
______________
[1450068475725] NearObjects size: 0
[1450068475725] NearObjectsToExtinguish: 0
[1450068475725] NearObjects size: 0
[1450068475725] NearObjectsToExtinguish: 0
[1450068475725] Current position: (3, 22)
[1450068475725] Desired Position: (3, 34)
[1450068475725] Current position: (5, 24)
[1450068475725] Desired Position: (5, 36)
[1450068475725] Direction: (0, 1)
______________
[1450068475725] Direction: (0, 1)
______________
[1450068475826] NearObjects size: 0
[1450068475826] NearObjectsToExtinguish: 0
[1450068475826] Current position: (5, 25)
[1450068475826] NearObjects size: 0
[1450068475826] NearObjectsToExtinguish: 0
[1450068475826] Desired Position: (5, 36)
[1450068475826] Direction: (0, 1)
______________
[1450068475826] Current position: (3, 23)
[1450068475826] Desired Position: (3, 34)
[1450068475826] Direction: (0, 1)
______________
[1450068475927] NearObjects size: 0
[1450068475927] NearObjects size: 0
[1450068475927] NearObjectsToExtinguish: 0
[1450068475927] Current position: (5, 26)
[1450068475927] Desired Position: (5, 36)
[1450068475927] NearObjectsToExtinguish: 0
[1450068475927] Current position: (3, 24)
[1450068475927] Desired Position: (3, 34)
[1450068475927] Direction: (0, 1)
______________
[1450068475927] Direction: (0, 1)
______________
[1450068476027] NearObjects size: 0
[1450068476027] NearObjectsToExtinguish: 0
[1450068476027] NearObjects size: 0
[1450068476027] NearObjectsToExtinguish: 0
[1450068476027] Current position: (5, 27)
[1450068476027] Desired Position: (5, 36)
[1450068476027] Current position: (3, 25)
[1450068476027] Desired Position: (3, 34)
[1450068476027] Direction: (0, 1)
______________
[1450068476027] Direction: (0, 1)
______________
[1450068476127] NearObjects size: 0
[1450068476127] NearObjects size: 0
[1450068476127] NearObjectsToExtinguish: 0
[1450068476127] NearObjectsToExtinguish: 0
[1450068476127] Current position: (5, 28)
[1450068476127] Current position: (3, 26)
[1450068476127] Desired Position: (3, 34)
[1450068476127] Desired Position: (5, 36)
[1450068476127] Direction: (0, 1)
[1450068476127] Direction: (0, 1)
______________
______________
[1450068476227] NearObjects size: 0
[1450068476227] NearObjectsToExtinguish: 0
[1450068476227] NearObjects size: 0
[1450068476227] NearObjectsToExtinguish: 0
[1450068476227] Current position: (5, 29)
[1450068476227] Desired Position: (5, 36)
[1450068476227] Current position: (3, 27)
[1450068476227] Desired Position: (3, 34)
[1450068476227] Direction: (0, 1)
______________
[1450068476227] Direction: (0, 1)
______________
[1450068476327] NearObjects size: 0
[1450068476327] NearObjectsToExtinguish: 0
[1450068476327] Current position: (5, 30)
[1450068476327] Desired Position: (5, 36)
[1450068476327] NearObjects size: 0
[1450068476327] NearObjectsToExtinguish: 0
[1450068476327] Direction: (0, 1)
______________
[1450068476327] Current position: (3, 28)
[1450068476327] Desired Position: (3, 34)
[1450068476327] Direction: (0, 1)
______________
[1450068476427] NearObjects size: 0
[1450068476427] NearObjectsToExtinguish: 0
[1450068476427] NearObjects size: 0
[1450068476427] NearObjectsToExtinguish: 0
[1450068476427] Current position: (3, 29)
[1450068476427] Desired Position: (3, 34)
[1450068476427] Direction: (0, 1)
______________
[1450068476427] Current position: (5, 31)
[1450068476427] Desired Position: (5, 36)
[1450068476427] Direction: (0, 1)
______________
[1450068476527] NearObjects size: 0
[1450068476527] NearObjectsToExtinguish: 0
[1450068476527] Current position: (5, 32)
[1450068476527] Desired Position: (5, 36)
[1450068476527] NearObjects size: 0
[1450068476527] NearObjectsToExtinguish: 0
[1450068476527] Direction: (0, 1)
______________
[1450068476527] Current position: (3, 30)
[1450068476527] Desired Position: (3, 34)
[1450068476527] Direction: (0, 1)
______________
[1450068476628] NearObjects size: 0
[1450068476628] NearObjectsToExtinguish: 0
[1450068476628] Current position: (5, 33)
[1450068476628] Desired Position: (5, 36)
[1450068476628] Direction: (0, 1)
______________
[1450068476628] NearObjects size: 1
[1450068476628] NearObjectsToExtinguish: 1
[1450068476628] Current position: (3, 31)
[1450068476628] Desired Position: (3, 34)
[1450068476628] Direction: (0, 1)
______________
[1450068476728] NearObjects size: 0
[1450068476728] NearObjectsToExtinguish: 0
[1450068476728] NearObjects size: 1
[1450068476728] NearObjectsToExtinguish: 0
[1450068476728] Current position: (5, 34)
[1450068476728] Desired Position: (5, 36)
[1450068476728] Direction: (0, 1)
______________
[1450068476728] Current position: (3, 31)
[1450068476728] Desired Position: (3, 34)
[1450068476728] Direction: (0, 0)
______________
[1450068476828] NearObjects size: 0
[1450068476828] NearObjectsToExtinguish: 0
[1450068476828] Current position: (5, 35)
[1450068476828] NearObjects size: 0
[1450068476828] Desired Position: (5, 36)
[1450068476828] NearObjectsToExtinguish: 0
[1450068476828] Direction: (0, 1)
______________
[1450068476828] Current position: (3, 31)
[1450068476828] Desired Position: (3, 34)
[1450068476828] Direction: (0, 0)
______________
[1450068476929] NearObjects size: 0
[1450068476929] NearObjectsToExtinguish: 0
[1450068476929] Current position: (5, 36)
[1450068476929] NearObjects size: 1
[1450068476929] NearObjectsToExtinguish: 1
[1450068476929] Desired Position: (5, 36)
[1450068476929] Direction: (0, 1)
[1450068476929] Current position: (3, 32)
[1450068476929] Desired Position: (3, 34)
[1450068476929] Direction: (0, 1)
______________
______________
A person was saved on: (5, 36)
[1450068477030] NearObjects size: 0
[1450068477030] NearObjectsToExtinguish: 0
[1450068477030] NearObjects size: 1
[1450068477030] NearObjectsToExtinguish: 0
[1450068477030] Current position: (5, 36)
[1450068477030] Desired Position: (5, 36)
[1450068477030] Current position: (3, 32)
[1450068477030] Desired Position: (3, 34)
[1450068477030] Direction: (0, 0)
______________
[1450068477030] Direction: (0, 0)
______________
[1450068477130] NearObjects size: 0
[1450068477130] NearObjectsToExtinguish: 0
[1450068477130] NearObjects size: 0
[1450068477130] NearObjectsToExtinguish: 0
[1450068477130] Current position: (5, 36)
[1450068477130] Desired Position: (null)
[1450068477130] Direction: (0, 0)
______________
[1450068477130] Current position: (3, 32)
[1450068477130] Desired Position: (3, 34)
[1450068477130] Direction: (0, 0)
______________
[1450068477230] NearObjects size: 1
[1450068477230] NearObjects size: 2
[1450068477230] NearObjectsToExtinguish: 1
[1450068477230] Current position: (3, 33)
[1450068477230] NearObjectsToExtinguish: 1
[1450068477230] Current position: (4, 35)
[1450068477230] Desired Position: (3, 34)
[1450068477230] Desired Position: (3, 34)
[1450068477230] Direction: (-1, -1)
______________
[1450068477230] Direction: (0, 1)
______________
[1450068477330] NearObjects size: 2
[1450068477330] NearObjectsToExtinguish: 0
[1450068477330] NearObjects size: 1
[1450068477330] NearObjectsToExtinguish: 0
[1450068477330] Current position: (4, 35)
[1450068477330] Current position: (3, 33)
[1450068477330] Desired Position: (3, 34)
[1450068477330] Desired Position: (3, 34)
[1450068477330] Direction: (0, 0)
______________
[1450068477330] Direction: (0, 0)
______________
[1450068477431] NearObjects size: 1
[1450068477431] NearObjectsToExtinguish: 0
[1450068477431] Current position: (4, 35)
[1450068477431] Desired Position: (3, 34)
[1450068477431] NearObjects size: 0
[1450068477431] NearObjectsToExtinguish: 0
[1450068477431] Direction: (0, 0)
______________
[1450068477431] Current position: (3, 33)
[1450068477431] Desired Position: (3, 34)
[1450068477431] Direction: (0, 0)
______________
[1450068477531] NearObjects size: 0
[1450068477531] NearObjects size: 0
[1450068477531] NearObjectsToExtinguish: 0
[1450068477531] NearObjectsToExtinguish: 0
[1450068477531] Current position: (3, 34)
[1450068477531] Desired Position: (3, 34)
[1450068477531] Direction: (0, 1)
______________
[1450068477531] Current position: (4, 35)
[1450068477531] Desired Position: (3, 34)
[1450068477531] Direction: (0, 0)
______________
[1450068477631] NearObjects size: 0
[1450068477631] NearObjectsToExtinguish: 0
[1450068477631] Current position: (3, 34)
[1450068477631] Desired Position: (3, 34)
[1450068477631] Direction: (-1, -1)
______________
[1450068477631] NearObjects size: 0
[1450068477631] NearObjectsToExtinguish: 0
[1450068477631] Current position: (3, 34)
[1450068477631] Desired Position: (null)
[1450068477631] Direction: (0, 0)
______________
[1450068477731] NearObjects size: 0
[1450068477731] NearObjectsToExtinguish: 0
[1450068477731] NearObjects size: 0
[1450068477731] NearObjectsToExtinguish: 0
[1450068477731] Current position: (3, 34)
[1450068477731] Desired Position: (null)
[1450068477731] Direction: (null)
______________
[1450068477731] Current position: (3, 34)
[1450068477731] Desired Position: (null)
[1450068477731] Direction: (0, 0)
______________
[1450068477832] NearObjects size: 0
[1450068477832] NearObjectsToExtinguish: 0
[1450068477832] Current position: (3, 34)
[1450068477832] Desired Position: (null)
[1450068477832] Direction: (null)
______________
Debug file: logs/14_47_2015_04_47_59.log
