[STARTING RUN OF logs/14_49_2015_04_49_39.log ]


[1450068579511] Initializing FireProcess
[1450068579511] Getting Fire first element
[1450068579511] Initialize clock.
[1450068580038] NearObjects size: 0
[1450068580038] NearObjects size: 0
[1450068580038] NearObjectsToExtinguish: 0
[1450068580038] NearObjectsToExtinguish: 0
[1450068580038] Current position: (20, 25)
[1450068580038] Current position: (20, 11)
[1450068580038] Desired Position: (26, 19)
[1450068580038] Desired Position: (26, 19)
[1450068580038] Direction: (1, -1)
[1450068580038] Direction: (1, 1)
______________
______________
[1450068580139] NearObjects size: 0
[1450068580139] NearObjectsToExtinguish: 0
[1450068580139] Current position: (21, 12)
[1450068580139] Desired Position: (26, 19)
[1450068580139] Direction: (1, 1)
______________
[1450068580139] NearObjects size: 0
[1450068580139] NearObjectsToExtinguish: 0
[1450068580139] Current position: (21, 24)
[1450068580139] Desired Position: (26, 19)
[1450068580139] Direction: (1, -1)
______________
[1450068580239] NearObjects size: 0
[1450068580239] NearObjects size: 0
[1450068580239] NearObjectsToExtinguish: 0
[1450068580239] Current position: (22, 23)
[1450068580239] Desired Position: (26, 19)
[1450068580239] NearObjectsToExtinguish: 0
[1450068580239] Direction: (1, -1)
______________
[1450068580239] Current position: (22, 13)
[1450068580239] Desired Position: (26, 19)
[1450068580239] Direction: (1, 1)
______________
[1450068580339] NearObjects size: 0
[1450068580339] NearObjectsToExtinguish: 0
[1450068580339] Current position: (23, 14)
[1450068580339] NearObjects size: 0
[1450068580339] NearObjectsToExtinguish: 0
[1450068580339] Desired Position: (26, 19)
[1450068580339] Current position: (23, 22)
[1450068580339] Direction: (1, 1)
______________
[1450068580339] Desired Position: (26, 19)
[1450068580339] Direction: (1, -1)
______________
[1450068580441] NearObjects size: 0
[1450068580441] NearObjects size: 0
[1450068580441] NearObjectsToExtinguish: 0
[1450068580441] NearObjectsToExtinguish: 0
[1450068580441] Current position: (24, 21)
[1450068580441] Current position: (24, 15)
[1450068580441] Desired Position: (26, 19)
[1450068580441] Desired Position: (26, 19)
[1450068580441] Direction: (1, -1)
______________
[1450068580441] Direction: (1, 1)
______________
[1450068580541] NearObjects size: 0
[1450068580541] NearObjects size: 3
[1450068580541] NearObjectsToExtinguish: 0
[1450068580541] NearObjectsToExtinguish: 2
[1450068580541] Current position: (25, 20)
[1450068580541] Desired Position: (26, 19)
[1450068580541] Current position: (25, 16)
[1450068580541] Direction: (1, -1)
______________
[1450068580541] Desired Position: (26, 19)
[1450068580541] Direction: (1, 1)
______________
[1450068580641] NearObjects size: 1
[1450068580641] NearObjectsToExtinguish: 0
[1450068580641] Current position: (26, 17)
[1450068580641] Desired Position: (26, 19)
[1450068580641] Direction: (1, 1)
______________
[1450068580641] NearObjects size: 3
[1450068580641] NearObjectsToExtinguish: 1
[1450068580641] Current position: (25, 20)
[1450068580641] Desired Position: (26, 19)
[1450068580641] Direction: (0, 0)
______________
[1450068580742] NearObjects size: 2
[1450068580742] NearObjectsToExtinguish: 1
[1450068580742] Current position: (25, 18)
[1450068580742] Desired Position: (26, 19)
[1450068580742] Direction: (-1, 1)
______________
[1450068580741] NearObjects size: 3
[1450068580741] NearObjectsToExtinguish: 0
[1450068580741] Current position: (25, 20)
[1450068580741] Desired Position: (26, 19)
[1450068580741] Direction: (0, 0)
______________
[1450068580841] NearObjects size: 4
[1450068580841] NearObjectsToExtinguish: 1
[1450068580841] Current position: (26, 19)
[1450068580841] Desired Position: (26, 19)
[1450068580841] Direction: (1, -1)
______________
[1450068580842] NearObjects size: 3
[1450068580842] NearObjectsToExtinguish: 1
[1450068580842] Current position: (25, 18)
[1450068580842] Desired Position: (26, 19)
[1450068580842] Direction: (0, 0)
______________
[1450068580941] NearObjects size: 4
[1450068580941] NearObjectsToExtinguish: 1
[1450068580941] Current position: (26, 19)
[1450068580941] Desired Position: (null)
[1450068580941] Direction: (0, 0)
______________
[1450068580942] NearObjects size: 3
[1450068580942] NearObjectsToExtinguish: 0
[1450068580942] Current position: (25, 18)
[1450068580942] Desired Position: (26, 19)
[1450068580942] Direction: (0, 0)
______________
[Fireman 1605] - Accept a rescue request from [Person 1609]
[1450068581041] NearObjects size: 4
[1450068581041] NearObjectsToExtinguish: 0
[1450068581041] Current position: (26, 19)
[1450068581041] Desired Position: (null)
[1450068581041] Direction: (0, 0)
______________
[1450068581042] NearObjects size: 2
[1450068581042] NearObjectsToExtinguish: 0
[1450068581042] Current position: (24, 17)
[1450068581042] Desired Position: (21, 14)
[1450068581042] Direction: (-1, -1)
______________
[1450068581143] NearObjects size: 0
[1450068581143] NearObjectsToExtinguish: 0
[1450068581143] NearObjects size: 3
[1450068581143] NearObjectsToExtinguish: 0
[1450068581143] Current position: (23, 16)
[1450068581143] Desired Position: (21, 14)
[1450068581143] Current position: (26, 19)
[1450068581143] Desired Position: (null)
[1450068581143] Direction: (-1, -1)
______________
[1450068581143] Direction: (0, 0)
______________
[1450068581243] NearObjects size: 0
[1450068581243] NearObjectsToExtinguish: 0
[1450068581243] NearObjects size: 2
[1450068581243] NearObjectsToExtinguish: 0
[1450068581243] Current position: (22, 15)
[1450068581243] Desired Position: (21, 14)
[1450068581243] Current position: (26, 19)
[1450068581243] Desired Position: (null)
[1450068581243] Direction: (-1, -1)
______________
[1450068581243] Direction: (0, 0)
______________
[1450068581344] NearObjects size: 1
[1450068581344] NearObjectsToExtinguish: 0
[1450068581344] Current position: (26, 19)
[1450068581344] Desired Position: (null)
[1450068581344] Direction: (0, 0)
______________
[1450068581344] NearObjects size: 0
[1450068581344] NearObjectsToExtinguish: 0
[1450068581344] Current position: (21, 14)
[1450068581344] Desired Position: (21, 14)
[1450068581344] Direction: (-1, -1)
______________
[1450068581445] NearObjects size: 0
[1450068581445] NearObjectsToExtinguish: 0
[1450068581445] Current position: (26, 19)
[1450068581445] Desired Position: (null)
[1450068581445] Direction: (0, 0)
______________
[1450068581445] NearObjects size: 0
[1450068581445] NearObjectsToExtinguish: 0
[1450068581445] Current position: (21, 14)
[1450068581445] Desired Position: (21, 14)
[1450068581445] Direction: (0, 0)
______________
A person was saved on: (21, 14)
[1450068581545] NearObjects size: 0
[1450068581545] NearObjectsToExtinguish: 0
[1450068581545] Current position: (21, 14)
[1450068581545] Desired Position: (null)
[1450068581545] Direction: (0, 0)
______________
[1450068581545] NearObjects size: 0
[1450068581545] NearObjectsToExtinguish: 0
[1450068581545] Current position: (27, 18)
[1450068581545] Desired Position: (35, 3)
[1450068581545] Direction: (1, -1)
______________
[1450068581645] NearObjects size: 0
[1450068581645] NearObjectsToExtinguish: 0
[1450068581645] NearObjects size: 0
[1450068581645] NearObjectsToExtinguish: 0
[1450068581645] Current position: (22, 13)
[1450068581645] Desired Position: (34, 1)
[1450068581645] Current position: (28, 17)
[1450068581645] Desired Position: (35, 3)
[1450068581645] Direction: (1, -1)
______________
[1450068581645] Direction: (1, -1)
______________
[1450068581745] NearObjects size: 0
[1450068581745] NearObjectsToExtinguish: 0
[1450068581745] NearObjects size: 0
[1450068581745] NearObjectsToExtinguish: 0
[1450068581745] Current position: (23, 12)
[1450068581745] Desired Position: (34, 1)
[1450068581745] Current position: (29, 16)
[1450068581745] Desired Position: (35, 3)
[1450068581745] Direction: (1, -1)
______________
[1450068581745] Direction: (1, -1)
______________
[1450068581846] NearObjects size: 0
[1450068581846] NearObjectsToExtinguish: 0
[1450068581846] NearObjects size: 0
[1450068581846] NearObjectsToExtinguish: 0
[1450068581846] Current position: (24, 11)
[1450068581846] Desired Position: (34, 1)
[1450068581846] Current position: (30, 15)
[1450068581846] Desired Position: (35, 3)
[1450068581846] Direction: (1, -1)
______________
[1450068581846] Direction: (1, -1)
______________
[1450068581951] NearObjects size: 0
[1450068581951] NearObjectsToExtinguish: 0
[1450068581951] Current position: (25, 10)
[1450068581951] NearObjects size: 0
[1450068581951] Desired Position: (34, 1)
[1450068581951] NearObjectsToExtinguish: 0
[1450068581951] Current position: (31, 14)
[1450068581951] Direction: (1, -1)
______________
[1450068581951] Desired Position: (35, 3)
[1450068581951] Direction: (1, -1)
______________
[1450068582053] NearObjects size: 0
[1450068582053] NearObjectsToExtinguish: 0
[1450068582053] Current position: (32, 13)
[1450068582053] Desired Position: (35, 3)
[1450068582053] Direction: (1, -1)
______________
[1450068582053] NearObjects size: 0
[1450068582053] NearObjectsToExtinguish: 0
[1450068582053] Current position: (26, 9)
[1450068582053] Desired Position: (34, 1)
[1450068582053] Direction: (1, -1)
______________
[1450068582153] NearObjects size: 0
[1450068582153] NearObjectsToExtinguish: 0
[1450068582153] Current position: (33, 12)
[1450068582153] NearObjects size: 0
[1450068582153] Desired Position: (35, 3)
[1450068582153] Direction: (1, -1)
______________
[1450068582153] NearObjectsToExtinguish: 0
[1450068582153] Current position: (27, 8)
[1450068582153] Desired Position: (34, 1)
[1450068582153] Direction: (1, -1)
______________
[1450068582254] NearObjects size: 0
[1450068582254] NearObjectsToExtinguish: 0
[1450068582254] Current position: (28, 7)
[1450068582254] NearObjects size: 0
[1450068582254] NearObjectsToExtinguish: 0
[1450068582254] Current position: (34, 11)
[1450068582254] Desired Position: (35, 3)
[1450068582254] Direction: (1, -1)
______________
[1450068582254] Desired Position: (34, 1)
[1450068582254] Direction: (1, -1)
______________
[1450068582354] NearObjects size: 0
[1450068582354] NearObjects size: 0
[1450068582354] NearObjectsToExtinguish: 0
[1450068582354] NearObjectsToExtinguish: 0
[1450068582354] Current position: (35, 10)
[1450068582354] Current position: (29, 6)
[1450068582354] Desired Position: (35, 3)
[1450068582354] Desired Position: (34, 1)
[1450068582354] Direction: (1, -1)
______________
[1450068582354] Direction: (1, -1)
______________
[1450068582454] NearObjects size: 0
[1450068582454] NearObjectsToExtinguish: 0
[1450068582454] NearObjects size: 0
[1450068582454] NearObjectsToExtinguish: 0
[1450068582454] Current position: (35, 9)
[1450068582454] Current position: (30, 5)
[1450068582454] Desired Position: (35, 3)
[1450068582454] Desired Position: (34, 1)
[1450068582454] Direction: (1, -1)
______________
[1450068582454] Direction: (0, -1)
______________
[1450068582554] NearObjects size: 0
[1450068582554] NearObjectsToExtinguish: 0
[1450068582554] NearObjects size: 0
[1450068582554] NearObjectsToExtinguish: 0
[1450068582554] Current position: (35, 8)
[1450068582554] Current position: (31, 4)
[1450068582554] Desired Position: (35, 3)
[1450068582554] Direction: (0, -1)
______________
[1450068582554] Desired Position: (34, 1)
[1450068582554] Direction: (1, -1)
______________
[1450068582654] NearObjects size: 0
[1450068582654] NearObjectsToExtinguish: 0
[1450068582654] Current position: (35, 7)
[1450068582654] Desired Position: (35, 3)
[1450068582654] Direction: (0, -1)
______________
[1450068582654] NearObjects size: 0
[1450068582654] NearObjectsToExtinguish: 0
[1450068582654] Current position: (32, 3)
[1450068582654] Desired Position: (34, 1)
[1450068582654] Direction: (1, -1)
______________
[1450068582754] NearObjects size: 0
[1450068582754] NearObjectsToExtinguish: 0
[1450068582754] NearObjects size: 3
[1450068582754] NearObjectsToExtinguish: 2
[1450068582754] Current position: (33, 2)
[1450068582754] Desired Position: (34, 1)
[1450068582754] Direction: (1, -1)
______________
[1450068582754] Current position: (35, 6)
[1450068582754] Desired Position: (35, 3)
[1450068582754] Direction: (0, -1)
______________
[1450068582854] NearObjects size: 0
[1450068582854] NearObjectsToExtinguish: 0
[1450068582854] Current position: (35, 5)
[1450068582854] Desired Position: (35, 3)
[1450068582854] NearObjects size: 5
[1450068582854] NearObjectsToExtinguish: 1
[1450068582854] Direction: (0, -1)
______________
[1450068582854] Current position: (33, 2)
[1450068582854] Desired Position: (34, 1)
[1450068582854] Direction: (0, 0)
______________
[1450068582954] NearObjects size: 3
[1450068582954] NearObjectsToExtinguish: 1
[1450068582954] NearObjects size: 5
[1450068582954] NearObjectsToExtinguish: 0
[1450068582954] Current position: (33, 2)
[1450068582954] Current position: (35, 4)
[1450068582954] Desired Position: (35, 3)
[1450068582954] Desired Position: (34, 1)
[1450068582954] Direction: (0, 0)
______________
[1450068582954] Direction: (0, -1)
______________
[1450068583054] NearObjects size: 4
[1450068583054] NearObjectsToExtinguish: 0
[1450068583054] Current position: (33, 2)
[1450068583054] Desired Position: (34, 1)
[1450068583054] Direction: (0, 0)
______________
[1450068583054] NearObjects size: 3
[1450068583054] NearObjectsToExtinguish: 0
[1450068583054] Current position: (35, 4)
[1450068583054] Desired Position: (35, 3)
[1450068583054] Direction: (0, 0)
______________
[1450068583154] NearObjects size: 3
[1450068583154] NearObjects size: 6
[1450068583154] NearObjectsToExtinguish: 3
[1450068583154] NearObjectsToExtinguish: 0
[1450068583154] Current position: (33, 2)
[1450068583154] Current position: (36, 3)
[1450068583154] Desired Position: (35, 3)
[1450068583154] Desired Position: (34, 1)
[1450068583154] Direction: (0, 0)
[1450068583154] Direction: (1, -1)
______________
______________
[1450068583254] NearObjects size: 3
[1450068583254] NearObjectsToExtinguish: 2
[1450068583254] NearObjects size: 6
[1450068583254] Current position: (34, 1)
[1450068583254] Desired Position: (34, 1)
[1450068583254] NearObjectsToExtinguish: 2
[1450068583254] Current position: (36, 3)
[1450068583254] Desired Position: (35, 3)
[1450068583254] Direction: (0, 0)
______________
[1450068583254] Direction: (1, -1)
______________
[1450068583354] NearObjects size: 3
[1450068583354] NearObjectsToExtinguish: 2
[1450068583354] NearObjects size: 6
[1450068583354] NearObjectsToExtinguish: 1
[1450068583354] Current position: (34, 1)
[1450068583354] Desired Position: (null)
[1450068583354] Direction: (0, 0)
______________
[1450068583354] Current position: (36, 3)
[1450068583354] Desired Position: (35, 3)
[1450068583354] Direction: (0, 0)
______________
[1450068583454] NearObjects size: 3
[1450068583454] NearObjectsToExtinguish: 1
[1450068583454] Current position: (34, 1)
[1450068583454] Desired Position: (null)
[1450068583454] Direction: (0, 0)
[1450068583454] NearObjects size: 6
[1450068583454] NearObjectsToExtinguish: 0
______________
[1450068583454] Current position: (36, 3)
[1450068583454] Desired Position: (35, 3)
[1450068583454] Direction: (0, 0)
______________
[1450068583554] NearObjects size: 5
[1450068583554] NearObjectsToExtinguish: 0
[1450068583554] Current position: (36, 3)
[1450068583554] Desired Position: (35, 3)
[1450068583554] Direction: (0, 0)
______________
[1450068583554] NearObjects size: 3
[1450068583554] NearObjectsToExtinguish: 0
[1450068583554] Current position: (34, 1)
[1450068583554] Desired Position: (null)
[1450068583554] Direction: (0, 0)
______________
[1450068583654] NearObjects size: 4
[1450068583654] NearObjectsToExtinguish: 1
[1450068583654] NearObjects size: 4
[1450068583654] NearObjectsToExtinguish: 1
[1450068583654] Current position: (35, 2)
[1450068583654] Desired Position: (35, 3)
[1450068583654] Current position: (35, 2)
[1450068583654] Desired Position: (null)
[1450068583654] Direction: (1, 1)
______________
[1450068583654] Direction: (-1, -1)
______________
[1450068583754] NearObjects size: 4
[1450068583754] NearObjectsToExtinguish: 0
[1450068583754] NearObjects size: 4
[1450068583754] NearObjectsToExtinguish: 0
[1450068583754] Current position: (35, 2)
[1450068583754] Desired Position: (null)
[1450068583754] Current position: (35, 2)
[1450068583754] Direction: (0, 0)
______________
[1450068583754] Desired Position: (35, 3)
[1450068583754] Direction: (0, 0)
______________
[1450068583854] NearObjects size: 3
[1450068583854] NearObjectsToExtinguish: 0
[1450068583854] Current position: (35, 2)
[1450068583854] Desired Position: (null)
[1450068583854] Direction: (0, 0)
______________
[1450068583854] NearObjects size: 3
[1450068583854] NearObjectsToExtinguish: 0
[1450068583854] Current position: (35, 2)
[1450068583854] Desired Position: (35, 3)
[1450068583854] Direction: (0, 0)
______________
[1450068583955] NearObjects size: 2
[1450068583955] NearObjectsToExtinguish: 0
[1450068583955] NearObjects size: 2
[1450068583955] NearObjectsToExtinguish: 0
[1450068583955] Current position: (35, 2)
[1450068583955] Desired Position: (null)
[1450068583955] Direction: (0, 0)
[1450068583955] Current position: (35, 2)
[1450068583955] Desired Position: (35, 3)
[1450068583955] Direction: (0, 0)
______________
______________
[1450068584055] NearObjects size: 1
[1450068584055] NearObjects size: 1
[1450068584055] NearObjectsToExtinguish: 0
[1450068584055] NearObjectsToExtinguish: 0
[1450068584055] Current position: (35, 2)
[1450068584055] Desired Position: (null)
[1450068584055] Direction: (0, 0)
______________
[1450068584055] Current position: (35, 2)
[1450068584055] Desired Position: (35, 3)
[1450068584055] Direction: (0, 0)
______________
[1450068584155] NearObjects size: 3
[1450068584155] NearObjectsToExtinguish: 2
[1450068584155] NearObjects size: 3
[1450068584155] NearObjectsToExtinguish: 2
[1450068584155] Current position: (34, 3)
[1450068584155] Desired Position: (35, 3)
[1450068584155] Direction: (-1, 1)
______________
[1450068584155] Current position: (34, 3)
[1450068584155] Desired Position: (null)
[1450068584155] Direction: (-1, 1)
______________
[1450068584255] NearObjects size: 3
[1450068584255] NearObjectsToExtinguish: 1
[1450068584255] NearObjects size: 3
[1450068584255] NearObjectsToExtinguish: 1
[1450068584255] Current position: (34, 3)
[1450068584255] Desired Position: (35, 3)
[1450068584255] Direction: (0, 0)
[1450068584255] Current position: (34, 3)
[1450068584255] Desired Position: (null)
______________
[1450068584255] Direction: (0, 0)
______________
[1450068584355] NearObjects size: 3
[1450068584355] NearObjectsToExtinguish: 0
[1450068584355] NearObjects size: 3
[1450068584355] NearObjectsToExtinguish: 0
[1450068584355] Current position: (34, 3)
[1450068584355] Desired Position: (35, 3)
[1450068584355] Current position: (34, 3)
[1450068584355] Desired Position: (null)
[1450068584355] Direction: (0, 0)
______________
[1450068584355] Direction: (0, 0)
______________
[1450068584455] NearObjects size: 2
[1450068584455] NearObjectsToExtinguish: 0
[1450068584455] NearObjects size: 2
[1450068584455] NearObjectsToExtinguish: 0
[1450068584455] Current position: (34, 3)
[1450068584455] Desired Position: (null)
[1450068584455] Direction: (0, 0)
______________
[1450068584455] Current position: (34, 3)
[1450068584455] Desired Position: (35, 3)
[1450068584455] Direction: (0, 0)
______________
[1450068584555] NearObjects size: 1
[1450068584555] NearObjectsToExtinguish: 0
[1450068584555] Current position: (34, 3)
[1450068584555] Desired Position: (35, 3)
[1450068584555] NearObjects size: 1
[1450068584555] NearObjectsToExtinguish: 0
[1450068584555] Direction: (0, 0)
______________
[1450068584555] Current position: (34, 3)
[1450068584555] Desired Position: (null)
[1450068584555] Direction: (0, 0)
______________
[1450068584655] NearObjects size: 2
[1450068584655] NearObjectsToExtinguish: 1
[1450068584655] NearObjects size: 2
[1450068584655] NearObjectsToExtinguish: 1
[1450068584655] Current position: (33, 2)
[1450068584655] Desired Position: (null)
[1450068584655] Current position: (33, 2)
[1450068584655] Desired Position: (35, 3)
[1450068584655] Direction: (-1, -1)
______________
[1450068584655] Direction: (-1, -1)
______________
[1450068584755] NearObjects size: 2
[1450068584755] NearObjectsToExtinguish: 0
[1450068584755] NearObjects size: 2
[1450068584755] NearObjectsToExtinguish: 0
[1450068584755] Current position: (33, 2)
[1450068584755] Desired Position: (null)
[1450068584755] Current position: (33, 2)
[1450068584755] Desired Position: (35, 3)
[1450068584755] Direction: (0, 0)
______________
[1450068584755] Direction: (0, 0)
______________
[1450068584855] NearObjects size: 1
[1450068584855] NearObjectsToExtinguish: 0
[1450068584855] Current position: (33, 2)
[1450068584855] Desired Position: (null)
[1450068584855] NearObjects size: 1
[1450068584855] NearObjectsToExtinguish: 0
[1450068584855] Current position: (33, 2)
[1450068584855] Desired Position: (35, 3)
[1450068584855] Direction: (0, 0)
______________
[1450068584855] Direction: (0, 0)
______________
[1450068584955] NearObjects size: 2
[1450068584955] NearObjectsToExtinguish: 2
[1450068584955] NearObjects size: 2
[1450068584955] Current position: (32, 1)
[1450068584955] NearObjectsToExtinguish: 2
[1450068584955] Desired Position: (35, 3)
[1450068584955] Current position: (32, 1)
[1450068584955] Direction: (-1, -1)
______________
[1450068584955] Desired Position: (null)
[1450068584955] Direction: (-1, -1)
______________
[1450068585055] NearObjects size: 2
[1450068585055] NearObjectsToExtinguish: 1
[1450068585055] NearObjects size: 2
[1450068585055] NearObjectsToExtinguish: 1
[1450068585055] Current position: (32, 1)
[1450068585055] Desired Position: (null)
[1450068585055] Current position: (32, 1)
[1450068585055] Desired Position: (35, 3)
[1450068585055] Direction: (0, 0)
______________
[1450068585055] Direction: (0, 0)
______________
[1450068585155] NearObjects size: 2
[1450068585155] NearObjectsToExtinguish: 0
[1450068585155] NearObjects size: 2
[1450068585155] NearObjectsToExtinguish: 0
[1450068585155] Current position: (32, 1)
[1450068585155] Desired Position: (35, 3)
[1450068585155] Current position: (32, 1)
[1450068585155] Desired Position: (null)
[1450068585155] Direction: (0, 0)
______________
[1450068585155] Direction: (0, 0)
______________
[1450068585255] NearObjects size: 1
[1450068585255] NearObjectsToExtinguish: 0
[1450068585255] NearObjects size: 1
[1450068585255] NearObjectsToExtinguish: 0
[1450068585255] Current position: (32, 1)
[1450068585255] Desired Position: (null)
[1450068585255] Current position: (32, 1)
[1450068585255] Desired Position: (35, 3)
[1450068585255] Direction: (0, 0)
______________
[1450068585255] Direction: (0, 0)
______________
[1450068585355] NearObjects size: 0
[1450068585355] NearObjectsToExtinguish: 0
[1450068585355] NearObjects size: 0
[1450068585355] NearObjectsToExtinguish: 0
[1450068585355] Current position: (32, 1)
[1450068585355] Desired Position: (null)
[1450068585355] Current position: (32, 1)
[1450068585355] Desired Position: (35, 3)
[1450068585355] Direction: (0, 0)
______________
[1450068585355] Direction: (0, 0)
______________
[1450068585455] NearObjects size: 0
[1450068585455] NearObjectsToExtinguish: 0
[1450068585455] NearObjects size: 0
[1450068585455] NearObjectsToExtinguish: 0
[1450068585455] Current position: (33, 2)
[1450068585455] Desired Position: (35, 3)
[1450068585455] Current position: (33, 1)
[1450068585455] Desired Position: (37, 1)
[1450068585455] Direction: (1, 1)
______________
[1450068585455] Direction: (1, 0)
______________
[1450068585555] NearObjects size: 0
[1450068585555] NearObjects size: 0
[1450068585555] NearObjectsToExtinguish: 0
[1450068585555] NearObjectsToExtinguish: 0
[1450068585555] Current position: (34, 3)
[1450068585555] Desired Position: (35, 3)
[1450068585555] Direction: (1, 1)
______________
[1450068585555] Current position: (34, 1)
[1450068585555] Desired Position: (37, 1)
[1450068585555] Direction: (1, 0)
______________
[1450068585655] NearObjects size: 0
[1450068585655] NearObjectsToExtinguish: 0
[1450068585655] NearObjects size: 0
[1450068585655] NearObjectsToExtinguish: 0
[1450068585655] Current position: (35, 1)
[1450068585655] Current position: (35, 3)
[1450068585655] Desired Position: (35, 3)
[1450068585655] Direction: (1, 0)
______________
[1450068585655] Desired Position: (37, 1)
[1450068585655] Direction: (1, 0)
______________
[1450068585755] NearObjects size: 0
[1450068585755] NearObjectsToExtinguish: 0
[1450068585755] NearObjects size: 2
[1450068585755] Current position: (35, 3)
[1450068585755] Desired Position: (null)
[1450068585755] NearObjectsToExtinguish: 1
[1450068585755] Current position: (36, 1)
[1450068585755] Direction: (0, 0)
______________
[1450068585755] Desired Position: (37, 1)
[1450068585755] Direction: (1, 0)
______________
[1450068585855] NearObjects size: 2
[1450068585855] NearObjectsToExtinguish: 1
[1450068585855] Current position: (36, 2)
[1450068585855] Desired Position: (38, 1)
[1450068585855] Direction: (1, -1)
______________
[1450068585855] NearObjects size: 2
[1450068585855] NearObjectsToExtinguish: 0
[1450068585855] Current position: (36, 1)
[1450068585855] Desired Position: (37, 1)
[1450068585855] Direction: (0, 0)
______________
[1450068585955] NearObjects size: 1
[1450068585955] NearObjectsToExtinguish: 0
[1450068585955] Current position: (36, 1)
[1450068585955] Desired Position: (37, 1)
[1450068585955] Direction: (0, 0)
______________
[1450068585955] NearObjects size: 2
[1450068585955] NearObjectsToExtinguish: 0
[1450068585955] Current position: (36, 2)
[1450068585955] Desired Position: (38, 1)
[1450068585955] Direction: (0, 0)
______________
[1450068586055] NearObjects size: 1
[1450068586055] NearObjectsToExtinguish: 0
[1450068586055] Current position: (36, 2)
[1450068586055] NearObjects size: 0
[1450068586055] NearObjectsToExtinguish: 0
[1450068586055] Current position: (36, 1)
[1450068586055] Desired Position: (37, 1)
[1450068586055] Direction: (0, 0)
______________
[1450068586055] Desired Position: (38, 1)
[1450068586055] Direction: (0, 0)
______________
[1450068586155] NearObjects size: 0
[1450068586155] NearObjects size: 1
[1450068586155] NearObjectsToExtinguish: 1
[1450068586155] NearObjectsToExtinguish: 0
[1450068586155] Current position: (37, 1)
[1450068586155] Desired Position: (37, 1)
[1450068586155] Current position: (36, 2)
[1450068586155] Desired Position: (38, 1)
[1450068586155] Direction: (1, 0)
______________
[1450068586155] Direction: (0, 0)
______________
[1450068586255] NearObjects size: 1
[1450068586255] NearObjectsToExtinguish: 1
[1450068586255] Current position: (37, 1)
[1450068586255] Desired Position: (null)
[1450068586255] NearObjects size: 1
[1450068586255] NearObjectsToExtinguish: 1
[1450068586255] Direction: (0, 0)
______________
[1450068586255] Current position: (37, 1)
[1450068586255] Desired Position: (38, 1)
[1450068586255] Direction: (1, -1)
______________
[1450068586355] NearObjects size: 1
[1450068586355] NearObjectsToExtinguish: 0
[1450068586355] NearObjects size: 1
[1450068586355] NearObjectsToExtinguish: 0
[1450068586355] Current position: (37, 1)
[1450068586355] Desired Position: (38, 1)
[1450068586355] Current position: (37, 1)
[1450068586355] Desired Position: (null)
[1450068586355] Direction: (0, 0)
______________
[1450068586355] Direction: (0, 0)
______________
[1450068586455] NearObjects size: 0
[1450068586455] NearObjectsToExtinguish: 0
[1450068586455] Current position: (37, 1)
[1450068586455] Desired Position: (null)
[1450068586455] Direction: (0, 0)
______________
[1450068586455] NearObjects size: 0
[1450068586455] NearObjectsToExtinguish: 0
[1450068586455] Current position: (37, 1)
[1450068586455] Desired Position: (38, 1)
[1450068586455] Direction: (0, 0)
______________
[1450068586555] NearObjects size: 1
[1450068586555] NearObjectsToExtinguish: 1
[1450068586555] Current position: (38, 1)
[1450068586555] Desired Position: (38, 1)
[1450068586555] NearObjects size: 1
[1450068586555] NearObjectsToExtinguish: 1
[1450068586555] Current position: (38, 1)
[1450068586555] Direction: (1, 0)
______________
[1450068586555] Desired Position: (39, 1)
[1450068586555] Direction: (1, 0)
______________
[1450068586655] NearObjects size: 1
[1450068586655] NearObjects size: 1
[1450068586655] NearObjectsToExtinguish: 0
[1450068586655] NearObjectsToExtinguish: 1
[1450068586655] Current position: (38, 1)
[1450068586655] Desired Position: (null)
[1450068586655] Direction: (0, 0)
______________
[1450068586655] Current position: (38, 1)
[1450068586655] Desired Position: (39, 1)
[1450068586655] Direction: (0, 0)
______________
[1450068586755] NearObjects size: 0
[1450068586755] NearObjectsToExtinguish: 0
[1450068586755] Current position: (38, 1)
[1450068586755] Desired Position: (39, 1)
[1450068586755] Direction: (0, 0)
______________
[1450068586755] NearObjects size: 1
[1450068586755] NearObjectsToExtinguish: 0
[1450068586755] Current position: (38, 1)
[1450068586755] Desired Position: (null)
[1450068586755] Direction: (0, 0)
______________
[1450068586855] NearObjects size: 0
[1450068586855] NearObjectsToExtinguish: 0
[1450068586855] NearObjects size: 0
[1450068586855] NearObjectsToExtinguish: 0
[1450068586855] Current position: (39, 1)
[1450068586855] Desired Position: (39, 1)
[1450068586855] Direction: (1, 0)
______________
[1450068586855] Current position: (38, 1)
[1450068586855] Desired Position: (null)
[1450068586855] Direction: (0, 0)
______________
[1450068586955] NearObjects size: 0
[1450068586955] NearObjectsToExtinguish: 0
[1450068586955] NearObjects size: 0
[1450068586955] NearObjectsToExtinguish: 0
[1450068586955] Current position: (38, 1)
[1450068586955] Desired Position: (null)
[1450068586955] Direction: (null)
______________
[1450068586955] Current position: (39, 1)
[1450068586955] Desired Position: (null)
[1450068586955] Direction: (0, 0)
______________
[1450068587055] NearObjects size: 0
[1450068587055] NearObjectsToExtinguish: 0
[1450068587055] Current position: (39, 1)
[1450068587055] Desired Position: (null)
[1450068587055] Direction: (null)
______________
Debug file: logs/14_49_2015_04_49_49.log
