[STARTING RUN OF logs/14_48_2015_04_48_09.log ]


[1450068489346] Initializing FireProcess
[1450068489346] Getting Fire first element
[1450068489346] Initialize clock.
[1450068489355] NearObjects size: 0
[1450068489355] NearObjectsToExtinguish: 0
[1450068489355] Current position: (32, 7)
[1450068489355] Desired Position: (21, 7)
[1450068489355] Direction: (-1, 0)
______________
[1450068489361] NearObjects size: 0
[1450068489361] NearObjectsToExtinguish: 0
[1450068489361] Current position: (21, 38)
[1450068489361] Desired Position: (21, 7)
[1450068489361] Direction: (-1, -1)
______________
[1450068489482] NearObjects size: 0
[1450068489482] NearObjectsToExtinguish: 0
[1450068489482] NearObjects size: 0
[1450068489482] NearObjectsToExtinguish: 0
[1450068489482] Current position: (21, 37)
[1450068489482] Desired Position: (21, 7)
[1450068489482] Direction: (0, -1)
______________
[1450068489482] Current position: (31, 7)
[1450068489482] Desired Position: (21, 7)
[1450068489482] Direction: (-1, 0)
______________
[1450068489582] NearObjects size: 0
[1450068489582] NearObjectsToExtinguish: 0
[1450068489582] Current position: (21, 36)
[1450068489582] Desired Position: (21, 7)
[1450068489582] Direction: (0, -1)
______________
[1450068489582] NearObjects size: 0
[1450068489582] NearObjectsToExtinguish: 0
[1450068489582] Current position: (30, 7)
[1450068489582] Desired Position: (21, 7)
[1450068489582] Direction: (-1, 0)
______________
[1450068489682] NearObjects size: 0
[1450068489682] NearObjects size: 0
[1450068489682] NearObjectsToExtinguish: 0
[1450068489682] Current position: (21, 35)
[1450068489682] NearObjectsToExtinguish: 0
[1450068489682] Current position: (29, 7)
[1450068489682] Desired Position: (21, 7)
[1450068489682] Direction: (0, -1)
______________
[1450068489682] Desired Position: (21, 7)
[1450068489682] Direction: (-1, 0)
______________
[1450068489782] NearObjects size: 0
[1450068489782] NearObjectsToExtinguish: 0
[1450068489782] Current position: (21, 34)
[1450068489782] Desired Position: (21, 7)
[1450068489782] Direction: (0, -1)
______________
[1450068489782] NearObjects size: 0
[1450068489782] NearObjectsToExtinguish: 0
[1450068489782] Current position: (28, 7)
[1450068489782] Desired Position: (21, 7)
[1450068489782] Direction: (-1, 0)
______________
[1450068489883] NearObjects size: 0
[1450068489883] NearObjectsToExtinguish: 0
[1450068489883] NearObjects size: 0
[1450068489883] NearObjectsToExtinguish: 0
[1450068489883] Current position: (21, 33)
[1450068489883] Desired Position: (21, 7)
[1450068489883] Current position: (27, 7)
[1450068489883] Desired Position: (21, 7)
[1450068489883] Direction: (0, -1)
______________
[1450068489883] Direction: (-1, 0)
______________
[1450068489983] NearObjects size: 0
[1450068489983] NearObjectsToExtinguish: 0
[1450068489983] Current position: (21, 32)
[1450068489983] Desired Position: (21, 7)
[1450068489983] Direction: (0, -1)
______________
[1450068489983] NearObjects size: 0
[1450068489983] NearObjectsToExtinguish: 0
[1450068489983] Current position: (26, 7)
[1450068489983] Desired Position: (21, 7)
[1450068489983] Direction: (-1, 0)
______________
[1450068490083] NearObjects size: 0
[1450068490083] NearObjectsToExtinguish: 0
[1450068490083] NearObjects size: 0
[1450068490083] NearObjectsToExtinguish: 0
[1450068490083] Current position: (25, 7)
[1450068490083] Desired Position: (21, 7)
[1450068490083] Direction: (-1, 0)
______________
[1450068490083] Current position: (21, 31)
[1450068490083] Desired Position: (21, 7)
[1450068490083] Direction: (0, -1)
______________
[1450068490183] NearObjects size: 0
[1450068490183] NearObjectsToExtinguish: 0
[1450068490183] Current position: (24, 7)
[1450068490183] Desired Position: (21, 7)
[1450068490183] Direction: (-1, 0)
______________
[1450068490183] NearObjects size: 0
[1450068490183] NearObjectsToExtinguish: 0
[1450068490183] Current position: (21, 30)
[1450068490183] Desired Position: (21, 7)
[1450068490183] Direction: (0, -1)
______________
[1450068490283] NearObjects size: 0
[1450068490283] NearObjectsToExtinguish: 0
[1450068490283] Current position: (21, 29)
[1450068490283] Desired Position: (21, 7)
[1450068490283] NearObjects size: 0
[1450068490283] NearObjectsToExtinguish: 0
[1450068490283] Direction: (0, -1)
______________
[1450068490283] Current position: (23, 7)
[1450068490283] Desired Position: (21, 7)
[1450068490283] Direction: (-1, 0)
______________
[1450068490383] NearObjects size: 2
[1450068490383] NearObjectsToExtinguish: 1
[1450068490383] Current position: (22, 7)
[1450068490383] Desired Position: (21, 7)
[1450068490383] Direction: (-1, 0)
______________
[1450068490383] NearObjects size: 0
[1450068490383] NearObjectsToExtinguish: 0
[1450068490383] Current position: (21, 28)
[1450068490383] Desired Position: (21, 7)
[1450068490383] Direction: (0, -1)
______________
[1450068490484] NearObjects size: 0
[1450068490484] NearObjectsToExtinguish: 0
[1450068490484] Current position: (21, 27)
[1450068490484] Desired Position: (21, 7)
[1450068490484] Direction: (0, -1)
______________
[1450068490484] NearObjects size: 2
[1450068490484] NearObjectsToExtinguish: 0
[1450068490484] Current position: (22, 7)
[1450068490484] Desired Position: (21, 7)
[1450068490484] Direction: (0, 0)
______________
[1450068490584] NearObjects size: 0
[1450068490584] NearObjectsToExtinguish: 0
[1450068490584] Current position: (21, 26)
[1450068490584] NearObjects size: 1
[1450068490584] NearObjectsToExtinguish: 0
[1450068490584] Desired Position: (21, 7)
[1450068490584] Direction: (0, -1)
[1450068490584] Current position: (22, 7)
[1450068490584] Desired Position: (21, 7)
______________
[1450068490584] Direction: (0, 0)
______________
[1450068490685] NearObjects size: 0
[1450068490685] NearObjectsToExtinguish: 0
[1450068490685] NearObjects size: 1
[1450068490685] NearObjectsToExtinguish: 1
[1450068490685] Current position: (21, 25)
[1450068490685] Desired Position: (21, 7)
[1450068490685] Current position: (21, 6)
[1450068490685] Desired Position: (21, 7)
[1450068490685] Direction: (-1, -1)
______________
[1450068490685] Direction: (0, -1)
______________
[1450068490785] NearObjects size: 0
[1450068490785] NearObjectsToExtinguish: 0
[1450068490785] Current position: (21, 24)
[1450068490785] Desired Position: (21, 7)
[1450068490785] Direction: (0, -1)
______________
[1450068490785] NearObjects size: 2
[1450068490785] NearObjectsToExtinguish: 1
[1450068490785] Current position: (21, 6)
[1450068490785] Desired Position: (21, 7)
[1450068490785] Direction: (0, 0)
______________
[1450068490886] NearObjects size: 0
[1450068490886] NearObjectsToExtinguish: 0
[1450068490886] Current position: (21, 23)
[1450068490886] Desired Position: (21, 7)
[1450068490886] Direction: (0, -1)
______________
[1450068490886] NearObjects size: 2
[1450068490886] NearObjectsToExtinguish: 0
[1450068490886] Current position: (21, 6)
[1450068490886] Desired Position: (21, 7)
[1450068490886] Direction: (0, 0)
______________
[1450068490986] NearObjects size: 0
[1450068490986] NearObjectsToExtinguish: 0
[1450068490986] Current position: (21, 22)
[1450068490986] Desired Position: (21, 7)
[1450068490986] Direction: (0, -1)
______________
[1450068490986] NearObjects size: 1
[1450068490986] NearObjectsToExtinguish: 0
[1450068490986] Current position: (21, 6)
[1450068490986] Desired Position: (21, 7)
[1450068490986] Direction: (0, 0)
______________
[1450068491086] NearObjects size: 0
[1450068491086] NearObjectsToExtinguish: 0
[1450068491086] Current position: (21, 21)
[1450068491086] NearObjects size: 0
[1450068491086] NearObjectsToExtinguish: 0
[1450068491086] Desired Position: (21, 7)
[1450068491086] Direction: (0, -1)
______________
[1450068491086] Current position: (21, 6)
[1450068491086] Desired Position: (21, 7)
[1450068491086] Direction: (0, 0)
______________
[1450068491186] NearObjects size: 0
[1450068491186] NearObjectsToExtinguish: 0
[1450068491186] Current position: (21, 7)
[1450068491186] Desired Position: (21, 7)
[1450068491186] Direction: (0, 1)
______________
[1450068491186] NearObjects size: 0
[1450068491186] NearObjectsToExtinguish: 0
[1450068491186] Current position: (21, 20)
[1450068491186] Desired Position: (21, 7)
[1450068491186] Direction: (0, -1)
______________
[1450068491286] NearObjects size: 0
[1450068491286] NearObjectsToExtinguish: 0
[1450068491286] Current position: (21, 7)
[1450068491286] Desired Position: (null)
[1450068491286] Direction: (0, 0)
______________
[1450068491286] NearObjects size: 0
[1450068491286] NearObjectsToExtinguish: 0
[1450068491286] Current position: (21, 19)
[1450068491286] Desired Position: (21, 7)
[1450068491286] Direction: (0, -1)
______________
[1450068491386] NearObjects size: 0
[1450068491386] NearObjectsToExtinguish: 0
[1450068491386] NearObjects size: 0
[1450068491386] NearObjectsToExtinguish: 0
[1450068491386] Current position: (21, 18)
[1450068491386] Desired Position: (21, 7)
[1450068491386] Current position: (21, 7)
[1450068491386] Desired Position: (null)
[1450068491386] Direction: (null)
______________
[1450068491386] Direction: (0, -1)
______________
[1450068491486] NearObjects size: 0
[1450068491486] NearObjectsToExtinguish: 0
[1450068491486] Current position: (21, 17)
[1450068491486] Desired Position: (21, 7)
[1450068491486] Direction: (0, -1)
______________
[1450068491586] NearObjects size: 0
[1450068491586] NearObjectsToExtinguish: 0
[1450068491586] Current position: (21, 16)
[1450068491586] Desired Position: (21, 7)
[1450068491586] Direction: (0, -1)
______________
[1450068491687] NearObjects size: 0
[1450068491687] NearObjectsToExtinguish: 0
[1450068491687] Current position: (21, 15)
[1450068491687] Desired Position: (21, 7)
[1450068491687] Direction: (0, -1)
______________
[1450068491787] NearObjects size: 0
[1450068491787] NearObjectsToExtinguish: 0
[1450068491787] Current position: (21, 14)
[1450068491787] Desired Position: (21, 7)
[1450068491787] Direction: (0, -1)
______________
[1450068491887] NearObjects size: 0
[1450068491887] NearObjectsToExtinguish: 0
[1450068491887] Current position: (21, 13)
[1450068491887] Desired Position: (21, 7)
[1450068491887] Direction: (0, -1)
______________
[1450068491987] NearObjects size: 0
[1450068491987] NearObjectsToExtinguish: 0
[1450068491987] Current position: (21, 12)
[1450068491987] Desired Position: (21, 7)
[1450068491987] Direction: (0, -1)
______________
[1450068492087] NearObjects size: 0
[1450068492087] NearObjectsToExtinguish: 0
[1450068492087] Current position: (21, 11)
[1450068492087] Desired Position: (21, 7)
[1450068492087] Direction: (0, -1)
______________
