[STARTING RUN OF logs/14_48_2015_04_48_01.log ]


[1450068481806] Initializing FireProcess
[1450068481806] Getting Fire first element
[1450068481806] Initialize clock.
[1450068481818] NearObjects size: 0
[1450068481818] NearObjectsToExtinguish: 0
[1450068481818] Current position: (29, 18)
[1450068481818] Desired Position: (29, 30)
[1450068481818] Direction: (-1, 1)
______________
[1450068481810] NearObjects size: 0
[1450068481810] NearObjectsToExtinguish: 0
[1450068481810] Current position: (29, 35)
[1450068481810] Desired Position: (29, 30)
[1450068481810] Direction: (-1, -1)
______________
[1450068481939] NearObjects size: 0
[1450068481939] NearObjectsToExtinguish: 0
[1450068481939] NearObjects size: 0
[1450068481939] NearObjectsToExtinguish: 0
[1450068481939] Current position: (29, 19)
[1450068481939] Current position: (29, 34)
[1450068481939] Desired Position: (29, 30)
[1450068481939] Desired Position: (29, 30)
[1450068481939] Direction: (0, 1)
______________
[1450068481939] Direction: (0, -1)
______________
[1450068482039] NearObjects size: 0
[1450068482039] NearObjectsToExtinguish: 0
[1450068482039] Current position: (29, 20)
[1450068482039] NearObjects size: 0
[1450068482039] NearObjectsToExtinguish: 0
[1450068482039] Current position: (29, 33)
[1450068482039] Desired Position: (29, 30)
[1450068482039] Desired Position: (29, 30)
[1450068482039] Direction: (0, 1)
______________
[1450068482039] Direction: (0, -1)
______________
[1450068482141] NearObjects size: 0
[1450068482141] NearObjectsToExtinguish: 0
[1450068482141] Current position: (29, 21)
[1450068482141] Desired Position: (29, 30)
[1450068482141] Direction: (0, 1)
______________
[1450068482141] NearObjects size: 0
[1450068482141] NearObjectsToExtinguish: 0
[1450068482141] Current position: (29, 32)
[1450068482141] Desired Position: (29, 30)
[1450068482141] Direction: (0, -1)
______________
[1450068482241] NearObjects size: 0
[1450068482241] NearObjectsToExtinguish: 0
[1450068482241] NearObjects size: 1
[1450068482241] NearObjectsToExtinguish: 1
[1450068482241] Current position: (29, 22)
[1450068482241] Desired Position: (29, 30)
[1450068482241] Current position: (29, 31)
[1450068482241] Desired Position: (29, 30)
[1450068482241] Direction: (0, -1)
______________
[1450068482241] Direction: (0, 1)
______________
[1450068482341] NearObjects size: 0
[1450068482341] NearObjectsToExtinguish: 0
[1450068482341] Current position: (29, 23)
[1450068482341] Desired Position: (29, 30)
[1450068482341] Direction: (0, 1)
______________
[1450068482341] NearObjects size: 1
[1450068482341] NearObjectsToExtinguish: 0
[1450068482341] Current position: (29, 31)
[1450068482341] Desired Position: (29, 30)
[1450068482341] Direction: (0, 0)
______________
[1450068482441] NearObjects size: 0
[1450068482441] NearObjectsToExtinguish: 0
[1450068482441] Current position: (29, 31)
[1450068482441] Desired Position: (29, 30)
[1450068482441] Direction: (0, 0)
______________
[1450068482441] NearObjects size: 0
[1450068482441] NearObjectsToExtinguish: 0
[1450068482441] Current position: (29, 24)
[1450068482441] Desired Position: (29, 30)
[1450068482441] Direction: (0, 1)
______________
[1450068482541] NearObjects size: 0
[1450068482541] NearObjectsToExtinguish: 0
[1450068482541] NearObjects size: 0
[1450068482541] NearObjectsToExtinguish: 0
[1450068482541] Current position: (29, 25)
[1450068482541] Desired Position: (29, 30)
[1450068482541] Current position: (29, 30)
[1450068482541] Desired Position: (29, 30)
[1450068482541] Direction: (0, 1)
______________
[1450068482541] Direction: (0, -1)
______________
[1450068482641] NearObjects size: 0
[1450068482641] NearObjects size: 0
[1450068482641] NearObjectsToExtinguish: 0
[1450068482641] NearObjectsToExtinguish: 0
[1450068482641] Current position: (29, 30)
[1450068482641] Current position: (29, 26)
[1450068482641] Desired Position: (null)
[1450068482641] Direction: (0, 0)
______________
[1450068482641] Desired Position: (29, 30)
[1450068482641] Direction: (0, 1)
______________
[1450068482741] NearObjects size: 0
[1450068482741] NearObjectsToExtinguish: 0
[1450068482741] Current position: (29, 27)
[1450068482741] Desired Position: (29, 30)
[1450068482741] NearObjects size: 0
[1450068482741] NearObjectsToExtinguish: 0
[1450068482741] Direction: (0, 1)
______________
[1450068482741] Current position: (29, 30)
[1450068482741] Desired Position: (null)
[1450068482741] Direction: (null)
______________
[1450068482841] NearObjects size: 0
[1450068482841] NearObjectsToExtinguish: 0
[1450068482841] Current position: (29, 28)
[1450068482841] Desired Position: (29, 30)
[1450068482841] Direction: (0, 1)
______________
[1450068482941] NearObjects size: 0
[1450068482941] NearObjectsToExtinguish: 0
[1450068482941] Current position: (29, 29)
[1450068482941] Desired Position: (29, 30)
[1450068482941] Direction: (0, 1)
______________
[1450068483041] NearObjects size: 0
[1450068483041] NearObjectsToExtinguish: 0
[1450068483041] Current position: (29, 30)
[1450068483041] Desired Position: (29, 30)
[1450068483041] Direction: (0, 1)
______________
[1450068483141] NearObjects size: 0
[1450068483141] NearObjectsToExtinguish: 0
[1450068483141] Current position: (29, 30)
[1450068483141] Desired Position: (null)
[1450068483141] Direction: (0, 0)
______________
[1450068483241] NearObjects size: 0
[1450068483241] NearObjectsToExtinguish: 0
[1450068483241] Current position: (29, 30)
[1450068483241] Desired Position: (null)
[1450068483241] Direction: (null)
______________
Debug file: logs/14_48_2015_04_48_04.log
