[STARTING RUN OF logs/14_49_2015_04_49_49.log ]


[1450068589056] Initializing FireProcess
[1450068589056] Getting Fire first element
[1450068589056] Initialize clock.
[1450068589060] NearObjects size: 0
[1450068589060] NearObjectsToExtinguish: 0
[1450068589060] Current position: (2, 12)
[1450068589060] Desired Position: (2, 25)
[1450068589070] NearObjects size: 1
[1450068589060] Direction: (-1, 1)
______________
[1450068589070] NearObjectsToExtinguish: 1
[1450068589070] Current position: (1, 25)
[1450068589070] Desired Position: (null)
[1450068589070] Direction: (1, -1)
______________
[Fireman 1606] - Accept a rescue request from [Person 1609]
[1450068589201] NearObjects size: 0
[1450068589201] NearObjectsToExtinguish: 0
[1450068589201] Current position: (2, 13)
[1450068589201] Desired Position: (2, 25)
[1450068589201] Direction: (0, 1)
______________
[1450068589201] NearObjects size: 1
[1450068589201] NearObjectsToExtinguish: 0
[1450068589201] Current position: (1, 26)
[1450068589201] Desired Position: (1, 27)
[1450068589201] Direction: (0, 1)
______________
[1450068589301] NearObjects size: 0
[1450068589301] NearObjectsToExtinguish: 0
[1450068589301] Current position: (2, 14)
[1450068589301] Desired Position: (2, 25)
[1450068589301] Direction: (0, 1)
______________
A person was saved on: (1, 27)
[1450068589301] NearObjects size: 0
[1450068589301] NearObjectsToExtinguish: 0
[1450068589301] Current position: (1, 27)
[1450068589301] Desired Position: (1, 27)
[1450068589301] Direction: (0, 1)
______________
[1450068589401] NearObjects size: 0
[1450068589401] NearObjectsToExtinguish: 0
[1450068589401] NearObjects size: 0
[1450068589401] NearObjectsToExtinguish: 0
[1450068589401] Current position: (2, 15)
[1450068589401] Desired Position: (2, 25)
[1450068589401] Current position: (1, 27)
[1450068589401] Desired Position: (null)
[1450068589401] Direction: (0, 0)
______________
[1450068589401] Direction: (0, 1)
______________
[1450068589501] NearObjects size: 0
[1450068589501] NearObjects size: 1
[1450068589501] NearObjectsToExtinguish: 0
[1450068589501] Current position: (2, 16)
[1450068589501] NearObjectsToExtinguish: 1
[1450068589501] Desired Position: (2, 25)
[1450068589501] Direction: (0, 1)
______________
[1450068589501] Current position: (2, 26)
[1450068589501] Desired Position: (2, 25)
[1450068589501] Direction: (1, -1)
______________
[1450068589601] NearObjects size: 0
[1450068589601] NearObjectsToExtinguish: 0
[1450068589601] Current position: (2, 17)
[1450068589601] Desired Position: (2, 25)
[1450068589601] Direction: (0, 1)
______________
[1450068589601] NearObjects size: 1
[1450068589601] NearObjectsToExtinguish: 0
[1450068589601] Current position: (2, 26)
[1450068589601] Desired Position: (2, 25)
[1450068589601] Direction: (0, 0)
______________
[1450068589701] NearObjects size: 0
[1450068589701] NearObjectsToExtinguish: 0
[1450068589701] Current position: (2, 18)
[1450068589701] Desired Position: (2, 25)
[1450068589701] Direction: (0, 1)
______________
[1450068589701] NearObjects size: 0
[1450068589701] NearObjectsToExtinguish: 0
[1450068589701] Current position: (2, 26)
[1450068589701] Desired Position: (2, 25)
[1450068589701] Direction: (0, 0)
______________
[1450068589801] NearObjects size: 0
[1450068589801] NearObjectsToExtinguish: 0
[1450068589801] Current position: (2, 19)
[1450068589801] Desired Position: (2, 25)
[1450068589801] Direction: (0, 1)
______________
[1450068589802] NearObjects size: 0
[1450068589802] NearObjectsToExtinguish: 0
[1450068589802] Current position: (2, 25)
[1450068589802] Desired Position: (2, 25)
[1450068589802] Direction: (0, -1)
______________
[1450068589901] NearObjects size: 0
[1450068589901] NearObjectsToExtinguish: 0
[1450068589901] Current position: (2, 20)
[1450068589901] Desired Position: (2, 25)
[1450068589901] Direction: (0, 1)
______________
[1450068589902] NearObjects size: 0
[1450068589902] NearObjectsToExtinguish: 0
[1450068589902] Current position: (2, 25)
[1450068589902] Desired Position: (null)
[1450068589902] Direction: (0, 0)
______________
[Fireman 1605] - Accept a rescue request from [Person 1607]
[1450068590002] NearObjects size: 0
[1450068590002] NearObjectsToExtinguish: 0
[1450068590002] Current position: (3, 19)
[1450068590002] NearObjects size: 0
[1450068590002] NearObjectsToExtinguish: 0
[1450068590002] Desired Position: (35, 10)
[1450068590002] Direction: (1, -1)
______________
[1450068590002] Current position: (3, 24)
[1450068590002] Desired Position: (22, 1)
[1450068590002] Direction: (1, -1)
______________
[1450068590102] NearObjects size: 0
[1450068590102] NearObjectsToExtinguish: 0
[1450068590102] Current position: (4, 23)
[1450068590102] Desired Position: (22, 1)
[1450068590102] Direction: (1, -1)
______________
[1450068590102] NearObjects size: 0
[1450068590102] NearObjectsToExtinguish: 0
[1450068590102] Current position: (4, 18)
[1450068590102] Desired Position: (35, 10)
[1450068590102] Direction: (1, -1)
______________
[1450068590202] NearObjects size: 0
[1450068590202] NearObjectsToExtinguish: 0
[1450068590202] Current position: (5, 17)
[1450068590202] Desired Position: (34, 9)
[1450068590202] Direction: (1, -1)
______________
[1450068590202] NearObjects size: 0
[1450068590202] NearObjectsToExtinguish: 0
[1450068590202] Current position: (5, 22)
[1450068590202] Desired Position: (22, 1)
[1450068590202] Direction: (1, -1)
______________
[1450068590303] NearObjects size: 0
[1450068590303] NearObjectsToExtinguish: 0
[1450068590303] Current position: (6, 21)
[1450068590303] Desired Position: (22, 1)
[1450068590303] Direction: (1, -1)
______________
[1450068590303] NearObjects size: 0
[1450068590303] NearObjectsToExtinguish: 0
[1450068590303] Current position: (6, 16)
[1450068590303] Desired Position: (34, 9)
[1450068590303] Direction: (1, -1)
______________
[1450068590404] NearObjects size: 0
[1450068590404] NearObjectsToExtinguish: 0
[1450068590404] Current position: (7, 15)
[1450068590404] Desired Position: (35, 10)
[1450068590404] Direction: (1, -1)
______________
[1450068590404] NearObjects size: 0
[1450068590404] NearObjectsToExtinguish: 0
[1450068590404] Current position: (7, 20)
[1450068590404] Desired Position: (22, 1)
[1450068590404] Direction: (1, -1)
______________
[1450068590504] NearObjects size: 0
[1450068590504] NearObjectsToExtinguish: 0
[1450068590504] NearObjects size: 0
[1450068590504] NearObjectsToExtinguish: 0
[1450068590504] Current position: (8, 14)
[1450068590504] Desired Position: (35, 10)
[1450068590504] Current position: (8, 19)
[1450068590504] Desired Position: (22, 1)
[1450068590504] Direction: (1, -1)
______________
[1450068590504] Direction: (1, -1)
______________
[1450068590604] NearObjects size: 0
[1450068590604] NearObjectsToExtinguish: 0
[1450068590604] NearObjects size: 0
[1450068590604] Current position: (9, 13)
[1450068590604] NearObjectsToExtinguish: 0
[1450068590604] Current position: (9, 18)
[1450068590604] Desired Position: (35, 10)
[1450068590604] Direction: (1, -1)
[1450068590604] Desired Position: (22, 1)
[1450068590604] Direction: (1, -1)
______________
______________
[1450068590704] NearObjects size: 0
[1450068590704] NearObjectsToExtinguish: 0
[1450068590704] NearObjects size: 0
[1450068590704] NearObjectsToExtinguish: 0
[1450068590704] Current position: (10, 17)
[1450068590704] Desired Position: (22, 1)
[1450068590704] Current position: (10, 12)
[1450068590704] Desired Position: (36, 11)
[1450068590704] Direction: (1, -1)
______________
[1450068590704] Direction: (1, -1)
______________
[1450068590804] NearObjects size: 0
[1450068590804] NearObjectsToExtinguish: 0
[1450068590804] Current position: (11, 11)
[1450068590804] NearObjects size: 0
[1450068590804] NearObjectsToExtinguish: 0
[1450068590804] Desired Position: (36, 11)
[1450068590804] Direction: (1, -1)
______________
[1450068590804] Current position: (11, 16)
[1450068590804] Desired Position: (22, 1)
[1450068590804] Direction: (1, -1)
______________
[1450068590905] NearObjects size: 0
[1450068590905] NearObjectsToExtinguish: 0
[1450068590905] Current position: (12, 11)
[1450068590905] NearObjects size: 0
[1450068590905] NearObjectsToExtinguish: 0
[1450068590905] Desired Position: (36, 11)
[1450068590905] Direction: (1, 0)
______________
[1450068590905] Current position: (12, 15)
[1450068590905] Desired Position: (22, 1)
[1450068590905] Direction: (1, -1)
______________
[1450068591005] NearObjects size: 0
[1450068591005] NearObjectsToExtinguish: 0
[1450068591005] NearObjects size: 0
[1450068591005] NearObjectsToExtinguish: 0
[1450068591005] Current position: (13, 14)
[1450068591005] Current position: (13, 11)
[1450068591005] Desired Position: (22, 1)
[1450068591005] Direction: (1, -1)
______________
[1450068591005] Desired Position: (36, 11)
[1450068591005] Direction: (1, 0)
______________
[1450068591105] NearObjects size: 0
[1450068591105] NearObjectsToExtinguish: 0
[1450068591105] NearObjects size: 0
[1450068591105] NearObjectsToExtinguish: 0
[1450068591105] Current position: (14, 11)
[1450068591105] Desired Position: (36, 11)
[1450068591105] Current position: (14, 13)
[1450068591105] Desired Position: (22, 1)
[1450068591105] Direction: (1, 0)
______________
[1450068591105] Direction: (1, -1)
______________
[1450068591206] NearObjects size: 0
[1450068591206] NearObjectsToExtinguish: 0
[1450068591206] Current position: (15, 12)
[1450068591206] NearObjects size: 0
[1450068591206] NearObjectsToExtinguish: 0
[1450068591206] Desired Position: (22, 1)
[1450068591206] Direction: (1, -1)
______________
[1450068591206] Current position: (15, 11)
[1450068591206] Desired Position: (36, 11)
[1450068591206] Direction: (1, 0)
______________
[1450068591306] NearObjects size: 0
[1450068591306] NearObjectsToExtinguish: 0
[1450068591306] Current position: (16, 11)
[1450068591306] Desired Position: (36, 11)
[1450068591306] Direction: (1, 0)
______________
[1450068591306] NearObjects size: 0
[1450068591306] NearObjectsToExtinguish: 0
[1450068591306] Current position: (16, 11)
[1450068591306] Desired Position: (22, 1)
[1450068591306] Direction: (1, -1)
______________
[1450068591406] NearObjects size: 0
[1450068591406] NearObjectsToExtinguish: 0
[1450068591406] NearObjects size: 0
[1450068591406] NearObjectsToExtinguish: 0
[1450068591406] Current position: (17, 10)
[1450068591406] Current position: (17, 11)
[1450068591406] Desired Position: (36, 11)
[1450068591406] Direction: (1, 0)
______________
[1450068591406] Desired Position: (22, 1)
[1450068591406] Direction: (1, -1)
______________
[1450068591506] NearObjects size: 0
[1450068591506] NearObjectsToExtinguish: 0
[1450068591506] Current position: (18, 11)
[1450068591506] Desired Position: (36, 11)
[1450068591506] NearObjects size: 0
[1450068591506] NearObjectsToExtinguish: 0
[1450068591506] Direction: (1, 0)
______________
[1450068591506] Current position: (18, 9)
[1450068591506] Desired Position: (22, 1)
[1450068591506] Direction: (1, -1)
______________
[1450068591607] NearObjects size: 0
[1450068591607] NearObjectsToExtinguish: 0
[1450068591607] NearObjects size: 0
[1450068591607] NearObjectsToExtinguish: 0
[1450068591607] Current position: (19, 11)
[1450068591607] Desired Position: (36, 11)
[1450068591607] Current position: (19, 8)
[1450068591607] Desired Position: (22, 1)
[1450068591607] Direction: (1, -1)
______________
[1450068591607] Direction: (1, 0)
______________
[1450068591707] NearObjects size: 0
[1450068591707] NearObjectsToExtinguish: 0
[1450068591707] Current position: (20, 7)
[1450068591707] Desired Position: (22, 1)
[1450068591707] Direction: (1, -1)
______________
[1450068591707] NearObjects size: 0
[1450068591707] NearObjectsToExtinguish: 0
[1450068591707] Current position: (20, 12)
[1450068591707] Desired Position: (37, 12)
[1450068591707] Direction: (1, 1)
______________
[1450068591808] NearObjects size: 0
[1450068591808] NearObjectsToExtinguish: 0
[1450068591808] NearObjects size: 0
[1450068591808] NearObjectsToExtinguish: 0
[1450068591808] Current position: (21, 12)
[1450068591808] Current position: (21, 6)
[1450068591808] Desired Position: (22, 1)
[1450068591808] Direction: (1, -1)
______________
[1450068591808] Desired Position: (37, 12)
[1450068591808] Direction: (1, 0)
______________
[1450068591908] NearObjects size: 0
[1450068591908] NearObjectsToExtinguish: 0
[1450068591908] Current position: (22, 12)
[1450068591908] NearObjects size: 0
[1450068591908] NearObjectsToExtinguish: 0
[1450068591908] Desired Position: (37, 12)
[1450068591908] Direction: (1, 0)
[1450068591908] Current position: (22, 5)
[1450068591908] Desired Position: (22, 1)
[1450068591908] Direction: (1, -1)
______________
______________
[1450068592008] NearObjects size: 0
[1450068592008] NearObjectsToExtinguish: 0
[1450068592008] NearObjects size: 0
[1450068592008] NearObjectsToExtinguish: 0
[1450068592008] Current position: (22, 4)
[1450068592008] Desired Position: (22, 1)
[1450068592008] Current position: (23, 12)
[1450068592008] Direction: (0, -1)
______________
[1450068592008] Desired Position: (37, 12)
[1450068592008] Direction: (1, 0)
______________
[1450068592108] NearObjects size: 0
[1450068592108] NearObjectsToExtinguish: 0
[1450068592108] Current position: (24, 12)
[1450068592108] NearObjects size: 2
[1450068592108] NearObjectsToExtinguish: 1
[1450068592108] Desired Position: (37, 12)
[1450068592108] Direction: (1, 0)
______________
[1450068592108] Current position: (22, 3)
[1450068592108] Desired Position: (22, 1)
[1450068592108] Direction: (0, -1)
______________
[1450068592208] NearObjects size: 0
[1450068592208] NearObjectsToExtinguish: 0
[1450068592208] Current position: (25, 12)
[1450068592208] Desired Position: (37, 12)
[1450068592208] Direction: (1, 0)
______________
[1450068592208] NearObjects size: 2
[1450068592208] NearObjectsToExtinguish: 0
[1450068592208] Current position: (22, 3)
[1450068592208] Desired Position: (22, 1)
[1450068592208] Direction: (0, 0)
______________
[1450068592309] NearObjects size: 0
[1450068592309] NearObjects size: 1
[1450068592309] NearObjectsToExtinguish: 0
[1450068592309] NearObjectsToExtinguish: 0
[1450068592309] Current position: (26, 12)
[1450068592309] Current position: (22, 3)
[1450068592309] Desired Position: (22, 1)
[1450068592309] Desired Position: (37, 12)
[1450068592309] Direction: (1, 0)
______________
[1450068592309] Direction: (0, 0)
______________
[1450068592410] NearObjects size: 0
[1450068592410] NearObjectsToExtinguish: 0
[1450068592410] NearObjects size: 4
[1450068592410] NearObjectsToExtinguish: 2
[1450068592410] Current position: (21, 2)
[1450068592410] Current position: (27, 12)
[1450068592410] Desired Position: (37, 12)
[1450068592410] Direction: (1, 0)
______________
[1450068592410] Desired Position: (22, 1)
[1450068592410] Direction: (-1, -1)
______________
[1450068592510] NearObjects size: 0
[1450068592510] NearObjectsToExtinguish: 0
[1450068592510] Current position: (28, 12)
[1450068592510] NearObjects size: 4
[1450068592510] NearObjectsToExtinguish: 1
[1450068592510] Desired Position: (37, 12)
[1450068592510] Direction: (1, 0)
[1450068592510] Current position: (21, 2)
[1450068592510] Desired Position: (22, 1)
[1450068592510] Direction: (0, 0)
______________
______________
[1450068592610] NearObjects size: 0
[1450068592610] NearObjectsToExtinguish: 0
[1450068592610] NearObjects size: 4
[1450068592610] NearObjectsToExtinguish: 0
[1450068592610] Current position: (29, 12)
[1450068592610] Desired Position: (37, 12)
[1450068592610] Direction: (1, 0)
______________
[1450068592610] Current position: (21, 2)
[1450068592610] Desired Position: (22, 1)
[1450068592610] Direction: (0, 0)
______________
[1450068592710] NearObjects size: 0
[1450068592710] NearObjectsToExtinguish: 0
[1450068592710] NearObjects size: 4
[1450068592710] NearObjectsToExtinguish: 1
[1450068592710] Current position: (20, 1)
[1450068592710] Current position: (30, 12)
[1450068592710] Desired Position: (37, 12)
[1450068592710] Direction: (1, 0)
______________
[1450068592710] Desired Position: (22, 1)
[1450068592710] Direction: (-1, -1)
______________
[1450068592810] NearObjects size: 0
[1450068592810] NearObjectsToExtinguish: 0
[1450068592810] Current position: (31, 12)
[1450068592810] Desired Position: (37, 12)
[1450068592810] Direction: (1, 0)
______________
[1450068592810] NearObjects size: 4
[1450068592810] NearObjectsToExtinguish: 0
[1450068592810] Current position: (20, 1)
[1450068592810] Desired Position: (22, 1)
[1450068592810] Direction: (0, 0)
______________
[1450068592911] NearObjects size: 0
[1450068592911] NearObjectsToExtinguish: 0
[1450068592911] NearObjects size: 3
[1450068592911] NearObjectsToExtinguish: 0
[1450068592911] Current position: (20, 1)
[1450068592911] Desired Position: (22, 1)
[1450068592911] Current position: (32, 12)
[1450068592911] Desired Position: (37, 12)
[1450068592911] Direction: (0, 0)
______________
[1450068592911] Direction: (1, 0)
______________
[1450068593011] NearObjects size: 0
[1450068593011] NearObjectsToExtinguish: 0
[1450068593011] NearObjects size: 2
[1450068593011] NearObjectsToExtinguish: 0
[1450068593011] Current position: (33, 12)
[1450068593011] Desired Position: (37, 12)
[1450068593011] Current position: (20, 1)
[1450068593011] Desired Position: (22, 1)
[1450068593011] Direction: (1, 0)
______________
[1450068593011] Direction: (0, 0)
______________
[1450068593111] NearObjects size: 0
[1450068593111] NearObjectsToExtinguish: 0
[1450068593111] NearObjects size: 4
[1450068593111] Current position: (34, 12)
[1450068593111] Desired Position: (37, 12)
[1450068593111] Direction: (1, 0)
______________
[1450068593111] NearObjectsToExtinguish: 2
[1450068593111] Current position: (21, 0)
[1450068593111] Desired Position: (22, 1)
[1450068593111] Direction: (1, -1)
______________
[1450068593212] NearObjects size: 0
[1450068593212] NearObjectsToExtinguish: 0
[1450068593212] Current position: (35, 12)
[1450068593212] Desired Position: (37, 12)
[1450068593212] Direction: (1, 0)
______________
[1450068593212] NearObjects size: 4
[1450068593212] NearObjectsToExtinguish: 1
[1450068593212] Current position: (21, 0)
[1450068593212] Desired Position: (22, 1)
[1450068593212] Direction: (0, 0)
______________
[1450068593312] NearObjects size: 0
[1450068593312] NearObjectsToExtinguish: 0
[1450068593312] NearObjects size: 4
[1450068593312] NearObjectsToExtinguish: 0
[1450068593312] Current position: (36, 12)
[1450068593312] Desired Position: (37, 12)
[1450068593312] Current position: (21, 0)
[1450068593312] Direction: (1, 0)
______________
[1450068593312] Desired Position: (22, 1)
[1450068593312] Direction: (0, 0)
______________
[1450068593412] NearObjects size: 0
[1450068593412] NearObjectsToExtinguish: 0
[1450068593412] NearObjects size: 3
[1450068593412] NearObjectsToExtinguish: 0
[1450068593412] Current position: (37, 12)
[1450068593412] Desired Position: (37, 12)
[1450068593412] Current position: (21, 0)
[1450068593412] Desired Position: (22, 1)
[1450068593412] Direction: (0, 0)
______________
[1450068593412] Direction: (1, 0)
______________
A person was saved on: (37, 12)
[1450068593512] NearObjects size: 0
[1450068593512] NearObjectsToExtinguish: 0
[1450068593512] NearObjects size: 2
[1450068593512] NearObjectsToExtinguish: 0
[1450068593512] Current position: (21, 0)
[1450068593512] Desired Position: (22, 1)
[1450068593512] Current position: (37, 12)
[1450068593512] Desired Position: (null)
[1450068593512] Direction: (0, 0)
______________
[1450068593512] Direction: (0, 0)
______________
[1450068593612] NearObjects size: 0
[1450068593612] NearObjectsToExtinguish: 0
[1450068593612] NearObjects size: 1
[1450068593612] NearObjectsToExtinguish: 0
[1450068593612] Current position: (21, 0)
[1450068593612] Desired Position: (22, 1)
[1450068593612] Direction: (0, 0)
______________
[1450068593612] Current position: (36, 11)
[1450068593612] Desired Position: (32, 4)
[1450068593612] Direction: (-1, -1)
______________
[1450068593713] NearObjects size: 0
[1450068593713] NearObjectsToExtinguish: 0
[1450068593713] Current position: (35, 10)
[1450068593713] NearObjects size: 2
[1450068593713] NearObjectsToExtinguish: 2
[1450068593713] Current position: (22, 1)
[1450068593713] Desired Position: (22, 1)
[1450068593713] Desired Position: (32, 4)
[1450068593713] Direction: (-1, -1)
______________
[1450068593713] Direction: (1, 1)
______________
[1450068593813] NearObjects size: 0
[1450068593813] NearObjectsToExtinguish: 0
[1450068593813] NearObjects size: 2
[1450068593813] NearObjectsToExtinguish: 2
[1450068593813] Current position: (22, 1)
[1450068593813] Desired Position: (null)
[1450068593813] Direction: (0, 0)
______________
[1450068593813] Current position: (34, 9)
[1450068593813] Desired Position: (32, 4)
[1450068593813] Direction: (-1, -1)
______________
[1450068593913] NearObjects size: 0
[1450068593913] NearObjectsToExtinguish: 0
[1450068593913] Current position: (33, 8)
[1450068593913] Desired Position: (32, 4)
[1450068593913] Direction: (-1, -1)
______________
[1450068593913] NearObjects size: 2
[1450068593913] NearObjectsToExtinguish: 1
[1450068593913] Current position: (22, 1)
[1450068593913] Desired Position: (null)
[1450068593913] Direction: (0, 0)
______________
[1450068594013] NearObjects size: 2
[1450068594013] NearObjectsToExtinguish: 1
[1450068594013] NearObjects size: 3
[1450068594013] NearObjectsToExtinguish: 0
[1450068594013] Current position: (22, 1)
[1450068594013] Desired Position: (null)
[1450068594013] Direction: (0, 0)
[1450068594013] Current position: (32, 7)
[1450068594013] Desired Position: (32, 4)
______________
[1450068594013] Direction: (-1, -1)
______________
[1450068594114] NearObjects size: 2
[1450068594114] NearObjectsToExtinguish: 0
[1450068594114] Current position: (22, 1)
[1450068594114] Desired Position: (null)
[1450068594114] Direction: (0, 0)
______________
[1450068594114] NearObjects size: 2
[1450068594114] NearObjectsToExtinguish: 0
[1450068594114] Current position: (32, 7)
[1450068594114] Desired Position: (32, 4)
[1450068594114] Direction: (0, 0)
______________
[1450068594214] NearObjects size: 1
[1450068594214] NearObjectsToExtinguish: 0
[1450068594214] Current position: (22, 1)
[1450068594214] Desired Position: (null)
[1450068594214] Direction: (0, 0)
______________
[1450068594214] NearObjects size: 6
[1450068594214] NearObjectsToExtinguish: 3
[1450068594214] Current position: (33, 6)
[1450068594214] Desired Position: (32, 4)
[1450068594214] Direction: (1, -1)
______________
[1450068594314] NearObjects size: 1
[1450068594314] NearObjectsToExtinguish: 1
[1450068594314] Current position: (23, 0)
[1450068594314] Desired Position: (null)
[1450068594314] Direction: (1, -1)
______________
[1450068594314] NearObjects size: 6
[1450068594314] NearObjectsToExtinguish: 2
[1450068594314] Current position: (33, 6)
[1450068594314] Desired Position: (32, 4)
[1450068594314] Direction: (0, 0)
______________
[1450068594414] NearObjects size: 1
[1450068594414] NearObjectsToExtinguish: 0
[1450068594414] Current position: (23, 0)
[1450068594414] Desired Position: (null)
[1450068594414] Direction: (0, 0)
______________
[1450068594414] NearObjects size: 6
[1450068594414] NearObjectsToExtinguish: 1
[1450068594414] Current position: (33, 6)
[1450068594414] Desired Position: (32, 4)
[1450068594414] Direction: (0, 0)
______________
[1450068594514] NearObjects size: 0
[1450068594514] NearObjectsToExtinguish: 0
[1450068594514] Current position: (23, 0)
[1450068594514] Desired Position: (null)
[1450068594514] Direction: (0, 0)
______________
[1450068594514] NearObjects size: 6
[1450068594514] NearObjectsToExtinguish: 0
[1450068594514] Current position: (33, 6)
[1450068594514] Desired Position: (32, 4)
[1450068594514] Direction: (0, 0)
______________
[1450068594614] NearObjects size: 0
[1450068594614] NearObjectsToExtinguish: 0
[1450068594614] Current position: (24, 1)
[1450068594614] Desired Position: (33, 4)
[1450068594614] Direction: (1, 1)
______________
[1450068594614] NearObjects size: 5
[1450068594614] NearObjectsToExtinguish: 0
[1450068594614] Current position: (33, 6)
[1450068594614] Desired Position: (32, 4)
[1450068594614] Direction: (0, 0)
______________
[1450068594714] NearObjects size: 0
[1450068594714] NearObjectsToExtinguish: 0
[1450068594714] NearObjects size: 4
[1450068594714] NearObjectsToExtinguish: 0
[1450068594714] Current position: (33, 6)
[1450068594714] Desired Position: (32, 4)
[1450068594714] Current position: (25, 2)
[1450068594714] Desired Position: (33, 4)
[1450068594714] Direction: (0, 0)
______________
[1450068594714] Direction: (1, 1)
______________
[1450068594814] NearObjects size: 0
[1450068594814] NearObjectsToExtinguish: 0
[1450068594814] Current position: (26, 3)
[1450068594814] NearObjects size: 3
[1450068594814] NearObjectsToExtinguish: 0
[1450068594814] Desired Position: (33, 4)
[1450068594814] Current position: (33, 6)
[1450068594814] Desired Position: (32, 4)
[1450068594814] Direction: (0, 0)
______________
[1450068594814] Direction: (1, 1)
______________
[1450068594914] NearObjects size: 0
[1450068594914] NearObjectsToExtinguish: 0
[1450068594914] Current position: (27, 4)
[1450068594914] NearObjects size: 2
[1450068594914] NearObjectsToExtinguish: 0
[1450068594914] Desired Position: (33, 4)
[1450068594914] Current position: (33, 6)
[1450068594914] Direction: (1, 1)
______________
[1450068594914] Desired Position: (32, 4)
[1450068594914] Direction: (0, 0)
______________
[1450068595014] NearObjects size: 5
[1450068595014] NearObjects size: 0
[1450068595014] NearObjectsToExtinguish: 3
[1450068595014] Current position: (32, 5)
[1450068595014] NearObjectsToExtinguish: 0
[1450068595014] Current position: (28, 4)
[1450068595014] Desired Position: (32, 4)
[1450068595014] Desired Position: (33, 4)
[1450068595014] Direction: (1, 0)
______________
[1450068595014] Direction: (-1, -1)
______________
[1450068595114] NearObjects size: 1
[1450068595114] NearObjectsToExtinguish: 0
[1450068595114] Current position: (29, 4)
[1450068595114] Desired Position: (33, 4)
[1450068595114] Direction: (1, 0)
______________
[1450068595114] NearObjects size: 5
[1450068595114] NearObjectsToExtinguish: 2
[1450068595114] Current position: (32, 5)
[1450068595114] Desired Position: (32, 4)
[1450068595114] Direction: (0, 0)
______________
[1450068595214] NearObjects size: 5
[1450068595214] NearObjects size: 3
[1450068595214] NearObjectsToExtinguish: 2
[1450068595214] NearObjectsToExtinguish: 1
[1450068595214] Current position: (32, 5)
[1450068595214] Current position: (30, 5)
[1450068595214] Desired Position: (33, 4)
[1450068595214] Desired Position: (32, 4)
[1450068595214] Direction: (0, 0)
______________
[1450068595214] Direction: (1, 1)
______________
[1450068595314] NearObjects size: 5
[1450068595314] NearObjects size: 3
[1450068595314] NearObjectsToExtinguish: 1
[1450068595314] NearObjectsToExtinguish: 0
[1450068595314] Current position: (32, 5)
[1450068595314] Current position: (30, 5)
[1450068595314] Desired Position: (33, 4)
[1450068595314] Desired Position: (32, 4)
[1450068595314] Direction: (0, 0)
______________
[1450068595314] Direction: (0, 0)
______________
[1450068595414] NearObjects size: 3
[1450068595414] NearObjects size: 5
[1450068595414] NearObjectsToExtinguish: 2
[1450068595414] Current position: (31, 4)
[1450068595414] NearObjectsToExtinguish: 0
[1450068595414] Current position: (30, 5)
[1450068595414] Desired Position: (33, 4)
[1450068595414] Desired Position: (32, 4)
[1450068595414] Direction: (-1, -1)
______________
[1450068595414] Direction: (0, 0)
______________
[1450068595515] NearObjects size: 5
[1450068595515] NearObjects size: 3
[1450068595515] NearObjectsToExtinguish: 1
[1450068595515] NearObjectsToExtinguish: 2
[1450068595515] Current position: (31, 4)
[1450068595515] Current position: (31, 4)
[1450068595515] Desired Position: (32, 4)
[1450068595515] Desired Position: (33, 4)
[1450068595515] Direction: (0, 0)
______________
[1450068595515] Direction: (1, -1)
______________
[1450068595615] NearObjects size: 5
[1450068595615] NearObjects size: 3
[1450068595615] NearObjectsToExtinguish: 0
[1450068595615] NearObjectsToExtinguish: 1
[1450068595615] Current position: (31, 4)
[1450068595615] Desired Position: (33, 4)
[1450068595615] Current position: (31, 4)
[1450068595615] Desired Position: (32, 4)
[1450068595615] Direction: (0, 0)
______________
[1450068595615] Direction: (0, 0)
______________
[1450068595715] NearObjects size: 3
[1450068595715] NearObjectsToExtinguish: 0
[1450068595715] Current position: (31, 4)
[1450068595715] Desired Position: (33, 4)
[1450068595715] Direction: (0, 0)
______________
[1450068595715] NearObjects size: 4
[1450068595715] NearObjectsToExtinguish: 0
[1450068595715] Current position: (31, 4)
[1450068595715] Desired Position: (32, 4)
[1450068595715] Direction: (0, 0)
______________
[1450068595815] NearObjects size: 3
[1450068595815] NearObjectsToExtinguish: 0
[1450068595815] NearObjects size: 2
[1450068595815] NearObjectsToExtinguish: 0
[1450068595815] Current position: (31, 4)
[1450068595815] Current position: (31, 4)
[1450068595815] Desired Position: (33, 4)
[1450068595815] Direction: (0, 0)
[1450068595815] Desired Position: (32, 4)
[1450068595815] Direction: (0, 0)
______________
______________
[1450068595915] NearObjects size: 2
[1450068595915] NearObjectsToExtinguish: 0
[1450068595915] NearObjects size: 1
[1450068595915] NearObjectsToExtinguish: 0
[1450068595915] Current position: (31, 4)
[1450068595915] Desired Position: (32, 4)
[1450068595915] Direction: (0, 0)
[1450068595915] Current position: (31, 4)
[1450068595915] Desired Position: (33, 4)
______________
[1450068595915] Direction: (0, 0)
______________
[1450068596015] NearObjects size: 0
[1450068596015] NearObjectsToExtinguish: 0
[1450068596015] NearObjects size: 1
[1450068596015] NearObjectsToExtinguish: 0
[1450068596015] Current position: (31, 4)
[1450068596015] Desired Position: (33, 4)
[1450068596015] Current position: (31, 4)
[1450068596015] Desired Position: (32, 4)
[1450068596015] Direction: (0, 0)
______________
[1450068596015] Direction: (0, 0)
______________
[1450068596115] NearObjects size: 0
[1450068596115] NearObjectsToExtinguish: 0
[1450068596115] NearObjects size: 2
[1450068596115] NearObjectsToExtinguish: 1
[1450068596115] Current position: (32, 4)
[1450068596115] Current position: (31, 4)
[1450068596115] Desired Position: (32, 4)
[1450068596115] Direction: (0, 0)
[1450068596115] Desired Position: (33, 4)
[1450068596115] Direction: (1, 0)
______________
______________
[1450068596215] NearObjects size: 2
[1450068596215] NearObjectsToExtinguish: 1
[1450068596215] Current position: (32, 4)
[1450068596215] Desired Position: (32, 4)
[1450068596215] Direction: (1, 0)
______________
[1450068596215] NearObjects size: 2
[1450068596215] NearObjectsToExtinguish: 0
[1450068596215] Current position: (32, 4)
[1450068596215] Desired Position: (33, 4)
[1450068596215] Direction: (0, 0)
______________
[1450068596315] NearObjects size: 2
[1450068596315] NearObjectsToExtinguish: 1
[1450068596315] Current position: (32, 4)
[1450068596315] NearObjects size: 6
[1450068596315] NearObjectsToExtinguish: 3
[1450068596315] Desired Position: (null)
[1450068596315] Direction: (0, 0)
______________
[1450068596315] Current position: (33, 3)
[1450068596315] Desired Position: (33, 4)
[1450068596315] Direction: (1, -1)
______________
[1450068596415] NearObjects size: 2
[1450068596415] NearObjectsToExtinguish: 0
[1450068596415] Current position: (32, 4)
[1450068596415] Desired Position: (null)
[1450068596415] Direction: (0, 0)
______________
[1450068596415] NearObjects size: 6
[1450068596415] NearObjectsToExtinguish: 2
[1450068596415] Current position: (33, 3)
[1450068596415] Desired Position: (33, 4)
[1450068596415] Direction: (0, 0)
______________
[1450068596516] NearObjects size: 1
[1450068596516] NearObjectsToExtinguish: 0
[1450068596516] NearObjects size: 6
[1450068596516] Current position: (32, 4)
[1450068596516] Desired Position: (null)
[1450068596516] NearObjectsToExtinguish: 1
[1450068596516] Current position: (33, 3)
[1450068596516] Direction: (0, 0)
______________
[1450068596516] Desired Position: (33, 4)
[1450068596516] Direction: (0, 0)
______________
[1450068596616] NearObjects size: 0
[1450068596616] NearObjects size: 6
[1450068596616] NearObjectsToExtinguish: 0
[1450068596616] NearObjectsToExtinguish: 0
[1450068596616] Current position: (32, 4)
[1450068596616] Desired Position: (null)
[1450068596616] Current position: (33, 3)
[1450068596616] Direction: (0, 0)
______________
[1450068596616] Desired Position: (33, 4)
[1450068596616] Direction: (0, 0)
______________
[1450068596717] NearObjects size: 5
[1450068596717] NearObjectsToExtinguish: 0
[1450068596717] NearObjects size: 2
[1450068596717] NearObjectsToExtinguish: 1
[1450068596717] Current position: (33, 3)
[1450068596717] Current position: (33, 5)
[1450068596717] Desired Position: (36, 7)
[1450068596717] Desired Position: (33, 4)
[1450068596717] Direction: (1, 1)
______________
[1450068596717] Direction: (0, 0)
______________
[1450068596817] NearObjects size: 2
[1450068596817] NearObjectsToExtinguish: 0
[1450068596817] Current position: (33, 5)
[1450068596817] Desired Position: (36, 7)
[1450068596817] NearObjects size: 7
[1450068596817] NearObjectsToExtinguish: 3
[1450068596817] Direction: (0, 0)
______________
[1450068596817] Current position: (34, 4)
[1450068596817] Desired Position: (33, 4)
[1450068596817] Direction: (1, 1)
______________
[1450068596917] NearObjects size: 1
[1450068596917] NearObjectsToExtinguish: 0
[1450068596917] NearObjects size: 7
[1450068596917] NearObjectsToExtinguish: 2
[1450068596917] Current position: (33, 5)
[1450068596917] Desired Position: (36, 7)
[1450068596917] Current position: (34, 4)
[1450068596917] Desired Position: (33, 4)
[1450068596917] Direction: (0, 0)
______________
[1450068596917] Direction: (0, 0)
______________
[1450068597017] NearObjects size: 0
[1450068597017] NearObjectsToExtinguish: 0
[1450068597017] Current position: (33, 5)
[1450068597017] NearObjects size: 7
[1450068597017] NearObjectsToExtinguish: 1
[1450068597017] Desired Position: (36, 7)
[1450068597017] Direction: (0, 0)
______________
[1450068597017] Current position: (34, 4)
[1450068597017] Desired Position: (33, 4)
[1450068597017] Direction: (0, 0)
______________
[1450068597117] NearObjects size: 3
[1450068597117] NearObjectsToExtinguish: 1
[1450068597117] NearObjects size: 7
[1450068597117] NearObjectsToExtinguish: 0
[1450068597117] Current position: (34, 4)
[1450068597117] Current position: (34, 6)
[1450068597117] Desired Position: (33, 4)
[1450068597117] Direction: (0, 0)
______________
[1450068597117] Desired Position: (36, 7)
[1450068597117] Direction: (1, 1)
______________
[1450068597217] NearObjects size: 3
[1450068597217] NearObjectsToExtinguish: 0
[1450068597217] Current position: (34, 6)
[1450068597217] Desired Position: (36, 7)
[1450068597217] Direction: (0, 0)
______________
[1450068597217] NearObjects size: 6
[1450068597217] NearObjectsToExtinguish: 0
[1450068597217] Current position: (34, 4)
[1450068597217] Desired Position: (33, 4)
[1450068597217] Direction: (0, 0)
______________
[1450068597317] NearObjects size: 5
[1450068597317] NearObjectsToExtinguish: 0
[1450068597317] NearObjects size: 4
[1450068597317] NearObjectsToExtinguish: 3
[1450068597317] Current position: (34, 4)
[1450068597317] Desired Position: (33, 4)
[1450068597317] Current position: (35, 7)
[1450068597317] Desired Position: (36, 7)
[1450068597317] Direction: (0, 0)
______________
[1450068597317] Direction: (1, 1)
______________
[1450068597417] NearObjects size: 4
[1450068597417] NearObjects size: 6
[1450068597417] NearObjectsToExtinguish: 3
[1450068597417] Current position: (35, 7)
[1450068597417] Desired Position: (36, 7)
[1450068597417] Direction: (0, 0)
______________
[1450068597417] NearObjectsToExtinguish: 0
[1450068597417] Current position: (34, 4)
[1450068597417] Desired Position: (33, 4)
[1450068597417] Direction: (0, 0)
______________
[1450068597517] NearObjects size: 4
[1450068597517] NearObjectsToExtinguish: 2
[1450068597517] NearObjects size: 6
[1450068597517] Current position: (35, 3)
[1450068597517] Desired Position: (33, 4)
[1450068597517] NearObjectsToExtinguish: 2
[1450068597517] Current position: (35, 7)
[1450068597517] Desired Position: (36, 7)
[1450068597517] Direction: (1, -1)
______________
[1450068597517] Direction: (0, 0)
______________
[1450068597617] NearObjects size: 6
[1450068597617] NearObjects size: 4
[1450068597617] NearObjectsToExtinguish: 1
[1450068597617] Current position: (35, 7)
[1450068597617] NearObjectsToExtinguish: 1
[1450068597617] Current position: (35, 3)
[1450068597617] Desired Position: (33, 4)
[1450068597617] Direction: (0, 0)
______________
[1450068597617] Desired Position: (36, 7)
[1450068597617] Direction: (0, 0)
______________
[1450068597717] NearObjects size: 6
[1450068597717] NearObjectsToExtinguish: 0
[1450068597717] Current position: (35, 7)
[1450068597717] Desired Position: (36, 7)
[1450068597717] Direction: (0, 0)
______________
[1450068597717] NearObjects size: 4
[1450068597717] NearObjectsToExtinguish: 0
[1450068597717] Current position: (35, 3)
[1450068597717] Desired Position: (33, 4)
[1450068597717] Direction: (0, 0)
______________
[1450068597817] NearObjects size: 3
[1450068597817] NearObjectsToExtinguish: 0
[1450068597817] NearObjects size: 5
[1450068597817] NearObjectsToExtinguish: 0
[1450068597817] Current position: (35, 3)
[1450068597817] Desired Position: (33, 4)
[1450068597817] Current position: (35, 7)
[1450068597817] Desired Position: (36, 7)
[1450068597817] Direction: (0, 0)
______________
[1450068597817] Direction: (0, 0)
______________
[1450068597917] NearObjects size: 2
[1450068597917] NearObjectsToExtinguish: 0
[1450068597917] NearObjects size: 4
[1450068597917] NearObjectsToExtinguish: 0
[1450068597917] Current position: (35, 3)
[1450068597917] Desired Position: (33, 4)
[1450068597917] Direction: (0, 0)
______________
[1450068597917] Current position: (35, 7)
[1450068597917] Desired Position: (36, 7)
[1450068597917] Direction: (0, 0)
______________
[1450068598017] NearObjects size: 1
[1450068598017] NearObjectsToExtinguish: 0
[1450068598017] NearObjects size: 3
[1450068598017] NearObjectsToExtinguish: 0
[1450068598017] Current position: (35, 3)
[1450068598017] Desired Position: (33, 4)
[1450068598017] Direction: (0, 0)
______________
[1450068598017] Current position: (35, 7)
[1450068598017] Desired Position: (36, 7)
[1450068598017] Direction: (0, 0)
______________
[1450068598117] NearObjects size: 2
[1450068598117] NearObjectsToExtinguish: 0
[1450068598117] NearObjects size: 3
[1450068598117] NearObjectsToExtinguish: 2
[1450068598117] Current position: (35, 7)
[1450068598117] Desired Position: (36, 7)
[1450068598117] Current position: (34, 2)
[1450068598117] Desired Position: (33, 4)
[1450068598117] Direction: (-1, -1)
______________
[1450068598117] Direction: (0, 0)
______________
[1450068598217] NearObjects size: 2
[1450068598217] NearObjectsToExtinguish: 1
[1450068598217] Current position: (36, 8)
[1450068598217] Desired Position: (36, 7)
[1450068598217] NearObjects size: 3
[1450068598217] NearObjectsToExtinguish: 1
[1450068598217] Direction: (1, 1)
______________
[1450068598217] Current position: (34, 2)
[1450068598217] Desired Position: (33, 4)
[1450068598217] Direction: (0, 0)
______________
[1450068598317] NearObjects size: 3
[1450068598317] NearObjectsToExtinguish: 0
[1450068598317] Current position: (34, 2)
[1450068598317] Desired Position: (33, 4)
[1450068598317] Direction: (0, 0)
______________
[1450068598317] NearObjects size: 2
[1450068598317] NearObjectsToExtinguish: 0
[1450068598317] Current position: (36, 8)
[1450068598317] Desired Position: (36, 7)
[1450068598317] Direction: (0, 0)
______________
[1450068598417] NearObjects size: 1
[1450068598417] NearObjectsToExtinguish: 0
[1450068598417] Current position: (36, 8)
[1450068598417] Desired Position: (36, 7)
[1450068598417] Direction: (0, 0)
______________
[1450068598417] NearObjects size: 5
[1450068598417] NearObjectsToExtinguish: 2
[1450068598417] Current position: (33, 1)
[1450068598417] Desired Position: (33, 4)
[1450068598417] Direction: (-1, -1)
______________
[1450068598518] NearObjects size: 2
[1450068598518] NearObjectsToExtinguish: 2
[1450068598518] NearObjects size: 5
[1450068598518] NearObjectsToExtinguish: 1
[1450068598518] Current position: (33, 1)
[1450068598518] Desired Position: (33, 4)
[1450068598518] Direction: (0, 0)
______________
[1450068598518] Current position: (35, 9)
[1450068598518] Desired Position: (36, 7)
[1450068598518] Direction: (-1, 1)
______________
[1450068598618] NearObjects size: 5
[1450068598618] NearObjectsToExtinguish: 0
[1450068598618] NearObjects size: 2
[1450068598618] NearObjectsToExtinguish: 1
[1450068598618] Current position: (35, 9)
[1450068598618] Desired Position: (36, 7)
[1450068598618] Direction: (0, 0)
______________
[1450068598618] Current position: (33, 1)
[1450068598618] Desired Position: (33, 4)
[1450068598618] Direction: (0, 0)
______________
[1450068598718] NearObjects size: 2
[1450068598718] NearObjectsToExtinguish: 0
[1450068598718] NearObjects size: 4
[1450068598718] NearObjectsToExtinguish: 0
[1450068598718] Current position: (35, 9)
[1450068598718] Current position: (33, 1)
[1450068598718] Desired Position: (33, 4)
[1450068598718] Desired Position: (36, 7)
[1450068598718] Direction: (0, 0)
______________
[1450068598718] Direction: (0, 0)
______________
[1450068598818] NearObjects size: 1
[1450068598818] NearObjectsToExtinguish: 0
[1450068598818] NearObjects size: 3
[1450068598818] NearObjectsToExtinguish: 0
[1450068598818] Current position: (33, 1)
[1450068598818] Current position: (35, 9)
[1450068598818] Desired Position: (36, 7)
[1450068598818] Direction: (0, 0)
______________
[1450068598818] Desired Position: (33, 4)
[1450068598818] Direction: (0, 0)
______________
[1450068598919] NearObjects size: 0
[1450068598919] NearObjectsToExtinguish: 0
[1450068598919] Current position: (35, 9)
[1450068598919] Desired Position: (36, 7)
[1450068598919] Direction: (0, 0)
______________
[1450068598919] NearObjects size: 2
[1450068598919] NearObjectsToExtinguish: 0
[1450068598919] Current position: (33, 1)
[1450068598919] Desired Position: (33, 4)
[1450068598919] Direction: (0, 0)
______________
[1450068599019] NearObjects size: 0
[1450068599019] NearObjectsToExtinguish: 0
[1450068599019] NearObjects size: 1
[1450068599019] NearObjectsToExtinguish: 1
[1450068599019] Current position: (36, 8)
[1450068599019] Desired Position: (36, 7)
[1450068599019] Current position: (34, 0)
[1450068599019] Desired Position: (33, 4)
[1450068599019] Direction: (1, -1)
______________
[1450068599019] Direction: (1, -1)
______________
[1450068599120] NearObjects size: 0
[1450068599120] NearObjectsToExtinguish: 0
[1450068599120] NearObjects size: 1
[1450068599120] NearObjectsToExtinguish: 0
[1450068599120] Current position: (34, 0)
[1450068599120] Desired Position: (33, 4)
[1450068599120] Direction: (0, 0)
______________
[1450068599120] Current position: (36, 7)
[1450068599120] Desired Position: (36, 7)
[1450068599120] Direction: (0, -1)
______________
[1450068599220] NearObjects size: 0
[1450068599220] NearObjectsToExtinguish: 0
[1450068599220] Current position: (34, 0)
[1450068599220] Desired Position: (33, 4)
[1450068599220] NearObjects size: 0
[1450068599220] NearObjectsToExtinguish: 0
[1450068599220] Direction: (0, 0)
______________
[1450068599220] Current position: (36, 7)
[1450068599220] Desired Position: (null)
[1450068599220] Direction: (0, 0)
______________
[1450068599320] NearObjects size: 0
[1450068599320] NearObjectsToExtinguish: 0
[1450068599320] Current position: (33, 1)
[1450068599320] Desired Position: (33, 4)
[1450068599320] Direction: (-1, 1)
______________
[1450068599320] NearObjects size: 2
[1450068599320] NearObjectsToExtinguish: 1
[1450068599320] Current position: (35, 6)
[1450068599320] Desired Position: (35, 5)
[1450068599320] Direction: (-1, -1)
______________
[1450068599421] NearObjects size: 0
[1450068599421] NearObjectsToExtinguish: 0
[1450068599421] Current position: (33, 2)
[1450068599421] Desired Position: (33, 4)
[1450068599421] Direction: (0, 1)
______________
[1450068599421] NearObjects size: 3
[1450068599421] NearObjectsToExtinguish: 1
[1450068599421] Current position: (35, 6)
[1450068599421] Desired Position: (35, 5)
[1450068599421] Direction: (0, 0)
______________
[1450068599521] NearObjects size: 0
[1450068599521] NearObjectsToExtinguish: 0
[1450068599521] Current position: (33, 3)
[1450068599521] Desired Position: (33, 4)
[1450068599521] Direction: (0, 1)
______________
[1450068599521] NearObjects size: 3
[1450068599521] NearObjectsToExtinguish: 0
[1450068599521] Current position: (35, 6)
[1450068599521] Desired Position: (35, 5)
[1450068599521] Direction: (0, 0)
______________
[1450068599621] NearObjects size: 3
[1450068599621] NearObjectsToExtinguish: 1
[1450068599621] NearObjects size: 0
[1450068599621] NearObjectsToExtinguish: 0
[1450068599621] Current position: (33, 4)
[1450068599621] Current position: (36, 5)
[1450068599621] Desired Position: (35, 5)
[1450068599621] Direction: (1, -1)
______________
[1450068599621] Desired Position: (33, 4)
[1450068599621] Direction: (0, 1)
______________
[1450068599721] NearObjects size: 3
[1450068599721] NearObjectsToExtinguish: 0
[1450068599721] Current position: (36, 5)
[1450068599721] Desired Position: (35, 5)
[1450068599721] Direction: (0, 0)
______________
[1450068599721] NearObjects size: 0
[1450068599721] NearObjectsToExtinguish: 0
[1450068599721] Current position: (33, 4)
[1450068599721] Desired Position: (null)
[1450068599721] Direction: (0, 0)
______________
[1450068599821] NearObjects size: 2
[1450068599821] NearObjectsToExtinguish: 0
[1450068599821] Current position: (36, 5)
[1450068599821] Desired Position: (35, 5)
[1450068599821] Direction: (0, 0)
______________
[1450068599821] NearObjects size: 1
[1450068599821] NearObjectsToExtinguish: 0
[1450068599821] Current position: (32, 3)
[1450068599821] Desired Position: (31, 2)
[1450068599821] Direction: (-1, -1)
______________
[1450068599921] NearObjects size: 1
[1450068599921] NearObjectsToExtinguish: 0
[1450068599921] Current position: (36, 5)
[1450068599921] NearObjects size: 5
[1450068599921] Desired Position: (35, 5)
[1450068599921] Direction: (0, 0)
______________
[1450068599921] NearObjectsToExtinguish: 3
[1450068599921] Current position: (31, 2)
[1450068599921] Desired Position: (31, 2)
[1450068599921] Direction: (-1, -1)
______________
[1450068600022] NearObjects size: 0
[1450068600022] NearObjectsToExtinguish: 0
[1450068600022] NearObjects size: 5
[1450068600022] Current position: (36, 5)
[1450068600022] Desired Position: (35, 5)
[1450068600022] NearObjectsToExtinguish: 3
[1450068600022] Current position: (31, 2)
[1450068600022] Desired Position: (null)
[1450068600022] Direction: (0, 0)
______________
[1450068600022] Direction: (0, 0)
______________
[1450068600122] NearObjects size: 0
[1450068600122] NearObjectsToExtinguish: 0
[1450068600122] Current position: (35, 5)
[1450068600122] Desired Position: (35, 5)
[1450068600122] Direction: (-1, 0)
______________
[1450068600122] NearObjects size: 6
[1450068600122] NearObjectsToExtinguish: 3
[1450068600122] Current position: (31, 2)
[1450068600122] Desired Position: (null)
[1450068600122] Direction: (0, 0)
______________
[1450068600222] NearObjects size: 0
[1450068600222] NearObjectsToExtinguish: 0
[1450068600222] Current position: (35, 5)
[1450068600222] Desired Position: (null)
[1450068600222] Direction: (0, 0)
______________
[1450068600222] NearObjects size: 6
[1450068600222] NearObjectsToExtinguish: 2
[1450068600222] Current position: (31, 2)
[1450068600222] Desired Position: (null)
[1450068600222] Direction: (0, 0)
______________
[1450068600322] NearObjects size: 0
[1450068600322] NearObjectsToExtinguish: 0
[1450068600322] Current position: (34, 4)
[1450068600322] Desired Position: (30, 3)
[1450068600322] Direction: (-1, -1)
______________
[1450068600322] NearObjects size: 6
[1450068600322] NearObjectsToExtinguish: 1
[1450068600322] Current position: (31, 2)
[1450068600322] Desired Position: (null)
[1450068600322] Direction: (0, 0)
______________
[1450068600422] NearObjects size: 6
[1450068600422] NearObjectsToExtinguish: 0
[1450068600422] NearObjects size: 0
[1450068600422] NearObjectsToExtinguish: 0
[1450068600422] Current position: (33, 3)
[1450068600422] Desired Position: (30, 3)
[1450068600422] Direction: (-1, -1)
______________
[1450068600422] Current position: (31, 2)
[1450068600422] Desired Position: (null)
[1450068600422] Direction: (0, 0)
______________
[1450068600522] NearObjects size: 0
[1450068600522] NearObjectsToExtinguish: 0
[1450068600522] Current position: (32, 3)
[1450068600522] Desired Position: (30, 3)
[1450068600522] Direction: (-1, 0)
______________
[1450068600522] NearObjects size: 5
[1450068600522] NearObjectsToExtinguish: 0
[1450068600522] Current position: (31, 2)
[1450068600522] Desired Position: (null)
[1450068600522] Direction: (0, 0)
______________
[1450068600622] NearObjects size: 2
[1450068600622] NearObjects size: 1
[1450068600622] NearObjectsToExtinguish: 1
[1450068600622] NearObjectsToExtinguish: 1
[1450068600622] Current position: (30, 3)
[1450068600622] Desired Position: (null)
[1450068600622] Direction: (-1, 1)
______________
[1450068600622] Current position: (31, 3)
[1450068600622] Desired Position: (30, 3)
[1450068600622] Direction: (-1, 0)
______________
[1450068600722] NearObjects size: 1
[1450068600722] NearObjectsToExtinguish: 0
[1450068600722] Current position: (31, 3)
[1450068600722] Desired Position: (30, 3)
[1450068600722] NearObjects size: 2
[1450068600722] NearObjectsToExtinguish: 0
[1450068600722] Current position: (30, 3)
[1450068600722] Desired Position: (null)
[1450068600722] Direction: (0, 0)
______________
[1450068600722] Direction: (0, 0)
______________
[1450068600822] NearObjects size: 0
[1450068600822] NearObjectsToExtinguish: 0
[1450068600822] Current position: (31, 3)
[1450068600822] Desired Position: (30, 3)
[1450068600822] NearObjects size: 1
[1450068600822] NearObjectsToExtinguish: 0
[1450068600822] Direction: (0, 0)
______________
[1450068600822] Current position: (30, 3)
[1450068600822] Desired Position: (null)
[1450068600822] Direction: (0, 0)
______________
[1450068600922] NearObjects size: 0
[1450068600922] NearObjects size: 0
[1450068600922] NearObjectsToExtinguish: 0
[1450068600922] Current position: (30, 3)
[1450068600922] Desired Position: (null)
[1450068600922] Direction: (0, 0)
[1450068600922] NearObjectsToExtinguish: 0
[1450068600922] Current position: (30, 3)
______________
[1450068600922] Desired Position: (30, 3)
[1450068600922] Direction: (-1, 0)
______________
[1450068601022] NearObjects size: 0
[1450068601022] NearObjectsToExtinguish: 0
[1450068601022] Current position: (30, 3)
[1450068601022] Desired Position: (null)
[1450068601022] Direction: (0, 0)
______________
[1450068601022] NearObjects size: 1
[1450068601022] NearObjectsToExtinguish: 1
[1450068601022] Current position: (30, 2)
[1450068601022] Desired Position: (30, 1)
[1450068601022] Direction: (0, -1)
______________
[1450068601122] NearObjects size: 1
[1450068601122] NearObjectsToExtinguish: 1
[1450068601122] Current position: (30, 2)
[1450068601122] Desired Position: (30, 1)
[1450068601122] NearObjects size: 1
[1450068601122] NearObjectsToExtinguish: 0
[1450068601122] Direction: (0, -1)
______________
[1450068601122] Current position: (30, 2)
[1450068601122] Desired Position: (30, 1)
[1450068601122] Direction: (0, 0)
______________
[1450068601223] NearObjects size: 0
[1450068601223] NearObjectsToExtinguish: 0
[1450068601223] Current position: (30, 2)
[1450068601223] Desired Position: (30, 1)
[1450068601223] Direction: (0, 0)
______________
[1450068601223] NearObjects size: 1
[1450068601223] NearObjectsToExtinguish: 0
[1450068601223] Current position: (30, 2)
[1450068601223] Desired Position: (30, 1)
[1450068601223] Direction: (0, 0)
______________
[1450068601323] NearObjects size: 0
[1450068601323] NearObjectsToExtinguish: 0
[1450068601323] Current position: (30, 2)
[1450068601323] NearObjects size: 1
[1450068601323] NearObjectsToExtinguish: 1
[1450068601323] Desired Position: (30, 1)
[1450068601323] Direction: (0, 0)
______________
[1450068601323] Current position: (30, 1)
[1450068601323] Desired Position: (30, 1)
[1450068601323] Direction: (0, -1)
______________
[1450068601423] NearObjects size: 1
[1450068601423] NearObjectsToExtinguish: 1
[1450068601423] Current position: (30, 1)
[1450068601423] Desired Position: (30, 1)
[1450068601423] Direction: (0, -1)
______________
[1450068601423] NearObjects size: 1
[1450068601423] NearObjectsToExtinguish: 1
[1450068601423] Current position: (30, 1)
[1450068601423] Desired Position: (null)
[1450068601423] Direction: (0, 0)
______________
[1450068601523] NearObjects size: 1
[1450068601523] NearObjects size: 1
[1450068601523] NearObjectsToExtinguish: 0
[1450068601523] NearObjectsToExtinguish: 1
[1450068601523] Current position: (30, 1)
[1450068601523] Desired Position: (null)
[1450068601523] Direction: (0, 0)
______________
[1450068601523] Current position: (30, 1)
[1450068601523] Desired Position: (null)
[1450068601523] Direction: (0, 0)
______________
[1450068601624] NearObjects size: 0
[1450068601624] NearObjectsToExtinguish: 0
[1450068601624] Current position: (30, 1)
[1450068601624] Desired Position: (null)
[1450068601624] Direction: (0, 0)
______________
[1450068601624] NearObjects size: 1
[1450068601624] NearObjectsToExtinguish: 0
[1450068601624] Current position: (30, 1)
[1450068601624] Desired Position: (null)
[1450068601624] Direction: (0, 0)
______________
[1450068601724] NearObjects size: 0
[1450068601724] NearObjects size: 0
[1450068601724] NearObjectsToExtinguish: 0
[1450068601724] NearObjectsToExtinguish: 0
[1450068601724] Current position: (30, 1)
[1450068601724] Current position: (31, 2)
[1450068601724] Desired Position: (33, 11)
[1450068601724] Desired Position: (null)
[1450068601724] Direction: (0, 0)
______________
[1450068601724] Direction: (1, 1)
______________
[1450068601824] NearObjects size: 0
[1450068601824] NearObjectsToExtinguish: 0
[1450068601824] Current position: (31, 2)
[1450068601824] Desired Position: (33, 10)
[1450068601824] NearObjects size: 0
[1450068601824] NearObjectsToExtinguish: 0
[1450068601824] Direction: (1, 1)
______________
[1450068601824] Current position: (32, 3)
[1450068601824] Desired Position: (33, 11)
[1450068601824] Direction: (1, 1)
______________
[1450068601925] NearObjects size: 0
[1450068601925] NearObjectsToExtinguish: 0
[1450068601925] Current position: (33, 4)
[1450068601925] Desired Position: (33, 11)
[1450068601925] Direction: (1, 1)
______________
[1450068601925] NearObjects size: 0
[1450068601925] NearObjectsToExtinguish: 0
[1450068601925] Current position: (32, 3)
[1450068601925] Desired Position: (33, 10)
[1450068601925] Direction: (1, 1)
______________
[1450068602025] NearObjects size: 0
[1450068602025] NearObjectsToExtinguish: 0
[1450068602025] NearObjects size: 0
[1450068602025] NearObjectsToExtinguish: 0
[1450068602025] Current position: (33, 5)
[1450068602025] Desired Position: (33, 11)
[1450068602025] Current position: (33, 4)
[1450068602025] Desired Position: (33, 10)
[1450068602025] Direction: (0, 1)
______________
[1450068602025] Direction: (1, 1)
______________
[1450068602125] NearObjects size: 1
[1450068602125] NearObjectsToExtinguish: 1
[1450068602125] Current position: (33, 6)
[1450068602125] Desired Position: (33, 11)
[1450068602125] Direction: (0, 1)
______________
[1450068602125] NearObjects size: 0
[1450068602125] NearObjectsToExtinguish: 0
[1450068602125] Current position: (33, 5)
[1450068602125] Desired Position: (33, 10)
[1450068602125] Direction: (0, 1)
______________
[1450068602225] NearObjects size: 1
[1450068602225] NearObjectsToExtinguish: 1
[1450068602225] Current position: (33, 6)
[1450068602225] NearObjects size: 1
[1450068602225] NearObjectsToExtinguish: 0
[1450068602225] Current position: (33, 6)
[1450068602225] Desired Position: (33, 11)
[1450068602225] Desired Position: (33, 10)
[1450068602225] Direction: (0, 1)
______________
[1450068602225] Direction: (0, 0)
______________
[1450068602325] NearObjects size: 1
[1450068602325] NearObjectsToExtinguish: 0
[1450068602325] Current position: (33, 6)
[1450068602325] Desired Position: (33, 10)
[1450068602325] NearObjects size: 0
[1450068602325] NearObjectsToExtinguish: 0
[1450068602325] Direction: (0, 0)
______________
[1450068602325] Current position: (33, 6)
[1450068602325] Desired Position: (33, 11)
[1450068602325] Direction: (0, 0)
______________
[1450068602425] NearObjects size: 0
[1450068602425] NearObjectsToExtinguish: 0
[1450068602425] Current position: (33, 6)
[1450068602425] Desired Position: (33, 10)
[1450068602425] NearObjects size: 2
[1450068602425] NearObjectsToExtinguish: 1
[1450068602425] Direction: (0, 0)
______________
[1450068602425] Current position: (33, 7)
[1450068602425] Desired Position: (33, 11)
[1450068602425] Direction: (0, 1)
______________
[1450068602525] NearObjects size: 2
[1450068602525] NearObjectsToExtinguish: 1
[1450068602525] Current position: (33, 7)
[1450068602525] Desired Position: (33, 10)
[1450068602525] Direction: (0, 1)
______________
[1450068602525] NearObjects size: 2
[1450068602525] NearObjectsToExtinguish: 0
[1450068602525] Current position: (33, 7)
[1450068602525] Desired Position: (33, 11)
[1450068602525] Direction: (0, 0)
______________
[1450068602625] NearObjects size: 1
[1450068602625] NearObjectsToExtinguish: 0
[1450068602625] Current position: (33, 7)
[1450068602625] Desired Position: (33, 11)
[1450068602625] NearObjects size: 2
[1450068602625] NearObjectsToExtinguish: 0
[1450068602625] Direction: (0, 0)
______________
[1450068602625] Current position: (33, 7)
[1450068602625] Desired Position: (33, 10)
[1450068602625] Direction: (0, 0)
______________
[1450068602725] NearObjects size: 1
[1450068602725] NearObjectsToExtinguish: 0
[1450068602725] Current position: (33, 7)
[1450068602725] Desired Position: (33, 10)
[1450068602725] NearObjects size: 2
[1450068602725] NearObjectsToExtinguish: 1
[1450068602725] Current position: (34, 8)
[1450068602725] Desired Position: (33, 11)
[1450068602725] Direction: (1, 1)
______________
[1450068602725] Direction: (0, 0)
______________
[1450068602826] NearObjects size: 0
[1450068602826] NearObjectsToExtinguish: 0
[1450068602826] Current position: (33, 7)
[1450068602826] Desired Position: (33, 10)
[1450068602826] Direction: (null)
______________
[1450068602826] NearObjects size: 2
[1450068602826] NearObjectsToExtinguish: 0
[1450068602826] Current position: (34, 8)
[1450068602826] Desired Position: (33, 11)
[1450068602826] Direction: (0, 0)
______________
[1450068602926] NearObjects size: 2
[1450068602926] NearObjectsToExtinguish: 1
[1450068602926] NearObjects size: 1
[1450068602926] NearObjectsToExtinguish: 0
[1450068602926] Current position: (33, 8)
[1450068602926] Desired Position: (33, 10)
[1450068602926] Direction: (0, 1)
______________
[1450068602926] Current position: (34, 8)
[1450068602926] Desired Position: (33, 11)
[1450068602926] Direction: (0, 0)
______________
[1450068603027] NearObjects size: 5
[1450068603027] NearObjectsToExtinguish: 3
[1450068603027] NearObjects size: 2
[1450068603027] NearObjectsToExtinguish: 0
[1450068603027] Current position: (33, 9)
[1450068603027] Desired Position: (33, 11)
[1450068603027] Current position: (33, 8)
[1450068603027] Desired Position: (33, 10)
[1450068603027] Direction: (0, 0)
______________
[1450068603027] Direction: (-1, 1)
______________
[1450068603127] NearObjects size: 1
[1450068603127] NearObjectsToExtinguish: 0
[1450068603127] Current position: (33, 8)
[1450068603127] Desired Position: (33, 10)
[1450068603127] NearObjects size: 5
[1450068603127] Direction: (0, 0)
______________
[1450068603127] NearObjectsToExtinguish: 2
[1450068603127] Current position: (33, 9)
[1450068603127] Desired Position: (33, 11)
[1450068603127] Direction: (0, 0)
______________
[1450068603228] NearObjects size: 0
[1450068603228] NearObjectsToExtinguish: 0
[1450068603228] NearObjects size: 5
[1450068603228] NearObjectsToExtinguish: 1
[1450068603228] Current position: (33, 8)
[1450068603228] Desired Position: (33, 10)
[1450068603228] Current position: (33, 9)
[1450068603228] Desired Position: (33, 11)
[1450068603228] Direction: (0, 0)
______________
[1450068603228] Direction: (0, 0)
______________
[1450068603328] NearObjects size: 2
[1450068603328] NearObjectsToExtinguish: 0
[1450068603328] Current position: (33, 9)
[1450068603328] Desired Position: (33, 10)
[1450068603328] Direction: (0, 1)
______________
[1450068603328] NearObjects size: 5
[1450068603328] NearObjectsToExtinguish: 0
[1450068603328] Current position: (33, 9)
[1450068603328] Desired Position: (33, 11)
[1450068603328] Direction: (0, 0)
______________
[1450068603429] NearObjects size: 6
[1450068603429] NearObjectsToExtinguish: 2
[1450068603429] Current position: (32, 10)
[1450068603429] Desired Position: (33, 11)
[1450068603429] NearObjects size: 3
[1450068603429] NearObjectsToExtinguish: 2
[1450068603429] Direction: (-1, 1)
______________
[1450068603429] Current position: (32, 10)
[1450068603429] Desired Position: (33, 10)
[1450068603429] Direction: (-1, 1)
______________
[1450068603529] NearObjects size: 3
[1450068603529] NearObjects size: 6
[1450068603529] NearObjectsToExtinguish: 1
[1450068603529] Current position: (32, 10)
[1450068603529] NearObjectsToExtinguish: 1
[1450068603529] Current position: (32, 10)
[1450068603529] Desired Position: (33, 11)
[1450068603529] Direction: (0, 0)
______________
[1450068603529] Desired Position: (33, 10)
[1450068603529] Direction: (0, 0)
______________
[1450068603630] NearObjects size: 6
[1450068603630] NearObjectsToExtinguish: 0
[1450068603630] Current position: (32, 10)
[1450068603630] Desired Position: (33, 11)
[1450068603630] Direction: (0, 0)
______________
[1450068603630] NearObjects size: 3
[1450068603630] NearObjectsToExtinguish: 0
[1450068603630] Current position: (32, 10)
[1450068603630] Desired Position: (33, 10)
[1450068603630] Direction: (0, 0)
______________
[1450068603731] NearObjects size: 5
[1450068603731] NearObjects size: 5
[1450068603731] NearObjectsToExtinguish: 0
[1450068603731] NearObjectsToExtinguish: 2
[1450068603731] Current position: (33, 11)
[1450068603731] Desired Position: (33, 10)
[1450068603731] Direction: (1, 1)
______________
[1450068603731] Current position: (32, 10)
[1450068603731] Desired Position: (33, 11)
[1450068603731] Direction: (0, 0)
______________
[1450068603831] NearObjects size: 5
[1450068603831] NearObjectsToExtinguish: 1
[1450068603831] NearObjects size: 4
[1450068603831] NearObjectsToExtinguish: 0
[1450068603831] Current position: (33, 11)
[1450068603831] Current position: (32, 10)
[1450068603831] Desired Position: (33, 10)
[1450068603831] Desired Position: (33, 11)
[1450068603831] Direction: (0, 0)
______________
[1450068603831] Direction: (0, 0)
______________
[1450068603931] NearObjects size: 3
[1450068603931] NearObjects size: 5
[1450068603931] NearObjectsToExtinguish: 0
[1450068603931] NearObjectsToExtinguish: 0
[1450068603931] Current position: (33, 11)
[1450068603931] Desired Position: (33, 10)
[1450068603931] Direction: (0, 0)
______________
[1450068603931] Current position: (32, 10)
[1450068603931] Desired Position: (33, 11)
[1450068603931] Direction: (0, 0)
______________
[1450068604032] NearObjects size: 2
[1450068604032] NearObjectsToExtinguish: 0
[1450068604032] Current position: (32, 10)
[1450068604032] Desired Position: (33, 11)
[1450068604032] NearObjects size: 4
[1450068604032] NearObjectsToExtinguish: 0
[1450068604032] Direction: (0, 0)
______________
[1450068604032] Current position: (33, 11)
[1450068604032] Desired Position: (33, 10)
[1450068604032] Direction: (0, 0)
______________
[1450068604133] NearObjects size: 1
[1450068604133] NearObjects size: 3
[1450068604133] NearObjectsToExtinguish: 0
[1450068604133] NearObjectsToExtinguish: 0
[1450068604133] Current position: (32, 10)
[1450068604133] Current position: (33, 11)
[1450068604133] Desired Position: (33, 10)
[1450068604133] Desired Position: (33, 11)
[1450068604133] Direction: (0, 0)
______________
[1450068604133] Direction: (0, 0)
______________
[1450068604234] NearObjects size: 0
[1450068604234] NearObjectsToExtinguish: 0
[1450068604234] NearObjects size: 2
[1450068604234] NearObjectsToExtinguish: 0
[1450068604234] Current position: (33, 11)
[1450068604234] Current position: (32, 10)
[1450068604234] Desired Position: (33, 11)
[1450068604234] Direction: (0, 0)
______________
[1450068604234] Desired Position: (33, 10)
[1450068604234] Direction: (0, 0)
______________
[1450068604334] NearObjects size: 3
[1450068604334] NearObjects size: 1
[1450068604334] NearObjectsToExtinguish: 0
[1450068604334] NearObjectsToExtinguish: 2
[1450068604334] Current position: (34, 10)
[1450068604334] Desired Position: (33, 10)
[1450068604334] Current position: (33, 11)
[1450068604334] Direction: (1, -1)
______________
[1450068604334] Desired Position: (33, 11)
[1450068604334] Direction: (1, 1)
______________
[1450068604434] NearObjects size: 1
[1450068604434] NearObjectsToExtinguish: 0
[1450068604434] NearObjects size: 3
[1450068604434] NearObjectsToExtinguish: 1
[1450068604434] Current position: (33, 11)
[1450068604434] Desired Position: (null)
[1450068604434] Current position: (34, 10)
[1450068604434] Desired Position: (33, 10)
[1450068604434] Direction: (0, 0)
______________
[1450068604434] Direction: (0, 0)
______________
[1450068604535] NearObjects size: 0
[1450068604535] NearObjectsToExtinguish: 0
[1450068604535] NearObjects size: 3
[1450068604535] NearObjectsToExtinguish: 0
[1450068604535] Current position: (34, 10)
[1450068604535] Desired Position: (33, 10)
[1450068604535] Current position: (33, 11)
[1450068604535] Desired Position: (null)
[1450068604535] Direction: (0, 0)
______________
[1450068604535] Direction: (0, 0)
______________
[1450068604635] NearObjects size: 0
[1450068604635] NearObjects size: 2
[1450068604635] NearObjectsToExtinguish: 0
[1450068604635] NearObjectsToExtinguish: 0
[1450068604635] Current position: (34, 10)
[1450068604635] Current position: (34, 10)
[1450068604635] Desired Position: (38, 10)
[1450068604635] Direction: (1, -1)
______________
[1450068604635] Desired Position: (33, 10)
[1450068604635] Direction: (0, 0)
______________
[1450068604735] NearObjects size: 1
[1450068604735] NearObjectsToExtinguish: 1
[1450068604735] Current position: (35, 10)
[1450068604735] Desired Position: (38, 10)
[1450068604735] Direction: (1, 0)
[1450068604735] NearObjects size: 1
[1450068604735] NearObjectsToExtinguish: 0
______________
[1450068604735] Current position: (34, 10)
[1450068604735] Desired Position: (33, 10)
[1450068604735] Direction: (0, 0)
______________
[1450068604835] NearObjects size: 0
[1450068604835] NearObjectsToExtinguish: 0
[1450068604835] Current position: (34, 10)
[1450068604835] Desired Position: (33, 10)
[1450068604835] NearObjects size: 1
[1450068604835] NearObjectsToExtinguish: 0
[1450068604835] Direction: (0, 0)
______________
[1450068604835] Current position: (35, 10)
[1450068604835] Desired Position: (38, 10)
[1450068604835] Direction: (0, 0)
______________
[1450068604935] NearObjects size: 0
[1450068604935] NearObjectsToExtinguish: 0
[1450068604935] Current position: (35, 10)
[1450068604935] Desired Position: (38, 10)
[1450068604935] Direction: (0, 0)
______________
[1450068604935] NearObjects size: 0
[1450068604935] NearObjectsToExtinguish: 0
[1450068604935] Current position: (33, 10)
[1450068604935] Desired Position: (33, 10)
[1450068604935] Direction: (-1, 0)
______________
[1450068605035] NearObjects size: 1
[1450068605035] NearObjects size: 0
[1450068605035] NearObjectsToExtinguish: 1
[1450068605035] NearObjectsToExtinguish: 0
[1450068605035] Current position: (36, 10)
[1450068605035] Desired Position: (38, 10)
[1450068605035] Direction: (1, 0)
______________
[1450068605035] Current position: (33, 10)
[1450068605035] Desired Position: (null)
[1450068605035] Direction: (0, 0)
______________
[1450068605135] NearObjects size: 0
[1450068605135] NearObjectsToExtinguish: 0
[1450068605135] NearObjects size: 1
[1450068605135] NearObjectsToExtinguish: 0
[1450068605135] Current position: (34, 10)
[1450068605135] Desired Position: (37, 10)
[1450068605135] Direction: (1, 0)
______________
[1450068605135] Current position: (36, 10)
[1450068605135] Desired Position: (38, 10)
[1450068605135] Direction: (0, 0)
______________
[1450068605236] NearObjects size: 0
[1450068605236] NearObjectsToExtinguish: 0
[1450068605236] Current position: (35, 10)
[1450068605236] Desired Position: (37, 10)
[1450068605236] NearObjects size: 0
[1450068605236] NearObjectsToExtinguish: 0
[1450068605236] Direction: (1, 0)
______________
[1450068605236] Current position: (36, 10)
[1450068605236] Desired Position: (38, 10)
[1450068605236] Direction: (0, 0)
______________
[1450068605337] NearObjects size: 1
[1450068605337] NearObjectsToExtinguish: 1
[1450068605337] Current position: (37, 10)
[1450068605337] NearObjects size: 0
[1450068605337] Desired Position: (38, 10)
[1450068605337] Direction: (1, 0)
______________
[1450068605337] NearObjectsToExtinguish: 0
[1450068605337] Current position: (36, 10)
[1450068605337] Desired Position: (37, 10)
[1450068605337] Direction: (1, 0)
______________
[1450068605438] NearObjects size: 1
[1450068605438] NearObjectsToExtinguish: 1
[1450068605438] Current position: (37, 10)
[1450068605438] NearObjects size: 1
[1450068605438] NearObjectsToExtinguish: 0
[1450068605438] Desired Position: (37, 10)
[1450068605438] Direction: (1, 0)
______________
[1450068605438] Current position: (37, 10)
[1450068605438] Desired Position: (38, 10)
[1450068605438] Direction: (0, 0)
______________
[1450068605538] NearObjects size: 1
[1450068605538] NearObjects size: 0
[1450068605538] NearObjectsToExtinguish: 0
[1450068605538] Current position: (37, 10)
[1450068605538] Desired Position: (38, 10)
[1450068605538] NearObjectsToExtinguish: 1
[1450068605538] Direction: (0, 0)
______________
[1450068605538] Current position: (37, 10)
[1450068605538] Desired Position: (null)
[1450068605538] Direction: (0, 0)
______________
[1450068605638] NearObjects size: 1
[1450068605638] NearObjectsToExtinguish: 1
[1450068605638] NearObjects size: 1
[1450068605638] NearObjectsToExtinguish: 0
[1450068605638] Current position: (37, 10)
[1450068605638] Desired Position: (null)
[1450068605638] Direction: (0, 0)
______________
[1450068605638] Current position: (38, 10)
[1450068605638] Desired Position: (38, 10)
[1450068605638] Direction: (1, 0)
______________
[1450068605739] NearObjects size: 0
[1450068605739] NearObjectsToExtinguish: 0
[1450068605739] Current position: (37, 10)
[1450068605739] Desired Position: (null)
[1450068605739] NearObjects size: 1
[1450068605739] NearObjectsToExtinguish: 1
[1450068605739] Direction: (0, 0)
______________
[1450068605739] Current position: (38, 10)
[1450068605739] Desired Position: (null)
[1450068605739] Direction: (0, 0)
______________
[1450068605839] NearObjects size: 1
[1450068605839] NearObjects size: 1
[1450068605839] NearObjectsToExtinguish: 0
[1450068605839] NearObjectsToExtinguish: 1
[1450068605839] Current position: (38, 10)
[1450068605839] Current position: (38, 10)
[1450068605839] Desired Position: (39, 10)
[1450068605839] Direction: (1, 0)
______________
[1450068605839] Desired Position: (null)
[1450068605839] Direction: (0, 0)
______________
[1450068605942] NearObjects size: 0
[1450068605942] NearObjectsToExtinguish: 0
[1450068605942] Current position: (38, 10)
[1450068605942] Desired Position: (null)
[1450068605942] Direction: (0, 0)
______________
[1450068605941] NearObjects size: 1
[1450068605941] NearObjectsToExtinguish: 0
[1450068605941] Current position: (38, 10)
[1450068605941] Desired Position: (39, 10)
[1450068605941] Direction: (0, 0)
______________
[1450068606041] NearObjects size: 0
[1450068606041] NearObjectsToExtinguish: 0
[1450068606041] Current position: (38, 10)
[1450068606041] Desired Position: (39, 10)
[1450068606041] Direction: (0, 0)
______________
[1450068606042] NearObjects size: 0
[1450068606042] NearObjectsToExtinguish: 0
[1450068606042] Current position: (38, 10)
[1450068606042] Desired Position: (null)
[1450068606042] Direction: (null)
______________
[1450068606141] NearObjects size: 0
[1450068606141] NearObjectsToExtinguish: 0
[1450068606141] Current position: (39, 10)
[1450068606141] Desired Position: (39, 10)
[1450068606141] Direction: (1, 0)
______________
[1450068606241] NearObjects size: 0
[1450068606241] NearObjectsToExtinguish: 0
[1450068606241] Current position: (39, 10)
[1450068606241] Desired Position: (null)
[1450068606241] Direction: (0, 0)
______________
[1450068606342] NearObjects size: 0
[1450068606342] NearObjectsToExtinguish: 0
[1450068606342] Current position: (39, 10)
[1450068606342] Desired Position: (null)
[1450068606342] Direction: (null)
______________
