[STARTING RUN OF logs/14_58_2015_03_58_02.log ]


[1450065482361] Initializing FireProcess
[1450065482361] Getting Fire first element
[1450065482361] Initialize clock.
[Fireman 403] - Accept a rescue request from [Person 413]
[Fireman 403] - Refused a rescue request from [Person 415]
A person was saved on: (13, 4)
[Fireman 404] - Accept a rescue request from [Person 417]
[Fireman 404] - Refused a rescue request from [Person 409]
[Fireman 404] - Refused a rescue request from [Person 407]
A person was saved on: (9, 9)
A person was saved on: (17, 13)
[Fireman 403] - Refused a rescue request from [Person 410]
[Fireman 403] - Refused a rescue request from [Person 412]
[Fireman 403] - Refused a rescue request from [Person 411]
[Fireman 403] - Refused a rescue request from [Person 416]
A person died on: (18, 19)
A person died on: (9, 11)
[Fireman 404] - Accept a rescue request from [Person 405]
A person was saved on: (18, 4)
[Fireman 404] - Accept a rescue request from [Person 408]
[Fireman 404] - Refused a rescue request from [Person 414]
A person died on: (1, 14)
A person died on: (11, -1)
A person died on: (1, 11)
A person was saved on: (1, 1)
A person died on: (2, 7)
A person died on: (1, 7)
A person died on: (1, 6)
