[STARTING RUN OF logs/14_50_2015_04_50_45.log ]


[1450068645935] Initializing FireProcess
[1450068645935] Getting Fire first element
[1450068645935] Initialize clock.
[1450068645950] NearObjects size: 0
[1450068645940] NearObjects size: 0
[1450068645940] NearObjectsToExtinguish: 0
[1450068645940] Current position: (22, 28)
[1450068645950] NearObjectsToExtinguish: 0
[1450068645940] Desired Position: (8, 19)
[1450068645950] Current position: (25, 13)
[1450068645940] Direction: (-1, -1)
______________
[1450068645950] Desired Position: (8, 19)
[1450068645950] Direction: (-1, 1)
______________
[1450068646134] NearObjects size: 0
[1450068646134] NearObjectsToExtinguish: 0
[1450068646134] Current position: (24, 14)
[1450068646134] Desired Position: (8, 19)
[1450068646134] Direction: (-1, 1)
______________
[1450068646134] NearObjects size: 0
[1450068646134] NearObjectsToExtinguish: 0
[1450068646134] Current position: (21, 27)
[1450068646134] Desired Position: (8, 19)
[1450068646134] Direction: (-1, -1)
______________
[1450068646284] NearObjects size: 0
[1450068646284] NearObjectsToExtinguish: 0
[1450068646284] NearObjects size: 0
[1450068646284] NearObjectsToExtinguish: 0
[1450068646284] Current position: (23, 15)
[1450068646284] Desired Position: (8, 19)
[1450068646284] Current position: (20, 26)
[1450068646284] Desired Position: (8, 19)
[1450068646284] Direction: (-1, 1)
______________
[1450068646284] Direction: (-1, -1)
______________
[1450068646434] NearObjects size: 0
[1450068646434] NearObjectsToExtinguish: 0
[1450068646434] Current position: (19, 25)
[1450068646434] Desired Position: (8, 19)
[1450068646434] NearObjects size: 0
[1450068646434] NearObjectsToExtinguish: 0
[1450068646434] Current position: (22, 16)
[1450068646434] Direction: (-1, -1)
______________
[1450068646434] Desired Position: (8, 19)
[1450068646434] Direction: (-1, 1)
______________
[1450068646584] NearObjects size: 0
[1450068646584] NearObjectsToExtinguish: 0
[1450068646584] Current position: (18, 24)
[1450068646584] Desired Position: (8, 19)
[1450068646584] Direction: (-1, -1)
______________
[1450068646584] NearObjects size: 0
[1450068646584] NearObjectsToExtinguish: 0
[1450068646584] Current position: (21, 17)
[1450068646584] Desired Position: (8, 19)
[1450068646584] Direction: (-1, 1)
______________
[1450068646734] NearObjects size: 0
[1450068646734] NearObjectsToExtinguish: 0
[1450068646734] Current position: (17, 23)
[1450068646734] NearObjects size: 0
[1450068646734] NearObjectsToExtinguish: 0
[1450068646734] Current position: (20, 18)
[1450068646734] Desired Position: (8, 19)
[1450068646734] Direction: (-1, -1)
______________
[1450068646734] Desired Position: (8, 19)
[1450068646734] Direction: (-1, 1)
______________
[1450068646885] NearObjects size: 0
[1450068646885] NearObjectsToExtinguish: 0
[1450068646885] Current position: (16, 22)
[1450068646885] NearObjects size: 0
[1450068646885] NearObjectsToExtinguish: 0
[1450068646885] Current position: (19, 19)
[1450068646885] Desired Position: (8, 19)
[1450068646885] Direction: (-1, -1)
______________
[1450068646885] Desired Position: (8, 19)
[1450068646885] Direction: (-1, 1)
______________
[1450068647035] NearObjects size: 0
[1450068647035] NearObjectsToExtinguish: 0
[1450068647035] NearObjects size: 0
[1450068647035] NearObjectsToExtinguish: 0
[1450068647035] Current position: (18, 19)
[1450068647035] Current position: (15, 21)
[1450068647035] Desired Position: (8, 19)
[1450068647035] Direction: (-1, -1)
______________
[1450068647035] Desired Position: (8, 19)
[1450068647035] Direction: (-1, 0)
______________
[1450068647186] NearObjects size: 0
[1450068647186] NearObjectsToExtinguish: 0
[1450068647186] Current position: (14, 20)
[1450068647186] NearObjects size: 0
[1450068647186] NearObjectsToExtinguish: 0
[1450068647186] Desired Position: (8, 19)
[1450068647186] Direction: (-1, -1)
______________
[1450068647186] Current position: (17, 19)
[1450068647186] Desired Position: (8, 19)
[1450068647186] Direction: (-1, 0)
______________
[1450068647336] NearObjects size: 0
[1450068647336] NearObjectsToExtinguish: 0
[1450068647336] Current position: (13, 19)
[1450068647336] Desired Position: (8, 19)
[1450068647336] NearObjects size: 0
[1450068647336] NearObjectsToExtinguish: 0
[1450068647336] Current position: (16, 19)
[1450068647336] Direction: (-1, -1)
______________
[1450068647336] Desired Position: (8, 19)
[1450068647336] Direction: (-1, 0)
______________
[1450068647486] NearObjects size: 0
[1450068647486] NearObjectsToExtinguish: 0
[1450068647486] Current position: (12, 19)
[1450068647486] Desired Position: (8, 19)
[1450068647486] NearObjects size: 0
[1450068647486] NearObjectsToExtinguish: 0
[1450068647486] Direction: (-1, 0)
______________
[1450068647486] Current position: (15, 19)
[1450068647486] Desired Position: (8, 19)
[1450068647486] Direction: (-1, 0)
______________
[1450068647637] NearObjects size: 0
[1450068647637] NearObjects size: 0
[1450068647637] NearObjectsToExtinguish: 0
[1450068647637] NearObjectsToExtinguish: 0
[1450068647637] Current position: (14, 19)
[1450068647637] Desired Position: (8, 19)
[1450068647637] Direction: (-1, 0)
______________
[1450068647637] Current position: (11, 19)
[1450068647637] Desired Position: (8, 19)
[1450068647637] Direction: (-1, 0)
______________
[1450068647788] NearObjects size: 1
[1450068647788] NearObjectsToExtinguish: 1
[1450068647788] NearObjects size: 0
[1450068647788] Current position: (10, 19)
[1450068647788] Desired Position: (8, 19)
[1450068647788] NearObjectsToExtinguish: 0
[1450068647788] Current position: (13, 19)
[1450068647788] Desired Position: (8, 19)
[1450068647788] Direction: (-1, 0)
______________
[1450068647788] Direction: (-1, 0)
______________
[1450068647938] NearObjects size: 0
[1450068647938] NearObjectsToExtinguish: 0
[1450068647938] Current position: (12, 19)
[1450068647938] Desired Position: (8, 19)
[1450068647938] Direction: (-1, 0)
______________
[1450068647938] NearObjects size: 1
[1450068647938] NearObjectsToExtinguish: 0
[1450068647938] Current position: (10, 19)
[1450068647938] Desired Position: (8, 19)
[1450068647938] Direction: (0, 0)
______________
[1450068648088] NearObjects size: 0
[1450068648088] NearObjectsToExtinguish: 0
[1450068648088] NearObjects size: 0
[1450068648088] Current position: (11, 19)
[1450068648088] NearObjectsToExtinguish: 0
[1450068648088] Current position: (10, 19)
[1450068648088] Desired Position: (8, 19)
[1450068648088] Direction: (-1, 0)
______________
[1450068648088] Desired Position: (8, 19)
[1450068648088] Direction: (0, 0)
______________
[1450068648238] NearObjects size: 0
[1450068648238] NearObjectsToExtinguish: 0
[1450068648238] Current position: (10, 19)
[1450068648238] NearObjects size: 2
[1450068648238] Desired Position: (8, 19)
[1450068648238] Direction: (-1, 0)
[1450068648238] NearObjectsToExtinguish: 1
[1450068648238] Current position: (9, 19)
[1450068648238] Desired Position: (8, 19)
[1450068648238] Direction: (-1, 0)
______________
______________
[1450068648388] NearObjects size: 2
[1450068648388] NearObjects size: 2
[1450068648388] NearObjectsToExtinguish: 0
[1450068648388] NearObjectsToExtinguish: 1
[1450068648388] Current position: (9, 19)
[1450068648388] Current position: (9, 19)
[1450068648388] Desired Position: (8, 19)
[1450068648388] Direction: (0, 0)
______________
[1450068648388] Desired Position: (8, 19)
[1450068648388] Direction: (-1, 0)
______________
[1450068648539] NearObjects size: 1
[1450068648539] NearObjectsToExtinguish: 0
[1450068648539] Current position: (9, 19)
[1450068648539] Desired Position: (8, 19)
[1450068648539] NearObjects size: 2
[1450068648539] NearObjectsToExtinguish: 0
[1450068648539] Direction: (0, 0)
______________
[1450068648539] Current position: (9, 19)
[1450068648539] Desired Position: (8, 19)
[1450068648539] Direction: (0, 0)
______________
[1450068648689] NearObjects size: 2
[1450068648689] NearObjectsToExtinguish: 1
[1450068648689] Current position: (9, 19)
[1450068648689] Desired Position: (8, 19)
[1450068648689] NearObjects size: 4
[1450068648689] NearObjectsToExtinguish: 3
[1450068648689] Direction: (0, 0)
______________
[1450068648689] Current position: (8, 20)
[1450068648689] Desired Position: (8, 19)
[1450068648689] Direction: (-1, 1)
______________
[1450068648839] NearObjects size: 2
[1450068648839] NearObjectsToExtinguish: 0
[1450068648839] Current position: (9, 19)
[1450068648839] NearObjects size: 4
[1450068648839] NearObjectsToExtinguish: 2
[1450068648839] Current position: (8, 20)
[1450068648839] Desired Position: (8, 19)
[1450068648839] Desired Position: (8, 19)
[1450068648839] Direction: (0, 0)
[1450068648839] Direction: (0, 0)
______________
______________
[1450068648990] NearObjects size: 1
[1450068648990] NearObjectsToExtinguish: 0
[1450068648990] Current position: (9, 19)
[1450068648990] Desired Position: (8, 19)
[1450068648990] Direction: (0, 0)
______________
[1450068648990] NearObjects size: 4
[1450068648990] NearObjectsToExtinguish: 1
[1450068648990] Current position: (8, 20)
[1450068648990] Desired Position: (8, 19)
[1450068648990] Direction: (0, 0)
______________
[1450068649141] NearObjects size: 0
[1450068649141] NearObjectsToExtinguish: 0
[1450068649141] NearObjects size: 4
[1450068649141] NearObjectsToExtinguish: 0
[1450068649141] Current position: (9, 19)
[1450068649141] Desired Position: (8, 19)
[1450068649141] Current position: (8, 20)
[1450068649141] Desired Position: (8, 19)
[1450068649141] Direction: (0, 0)
______________
[1450068649141] Direction: (0, 0)
______________
[1450068649291] NearObjects size: 1
[1450068649291] NearObjectsToExtinguish: 1
[1450068649291] NearObjects size: 3
[1450068649291] NearObjectsToExtinguish: 0
[1450068649291] Current position: (8, 20)
[1450068649291] Desired Position: (8, 19)
[1450068649291] Direction: (0, 0)
[1450068649291] Current position: (8, 19)
______________
[1450068649291] Desired Position: (8, 19)
[1450068649291] Direction: (-1, 0)
______________
[1450068649441] NearObjects size: 2
[1450068649441] NearObjectsToExtinguish: 0
[1450068649441] NearObjects size: 1
[1450068649441] NearObjectsToExtinguish: 1
[1450068649441] Current position: (8, 20)
[1450068649441] Desired Position: (8, 19)
[1450068649441] Current position: (8, 19)
[1450068649441] Desired Position: (null)
[1450068649441] Direction: (0, 0)
______________
[1450068649441] Direction: (0, 0)
______________
[1450068649591] NearObjects size: 1
[1450068649591] NearObjects size: 1
[1450068649591] NearObjectsToExtinguish: 0
[1450068649591] NearObjectsToExtinguish: 0
[1450068649591] Current position: (8, 20)
[1450068649591] Desired Position: (8, 19)
[1450068649591] Current position: (8, 19)
[1450068649591] Direction: (0, 0)
______________
[1450068649591] Desired Position: (null)
[1450068649591] Direction: (0, 0)
______________
[1450068649741] NearObjects size: 0
[1450068649741] NearObjects size: 0
[1450068649741] NearObjectsToExtinguish: 0
[1450068649741] NearObjectsToExtinguish: 0
[1450068649741] Current position: (8, 19)
[1450068649741] Desired Position: (null)
[1450068649741] Direction: (0, 0)
______________
[1450068649741] Current position: (8, 20)
[1450068649741] Desired Position: (8, 19)
[1450068649741] Direction: (0, 0)
______________
[1450068649893] NearObjects size: 0
[1450068649893] NearObjects size: 0
[1450068649893] NearObjectsToExtinguish: 0
[1450068649893] NearObjectsToExtinguish: 0
[1450068649893] Current position: (8, 19)
[1450068649893] Current position: (8, 19)
[1450068649893] Desired Position: (8, 19)
[1450068649893] Desired Position: (null)
[1450068649893] Direction: (null)
______________
[1450068649893] Direction: (0, -1)
______________
