[STARTING RUN OF logs/14_51_2015_02_51_02.log ]


[1450061462146] Initializing FireProcess
[1450061462146] Getting Fire first element
[1450061462146] Initialize clock.
[Fireman 2504] - Accept a rescue request from [Person 2508]
[Fireman 2504] - Refused a rescue request from [Person 2508]
A person was saved on: (45, 35)
[Fireman 2503] - Accept a rescue request from [Person 2510]
[Fireman 2503] - Refused a rescue request from [Person 2510]
A person was saved on: (27, 33)
[Fireman 2504] - Refused a rescue request from [Person 2509]
[Fireman 2504] - Accept a rescue request from [Person 2509]
A person was saved on: (43, 45)
[Fireman 2503] - Accept a rescue request from [Person 2506]
[Fireman 2503] - Refused a rescue request from [Person 2506]
A person was saved on: (35, 20)
[Fireman 2503] - Accept a rescue request from [Person 2505]
[Fireman 2503] - Refused a rescue request from [Person 2505]
A person was saved on: (15, 29)
[Fireman 2503] - Accept a rescue request from [Person 2511]
[Fireman 2503] - Refused a rescue request from [Person 2511]
[Fireman 2503] - Refused a rescue request from [Person 2507]
A person was saved on: (20, 47)
holly
holly
holly
holly
holly
holly
holly
holly
holly
holly
holly
holly
holly
holly
holly
holly
holly
holly
holly
holly
holly
holly
holly
holly
holly
