[STARTING RUN OF logs/14_57_2015_03_57_41.log ]


[1450065461724] Initializing FireProcess
[1450065461724] Getting Fire first element
[1450065461724] Initialize clock.
[Fireman 403] - Accept a rescue request from [Person 416]
[Fireman 404] - Accept a rescue request from [Person 411]
[Fireman 403] - Refused a rescue request from [Person 405]
[Fireman 403] - Refused a rescue request from [Person 413]
[Fireman 403] - Refused a rescue request from [Person 409]
[Fireman 403] - Refused a rescue request from [Person 410]
[Fireman 403] - Refused a rescue request from [Person 406]
A person was saved on: (10, 11)
A person was saved on: (7, 11)
A person was saved on: (11, 9)
A person was saved on: (10, 10)
[Fireman 404] - Accept a rescue request from [Person 412]
[Fireman 404] - Refused a rescue request from [Person 415]
A person was saved on: (19, 15)
A person was saved on: (19, 15)
Debug file: logs/14_58_2015_03_58_02.log
